<?xml version="1.0" encoding="UTF-8"?>
<testsuite xmlns:xsi="http://www.w3.org/2001/XMLSchema-instance" xsi:noNamespaceSchemaLocation="https://maven.apache.org/surefire/maven-surefire-plugin/xsd/surefire-test-report-3.0.xsd" version="3.0" name="com.udemy.learnspringboot.LearnSpringBootApplicationTests" time="5.351" tests="1" errors="0" skipped="0" failures="0">
  <properties>
    <property name="java.specification.version" value="20"/>
    <property name="sun.cpu.isalist" value="amd64"/>
    <property name="sun.jnu.encoding" value="Cp1252"/>
    <property name="java.class.path" value="D:\nithin\SPRING BOOT COURSE\Spring-Boot Project WS\learn-spring-boot\target\test-classes;D:\nithin\SPRING BOOT COURSE\Spring-Boot Project WS\learn-spring-boot\target\classes;C:\Users\nithi\.m2\repository\org\springframework\boot\spring-boot-starter-web\3.1.1\spring-boot-starter-web-3.1.1.jar;C:\Users\nithi\.m2\repository\org\springframework\boot\spring-boot-starter\3.1.1\spring-boot-starter-3.1.1.jar;C:\Users\nithi\.m2\repository\org\springframework\boot\spring-boot-starter-logging\3.1.1\spring-boot-starter-logging-3.1.1.jar;C:\Users\nithi\.m2\repository\ch\qos\logback\logback-classic\1.4.8\logback-classic-1.4.8.jar;C:\Users\nithi\.m2\repository\ch\qos\logback\logback-core\1.4.8\logback-core-1.4.8.jar;C:\Users\nithi\.m2\repository\org\apache\logging\log4j\log4j-to-slf4j\2.20.0\log4j-to-slf4j-2.20.0.jar;C:\Users\nithi\.m2\repository\org\apache\logging\log4j\log4j-api\2.20.0\log4j-api-2.20.0.jar;C:\Users\nithi\.m2\repository\org\slf4j\jul-to-slf4j\2.0.7\jul-to-slf4j-2.0.7.jar;C:\Users\nithi\.m2\repository\jakarta\annotation\jakarta.annotation-api\2.1.1\jakarta.annotation-api-2.1.1.jar;C:\Users\nithi\.m2\repository\org\yaml\snakeyaml\1.33\snakeyaml-1.33.jar;C:\Users\nithi\.m2\repository\org\springframework\boot\spring-boot-starter-json\3.1.1\spring-boot-starter-json-3.1.1.jar;C:\Users\nithi\.m2\repository\com\fasterxml\jackson\core\jackson-databind\2.15.2\jackson-databind-2.15.2.jar;C:\Users\nithi\.m2\repository\com\fasterxml\jackson\core\jackson-annotations\2.15.2\jackson-annotations-2.15.2.jar;C:\Users\nithi\.m2\repository\com\fasterxml\jackson\core\jackson-core\2.15.2\jackson-core-2.15.2.jar;C:\Users\nithi\.m2\repository\com\fasterxml\jackson\datatype\jackson-datatype-jdk8\2.15.2\jackson-datatype-jdk8-2.15.2.jar;C:\Users\nithi\.m2\repository\com\fasterxml\jackson\datatype\jackson-datatype-jsr310\2.15.2\jackson-datatype-jsr310-2.15.2.jar;C:\Users\nithi\.m2\repository\com\fasterxml\jackson\module\jackson-module-parameter-names\2.15.2\jackson-module-parameter-names-2.15.2.jar;C:\Users\nithi\.m2\repository\org\springframework\boot\spring-boot-starter-tomcat\3.1.1\spring-boot-starter-tomcat-3.1.1.jar;C:\Users\nithi\.m2\repository\org\apache\tomcat\embed\tomcat-embed-core\10.1.10\tomcat-embed-core-10.1.10.jar;C:\Users\nithi\.m2\repository\org\apache\tomcat\embed\tomcat-embed-el\10.1.10\tomcat-embed-el-10.1.10.jar;C:\Users\nithi\.m2\repository\org\apache\tomcat\embed\tomcat-embed-websocket\10.1.10\tomcat-embed-websocket-10.1.10.jar;C:\Users\nithi\.m2\repository\org\springframework\spring-web\6.0.10\spring-web-6.0.10.jar;C:\Users\nithi\.m2\repository\org\springframework\spring-beans\6.0.10\spring-beans-6.0.10.jar;C:\Users\nithi\.m2\repository\org\springframework\spring-webmvc\6.0.10\spring-webmvc-6.0.10.jar;C:\Users\nithi\.m2\repository\org\springframework\spring-aop\6.0.10\spring-aop-6.0.10.jar;C:\Users\nithi\.m2\repository\org\springframework\spring-context\6.0.10\spring-context-6.0.10.jar;C:\Users\nithi\.m2\repository\org\springframework\spring-expression\6.0.10\spring-expression-6.0.10.jar;C:\Users\nithi\.m2\repository\org\springframework\boot\spring-boot-starter-test\3.1.1\spring-boot-starter-test-3.1.1.jar;C:\Users\nithi\.m2\repository\org\springframework\boot\spring-boot-test\3.1.1\spring-boot-test-3.1.1.jar;C:\Users\nithi\.m2\repository\org\springframework\boot\spring-boot-test-autoconfigure\3.1.1\spring-boot-test-autoconfigure-3.1.1.jar;C:\Users\nithi\.m2\repository\com\jayway\jsonpath\json-path\2.8.0\json-path-2.8.0.jar;C:\Users\nithi\.m2\repository\org\slf4j\slf4j-api\2.0.7\slf4j-api-2.0.7.jar;C:\Users\nithi\.m2\repository\jakarta\xml\bind\jakarta.xml.bind-api\4.0.0\jakarta.xml.bind-api-4.0.0.jar;C:\Users\nithi\.m2\repository\jakarta\activation\jakarta.activation-api\2.1.2\jakarta.activation-api-2.1.2.jar;C:\Users\nithi\.m2\repository\net\minidev\json-smart\2.4.11\json-smart-2.4.11.jar;C:\Users\nithi\.m2\repository\net\minidev\accessors-smart\2.4.11\accessors-smart-2.4.11.jar;C:\Users\nithi\.m2\repository\org\ow2\asm\asm\9.3\asm-9.3.jar;C:\Users\nithi\.m2\repository\org\assertj\assertj-core\3.24.2\assertj-core-3.24.2.jar;C:\Users\nithi\.m2\repository\net\bytebuddy\byte-buddy\1.14.5\byte-buddy-1.14.5.jar;C:\Users\nithi\.m2\repository\org\hamcrest\hamcrest\2.2\hamcrest-2.2.jar;C:\Users\nithi\.m2\repository\org\junit\jupiter\junit-jupiter\5.9.3\junit-jupiter-5.9.3.jar;C:\Users\nithi\.m2\repository\org\junit\jupiter\junit-jupiter-api\5.9.3\junit-jupiter-api-5.9.3.jar;C:\Users\nithi\.m2\repository\org\opentest4j\opentest4j\1.2.0\opentest4j-1.2.0.jar;C:\Users\nithi\.m2\repository\org\junit\platform\junit-platform-commons\1.9.3\junit-platform-commons-1.9.3.jar;C:\Users\nithi\.m2\repository\org\apiguardian\apiguardian-api\1.1.2\apiguardian-api-1.1.2.jar;C:\Users\nithi\.m2\repository\org\junit\jupiter\junit-jupiter-params\5.9.3\junit-jupiter-params-5.9.3.jar;C:\Users\nithi\.m2\repository\org\junit\jupiter\junit-jupiter-engine\5.9.3\junit-jupiter-engine-5.9.3.jar;C:\Users\nithi\.m2\repository\org\junit\platform\junit-platform-engine\1.9.3\junit-platform-engine-1.9.3.jar;C:\Users\nithi\.m2\repository\org\mockito\mockito-core\5.3.1\mockito-core-5.3.1.jar;C:\Users\nithi\.m2\repository\net\bytebuddy\byte-buddy-agent\1.14.5\byte-buddy-agent-1.14.5.jar;C:\Users\nithi\.m2\repository\org\objenesis\objenesis\3.3\objenesis-3.3.jar;C:\Users\nithi\.m2\repository\org\mockito\mockito-junit-jupiter\5.3.1\mockito-junit-jupiter-5.3.1.jar;C:\Users\nithi\.m2\repository\org\skyscreamer\jsonassert\1.5.1\jsonassert-1.5.1.jar;C:\Users\nithi\.m2\repository\com\vaadin\external\google\android-json\0.0.20131108.vaadin1\android-json-0.0.20131108.vaadin1.jar;C:\Users\nithi\.m2\repository\org\springframework\spring-core\6.0.10\spring-core-6.0.10.jar;C:\Users\nithi\.m2\repository\org\springframework\spring-jcl\6.0.10\spring-jcl-6.0.10.jar;C:\Users\nithi\.m2\repository\org\springframework\spring-test\6.0.10\spring-test-6.0.10.jar;C:\Users\nithi\.m2\repository\org\xmlunit\xmlunit-core\2.9.1\xmlunit-core-2.9.1.jar;C:\Users\nithi\.m2\repository\org\springframework\boot\spring-boot-devtools\3.1.1\spring-boot-devtools-3.1.1.jar;C:\Users\nithi\.m2\repository\org\springframework\boot\spring-boot\3.1.1\spring-boot-3.1.1.jar;C:\Users\nithi\.m2\repository\org\springframework\boot\spring-boot-autoconfigure\3.1.1\spring-boot-autoconfigure-3.1.1.jar;C:\Users\nithi\.m2\repository\org\springframework\boot\spring-boot-starter-actuator\3.1.1\spring-boot-starter-actuator-3.1.1.jar;C:\Users\nithi\.m2\repository\org\springframework\boot\spring-boot-actuator-autoconfigure\3.1.1\spring-boot-actuator-autoconfigure-3.1.1.jar;C:\Users\nithi\.m2\repository\org\springframework\boot\spring-boot-actuator\3.1.1\spring-boot-actuator-3.1.1.jar;C:\Users\nithi\.m2\repository\io\micrometer\micrometer-observation\1.11.1\micrometer-observation-1.11.1.jar;C:\Users\nithi\.m2\repository\io\micrometer\micrometer-commons\1.11.1\micrometer-commons-1.11.1.jar;C:\Users\nithi\.m2\repository\io\micrometer\micrometer-core\1.11.1\micrometer-core-1.11.1.jar;C:\Users\nithi\.m2\repository\org\hdrhistogram\HdrHistogram\2.1.12\HdrHistogram-2.1.12.jar;C:\Users\nithi\.m2\repository\org\latencyutils\LatencyUtils\2.0.3\LatencyUtils-2.0.3.jar;"/>
    <property name="java.vm.vendor" value="Oracle Corporation"/>
    <property name="sun.arch.data.model" value="64"/>
    <property name="user.variant" value=""/>
    <property name="java.vendor.url" value="https://java.oracle.com/"/>
    <property name="user.timezone" value="Asia/Calcutta"/>
    <property name="os.name" value="Windows 11"/>
    <property name="java.vm.specification.version" value="20"/>
    <property name="sun.java.launcher" value="SUN_STANDARD"/>
    <property name="user.country" value="US"/>
    <property name="sun.boot.library.path" value="C:\Program Files\Java\jdk-20\bin"/>
    <property name="sun.java.command" value="C:\Users\nithi\AppData\Local\Temp\surefire15865727067714772108\surefirebooter-20230707151235012_3.jar C:\Users\nithi\AppData\Local\Temp\surefire15865727067714772108 2023-07-07T15-12-34_703-jvmRun1 surefire-20230707151235012_1tmp surefire_0-20230707151235012_2tmp"/>
    <property name="jdk.debug" value="release"/>
    <property name="surefire.test.class.path" value="D:\nithin\SPRING BOOT COURSE\Spring-Boot Project WS\learn-spring-boot\target\test-classes;D:\nithin\SPRING BOOT COURSE\Spring-Boot Project WS\learn-spring-boot\target\classes;C:\Users\nithi\.m2\repository\org\springframework\boot\spring-boot-starter-web\3.1.1\spring-boot-starter-web-3.1.1.jar;C:\Users\nithi\.m2\repository\org\springframework\boot\spring-boot-starter\3.1.1\spring-boot-starter-3.1.1.jar;C:\Users\nithi\.m2\repository\org\springframework\boot\spring-boot-starter-logging\3.1.1\spring-boot-starter-logging-3.1.1.jar;C:\Users\nithi\.m2\repository\ch\qos\logback\logback-classic\1.4.8\logback-classic-1.4.8.jar;C:\Users\nithi\.m2\repository\ch\qos\logback\logback-core\1.4.8\logback-core-1.4.8.jar;C:\Users\nithi\.m2\repository\org\apache\logging\log4j\log4j-to-slf4j\2.20.0\log4j-to-slf4j-2.20.0.jar;C:\Users\nithi\.m2\repository\org\apache\logging\log4j\log4j-api\2.20.0\log4j-api-2.20.0.jar;C:\Users\nithi\.m2\repository\org\slf4j\jul-to-slf4j\2.0.7\jul-to-slf4j-2.0.7.jar;C:\Users\nithi\.m2\repository\jakarta\annotation\jakarta.annotation-api\2.1.1\jakarta.annotation-api-2.1.1.jar;C:\Users\nithi\.m2\repository\org\yaml\snakeyaml\1.33\snakeyaml-1.33.jar;C:\Users\nithi\.m2\repository\org\springframework\boot\spring-boot-starter-json\3.1.1\spring-boot-starter-json-3.1.1.jar;C:\Users\nithi\.m2\repository\com\fasterxml\jackson\core\jackson-databind\2.15.2\jackson-databind-2.15.2.jar;C:\Users\nithi\.m2\repository\com\fasterxml\jackson\core\jackson-annotations\2.15.2\jackson-annotations-2.15.2.jar;C:\Users\nithi\.m2\repository\com\fasterxml\jackson\core\jackson-core\2.15.2\jackson-core-2.15.2.jar;C:\Users\nithi\.m2\repository\com\fasterxml\jackson\datatype\jackson-datatype-jdk8\2.15.2\jackson-datatype-jdk8-2.15.2.jar;C:\Users\nithi\.m2\repository\com\fasterxml\jackson\datatype\jackson-datatype-jsr310\2.15.2\jackson-datatype-jsr310-2.15.2.jar;C:\Users\nithi\.m2\repository\com\fasterxml\jackson\module\jackson-module-parameter-names\2.15.2\jackson-module-parameter-names-2.15.2.jar;C:\Users\nithi\.m2\repository\org\springframework\boot\spring-boot-starter-tomcat\3.1.1\spring-boot-starter-tomcat-3.1.1.jar;C:\Users\nithi\.m2\repository\org\apache\tomcat\embed\tomcat-embed-core\10.1.10\tomcat-embed-core-10.1.10.jar;C:\Users\nithi\.m2\repository\org\apache\tomcat\embed\tomcat-embed-el\10.1.10\tomcat-embed-el-10.1.10.jar;C:\Users\nithi\.m2\repository\org\apache\tomcat\embed\tomcat-embed-websocket\10.1.10\tomcat-embed-websocket-10.1.10.jar;C:\Users\nithi\.m2\repository\org\springframework\spring-web\6.0.10\spring-web-6.0.10.jar;C:\Users\nithi\.m2\repository\org\springframework\spring-beans\6.0.10\spring-beans-6.0.10.jar;C:\Users\nithi\.m2\repository\org\springframework\spring-webmvc\6.0.10\spring-webmvc-6.0.10.jar;C:\Users\nithi\.m2\repository\org\springframework\spring-aop\6.0.10\spring-aop-6.0.10.jar;C:\Users\nithi\.m2\repository\org\springframework\spring-context\6.0.10\spring-context-6.0.10.jar;C:\Users\nithi\.m2\repository\org\springframework\spring-expression\6.0.10\spring-expression-6.0.10.jar;C:\Users\nithi\.m2\repository\org\springframework\boot\spring-boot-starter-test\3.1.1\spring-boot-starter-test-3.1.1.jar;C:\Users\nithi\.m2\repository\org\springframework\boot\spring-boot-test\3.1.1\spring-boot-test-3.1.1.jar;C:\Users\nithi\.m2\repository\org\springframework\boot\spring-boot-test-autoconfigure\3.1.1\spring-boot-test-autoconfigure-3.1.1.jar;C:\Users\nithi\.m2\repository\com\jayway\jsonpath\json-path\2.8.0\json-path-2.8.0.jar;C:\Users\nithi\.m2\repository\org\slf4j\slf4j-api\2.0.7\slf4j-api-2.0.7.jar;C:\Users\nithi\.m2\repository\jakarta\xml\bind\jakarta.xml.bind-api\4.0.0\jakarta.xml.bind-api-4.0.0.jar;C:\Users\nithi\.m2\repository\jakarta\activation\jakarta.activation-api\2.1.2\jakarta.activation-api-2.1.2.jar;C:\Users\nithi\.m2\repository\net\minidev\json-smart\2.4.11\json-smart-2.4.11.jar;C:\Users\nithi\.m2\repository\net\minidev\accessors-smart\2.4.11\accessors-smart-2.4.11.jar;C:\Users\nithi\.m2\repository\org\ow2\asm\asm\9.3\asm-9.3.jar;C:\Users\nithi\.m2\repository\org\assertj\assertj-core\3.24.2\assertj-core-3.24.2.jar;C:\Users\nithi\.m2\repository\net\bytebuddy\byte-buddy\1.14.5\byte-buddy-1.14.5.jar;C:\Users\nithi\.m2\repository\org\hamcrest\hamcrest\2.2\hamcrest-2.2.jar;C:\Users\nithi\.m2\repository\org\junit\jupiter\junit-jupiter\5.9.3\junit-jupiter-5.9.3.jar;C:\Users\nithi\.m2\repository\org\junit\jupiter\junit-jupiter-api\5.9.3\junit-jupiter-api-5.9.3.jar;C:\Users\nithi\.m2\repository\org\opentest4j\opentest4j\1.2.0\opentest4j-1.2.0.jar;C:\Users\nithi\.m2\repository\org\junit\platform\junit-platform-commons\1.9.3\junit-platform-commons-1.9.3.jar;C:\Users\nithi\.m2\repository\org\apiguardian\apiguardian-api\1.1.2\apiguardian-api-1.1.2.jar;C:\Users\nithi\.m2\repository\org\junit\jupiter\junit-jupiter-params\5.9.3\junit-jupiter-params-5.9.3.jar;C:\Users\nithi\.m2\repository\org\junit\jupiter\junit-jupiter-engine\5.9.3\junit-jupiter-engine-5.9.3.jar;C:\Users\nithi\.m2\repository\org\junit\platform\junit-platform-engine\1.9.3\junit-platform-engine-1.9.3.jar;C:\Users\nithi\.m2\repository\org\mockito\mockito-core\5.3.1\mockito-core-5.3.1.jar;C:\Users\nithi\.m2\repository\net\bytebuddy\byte-buddy-agent\1.14.5\byte-buddy-agent-1.14.5.jar;C:\Users\nithi\.m2\repository\org\objenesis\objenesis\3.3\objenesis-3.3.jar;C:\Users\nithi\.m2\repository\org\mockito\mockito-junit-jupiter\5.3.1\mockito-junit-jupiter-5.3.1.jar;C:\Users\nithi\.m2\repository\org\skyscreamer\jsonassert\1.5.1\jsonassert-1.5.1.jar;C:\Users\nithi\.m2\repository\com\vaadin\external\google\android-json\0.0.20131108.vaadin1\android-json-0.0.20131108.vaadin1.jar;C:\Users\nithi\.m2\repository\org\springframework\spring-core\6.0.10\spring-core-6.0.10.jar;C:\Users\nithi\.m2\repository\org\springframework\spring-jcl\6.0.10\spring-jcl-6.0.10.jar;C:\Users\nithi\.m2\repository\org\springframework\spring-test\6.0.10\spring-test-6.0.10.jar;C:\Users\nithi\.m2\repository\org\xmlunit\xmlunit-core\2.9.1\xmlunit-core-2.9.1.jar;C:\Users\nithi\.m2\repository\org\springframework\boot\spring-boot-devtools\3.1.1\spring-boot-devtools-3.1.1.jar;C:\Users\nithi\.m2\repository\org\springframework\boot\spring-boot\3.1.1\spring-boot-3.1.1.jar;C:\Users\nithi\.m2\repository\org\springframework\boot\spring-boot-autoconfigure\3.1.1\spring-boot-autoconfigure-3.1.1.jar;C:\Users\nithi\.m2\repository\org\springframework\boot\spring-boot-starter-actuator\3.1.1\spring-boot-starter-actuator-3.1.1.jar;C:\Users\nithi\.m2\repository\org\springframework\boot\spring-boot-actuator-autoconfigure\3.1.1\spring-boot-actuator-autoconfigure-3.1.1.jar;C:\Users\nithi\.m2\repository\org\springframework\boot\spring-boot-actuator\3.1.1\spring-boot-actuator-3.1.1.jar;C:\Users\nithi\.m2\repository\io\micrometer\micrometer-observation\1.11.1\micrometer-observation-1.11.1.jar;C:\Users\nithi\.m2\repository\io\micrometer\micrometer-commons\1.11.1\micrometer-commons-1.11.1.jar;C:\Users\nithi\.m2\repository\io\micrometer\micrometer-core\1.11.1\micrometer-core-1.11.1.jar;C:\Users\nithi\.m2\repository\org\hdrhistogram\HdrHistogram\2.1.12\HdrHistogram-2.1.12.jar;C:\Users\nithi\.m2\repository\org\latencyutils\LatencyUtils\2.0.3\LatencyUtils-2.0.3.jar;"/>
    <property name="sun.cpu.endian" value="little"/>
    <property name="user.home" value="C:\Users\nithi"/>
    <property name="user.language" value="en"/>
    <property name="java.specification.vendor" value="Oracle Corporation"/>
    <property name="java.version.date" value="2023-04-18"/>
    <property name="java.home" value="C:\Program Files\Java\jdk-20"/>
    <property name="file.separator" value="\"/>
    <property name="basedir" value="D:\nithin\SPRING BOOT COURSE\Spring-Boot Project WS\learn-spring-boot"/>
    <property name="style.color" value="always"/>
    <property name="java.vm.compressedOopsMode" value="32-bit"/>
    <property name="line.separator" value="&#10;"/>
    <property name="java.vm.specification.vendor" value="Oracle Corporation"/>
    <property name="java.specification.name" value="Java Platform API Specification"/>
    <property name="FILE_LOG_CHARSET" value="UTF-8"/>
    <property name="java.awt.headless" value="true"/>
    <property name="surefire.real.class.path" value="C:\Users\nithi\AppData\Local\Temp\surefire15865727067714772108\surefirebooter-20230707151235012_3.jar"/>
    <property name="user.script" value=""/>
    <property name="sun.management.compiler" value="HotSpot 64-Bit Tiered Compilers"/>
    <property name="java.runtime.version" value="20.0.1+9-29"/>
    <property name="user.name" value="nithi"/>
    <property name="stdout.encoding" value="Cp1252"/>
    <property name="path.separator" value=";"/>
    <property name="os.version" value="10.0"/>
    <property name="java.runtime.name" value="Java(TM) SE Runtime Environment"/>
    <property name="file.encoding" value="UTF-8"/>
    <property name="java.vm.name" value="Java HotSpot(TM) 64-Bit Server VM"/>
    <property name="localRepository" value="C:\Users\nithi\.m2\repository"/>
    <property name="java.vendor.url.bug" value="https://bugreport.java.com/bugreport/"/>
    <property name="java.io.tmpdir" value="C:\Users\nithi\AppData\Local\Temp\"/>
    <property name="java.version" value="20.0.1"/>
    <property name="user.dir" value="D:\nithin\SPRING BOOT COURSE\Spring-Boot Project WS\learn-spring-boot"/>
    <property name="os.arch" value="amd64"/>
    <property name="java.vm.specification.name" value="Java Virtual Machine Specification"/>
    <property name="PID" value="10928"/>
    <property name="sun.os.patch.level" value=""/>
    <property name="CONSOLE_LOG_CHARSET" value="UTF-8"/>
    <property name="native.encoding" value="Cp1252"/>
    <property name="java.library.path" value="C:\Program Files\Java\jdk-20\bin;C:\WINDOWS\Sun\Java\bin;C:\WINDOWS\system32;C:\WINDOWS;C:/Program Files/Java/jdk-20/bin/server;C:/Program Files/Java/jdk-20/bin;C:\Program Files\Java\jdk-17\bin;C:\Program Files\Amazon Corretto\jdk11.0.14_9\bin;C:\Program Files (x86)\Common Files\Oracle\Java\javapath;C:\Program Files\Common Files\Oracle\Java\javapath;C:\WINDOWS\system32;C:\WINDOWS;C:\WINDOWS\System32\Wbem;C:\WINDOWS\System32\WindowsPowerShell\v1.0\;C:\WINDOWS\System32\OpenSSH\;C:\Program Files\PuTTY\;C:\Program Files\SourceGear\Common\DiffMerge\;C:\Program Files\SafeNet\Authentication\SAC\x64;C:\Program Files\SafeNet\Authentication\SAC\x32;C:\Program Files\MySQL\MySQL Shell 8.0\bin\;C:\Users\nithi\AppData\Local\Microsoft\WindowsApps;C:\Program Files (x86)\Sophos\Sophos SSL VPN Client\bin;;C:\Users\nithi\AppData\Local\Programs\Microsoft VS Code\bin;C:\Users\nithi\OneDrive\Desktop;;."/>
    <property name="java.vm.info" value="mixed mode, sharing"/>
    <property name="stderr.encoding" value="Cp1252"/>
    <property name="java.vendor" value="Oracle Corporation"/>
    <property name="java.vm.version" value="20.0.1+9-29"/>
    <property name="sun.io.unicode.encoding" value="UnicodeLittle"/>
    <property name="java.class.version" value="64.0"/>
  </properties>
  <testcase name="contextLoads" classname="com.udemy.learnspringboot.LearnSpringBootApplicationTests" time="1.412">
    <system-out><![CDATA[15:12:36.486 [main] INFO org.springframework.test.context.support.AnnotationConfigContextLoaderUtils -- Could not detect default configuration classes for test class [com.udemy.learnspringboot.LearnSpringBootApplicationTests]: LearnSpringBootApplicationTests does not declare any static, non-private, non-final, nested classes annotated with @Configuration.
15:12:36.672 [main] INFO org.springframework.boot.test.context.SpringBootTestContextBootstrapper -- Found @SpringBootConfiguration com.udemy.learnspringboot.LearnSpringBootApplication for test class com.udemy.learnspringboot.LearnSpringBootApplicationTests
2023-07-07T15:12:37.193+05:30 TRACE 10928 --- [           main] o.s.c.io.support.SpringFactoriesLoader   : Loaded [org.springframework.boot.ApplicationContextFactory] names: [org.springframework.boot.web.reactive.context.ReactiveWebServerApplicationContextFactory, org.springframework.boot.web.servlet.context.ServletWebServerApplicationContextFactory]

  .   ____          _            __ _ _
 /\\ / ___'_ __ _ _(_)_ __  __ _ \ \ \ \
( ( )\___ | '_ | '_| | '_ \/ _` | \ \ \ \
 \\/  ___)| |_)| | | | | || (_| |  ) ) ) )
  '  |____| .__|_| |_|_| |_\__, | / / / /
 =========|_|==============|___/=/_/_/_/
 :: Spring Boot ::                (v3.1.1)

2023-07-07T15:12:37.256+05:30 TRACE 10928 --- [           main] o.s.b.f.s.DefaultListableBeanFactory     : Registering scope 'restart' with implementation [org.springframework.boot.devtools.restart.RestartScopeInitializer$RestartScope@2a2bb0eb]
2023-07-07T15:12:37.270+05:30  INFO 10928 --- [           main] c.u.l.LearnSpringBootApplicationTests    : Starting LearnSpringBootApplicationTests using Java 20.0.1 with PID 10928 (started by nithi in D:\nithin\SPRING BOOT COURSE\Spring-Boot Project WS\learn-spring-boot)
2023-07-07T15:12:37.271+05:30  INFO 10928 --- [           main] c.u.l.LearnSpringBootApplicationTests    : The following 1 profile is active: "dev"
2023-07-07T15:12:37.272+05:30 DEBUG 10928 --- [           main] o.s.boot.SpringApplication               : Loading source class com.udemy.learnspringboot.LearnSpringBootApplication
2023-07-07T15:12:37.302+05:30 TRACE 10928 --- [           main] o.s.c.a.ClassPathBeanDefinitionScanner   : JSR-250 'jakarta.annotation.ManagedBean' found and supported for component scanning
2023-07-07T15:12:37.326+05:30 TRACE 10928 --- [           main] uePropertySourceEnvironmentPostProcessor : RandomValuePropertySource add to Environment
2023-07-07T15:12:37.327+05:30 TRACE 10928 --- [           main] b.c.c.ConfigDataEnvironmentPostProcessor : Post-processing environment to add config data
2023-07-07T15:12:37.327+05:30 TRACE 10928 --- [           main] o.s.b.c.config.ConfigDataEnvironment     : Building config data environment contributors
2023-07-07T15:12:37.327+05:30 TRACE 10928 --- [           main] o.s.b.c.config.ConfigDataEnvironment     : Creating wrapped config data contributor for 'Inlined Test Properties'
2023-07-07T15:12:37.327+05:30 TRACE 10928 --- [           main] o.s.b.c.config.ConfigDataEnvironment     : Creating wrapped config data contributor for 'configurationProperties'
2023-07-07T15:12:37.327+05:30 TRACE 10928 --- [           main] o.s.b.c.config.ConfigDataEnvironment     : Creating wrapped config data contributor for 'servletConfigInitParams'
2023-07-07T15:12:37.327+05:30 TRACE 10928 --- [           main] o.s.b.c.config.ConfigDataEnvironment     : Creating wrapped config data contributor for 'servletContextInitParams'
2023-07-07T15:12:37.327+05:30 TRACE 10928 --- [           main] o.s.b.c.config.ConfigDataEnvironment     : Creating wrapped config data contributor for 'systemProperties'
2023-07-07T15:12:37.327+05:30 TRACE 10928 --- [           main] o.s.b.c.config.ConfigDataEnvironment     : Creating wrapped config data contributor for 'systemEnvironment'
2023-07-07T15:12:37.329+05:30 TRACE 10928 --- [           main] o.s.b.c.config.ConfigDataEnvironment     : Creating wrapped config data contributor for 'random'
2023-07-07T15:12:37.329+05:30 TRACE 10928 --- [           main] o.s.b.c.config.ConfigDataEnvironment     : Adding initial config data import from location 'optional:file:./;optional:file:./config/;optional:file:./config/*/'
2023-07-07T15:12:37.329+05:30 TRACE 10928 --- [           main] o.s.b.c.config.ConfigDataEnvironment     : Adding initial config data import from location 'optional:classpath:/;optional:classpath:/config/'
2023-07-07T15:12:37.329+05:30 TRACE 10928 --- [           main] o.s.b.c.config.ConfigDataEnvironment     : Processing initial config data environment contributors without activation context
2023-07-07T15:12:37.329+05:30 TRACE 10928 --- [           main] .b.c.c.ConfigDataEnvironmentContributors : Processing imports for phase BEFORE_PROFILE_ACTIVATION. no activation context
2023-07-07T15:12:37.329+05:30 TRACE 10928 --- [           main] .b.c.c.ConfigDataEnvironmentContributors : Processing imports [optional:file:./;optional:file:./config/;optional:file:./config/*/]
2023-07-07T15:12:37.329+05:30 TRACE 10928 --- [           main] b.c.c.StandardConfigDataLocationResolver : Skipping missing resource file:./application.yaml
2023-07-07T15:12:37.330+05:30 TRACE 10928 --- [           main] b.c.c.StandardConfigDataLocationResolver : Skipping missing resource file:./application.yml
2023-07-07T15:12:37.330+05:30 TRACE 10928 --- [           main] b.c.c.StandardConfigDataLocationResolver : Skipping missing resource file:./application.xml
2023-07-07T15:12:37.330+05:30 TRACE 10928 --- [           main] b.c.c.StandardConfigDataLocationResolver : Skipping missing resource file:./application.properties
2023-07-07T15:12:37.330+05:30 TRACE 10928 --- [           main] b.c.c.StandardConfigDataLocationResolver : Skipping missing resource file:./config/application.yaml
2023-07-07T15:12:37.330+05:30 TRACE 10928 --- [           main] b.c.c.StandardConfigDataLocationResolver : Skipping missing resource file:./config/application.yml
2023-07-07T15:12:37.331+05:30 TRACE 10928 --- [           main] b.c.c.StandardConfigDataLocationResolver : Skipping missing resource file:./config/application.xml
2023-07-07T15:12:37.331+05:30 TRACE 10928 --- [           main] b.c.c.StandardConfigDataLocationResolver : Skipping missing resource file:./config/application.properties
2023-07-07T15:12:37.332+05:30 TRACE 10928 --- [           main] o.s.b.context.config.ConfigDataImporter  : Considering resource file [.] from location optional:file:./;optional:file:./config/;optional:file:./config/*/
2023-07-07T15:12:37.332+05:30 TRACE 10928 --- [           main] o.s.b.context.config.ConfigDataLoaders   : Loading file [.] using loader org.springframework.boot.context.config.StandardConfigDataLoader
2023-07-07T15:12:37.332+05:30 TRACE 10928 --- [           main] o.s.b.context.config.ConfigDataImporter  : Loaded resource file [.] from location optional:file:./;optional:file:./config/;optional:file:./config/*/
2023-07-07T15:12:37.337+05:30 TRACE 10928 --- [           main] .b.c.c.ConfigDataEnvironmentContributors : Imported 1 resource [file [.]]
2023-07-07T15:12:37.337+05:30 TRACE 10928 --- [           main] .b.c.c.ConfigDataEnvironmentContributors : Processing imports [optional:classpath:/;optional:classpath:/config/]
2023-07-07T15:12:37.337+05:30 TRACE 10928 --- [           main] b.c.c.StandardConfigDataLocationResolver : Skipping missing resource classpath:/application.yaml
2023-07-07T15:12:37.339+05:30 TRACE 10928 --- [           main] b.c.c.StandardConfigDataLocationResolver : Skipping missing resource classpath:/application.yml
2023-07-07T15:12:37.339+05:30 TRACE 10928 --- [           main] b.c.c.StandardConfigDataLocationResolver : Skipping missing resource classpath:/application.xml
2023-07-07T15:12:37.339+05:30 TRACE 10928 --- [           main] b.c.c.StandardConfigDataLocationResolver : Skipping missing resource classpath:/config/application.yaml
2023-07-07T15:12:37.339+05:30 TRACE 10928 --- [           main] b.c.c.StandardConfigDataLocationResolver : Skipping missing resource classpath:/config/application.yml
2023-07-07T15:12:37.339+05:30 TRACE 10928 --- [           main] b.c.c.StandardConfigDataLocationResolver : Skipping missing resource classpath:/config/application.xml
2023-07-07T15:12:37.339+05:30 TRACE 10928 --- [           main] b.c.c.StandardConfigDataLocationResolver : Skipping missing resource classpath:/config/application.properties
2023-07-07T15:12:37.339+05:30 TRACE 10928 --- [           main] o.s.b.context.config.ConfigDataImporter  : Considering resource class path resource [application.properties] from location optional:classpath:/;optional:classpath:/config/
2023-07-07T15:12:37.339+05:30 TRACE 10928 --- [           main] o.s.b.context.config.ConfigDataLoaders   : Loading class path resource [application.properties] using loader org.springframework.boot.context.config.StandardConfigDataLoader
2023-07-07T15:12:37.340+05:30 TRACE 10928 --- [           main] o.s.b.context.config.ConfigDataImporter  : Loaded resource class path resource [application.properties] from location optional:classpath:/;optional:classpath:/config/
2023-07-07T15:12:37.340+05:30 TRACE 10928 --- [           main] .b.c.c.ConfigDataEnvironmentContributors : Imported 1 resource [class path resource [application.properties]]
2023-07-07T15:12:37.340+05:30 TRACE 10928 --- [           main] .b.c.c.ConfigDataEnvironmentContributors : Processed imports for of 2 contributors
2023-07-07T15:12:37.341+05:30 TRACE 10928 --- [           main] o.s.b.c.config.ConfigDataEnvironment     : Creating config data activation context from initial contributions
2023-07-07T15:12:37.341+05:30 TRACE 10928 --- [           main] o.s.b.c.config.ConfigDataEnvironment     : Processing config data environment contributors with initial activation context
2023-07-07T15:12:37.343+05:30 TRACE 10928 --- [           main] .b.c.c.ConfigDataEnvironmentContributors : Processing imports for phase BEFORE_PROFILE_ACTIVATION. [ConfigDataActivationContext@b273a59 cloudPlatform = [null], profiles = [null]]
2023-07-07T15:12:37.343+05:30 TRACE 10928 --- [           main] .b.c.c.ConfigDataEnvironmentContributors : Processed imports for of 0 contributors
2023-07-07T15:12:37.343+05:30 TRACE 10928 --- [           main] o.s.b.c.config.ConfigDataEnvironment     : Deducing profiles from current config data environment contributors
2023-07-07T15:12:37.344+05:30 TRACE 10928 --- [           main] o.s.b.c.config.ConfigDataEnvironment     : Processing config data environment contributors with profile activation context
2023-07-07T15:12:37.344+05:30 TRACE 10928 --- [           main] .b.c.c.ConfigDataEnvironmentContributors : Processing imports for phase AFTER_PROFILE_ACTIVATION. [ConfigDataActivationContext@4e7095ac cloudPlatform = [null], profiles = [Profiles@251ebf23 active = '[dev]', default = '[default]', accepted = '[dev]']]
2023-07-07T15:12:37.344+05:30 TRACE 10928 --- [           main] .b.c.c.ConfigDataEnvironmentContributors : Processing imports [optional:file:./;optional:file:./config/;optional:file:./config/*/]
2023-07-07T15:12:37.344+05:30 TRACE 10928 --- [           main] b.c.c.StandardConfigDataLocationResolver : Skipping missing resource file:./application.yaml
2023-07-07T15:12:37.344+05:30 TRACE 10928 --- [           main] b.c.c.StandardConfigDataLocationResolver : Skipping missing resource file:./application.yml
2023-07-07T15:12:37.346+05:30 TRACE 10928 --- [           main] b.c.c.StandardConfigDataLocationResolver : Skipping missing resource file:./application.xml
2023-07-07T15:12:37.346+05:30 TRACE 10928 --- [           main] b.c.c.StandardConfigDataLocationResolver : Skipping missing resource file:./application.properties
2023-07-07T15:12:37.346+05:30 TRACE 10928 --- [           main] b.c.c.StandardConfigDataLocationResolver : Skipping missing resource file:./config/application.yaml
2023-07-07T15:12:37.346+05:30 TRACE 10928 --- [           main] b.c.c.StandardConfigDataLocationResolver : Skipping missing resource file:./config/application.yml
2023-07-07T15:12:37.346+05:30 TRACE 10928 --- [           main] b.c.c.StandardConfigDataLocationResolver : Skipping missing resource file:./config/application.xml
2023-07-07T15:12:37.346+05:30 TRACE 10928 --- [           main] b.c.c.StandardConfigDataLocationResolver : Skipping missing resource file:./config/application.properties
2023-07-07T15:12:37.347+05:30 TRACE 10928 --- [           main] b.c.c.StandardConfigDataLocationResolver : Skipping missing resource file:./application-dev.yaml
2023-07-07T15:12:37.347+05:30 TRACE 10928 --- [           main] b.c.c.StandardConfigDataLocationResolver : Skipping missing resource file:./application-dev.yml
2023-07-07T15:12:37.347+05:30 TRACE 10928 --- [           main] b.c.c.StandardConfigDataLocationResolver : Skipping missing resource file:./application-dev.xml
2023-07-07T15:12:37.347+05:30 TRACE 10928 --- [           main] b.c.c.StandardConfigDataLocationResolver : Skipping missing resource file:./application-dev.properties
2023-07-07T15:12:37.347+05:30 TRACE 10928 --- [           main] b.c.c.StandardConfigDataLocationResolver : Skipping missing resource file:./config/application-dev.yaml
2023-07-07T15:12:37.347+05:30 TRACE 10928 --- [           main] b.c.c.StandardConfigDataLocationResolver : Skipping missing resource file:./config/application-dev.yml
2023-07-07T15:12:37.347+05:30 TRACE 10928 --- [           main] b.c.c.StandardConfigDataLocationResolver : Skipping missing resource file:./config/application-dev.xml
2023-07-07T15:12:37.347+05:30 TRACE 10928 --- [           main] b.c.c.StandardConfigDataLocationResolver : Skipping missing resource file:./config/application-dev.properties
2023-07-07T15:12:37.347+05:30 TRACE 10928 --- [           main] o.s.b.context.config.ConfigDataImporter  : Considering resource file [.] from location optional:file:./;optional:file:./config/;optional:file:./config/*/
2023-07-07T15:12:37.348+05:30 TRACE 10928 --- [           main] o.s.b.context.config.ConfigDataImporter  : Already loaded resource file [.] ignoring location optional:file:./;optional:file:./config/;optional:file:./config/*/
2023-07-07T15:12:37.348+05:30 TRACE 10928 --- [           main] o.s.b.context.config.ConfigDataImporter  : Considering resource file [.] from location optional:file:./;optional:file:./config/;optional:file:./config/*/
2023-07-07T15:12:37.348+05:30 TRACE 10928 --- [           main] o.s.b.context.config.ConfigDataImporter  : Already loaded resource file [.] ignoring location optional:file:./;optional:file:./config/;optional:file:./config/*/
2023-07-07T15:12:37.348+05:30 TRACE 10928 --- [           main] .b.c.c.ConfigDataEnvironmentContributors : Nothing imported
2023-07-07T15:12:37.348+05:30 TRACE 10928 --- [           main] .b.c.c.ConfigDataEnvironmentContributors : Processing imports [optional:classpath:/;optional:classpath:/config/]
2023-07-07T15:12:37.348+05:30 TRACE 10928 --- [           main] b.c.c.StandardConfigDataLocationResolver : Skipping missing resource classpath:/application.yaml
2023-07-07T15:12:37.348+05:30 TRACE 10928 --- [           main] b.c.c.StandardConfigDataLocationResolver : Skipping missing resource classpath:/application.yml
2023-07-07T15:12:37.348+05:30 TRACE 10928 --- [           main] b.c.c.StandardConfigDataLocationResolver : Skipping missing resource classpath:/application.xml
2023-07-07T15:12:37.349+05:30 TRACE 10928 --- [           main] b.c.c.StandardConfigDataLocationResolver : Skipping missing resource classpath:/config/application.yaml
2023-07-07T15:12:37.349+05:30 TRACE 10928 --- [           main] b.c.c.StandardConfigDataLocationResolver : Skipping missing resource classpath:/config/application.yml
2023-07-07T15:12:37.349+05:30 TRACE 10928 --- [           main] b.c.c.StandardConfigDataLocationResolver : Skipping missing resource classpath:/config/application.xml
2023-07-07T15:12:37.349+05:30 TRACE 10928 --- [           main] b.c.c.StandardConfigDataLocationResolver : Skipping missing resource classpath:/config/application.properties
2023-07-07T15:12:37.349+05:30 TRACE 10928 --- [           main] b.c.c.StandardConfigDataLocationResolver : Skipping missing resource classpath:/application-dev.yaml
2023-07-07T15:12:37.349+05:30 TRACE 10928 --- [           main] b.c.c.StandardConfigDataLocationResolver : Skipping missing resource classpath:/application-dev.yml
2023-07-07T15:12:37.349+05:30 TRACE 10928 --- [           main] b.c.c.StandardConfigDataLocationResolver : Skipping missing resource classpath:/application-dev.xml
2023-07-07T15:12:37.349+05:30 TRACE 10928 --- [           main] b.c.c.StandardConfigDataLocationResolver : Skipping missing resource classpath:/config/application-dev.yaml
2023-07-07T15:12:37.349+05:30 TRACE 10928 --- [           main] b.c.c.StandardConfigDataLocationResolver : Skipping missing resource classpath:/config/application-dev.yml
2023-07-07T15:12:37.349+05:30 TRACE 10928 --- [           main] b.c.c.StandardConfigDataLocationResolver : Skipping missing resource classpath:/config/application-dev.xml
2023-07-07T15:12:37.349+05:30 TRACE 10928 --- [           main] b.c.c.StandardConfigDataLocationResolver : Skipping missing resource classpath:/config/application-dev.properties
2023-07-07T15:12:37.351+05:30 TRACE 10928 --- [           main] o.s.b.context.config.ConfigDataImporter  : Considering resource class path resource [application-dev.properties] from location optional:classpath:/;optional:classpath:/config/
2023-07-07T15:12:37.351+05:30 TRACE 10928 --- [           main] o.s.b.context.config.ConfigDataLoaders   : Loading class path resource [application-dev.properties] using loader org.springframework.boot.context.config.StandardConfigDataLoader
2023-07-07T15:12:37.351+05:30 TRACE 10928 --- [           main] o.s.b.context.config.ConfigDataImporter  : Loaded resource class path resource [application-dev.properties] from location optional:classpath:/;optional:classpath:/config/
2023-07-07T15:12:37.351+05:30 TRACE 10928 --- [           main] o.s.b.context.config.ConfigDataImporter  : Considering resource class path resource [application.properties] from location optional:classpath:/;optional:classpath:/config/
2023-07-07T15:12:37.351+05:30 TRACE 10928 --- [           main] o.s.b.context.config.ConfigDataImporter  : Already loaded resource class path resource [application.properties] ignoring location optional:classpath:/;optional:classpath:/config/
2023-07-07T15:12:37.351+05:30 TRACE 10928 --- [           main] .b.c.c.ConfigDataEnvironmentContributors : Imported 1 resource [class path resource [application-dev.properties]]
2023-07-07T15:12:37.352+05:30 TRACE 10928 --- [           main] .b.c.c.ConfigDataEnvironmentContributors : Processed imports for of 2 contributors
2023-07-07T15:12:37.352+05:30 TRACE 10928 --- [           main] o.s.b.c.config.ConfigDataEnvironment     : Applying config data environment contributions
2023-07-07T15:12:37.352+05:30 TRACE 10928 --- [           main] o.s.b.c.config.ConfigDataEnvironment     : Adding imported property source 'Config resource 'class path resource [application-dev.properties]' via location 'optional:classpath:/''
2023-07-07T15:12:37.352+05:30 TRACE 10928 --- [           main] o.s.b.c.config.ConfigDataEnvironment     : Adding imported property source 'Config resource 'class path resource [application.properties]' via location 'optional:classpath:/''
2023-07-07T15:12:37.352+05:30 TRACE 10928 --- [           main] o.s.b.c.config.ConfigDataEnvironment     : Setting default profiles: [default]
2023-07-07T15:12:37.352+05:30 TRACE 10928 --- [           main] o.s.b.c.config.ConfigDataEnvironment     : Setting active profiles: [dev]
2023-07-07T15:12:37.369+05:30 TRACE 10928 --- [           main] o.s.w.c.s.GenericWebApplicationContext   : Refreshing org.springframework.web.context.support.GenericWebApplicationContext@50305a, started on Fri Jul 07 15:12:37 IST 2023
2023-07-07T15:12:37.395+05:30 TRACE 10928 --- [           main] o.s.b.f.s.DefaultListableBeanFactory     : Registering scope 'request' with implementation [org.springframework.web.context.request.RequestScope@6df20ade]
2023-07-07T15:12:37.397+05:30 TRACE 10928 --- [           main] o.s.b.f.s.DefaultListableBeanFactory     : Registering scope 'session' with implementation [org.springframework.web.context.request.SessionScope@4943defe]
2023-07-07T15:12:37.398+05:30 TRACE 10928 --- [           main] o.s.b.f.s.DefaultListableBeanFactory     : Registering scope 'application' with implementation [org.springframework.web.context.support.ServletContextScope@cda4919]
2023-07-07T15:12:37.412+05:30 DEBUG 10928 --- [           main] o.s.b.f.s.DefaultListableBeanFactory     : Creating shared instance of singleton bean 'org.springframework.context.annotation.internalConfigurationAnnotationProcessor'
2023-07-07T15:12:37.412+05:30 TRACE 10928 --- [           main] o.s.b.f.s.DefaultListableBeanFactory     : Creating instance of bean 'org.springframework.context.annotation.internalConfigurationAnnotationProcessor'
2023-07-07T15:12:37.432+05:30 DEBUG 10928 --- [           main] o.s.b.f.s.DefaultListableBeanFactory     : Creating shared instance of singleton bean 'org.springframework.boot.autoconfigure.internalCachingMetadataReaderFactory'
2023-07-07T15:12:37.432+05:30 TRACE 10928 --- [           main] o.s.b.f.s.DefaultListableBeanFactory     : Creating instance of bean 'org.springframework.boot.autoconfigure.internalCachingMetadataReaderFactory'
2023-07-07T15:12:37.435+05:30 TRACE 10928 --- [           main] o.s.b.f.s.DefaultListableBeanFactory     : Finished creating instance of bean 'org.springframework.boot.autoconfigure.internalCachingMetadataReaderFactory'
2023-07-07T15:12:37.438+05:30 TRACE 10928 --- [           main] o.s.c.io.support.SpringFactoriesLoader   : Loaded [org.springframework.beans.BeanInfoFactory] names: []
2023-07-07T15:12:37.440+05:30 TRACE 10928 --- [           main] o.s.beans.CachedIntrospectionResults     : Getting BeanInfo for class [org.springframework.context.annotation.ConfigurationClassPostProcessor]
2023-07-07T15:12:37.444+05:30 TRACE 10928 --- [           main] o.s.beans.CachedIntrospectionResults     : Caching PropertyDescriptors for class [org.springframework.context.annotation.ConfigurationClassPostProcessor]
2023-07-07T15:12:37.446+05:30 TRACE 10928 --- [           main] o.s.beans.CachedIntrospectionResults     : Found bean property 'applicationStartup' of type [org.springframework.core.metrics.ApplicationStartup]
2023-07-07T15:12:37.446+05:30 TRACE 10928 --- [           main] o.s.beans.CachedIntrospectionResults     : Found bean property 'beanClassLoader' of type [java.lang.ClassLoader]
2023-07-07T15:12:37.446+05:30 TRACE 10928 --- [           main] o.s.beans.CachedIntrospectionResults     : Found bean property 'beanExcludedFromAotProcessing' of type [boolean]
2023-07-07T15:12:37.447+05:30 TRACE 10928 --- [           main] o.s.beans.CachedIntrospectionResults     : Found bean property 'beanNameGenerator' of type [org.springframework.beans.factory.support.BeanNameGenerator]
2023-07-07T15:12:37.448+05:30 TRACE 10928 --- [           main] o.s.beans.CachedIntrospectionResults     : Found bean property 'class' of type [java.lang.Class]
2023-07-07T15:12:37.449+05:30 TRACE 10928 --- [           main] o.s.beans.CachedIntrospectionResults     : Found bean property 'environment' of type [org.springframework.core.env.Environment]
2023-07-07T15:12:37.449+05:30 TRACE 10928 --- [           main] o.s.beans.CachedIntrospectionResults     : Found bean property 'metadataReaderFactory' of type [org.springframework.core.type.classreading.MetadataReaderFactory]
2023-07-07T15:12:37.449+05:30 TRACE 10928 --- [           main] o.s.beans.CachedIntrospectionResults     : Found bean property 'order' of type [int]
2023-07-07T15:12:37.449+05:30 TRACE 10928 --- [           main] o.s.beans.CachedIntrospectionResults     : Found bean property 'problemReporter' of type [org.springframework.beans.factory.parsing.ProblemReporter]
2023-07-07T15:12:37.449+05:30 TRACE 10928 --- [           main] o.s.beans.CachedIntrospectionResults     : Found bean property 'resourceLoader' of type [org.springframework.core.io.ResourceLoader]
2023-07-07T15:12:37.450+05:30 TRACE 10928 --- [           main] o.s.beans.CachedIntrospectionResults     : Found bean property 'sourceExtractor' of type [org.springframework.beans.factory.parsing.SourceExtractor]
2023-07-07T15:12:37.456+05:30 TRACE 10928 --- [           main] o.s.b.f.s.DefaultListableBeanFactory     : Finished creating instance of bean 'org.springframework.context.annotation.internalConfigurationAnnotationProcessor'
2023-07-07T15:12:37.470+05:30 TRACE 10928 --- [           main] o.s.c.a.ClassPathBeanDefinitionScanner   : JSR-250 'jakarta.annotation.ManagedBean' found and supported for component scanning
2023-07-07T15:12:37.473+05:30 TRACE 10928 --- [           main] .i.s.PathMatchingResourcePatternResolver : Resolved module-path location pattern [com/udemy/learnspringboot/**/*.class] to resources []
2023-07-07T15:12:37.474+05:30 TRACE 10928 --- [           main] .i.s.PathMatchingResourcePatternResolver : Resolved module-path location pattern [com/udemy/learnspringboot/] to resources []
2023-07-07T15:12:37.474+05:30 TRACE 10928 --- [           main] .i.s.PathMatchingResourcePatternResolver : Resolved classpath location [com/udemy/learnspringboot/] to resources [file [D:\nithin\SPRING BOOT COURSE\Spring-Boot Project WS\learn-spring-boot\target\test-classes\com\udemy\learnspringboot], file [D:\nithin\SPRING BOOT COURSE\Spring-Boot Project WS\learn-spring-boot\target\classes\com\udemy\learnspringboot]]
2023-07-07T15:12:37.475+05:30 TRACE 10928 --- [           main] .i.s.PathMatchingResourcePatternResolver : Searching directory [D:\nithin\SPRING BOOT COURSE\Spring-Boot Project WS\learn-spring-boot\target\test-classes\com\udemy\learnspringboot] for files matching pattern [**/*.class]
2023-07-07T15:12:37.477+05:30 TRACE 10928 --- [           main] .i.s.PathMatchingResourcePatternResolver : Searching directory [D:\nithin\SPRING BOOT COURSE\Spring-Boot Project WS\learn-spring-boot\target\classes\com\udemy\learnspringboot] for files matching pattern [**/*.class]
2023-07-07T15:12:37.478+05:30 TRACE 10928 --- [           main] .i.s.PathMatchingResourcePatternResolver : Resolved location pattern [classpath*:com/udemy/learnspringboot/**/*.class] to resources [file [D:\nithin\SPRING BOOT COURSE\Spring-Boot Project WS\learn-spring-boot\target\test-classes\com\udemy\learnspringboot\LearnSpringBootApplicationTests.class], file [D:\nithin\SPRING BOOT COURSE\Spring-Boot Project WS\learn-spring-boot\target\classes\com\udemy\learnspringboot\Course.class], file [D:\nithin\SPRING BOOT COURSE\Spring-Boot Project WS\learn-spring-boot\target\classes\com\udemy\learnspringboot\CourseController.class], file [D:\nithin\SPRING BOOT COURSE\Spring-Boot Project WS\learn-spring-boot\target\classes\com\udemy\learnspringboot\CurrencyConfigurationController.class], file [D:\nithin\SPRING BOOT COURSE\Spring-Boot Project WS\learn-spring-boot\target\classes\com\udemy\learnspringboot\CurrencyServiceConfiguration.class], file [D:\nithin\SPRING BOOT COURSE\Spring-Boot Project WS\learn-spring-boot\target\classes\com\udemy\learnspringboot\LearnSpringBootApplication.class]]
2023-07-07T15:12:37.479+05:30 TRACE 10928 --- [           main] o.s.c.a.ClassPathBeanDefinitionScanner   : Scanning file [D:\nithin\SPRING BOOT COURSE\Spring-Boot Project WS\learn-spring-boot\target\test-classes\com\udemy\learnspringboot\LearnSpringBootApplicationTests.class]
2023-07-07T15:12:37.481+05:30 TRACE 10928 --- [           main] o.s.b.f.s.DefaultListableBeanFactory     : Returning cached instance of singleton bean 'org.springframework.boot.test.context.filter.TestTypeExcludeFilter'
2023-07-07T15:12:37.481+05:30 TRACE 10928 --- [           main] o.s.c.a.ClassPathBeanDefinitionScanner   : Ignored because not matching any filter: file [D:\nithin\SPRING BOOT COURSE\Spring-Boot Project WS\learn-spring-boot\target\test-classes\com\udemy\learnspringboot\LearnSpringBootApplicationTests.class]
2023-07-07T15:12:37.481+05:30 TRACE 10928 --- [           main] o.s.c.a.ClassPathBeanDefinitionScanner   : Scanning file [D:\nithin\SPRING BOOT COURSE\Spring-Boot Project WS\learn-spring-boot\target\classes\com\udemy\learnspringboot\Course.class]
2023-07-07T15:12:37.486+05:30 TRACE 10928 --- [           main] o.s.c.a.ClassPathBeanDefinitionScanner   : Ignored because not matching any filter: file [D:\nithin\SPRING BOOT COURSE\Spring-Boot Project WS\learn-spring-boot\target\classes\com\udemy\learnspringboot\Course.class]
2023-07-07T15:12:37.486+05:30 TRACE 10928 --- [           main] o.s.c.a.ClassPathBeanDefinitionScanner   : Scanning file [D:\nithin\SPRING BOOT COURSE\Spring-Boot Project WS\learn-spring-boot\target\classes\com\udemy\learnspringboot\CourseController.class]
2023-07-07T15:12:37.489+05:30 DEBUG 10928 --- [           main] o.s.c.a.ClassPathBeanDefinitionScanner   : Identified candidate component class: file [D:\nithin\SPRING BOOT COURSE\Spring-Boot Project WS\learn-spring-boot\target\classes\com\udemy\learnspringboot\CourseController.class]
2023-07-07T15:12:37.489+05:30 TRACE 10928 --- [           main] o.s.c.a.ClassPathBeanDefinitionScanner   : Scanning file [D:\nithin\SPRING BOOT COURSE\Spring-Boot Project WS\learn-spring-boot\target\classes\com\udemy\learnspringboot\CurrencyConfigurationController.class]
2023-07-07T15:12:37.492+05:30 DEBUG 10928 --- [           main] o.s.c.a.ClassPathBeanDefinitionScanner   : Identified candidate component class: file [D:\nithin\SPRING BOOT COURSE\Spring-Boot Project WS\learn-spring-boot\target\classes\com\udemy\learnspringboot\CurrencyConfigurationController.class]
2023-07-07T15:12:37.492+05:30 TRACE 10928 --- [           main] o.s.c.a.ClassPathBeanDefinitionScanner   : Scanning file [D:\nithin\SPRING BOOT COURSE\Spring-Boot Project WS\learn-spring-boot\target\classes\com\udemy\learnspringboot\CurrencyServiceConfiguration.class]
2023-07-07T15:12:37.494+05:30 DEBUG 10928 --- [           main] o.s.c.a.ClassPathBeanDefinitionScanner   : Identified candidate component class: file [D:\nithin\SPRING BOOT COURSE\Spring-Boot Project WS\learn-spring-boot\target\classes\com\udemy\learnspringboot\CurrencyServiceConfiguration.class]
2023-07-07T15:12:37.494+05:30 TRACE 10928 --- [           main] o.s.c.a.ClassPathBeanDefinitionScanner   : Scanning file [D:\nithin\SPRING BOOT COURSE\Spring-Boot Project WS\learn-spring-boot\target\classes\com\udemy\learnspringboot\LearnSpringBootApplication.class]
2023-07-07T15:12:37.496+05:30 TRACE 10928 --- [           main] o.s.c.a.ClassPathBeanDefinitionScanner   : Ignored because not matching any filter: file [D:\nithin\SPRING BOOT COURSE\Spring-Boot Project WS\learn-spring-boot\target\classes\com\udemy\learnspringboot\LearnSpringBootApplication.class]
2023-07-07T15:12:37.517+05:30 TRACE 10928 --- [           main] o.s.c.io.support.SpringFactoriesLoader   : Loaded [org.springframework.boot.autoconfigure.AutoConfigurationImportFilter] names: [org.springframework.boot.autoconfigure.condition.OnBeanCondition, org.springframework.boot.autoconfigure.condition.OnClassCondition, org.springframework.boot.autoconfigure.condition.OnWebApplicationCondition]
2023-07-07T15:12:37.541+05:30 TRACE 10928 --- [           main] o.s.b.f.s.DefaultListableBeanFactory     : Returning cached instance of singleton bean 'autoConfigurationReport'
2023-07-07T15:12:37.588+05:30 TRACE 10928 --- [           main] o.s.b.a.condition.OnClassCondition       : Condition OnClassCondition on org.springframework.boot.devtools.autoconfigure.DevToolsR2dbcAutoConfiguration did not match due to @ConditionalOnClass did not find required class 'io.r2dbc.spi.ConnectionFactory'
2023-07-07T15:12:37.590+05:30 TRACE 10928 --- [           main] o.s.b.a.condition.OnClassCondition       : Condition OnClassCondition on org.springframework.boot.autoconfigure.amqp.RabbitAutoConfiguration did not match due to @ConditionalOnClass did not find required class 'com.rabbitmq.client.Channel'
2023-07-07T15:12:37.591+05:30 TRACE 10928 --- [           main] o.s.b.a.condition.OnClassCondition       : Condition OnClassCondition on org.springframework.boot.autoconfigure.batch.BatchAutoConfiguration did not match due to @ConditionalOnClass did not find required class 'org.springframework.batch.core.launch.JobLauncher'
2023-07-07T15:12:37.591+05:30 TRACE 10928 --- [           main] o.s.b.a.condition.OnClassCondition       : Condition OnClassCondition on org.springframework.boot.autoconfigure.cassandra.CassandraAutoConfiguration did not match due to @ConditionalOnClass did not find required class 'com.datastax.oss.driver.api.core.CqlSession'
2023-07-07T15:12:37.591+05:30 TRACE 10928 --- [           main] o.s.b.a.condition.OnClassCondition       : Condition OnClassCondition on org.springframework.boot.autoconfigure.couchbase.CouchbaseAutoConfiguration did not match due to @ConditionalOnClass did not find required class 'com.couchbase.client.java.Cluster'
2023-07-07T15:12:37.591+05:30 TRACE 10928 --- [           main] o.s.b.a.condition.OnClassCondition       : Condition OnClassCondition on org.springframework.boot.autoconfigure.dao.PersistenceExceptionTranslationAutoConfiguration did not match due to @ConditionalOnClass did not find required class 'org.springframework.dao.annotation.PersistenceExceptionTranslationPostProcessor'
2023-07-07T15:12:37.591+05:30 TRACE 10928 --- [           main] o.s.b.a.condition.OnClassCondition       : Condition OnClassCondition on org.springframework.boot.autoconfigure.data.cassandra.CassandraDataAutoConfiguration did not match due to @ConditionalOnClass did not find required class 'com.datastax.oss.driver.api.core.CqlSession'
2023-07-07T15:12:37.593+05:30 TRACE 10928 --- [           main] o.s.b.a.condition.OnClassCondition       : Condition OnClassCondition on org.springframework.boot.autoconfigure.data.cassandra.CassandraReactiveDataAutoConfiguration did not match due to @ConditionalOnClass did not find required class 'com.datastax.oss.driver.api.core.CqlSession'
2023-07-07T15:12:37.593+05:30 TRACE 10928 --- [           main] o.s.b.a.condition.OnClassCondition       : Condition OnClassCondition on org.springframework.boot.autoconfigure.data.cassandra.CassandraReactiveRepositoriesAutoConfiguration did not match due to @ConditionalOnClass did not find required class 'org.springframework.data.cassandra.ReactiveSession'
2023-07-07T15:12:37.593+05:30 TRACE 10928 --- [           main] o.s.b.a.condition.OnClassCondition       : Condition OnClassCondition on org.springframework.boot.autoconfigure.data.cassandra.CassandraRepositoriesAutoConfiguration did not match due to @ConditionalOnClass did not find required class 'com.datastax.oss.driver.api.core.CqlSession'
2023-07-07T15:12:37.593+05:30 TRACE 10928 --- [           main] o.s.b.a.condition.OnClassCondition       : Condition OnClassCondition on org.springframework.boot.autoconfigure.data.couchbase.CouchbaseDataAutoConfiguration did not match due to @ConditionalOnClass did not find required class 'com.couchbase.client.java.Bucket'
2023-07-07T15:12:37.593+05:30 TRACE 10928 --- [           main] o.s.b.a.condition.OnClassCondition       : Condition OnClassCondition on org.springframework.boot.autoconfigure.data.couchbase.CouchbaseReactiveDataAutoConfiguration did not match due to @ConditionalOnClass did not find required class 'com.couchbase.client.java.Cluster'
2023-07-07T15:12:37.593+05:30 TRACE 10928 --- [           main] o.s.b.a.condition.OnClassCondition       : Condition OnClassCondition on org.springframework.boot.autoconfigure.data.couchbase.CouchbaseReactiveRepositoriesAutoConfiguration did not match due to @ConditionalOnClass did not find required class 'com.couchbase.client.java.Cluster'
2023-07-07T15:12:37.593+05:30 TRACE 10928 --- [           main] o.s.b.a.condition.OnClassCondition       : Condition OnClassCondition on org.springframework.boot.autoconfigure.data.couchbase.CouchbaseRepositoriesAutoConfiguration did not match due to @ConditionalOnClass did not find required class 'com.couchbase.client.java.Bucket'
2023-07-07T15:12:37.593+05:30 TRACE 10928 --- [           main] o.s.b.a.condition.OnClassCondition       : Condition OnClassCondition on org.springframework.boot.autoconfigure.data.elasticsearch.ElasticsearchDataAutoConfiguration did not match due to @ConditionalOnClass did not find required class 'org.springframework.data.elasticsearch.client.elc.ElasticsearchTemplate'
2023-07-07T15:12:37.594+05:30 TRACE 10928 --- [           main] o.s.b.a.condition.OnClassCondition       : Condition OnClassCondition on org.springframework.boot.autoconfigure.data.elasticsearch.ElasticsearchRepositoriesAutoConfiguration did not match due to @ConditionalOnClass did not find required class 'org.springframework.data.elasticsearch.repository.ElasticsearchRepository'
2023-07-07T15:12:37.594+05:30 TRACE 10928 --- [           main] o.s.b.a.condition.OnClassCondition       : Condition OnClassCondition on org.springframework.boot.autoconfigure.data.elasticsearch.ReactiveElasticsearchRepositoriesAutoConfiguration did not match due to @ConditionalOnClass did not find required class 'org.springframework.data.elasticsearch.client.elc.ReactiveElasticsearchClient'
2023-07-07T15:12:37.594+05:30 TRACE 10928 --- [           main] o.s.b.a.condition.OnClassCondition       : Condition OnClassCondition on org.springframework.boot.autoconfigure.data.jdbc.JdbcRepositoriesAutoConfiguration did not match due to @ConditionalOnClass did not find required class 'org.springframework.data.jdbc.repository.config.AbstractJdbcConfiguration'
2023-07-07T15:12:37.594+05:30 TRACE 10928 --- [           main] o.s.b.a.condition.OnClassCondition       : Condition OnClassCondition on org.springframework.boot.autoconfigure.data.jpa.JpaRepositoriesAutoConfiguration did not match due to @ConditionalOnClass did not find required class 'org.springframework.data.jpa.repository.JpaRepository'
2023-07-07T15:12:37.594+05:30 TRACE 10928 --- [           main] o.s.b.a.condition.OnClassCondition       : Condition OnClassCondition on org.springframework.boot.autoconfigure.data.ldap.LdapRepositoriesAutoConfiguration did not match due to @ConditionalOnClass did not find required class 'org.springframework.data.ldap.repository.LdapRepository'
2023-07-07T15:12:37.594+05:30 TRACE 10928 --- [           main] o.s.b.a.condition.OnClassCondition       : Condition OnClassCondition on org.springframework.boot.autoconfigure.data.mongo.MongoDataAutoConfiguration did not match due to @ConditionalOnClass did not find required class 'com.mongodb.client.MongoClient'
2023-07-07T15:12:37.594+05:30 TRACE 10928 --- [           main] o.s.b.a.condition.OnClassCondition       : Condition OnClassCondition on org.springframework.boot.autoconfigure.data.mongo.MongoReactiveDataAutoConfiguration did not match due to @ConditionalOnClass did not find required class 'com.mongodb.reactivestreams.client.MongoClient'
2023-07-07T15:12:37.594+05:30 TRACE 10928 --- [           main] o.s.b.a.condition.OnClassCondition       : Condition OnClassCondition on org.springframework.boot.autoconfigure.data.mongo.MongoReactiveRepositoriesAutoConfiguration did not match due to @ConditionalOnClass did not find required class 'com.mongodb.reactivestreams.client.MongoClient'
2023-07-07T15:12:37.594+05:30 TRACE 10928 --- [           main] o.s.b.a.condition.OnClassCondition       : Condition OnClassCondition on org.springframework.boot.autoconfigure.data.mongo.MongoRepositoriesAutoConfiguration did not match due to @ConditionalOnClass did not find required class 'com.mongodb.client.MongoClient'
2023-07-07T15:12:37.595+05:30 TRACE 10928 --- [           main] o.s.b.a.condition.OnClassCondition       : Condition OnClassCondition on org.springframework.boot.autoconfigure.data.neo4j.Neo4jDataAutoConfiguration did not match due to @ConditionalOnClass did not find required class 'org.neo4j.driver.Driver'
2023-07-07T15:12:37.595+05:30 TRACE 10928 --- [           main] o.s.b.a.condition.OnClassCondition       : Condition OnClassCondition on org.springframework.boot.autoconfigure.data.neo4j.Neo4jReactiveDataAutoConfiguration did not match due to @ConditionalOnClass did not find required class 'org.neo4j.driver.Driver'
2023-07-07T15:12:37.595+05:30 TRACE 10928 --- [           main] o.s.b.a.condition.OnClassCondition       : Condition OnClassCondition on org.springframework.boot.autoconfigure.data.neo4j.Neo4jReactiveRepositoriesAutoConfiguration did not match due to @ConditionalOnClass did not find required class 'org.neo4j.driver.Driver'
2023-07-07T15:12:37.595+05:30 TRACE 10928 --- [           main] o.s.b.a.condition.OnClassCondition       : Condition OnClassCondition on org.springframework.boot.autoconfigure.data.neo4j.Neo4jRepositoriesAutoConfiguration did not match due to @ConditionalOnClass did not find required class 'org.neo4j.driver.Driver'
2023-07-07T15:12:37.595+05:30 TRACE 10928 --- [           main] o.s.b.a.condition.OnClassCondition       : Condition OnClassCondition on org.springframework.boot.autoconfigure.data.r2dbc.R2dbcDataAutoConfiguration did not match due to @ConditionalOnClass did not find required class 'org.springframework.data.r2dbc.core.R2dbcEntityTemplate'
2023-07-07T15:12:37.595+05:30 TRACE 10928 --- [           main] o.s.b.a.condition.OnClassCondition       : Condition OnClassCondition on org.springframework.boot.autoconfigure.data.r2dbc.R2dbcRepositoriesAutoConfiguration did not match due to @ConditionalOnClass did not find required class 'io.r2dbc.spi.ConnectionFactory'
2023-07-07T15:12:37.595+05:30 TRACE 10928 --- [           main] o.s.b.a.condition.OnClassCondition       : Condition OnClassCondition on org.springframework.boot.autoconfigure.data.redis.RedisAutoConfiguration did not match due to @ConditionalOnClass did not find required class 'org.springframework.data.redis.core.RedisOperations'
2023-07-07T15:12:37.595+05:30 TRACE 10928 --- [           main] o.s.b.a.condition.OnClassCondition       : Condition OnClassCondition on org.springframework.boot.autoconfigure.data.redis.RedisReactiveAutoConfiguration did not match due to @ConditionalOnClass did not find required class 'reactor.core.publisher.Flux'
2023-07-07T15:12:37.595+05:30 TRACE 10928 --- [           main] o.s.b.a.condition.OnClassCondition       : Condition OnClassCondition on org.springframework.boot.autoconfigure.data.redis.RedisRepositoriesAutoConfiguration did not match due to @ConditionalOnClass did not find required class 'org.springframework.data.redis.repository.configuration.EnableRedisRepositories'
2023-07-07T15:12:37.596+05:30 TRACE 10928 --- [           main] o.s.b.a.condition.OnClassCondition       : Condition OnClassCondition on org.springframework.boot.autoconfigure.data.rest.RepositoryRestMvcAutoConfiguration did not match due to @ConditionalOnClass did not find required class 'org.springframework.data.rest.webmvc.config.RepositoryRestMvcConfiguration'
2023-07-07T15:12:37.596+05:30 TRACE 10928 --- [           main] o.s.b.a.condition.OnClassCondition       : Condition OnClassCondition on org.springframework.boot.autoconfigure.data.web.SpringDataWebAutoConfiguration did not match due to @ConditionalOnClass did not find required class 'org.springframework.data.web.PageableHandlerMethodArgumentResolver'
2023-07-07T15:12:37.596+05:30 TRACE 10928 --- [           main] o.s.b.a.condition.OnClassCondition       : Condition OnClassCondition on org.springframework.boot.autoconfigure.elasticsearch.ElasticsearchClientAutoConfiguration did not match due to @ConditionalOnClass did not find required class 'co.elastic.clients.elasticsearch.ElasticsearchClient'
2023-07-07T15:12:37.596+05:30 TRACE 10928 --- [           main] o.s.b.a.condition.OnClassCondition       : Condition OnClassCondition on org.springframework.boot.autoconfigure.elasticsearch.ElasticsearchRestClientAutoConfiguration did not match due to @ConditionalOnClass did not find required class 'org.elasticsearch.client.RestClientBuilder'
2023-07-07T15:12:37.596+05:30 TRACE 10928 --- [           main] o.s.b.a.condition.OnClassCondition       : Condition OnClassCondition on org.springframework.boot.autoconfigure.elasticsearch.ReactiveElasticsearchClientAutoConfiguration did not match due to @ConditionalOnClass did not find required class 'co.elastic.clients.transport.ElasticsearchTransport'
2023-07-07T15:12:37.596+05:30 TRACE 10928 --- [           main] o.s.b.a.condition.OnClassCondition       : Condition OnClassCondition on org.springframework.boot.autoconfigure.flyway.FlywayAutoConfiguration did not match due to @ConditionalOnClass did not find required class 'org.flywaydb.core.Flyway'
2023-07-07T15:12:37.596+05:30 TRACE 10928 --- [           main] o.s.b.a.condition.OnClassCondition       : Condition OnClassCondition on org.springframework.boot.autoconfigure.freemarker.FreeMarkerAutoConfiguration did not match due to @ConditionalOnClass did not find required class 'freemarker.template.Configuration'
2023-07-07T15:12:37.596+05:30 TRACE 10928 --- [           main] o.s.b.a.condition.OnClassCondition       : Condition OnClassCondition on org.springframework.boot.autoconfigure.graphql.GraphQlAutoConfiguration did not match due to @ConditionalOnClass did not find required class 'graphql.GraphQL'
2023-07-07T15:12:37.596+05:30 TRACE 10928 --- [           main] o.s.b.a.condition.OnClassCondition       : Condition OnClassCondition on org.springframework.boot.autoconfigure.graphql.data.GraphQlReactiveQueryByExampleAutoConfiguration did not match due to @ConditionalOnClass did not find required class 'graphql.GraphQL'
2023-07-07T15:12:37.597+05:30 TRACE 10928 --- [           main] o.s.b.a.condition.OnClassCondition       : Condition OnClassCondition on org.springframework.boot.autoconfigure.graphql.data.GraphQlReactiveQuerydslAutoConfiguration did not match due to @ConditionalOnClass did not find required class 'graphql.GraphQL'
2023-07-07T15:12:37.597+05:30 TRACE 10928 --- [           main] o.s.b.a.condition.OnClassCondition       : Condition OnClassCondition on org.springframework.boot.autoconfigure.graphql.data.GraphQlQueryByExampleAutoConfiguration did not match due to @ConditionalOnClass did not find required class 'graphql.GraphQL'
2023-07-07T15:12:37.597+05:30 TRACE 10928 --- [           main] o.s.b.a.condition.OnClassCondition       : Condition OnClassCondition on org.springframework.boot.autoconfigure.graphql.data.GraphQlQuerydslAutoConfiguration did not match due to @ConditionalOnClass did not find required class 'graphql.GraphQL'
2023-07-07T15:12:37.597+05:30 TRACE 10928 --- [           main] o.s.b.a.condition.OnClassCondition       : Condition OnClassCondition on org.springframework.boot.autoconfigure.graphql.reactive.GraphQlWebFluxAutoConfiguration did not match due to @ConditionalOnClass did not find required class 'graphql.GraphQL'
2023-07-07T15:12:37.597+05:30 TRACE 10928 --- [           main] o.s.b.a.condition.OnClassCondition       : Condition OnClassCondition on org.springframework.boot.autoconfigure.graphql.rsocket.GraphQlRSocketAutoConfiguration did not match due to @ConditionalOnClass did not find required class 'graphql.GraphQL'
2023-07-07T15:12:37.597+05:30 TRACE 10928 --- [           main] o.s.b.a.condition.OnClassCondition       : Condition OnClassCondition on org.springframework.boot.autoconfigure.graphql.rsocket.RSocketGraphQlClientAutoConfiguration did not match due to @ConditionalOnClass did not find required class 'graphql.GraphQL'
2023-07-07T15:12:37.597+05:30 TRACE 10928 --- [           main] o.s.b.a.condition.OnClassCondition       : Condition OnClassCondition on org.springframework.boot.autoconfigure.graphql.security.GraphQlWebFluxSecurityAutoConfiguration did not match due to @ConditionalOnClass did not find required class 'graphql.GraphQL'
2023-07-07T15:12:37.597+05:30 TRACE 10928 --- [           main] o.s.b.a.condition.OnClassCondition       : Condition OnClassCondition on org.springframework.boot.autoconfigure.graphql.security.GraphQlWebMvcSecurityAutoConfiguration did not match due to @ConditionalOnClass did not find required class 'graphql.GraphQL'
2023-07-07T15:12:37.597+05:30 TRACE 10928 --- [           main] o.s.b.a.condition.OnClassCondition       : Condition OnClassCondition on org.springframework.boot.autoconfigure.graphql.servlet.GraphQlWebMvcAutoConfiguration did not match due to @ConditionalOnClass did not find required class 'graphql.GraphQL'
2023-07-07T15:12:37.598+05:30 TRACE 10928 --- [           main] o.s.b.a.condition.OnClassCondition       : Condition OnClassCondition on org.springframework.boot.autoconfigure.groovy.template.GroovyTemplateAutoConfiguration did not match due to @ConditionalOnClass did not find required class 'groovy.text.markup.MarkupTemplateEngine'
2023-07-07T15:12:37.598+05:30 TRACE 10928 --- [           main] o.s.b.a.condition.OnClassCondition       : Condition OnClassCondition on org.springframework.boot.autoconfigure.gson.GsonAutoConfiguration did not match due to @ConditionalOnClass did not find required class 'com.google.gson.Gson'
2023-07-07T15:12:37.598+05:30 TRACE 10928 --- [           main] o.s.b.a.condition.OnClassCondition       : Condition OnClassCondition on org.springframework.boot.autoconfigure.h2.H2ConsoleAutoConfiguration did not match due to @ConditionalOnClass did not find required class 'org.h2.server.web.JakartaWebServlet'
2023-07-07T15:12:37.598+05:30 TRACE 10928 --- [           main] o.s.b.a.condition.OnClassCondition       : Condition OnClassCondition on org.springframework.boot.autoconfigure.hateoas.HypermediaAutoConfiguration did not match due to @ConditionalOnClass did not find required class 'org.springframework.hateoas.EntityModel'
2023-07-07T15:12:37.598+05:30 TRACE 10928 --- [           main] o.s.b.a.condition.OnClassCondition       : Condition OnClassCondition on org.springframework.boot.autoconfigure.hazelcast.HazelcastAutoConfiguration did not match due to @ConditionalOnClass did not find required class 'com.hazelcast.core.HazelcastInstance'
2023-07-07T15:12:37.598+05:30 TRACE 10928 --- [           main] o.s.b.a.condition.OnClassCondition       : Condition OnClassCondition on org.springframework.boot.autoconfigure.hazelcast.HazelcastJpaDependencyAutoConfiguration did not match due to @ConditionalOnClass did not find required class 'com.hazelcast.core.HazelcastInstance'
2023-07-07T15:12:37.598+05:30 TRACE 10928 --- [           main] o.s.b.a.condition.OnClassCondition       : Condition OnClassCondition on org.springframework.boot.autoconfigure.http.codec.CodecsAutoConfiguration did not match due to @ConditionalOnClass did not find required class 'org.springframework.web.reactive.function.client.WebClient'
2023-07-07T15:12:37.598+05:30 TRACE 10928 --- [           main] o.s.b.a.condition.OnClassCondition       : Condition OnClassCondition on org.springframework.boot.autoconfigure.influx.InfluxDbAutoConfiguration did not match due to @ConditionalOnClass did not find required class 'org.influxdb.InfluxDB'
2023-07-07T15:12:37.598+05:30 TRACE 10928 --- [           main] o.s.b.a.condition.OnClassCondition       : Condition OnClassCondition on org.springframework.boot.autoconfigure.integration.IntegrationAutoConfiguration did not match due to @ConditionalOnClass did not find required class 'org.springframework.integration.config.EnableIntegration'
2023-07-07T15:12:37.598+05:30 TRACE 10928 --- [           main] o.s.b.a.condition.OnClassCondition       : Condition OnClassCondition on org.springframework.boot.autoconfigure.jdbc.DataSourceAutoConfiguration did not match due to @ConditionalOnClass did not find required class 'org.springframework.jdbc.datasource.embedded.EmbeddedDatabaseType'
2023-07-07T15:12:37.598+05:30 TRACE 10928 --- [           main] o.s.b.a.condition.OnClassCondition       : Condition OnClassCondition on org.springframework.boot.autoconfigure.jdbc.JdbcTemplateAutoConfiguration did not match due to @ConditionalOnClass did not find required class 'org.springframework.jdbc.core.JdbcTemplate'
2023-07-07T15:12:37.598+05:30 TRACE 10928 --- [           main] o.s.b.a.condition.OnClassCondition       : Condition OnClassCondition on org.springframework.boot.autoconfigure.jdbc.JndiDataSourceAutoConfiguration did not match due to @ConditionalOnClass did not find required class 'org.springframework.jdbc.datasource.embedded.EmbeddedDatabaseType'
2023-07-07T15:12:37.598+05:30 TRACE 10928 --- [           main] o.s.b.a.condition.OnClassCondition       : Condition OnClassCondition on org.springframework.boot.autoconfigure.jdbc.XADataSourceAutoConfiguration did not match due to @ConditionalOnClass did not find required class 'jakarta.transaction.TransactionManager'
2023-07-07T15:12:37.598+05:30 TRACE 10928 --- [           main] o.s.b.a.condition.OnClassCondition       : Condition OnClassCondition on org.springframework.boot.autoconfigure.jdbc.DataSourceTransactionManagerAutoConfiguration did not match due to @ConditionalOnClass did not find required class 'org.springframework.jdbc.core.JdbcTemplate'
2023-07-07T15:12:37.599+05:30 TRACE 10928 --- [           main] o.s.b.a.condition.OnClassCondition       : Condition OnClassCondition on org.springframework.boot.autoconfigure.jersey.JerseyAutoConfiguration did not match due to @ConditionalOnClass did not find required class 'org.glassfish.jersey.server.spring.SpringComponentProvider'
2023-07-07T15:12:37.599+05:30 TRACE 10928 --- [           main] o.s.b.a.condition.OnClassCondition       : Condition OnClassCondition on org.springframework.boot.autoconfigure.jms.JmsAutoConfiguration did not match due to @ConditionalOnClass did not find required class 'jakarta.jms.Message'
2023-07-07T15:12:37.599+05:30 TRACE 10928 --- [           main] o.s.b.a.condition.OnClassCondition       : Condition OnClassCondition on org.springframework.boot.autoconfigure.jms.JndiConnectionFactoryAutoConfiguration did not match due to @ConditionalOnClass did not find required class 'org.springframework.jms.core.JmsTemplate'
2023-07-07T15:12:37.599+05:30 TRACE 10928 --- [           main] o.s.b.a.condition.OnClassCondition       : Condition OnClassCondition on org.springframework.boot.autoconfigure.jms.activemq.ActiveMQAutoConfiguration did not match due to @ConditionalOnClass did not find required class 'jakarta.jms.ConnectionFactory'
2023-07-07T15:12:37.599+05:30 TRACE 10928 --- [           main] o.s.b.a.condition.OnClassCondition       : Condition OnClassCondition on org.springframework.boot.autoconfigure.jms.artemis.ArtemisAutoConfiguration did not match due to @ConditionalOnClass did not find required class 'jakarta.jms.ConnectionFactory'
2023-07-07T15:12:37.599+05:30 TRACE 10928 --- [           main] o.s.b.a.condition.OnClassCondition       : Condition OnClassCondition on org.springframework.boot.autoconfigure.jooq.JooqAutoConfiguration did not match due to @ConditionalOnClass did not find required class 'org.jooq.DSLContext'
2023-07-07T15:12:37.599+05:30 TRACE 10928 --- [           main] o.s.b.a.condition.OnClassCondition       : Condition OnClassCondition on org.springframework.boot.autoconfigure.jsonb.JsonbAutoConfiguration did not match due to @ConditionalOnClass did not find required class 'jakarta.json.bind.Jsonb'
2023-07-07T15:12:37.599+05:30 TRACE 10928 --- [           main] o.s.b.a.condition.OnClassCondition       : Condition OnClassCondition on org.springframework.boot.autoconfigure.kafka.KafkaAutoConfiguration did not match due to @ConditionalOnClass did not find required class 'org.springframework.kafka.core.KafkaTemplate'
2023-07-07T15:12:37.599+05:30 TRACE 10928 --- [           main] o.s.b.a.condition.OnClassCondition       : Condition OnClassCondition on org.springframework.boot.autoconfigure.ldap.embedded.EmbeddedLdapAutoConfiguration did not match due to @ConditionalOnClass did not find required class 'com.unboundid.ldap.listener.InMemoryDirectoryServer'
2023-07-07T15:12:37.599+05:30 TRACE 10928 --- [           main] o.s.b.a.condition.OnClassCondition       : Condition OnClassCondition on org.springframework.boot.autoconfigure.ldap.LdapAutoConfiguration did not match due to @ConditionalOnClass did not find required class 'org.springframework.ldap.core.ContextSource'
2023-07-07T15:12:37.600+05:30 TRACE 10928 --- [           main] o.s.b.a.condition.OnClassCondition       : Condition OnClassCondition on org.springframework.boot.autoconfigure.liquibase.LiquibaseAutoConfiguration did not match due to @ConditionalOnClass did not find required class 'liquibase.change.DatabaseChange'
2023-07-07T15:12:37.600+05:30 TRACE 10928 --- [           main] o.s.b.a.condition.OnClassCondition       : Condition OnClassCondition on org.springframework.boot.autoconfigure.mail.MailSenderAutoConfiguration did not match due to @ConditionalOnClass did not find required class 'jakarta.mail.internet.MimeMessage'
2023-07-07T15:12:37.600+05:30 TRACE 10928 --- [           main] o.s.b.a.condition.OnClassCondition       : Condition OnClassCondition on org.springframework.boot.autoconfigure.mongo.MongoAutoConfiguration did not match due to @ConditionalOnClass did not find required class 'com.mongodb.client.MongoClient'
2023-07-07T15:12:37.600+05:30 TRACE 10928 --- [           main] o.s.b.a.condition.OnClassCondition       : Condition OnClassCondition on org.springframework.boot.autoconfigure.mongo.MongoReactiveAutoConfiguration did not match due to @ConditionalOnClass did not find required class 'com.mongodb.reactivestreams.client.MongoClient'
2023-07-07T15:12:37.600+05:30 TRACE 10928 --- [           main] o.s.b.a.condition.OnClassCondition       : Condition OnClassCondition on org.springframework.boot.autoconfigure.mustache.MustacheAutoConfiguration did not match due to @ConditionalOnClass did not find required class 'com.samskivert.mustache.Mustache'
2023-07-07T15:12:37.600+05:30 TRACE 10928 --- [           main] o.s.b.a.condition.OnClassCondition       : Condition OnClassCondition on org.springframework.boot.autoconfigure.neo4j.Neo4jAutoConfiguration did not match due to @ConditionalOnClass did not find required class 'org.neo4j.driver.Driver'
2023-07-07T15:12:37.600+05:30 TRACE 10928 --- [           main] o.s.b.a.condition.OnClassCondition       : Condition OnClassCondition on org.springframework.boot.autoconfigure.netty.NettyAutoConfiguration did not match due to @ConditionalOnClass did not find required class 'io.netty.util.NettyRuntime'
2023-07-07T15:12:37.600+05:30 TRACE 10928 --- [           main] o.s.b.a.condition.OnClassCondition       : Condition OnClassCondition on org.springframework.boot.autoconfigure.orm.jpa.HibernateJpaAutoConfiguration did not match due to @ConditionalOnClass did not find required class 'jakarta.persistence.EntityManager'
2023-07-07T15:12:37.600+05:30 TRACE 10928 --- [           main] o.s.b.a.condition.OnClassCondition       : Condition OnClassCondition on org.springframework.boot.autoconfigure.quartz.QuartzAutoConfiguration did not match due to @ConditionalOnClass did not find required class 'org.quartz.Scheduler'
2023-07-07T15:12:37.600+05:30 TRACE 10928 --- [           main] o.s.b.a.condition.OnClassCondition       : Condition OnClassCondition on org.springframework.boot.autoconfigure.r2dbc.R2dbcAutoConfiguration did not match due to @ConditionalOnClass did not find required class 'io.r2dbc.spi.ConnectionFactory'
2023-07-07T15:12:37.600+05:30 TRACE 10928 --- [           main] o.s.b.a.condition.OnClassCondition       : Condition OnClassCondition on org.springframework.boot.autoconfigure.r2dbc.R2dbcTransactionManagerAutoConfiguration did not match due to @ConditionalOnClass did not find required class 'org.springframework.r2dbc.connection.R2dbcTransactionManager'
2023-07-07T15:12:37.601+05:30 TRACE 10928 --- [           main] o.s.b.a.condition.OnClassCondition       : Condition OnClassCondition on org.springframework.boot.autoconfigure.rsocket.RSocketMessagingAutoConfiguration did not match due to @ConditionalOnClass did not find required class 'io.rsocket.RSocket'
2023-07-07T15:12:37.601+05:30 TRACE 10928 --- [           main] o.s.b.a.condition.OnClassCondition       : Condition OnClassCondition on org.springframework.boot.autoconfigure.rsocket.RSocketRequesterAutoConfiguration did not match due to @ConditionalOnClass did not find required class 'io.rsocket.RSocket'
2023-07-07T15:12:37.601+05:30 TRACE 10928 --- [           main] o.s.b.a.condition.OnClassCondition       : Condition OnClassCondition on org.springframework.boot.autoconfigure.rsocket.RSocketServerAutoConfiguration did not match due to @ConditionalOnClass did not find required class 'io.rsocket.core.RSocketServer'
2023-07-07T15:12:37.601+05:30 TRACE 10928 --- [           main] o.s.b.a.condition.OnClassCondition       : Condition OnClassCondition on org.springframework.boot.autoconfigure.rsocket.RSocketStrategiesAutoConfiguration did not match due to @ConditionalOnClass did not find required class 'io.netty.buffer.PooledByteBufAllocator'
2023-07-07T15:12:37.601+05:30 TRACE 10928 --- [           main] o.s.b.a.condition.OnClassCondition       : Condition OnClassCondition on org.springframework.boot.autoconfigure.security.servlet.SecurityAutoConfiguration did not match due to @ConditionalOnClass did not find required class 'org.springframework.security.authentication.DefaultAuthenticationEventPublisher'
2023-07-07T15:12:37.601+05:30 TRACE 10928 --- [           main] o.s.b.a.condition.OnClassCondition       : Condition OnClassCondition on org.springframework.boot.autoconfigure.security.servlet.UserDetailsServiceAutoConfiguration did not match due to @ConditionalOnClass did not find required class 'org.springframework.security.authentication.AuthenticationManager'
2023-07-07T15:12:37.601+05:30 TRACE 10928 --- [           main] o.s.b.a.condition.OnClassCondition       : Condition OnClassCondition on org.springframework.boot.autoconfigure.security.servlet.SecurityFilterAutoConfiguration did not match due to @ConditionalOnClass did not find required class 'org.springframework.security.config.http.SessionCreationPolicy'
2023-07-07T15:12:37.601+05:30 TRACE 10928 --- [           main] o.s.b.a.condition.OnClassCondition       : Condition OnClassCondition on org.springframework.boot.autoconfigure.security.reactive.ReactiveSecurityAutoConfiguration did not match due to @ConditionalOnClass did not find required class 'reactor.core.publisher.Flux'
2023-07-07T15:12:37.601+05:30 TRACE 10928 --- [           main] o.s.b.a.condition.OnClassCondition       : Condition OnClassCondition on org.springframework.boot.autoconfigure.security.reactive.ReactiveUserDetailsServiceAutoConfiguration did not match due to @ConditionalOnClass did not find required class 'org.springframework.security.authentication.ReactiveAuthenticationManager'
2023-07-07T15:12:37.601+05:30 TRACE 10928 --- [           main] o.s.b.a.condition.OnClassCondition       : Condition OnClassCondition on org.springframework.boot.autoconfigure.security.rsocket.RSocketSecurityAutoConfiguration did not match due to @ConditionalOnClass did not find required class 'org.springframework.security.rsocket.core.SecuritySocketAcceptorInterceptor'
2023-07-07T15:12:37.602+05:30 TRACE 10928 --- [           main] o.s.b.a.condition.OnClassCondition       : Condition OnClassCondition on org.springframework.boot.autoconfigure.security.saml2.Saml2RelyingPartyAutoConfiguration did not match due to @ConditionalOnClass did not find required class 'org.springframework.security.saml2.provider.service.registration.RelyingPartyRegistrationRepository'
2023-07-07T15:12:37.602+05:30 TRACE 10928 --- [           main] o.s.b.a.condition.OnClassCondition       : Condition OnClassCondition on org.springframework.boot.autoconfigure.sendgrid.SendGridAutoConfiguration did not match due to @ConditionalOnClass did not find required class 'com.sendgrid.SendGrid'
2023-07-07T15:12:37.602+05:30 TRACE 10928 --- [           main] o.s.b.a.condition.OnClassCondition       : Condition OnClassCondition on org.springframework.boot.autoconfigure.session.SessionAutoConfiguration did not match due to @ConditionalOnClass did not find required class 'org.springframework.session.Session'
2023-07-07T15:12:37.602+05:30 TRACE 10928 --- [           main] o.s.b.a.condition.OnClassCondition       : Condition OnClassCondition on org.springframework.boot.autoconfigure.security.oauth2.client.servlet.OAuth2ClientAutoConfiguration did not match due to @ConditionalOnClass did not find required class 'org.springframework.security.config.annotation.web.configuration.EnableWebSecurity'
2023-07-07T15:12:37.602+05:30 TRACE 10928 --- [           main] o.s.b.a.condition.OnClassCondition       : Condition OnClassCondition on org.springframework.boot.autoconfigure.security.oauth2.client.reactive.ReactiveOAuth2ClientAutoConfiguration did not match due to @ConditionalOnClass did not find required class 'reactor.core.publisher.Flux'
2023-07-07T15:12:37.602+05:30 TRACE 10928 --- [           main] o.s.b.a.condition.OnClassCondition       : Condition OnClassCondition on org.springframework.boot.autoconfigure.security.oauth2.resource.servlet.OAuth2ResourceServerAutoConfiguration did not match due to @ConditionalOnClass did not find required class 'org.springframework.security.oauth2.server.resource.authentication.BearerTokenAuthenticationToken'
2023-07-07T15:12:37.602+05:30 TRACE 10928 --- [           main] o.s.b.a.condition.OnClassCondition       : Condition OnClassCondition on org.springframework.boot.autoconfigure.security.oauth2.resource.reactive.ReactiveOAuth2ResourceServerAutoConfiguration did not match due to @ConditionalOnClass did not find required class 'org.springframework.security.config.annotation.web.reactive.EnableWebFluxSecurity'
2023-07-07T15:12:37.602+05:30 TRACE 10928 --- [           main] o.s.b.a.condition.OnClassCondition       : Condition OnClassCondition on org.springframework.boot.autoconfigure.security.oauth2.server.servlet.OAuth2AuthorizationServerAutoConfiguration did not match due to @ConditionalOnClass did not find required class 'org.springframework.security.oauth2.server.authorization.OAuth2Authorization'
2023-07-07T15:12:37.602+05:30 TRACE 10928 --- [           main] o.s.b.a.condition.OnClassCondition       : Condition OnClassCondition on org.springframework.boot.autoconfigure.security.oauth2.server.servlet.OAuth2AuthorizationServerJwtAutoConfiguration did not match due to @ConditionalOnClass did not find required class 'org.springframework.security.oauth2.server.authorization.OAuth2Authorization'
2023-07-07T15:12:37.602+05:30 TRACE 10928 --- [           main] o.s.b.a.condition.OnClassCondition       : Condition OnClassCondition on org.springframework.boot.autoconfigure.thymeleaf.ThymeleafAutoConfiguration did not match due to @ConditionalOnClass did not find required class 'org.thymeleaf.spring6.SpringTemplateEngine'
2023-07-07T15:12:37.603+05:30 TRACE 10928 --- [           main] o.s.b.a.condition.OnClassCondition       : Condition OnClassCondition on org.springframework.boot.autoconfigure.transaction.TransactionAutoConfiguration did not match due to @ConditionalOnClass did not find required class 'org.springframework.transaction.PlatformTransactionManager'
2023-07-07T15:12:37.603+05:30 TRACE 10928 --- [           main] o.s.b.a.condition.OnClassCondition       : Condition OnClassCondition on org.springframework.boot.autoconfigure.transaction.jta.JtaAutoConfiguration did not match due to @ConditionalOnClass did not find required class 'jakarta.transaction.Transaction'
2023-07-07T15:12:37.603+05:30 TRACE 10928 --- [           main] o.s.b.a.condition.OnClassCondition       : Condition OnClassCondition on org.springframework.boot.autoconfigure.validation.ValidationAutoConfiguration did not match due to @ConditionalOnClass did not find required class 'jakarta.validation.executable.ExecutableValidator'
2023-07-07T15:12:37.603+05:30 TRACE 10928 --- [           main] o.s.b.a.condition.OnClassCondition       : Condition OnClassCondition on org.springframework.boot.autoconfigure.web.reactive.HttpHandlerAutoConfiguration did not match due to @ConditionalOnClass did not find required class 'org.springframework.web.reactive.DispatcherHandler'
2023-07-07T15:12:37.603+05:30 TRACE 10928 --- [           main] o.s.b.a.condition.OnClassCondition       : Condition OnClassCondition on org.springframework.boot.autoconfigure.web.reactive.ReactiveMultipartAutoConfiguration did not match due to @ConditionalOnClass did not find required class 'org.springframework.web.reactive.config.WebFluxConfigurer'
2023-07-07T15:12:37.603+05:30 TRACE 10928 --- [           main] o.s.b.a.condition.OnClassCondition       : Condition OnClassCondition on org.springframework.boot.autoconfigure.web.reactive.WebFluxAutoConfiguration did not match due to @ConditionalOnClass did not find required class 'org.springframework.web.reactive.config.WebFluxConfigurer'
2023-07-07T15:12:37.603+05:30 TRACE 10928 --- [           main] o.s.b.a.condition.OnClassCondition       : Condition OnClassCondition on org.springframework.boot.autoconfigure.web.reactive.WebSessionIdResolverAutoConfiguration did not match due to @ConditionalOnClass did not find required class 'reactor.core.publisher.Mono'
2023-07-07T15:12:37.603+05:30 TRACE 10928 --- [           main] o.s.b.a.condition.OnClassCondition       : Condition OnClassCondition on org.springframework.boot.autoconfigure.web.reactive.error.ErrorWebFluxAutoConfiguration did not match due to @ConditionalOnClass did not find required class 'org.springframework.web.reactive.config.WebFluxConfigurer'
2023-07-07T15:12:37.603+05:30 TRACE 10928 --- [           main] o.s.b.a.condition.OnClassCondition       : Condition OnClassCondition on org.springframework.boot.autoconfigure.web.reactive.function.client.ClientHttpConnectorAutoConfiguration did not match due to @ConditionalOnClass did not find required class 'org.springframework.web.reactive.function.client.WebClient'
2023-07-07T15:12:37.603+05:30 TRACE 10928 --- [           main] o.s.b.a.condition.OnClassCondition       : Condition OnClassCondition on org.springframework.boot.autoconfigure.web.reactive.function.client.WebClientAutoConfiguration did not match due to @ConditionalOnClass did not find required class 'org.springframework.web.reactive.function.client.WebClient'
2023-07-07T15:12:37.603+05:30 TRACE 10928 --- [           main] o.s.b.a.condition.OnClassCondition       : Condition OnClassCondition on org.springframework.boot.autoconfigure.websocket.servlet.WebSocketMessagingAutoConfiguration did not match due to @ConditionalOnClass did not find required class 'org.springframework.web.socket.config.annotation.WebSocketMessageBrokerConfigurer'
2023-07-07T15:12:37.603+05:30 TRACE 10928 --- [           main] o.s.b.a.condition.OnClassCondition       : Condition OnClassCondition on org.springframework.boot.autoconfigure.webservices.WebServicesAutoConfiguration did not match due to @ConditionalOnClass did not find required class 'org.springframework.ws.transport.http.MessageDispatcherServlet'
2023-07-07T15:12:37.604+05:30 TRACE 10928 --- [           main] o.s.b.a.condition.OnClassCondition       : Condition OnClassCondition on org.springframework.boot.autoconfigure.webservices.client.WebServiceTemplateAutoConfiguration did not match due to @ConditionalOnClass did not find required class 'org.springframework.oxm.Marshaller'
2023-07-07T15:12:37.604+05:30 TRACE 10928 --- [           main] o.s.b.a.condition.OnClassCondition       : Condition OnClassCondition on org.springframework.boot.actuate.autoconfigure.amqp.RabbitHealthContributorAutoConfiguration did not match due to @ConditionalOnClass did not find required class 'org.springframework.amqp.rabbit.core.RabbitTemplate'
2023-07-07T15:12:37.604+05:30 TRACE 10928 --- [           main] o.s.b.a.condition.OnClassCondition       : Condition OnClassCondition on org.springframework.boot.actuate.autoconfigure.cassandra.CassandraHealthContributorAutoConfiguration did not match due to @ConditionalOnClass did not find required class 'com.datastax.oss.driver.api.core.CqlSession'
2023-07-07T15:12:37.604+05:30 TRACE 10928 --- [           main] o.s.b.a.condition.OnClassCondition       : Condition OnClassCondition on org.springframework.boot.actuate.autoconfigure.cassandra.CassandraReactiveHealthContributorAutoConfiguration did not match due to @ConditionalOnClass did not find required class 'com.datastax.oss.driver.api.core.CqlSession'
2023-07-07T15:12:37.604+05:30 TRACE 10928 --- [           main] o.s.b.a.condition.OnClassCondition       : Condition OnClassCondition on org.springframework.boot.actuate.autoconfigure.couchbase.CouchbaseHealthContributorAutoConfiguration did not match due to @ConditionalOnClass did not find required class 'com.couchbase.client.java.Cluster'
2023-07-07T15:12:37.604+05:30 TRACE 10928 --- [           main] o.s.b.a.condition.OnClassCondition       : Condition OnClassCondition on org.springframework.boot.actuate.autoconfigure.couchbase.CouchbaseReactiveHealthContributorAutoConfiguration did not match due to @ConditionalOnClass did not find required class 'com.couchbase.client.java.Cluster'
2023-07-07T15:12:37.604+05:30 TRACE 10928 --- [           main] o.s.b.a.condition.OnClassCondition       : Condition OnClassCondition on org.springframework.boot.actuate.autoconfigure.data.elasticsearch.ElasticsearchReactiveHealthContributorAutoConfiguration did not match due to @ConditionalOnClass did not find required class 'reactor.core.publisher.Flux'
2023-07-07T15:12:37.604+05:30 TRACE 10928 --- [           main] o.s.b.a.condition.OnClassCondition       : Condition OnClassCondition on org.springframework.boot.actuate.autoconfigure.elasticsearch.ElasticsearchRestHealthContributorAutoConfiguration did not match due to @ConditionalOnClass did not find required class 'org.elasticsearch.client.RestClient'
2023-07-07T15:12:37.604+05:30 TRACE 10928 --- [           main] o.s.b.a.condition.OnClassCondition       : Condition OnClassCondition on org.springframework.boot.actuate.autoconfigure.flyway.FlywayEndpointAutoConfiguration did not match due to @ConditionalOnClass did not find required class 'org.flywaydb.core.Flyway'
2023-07-07T15:12:37.604+05:30 TRACE 10928 --- [           main] o.s.b.a.condition.OnClassCondition       : Condition OnClassCondition on org.springframework.boot.actuate.autoconfigure.hazelcast.HazelcastHealthContributorAutoConfiguration did not match due to @ConditionalOnClass did not find required class 'com.hazelcast.core.HazelcastInstance'
2023-07-07T15:12:37.604+05:30 TRACE 10928 --- [           main] o.s.b.a.condition.OnClassCondition       : Condition OnClassCondition on org.springframework.boot.actuate.autoconfigure.influx.InfluxDbHealthContributorAutoConfiguration did not match due to @ConditionalOnClass did not find required class 'org.influxdb.InfluxDB'
2023-07-07T15:12:37.604+05:30 TRACE 10928 --- [           main] o.s.b.a.condition.OnClassCondition       : Condition OnClassCondition on org.springframework.boot.actuate.autoconfigure.integration.IntegrationGraphEndpointAutoConfiguration did not match due to @ConditionalOnClass did not find required class 'org.springframework.integration.graph.IntegrationGraphServer'
2023-07-07T15:12:37.605+05:30 TRACE 10928 --- [           main] o.s.b.a.condition.OnClassCondition       : Condition OnClassCondition on org.springframework.boot.actuate.autoconfigure.jdbc.DataSourceHealthContributorAutoConfiguration did not match due to @ConditionalOnClass did not find required class 'org.springframework.jdbc.core.JdbcTemplate'
2023-07-07T15:12:37.605+05:30 TRACE 10928 --- [           main] o.s.b.a.condition.OnClassCondition       : Condition OnClassCondition on org.springframework.boot.actuate.autoconfigure.jms.JmsHealthContributorAutoConfiguration did not match due to @ConditionalOnClass did not find required class 'jakarta.jms.ConnectionFactory'
2023-07-07T15:12:37.605+05:30 TRACE 10928 --- [           main] o.s.b.a.condition.OnClassCondition       : Condition OnClassCondition on org.springframework.boot.actuate.autoconfigure.ldap.LdapHealthContributorAutoConfiguration did not match due to @ConditionalOnClass did not find required class 'org.springframework.ldap.core.LdapOperations'
2023-07-07T15:12:37.605+05:30 TRACE 10928 --- [           main] o.s.b.a.condition.OnClassCondition       : Condition OnClassCondition on org.springframework.boot.actuate.autoconfigure.liquibase.LiquibaseEndpointAutoConfiguration did not match due to @ConditionalOnClass did not find required class 'liquibase.integration.spring.SpringLiquibase'
2023-07-07T15:12:37.605+05:30 TRACE 10928 --- [           main] o.s.b.a.condition.OnClassCondition       : Condition OnClassCondition on org.springframework.boot.actuate.autoconfigure.mail.MailHealthContributorAutoConfiguration did not match due to @ConditionalOnClass did not find required class 'org.springframework.mail.javamail.JavaMailSenderImpl'
2023-07-07T15:12:37.605+05:30 TRACE 10928 --- [           main] o.s.b.a.condition.OnClassCondition       : Condition OnClassCondition on org.springframework.boot.actuate.autoconfigure.metrics.KafkaMetricsAutoConfiguration did not match due to @ConditionalOnClass did not find required class 'org.springframework.kafka.core.ProducerFactory'
2023-07-07T15:12:37.605+05:30 TRACE 10928 --- [           main] o.s.b.a.condition.OnClassCondition       : Condition OnClassCondition on org.springframework.boot.actuate.autoconfigure.metrics.Log4J2MetricsAutoConfiguration did not match due to @ConditionalOnClass did not find required class 'org.apache.logging.log4j.core.LoggerContext'
2023-07-07T15:12:37.607+05:30 TRACE 10928 --- [           main] o.s.b.a.condition.OnClassCondition       : Condition OnClassCondition on org.springframework.boot.actuate.autoconfigure.metrics.amqp.RabbitMetricsAutoConfiguration did not match due to @ConditionalOnClass did not find required class 'com.rabbitmq.client.ConnectionFactory'
2023-07-07T15:12:37.607+05:30 TRACE 10928 --- [           main] o.s.b.a.condition.OnClassCondition       : Condition OnClassCondition on org.springframework.boot.actuate.autoconfigure.metrics.data.RepositoryMetricsAutoConfiguration did not match due to @ConditionalOnClass did not find required class 'org.springframework.data.repository.Repository'
2023-07-07T15:12:37.607+05:30 TRACE 10928 --- [           main] o.s.b.a.condition.OnClassCondition       : Condition OnClassCondition on org.springframework.boot.actuate.autoconfigure.metrics.export.appoptics.AppOpticsMetricsExportAutoConfiguration did not match due to @ConditionalOnClass did not find required class 'io.micrometer.appoptics.AppOpticsMeterRegistry'
2023-07-07T15:12:37.607+05:30 TRACE 10928 --- [           main] o.s.b.a.condition.OnClassCondition       : Condition OnClassCondition on org.springframework.boot.actuate.autoconfigure.metrics.export.atlas.AtlasMetricsExportAutoConfiguration did not match due to @ConditionalOnClass did not find required class 'io.micrometer.atlas.AtlasMeterRegistry'
2023-07-07T15:12:37.607+05:30 TRACE 10928 --- [           main] o.s.b.a.condition.OnClassCondition       : Condition OnClassCondition on org.springframework.boot.actuate.autoconfigure.metrics.export.datadog.DatadogMetricsExportAutoConfiguration did not match due to @ConditionalOnClass did not find required class 'io.micrometer.datadog.DatadogMeterRegistry'
2023-07-07T15:12:37.607+05:30 TRACE 10928 --- [           main] o.s.b.a.condition.OnClassCondition       : Condition OnClassCondition on org.springframework.boot.actuate.autoconfigure.metrics.export.dynatrace.DynatraceMetricsExportAutoConfiguration did not match due to @ConditionalOnClass did not find required class 'io.micrometer.dynatrace.DynatraceMeterRegistry'
2023-07-07T15:12:37.607+05:30 TRACE 10928 --- [           main] o.s.b.a.condition.OnClassCondition       : Condition OnClassCondition on org.springframework.boot.actuate.autoconfigure.metrics.export.elastic.ElasticMetricsExportAutoConfiguration did not match due to @ConditionalOnClass did not find required class 'io.micrometer.elastic.ElasticMeterRegistry'
2023-07-07T15:12:37.607+05:30 TRACE 10928 --- [           main] o.s.b.a.condition.OnClassCondition       : Condition OnClassCondition on org.springframework.boot.actuate.autoconfigure.metrics.export.ganglia.GangliaMetricsExportAutoConfiguration did not match due to @ConditionalOnClass did not find required class 'io.micrometer.ganglia.GangliaMeterRegistry'
2023-07-07T15:12:37.607+05:30 TRACE 10928 --- [           main] o.s.b.a.condition.OnClassCondition       : Condition OnClassCondition on org.springframework.boot.actuate.autoconfigure.metrics.export.graphite.GraphiteMetricsExportAutoConfiguration did not match due to @ConditionalOnClass did not find required class 'io.micrometer.graphite.GraphiteMeterRegistry'
2023-07-07T15:12:37.608+05:30 TRACE 10928 --- [           main] o.s.b.a.condition.OnClassCondition       : Condition OnClassCondition on org.springframework.boot.actuate.autoconfigure.metrics.export.humio.HumioMetricsExportAutoConfiguration did not match due to @ConditionalOnClass did not find required class 'io.micrometer.humio.HumioMeterRegistry'
2023-07-07T15:12:37.608+05:30 TRACE 10928 --- [           main] o.s.b.a.condition.OnClassCondition       : Condition OnClassCondition on org.springframework.boot.actuate.autoconfigure.metrics.export.influx.InfluxMetricsExportAutoConfiguration did not match due to @ConditionalOnClass did not find required class 'io.micrometer.influx.InfluxMeterRegistry'
2023-07-07T15:12:37.608+05:30 TRACE 10928 --- [           main] o.s.b.a.condition.OnClassCondition       : Condition OnClassCondition on org.springframework.boot.actuate.autoconfigure.metrics.export.jmx.JmxMetricsExportAutoConfiguration did not match due to @ConditionalOnClass did not find required class 'io.micrometer.jmx.JmxMeterRegistry'
2023-07-07T15:12:37.608+05:30 TRACE 10928 --- [           main] o.s.b.a.condition.OnClassCondition       : Condition OnClassCondition on org.springframework.boot.actuate.autoconfigure.metrics.export.kairos.KairosMetricsExportAutoConfiguration did not match due to @ConditionalOnClass did not find required class 'io.micrometer.kairos.KairosMeterRegistry'
2023-07-07T15:12:37.608+05:30 TRACE 10928 --- [           main] o.s.b.a.condition.OnClassCondition       : Condition OnClassCondition on org.springframework.boot.actuate.autoconfigure.metrics.export.newrelic.NewRelicMetricsExportAutoConfiguration did not match due to @ConditionalOnClass did not find required class 'io.micrometer.newrelic.NewRelicMeterRegistry'
2023-07-07T15:12:37.608+05:30 TRACE 10928 --- [           main] o.s.b.a.condition.OnClassCondition       : Condition OnClassCondition on org.springframework.boot.actuate.autoconfigure.metrics.export.otlp.OtlpMetricsExportAutoConfiguration did not match due to @ConditionalOnClass did not find required class 'io.micrometer.registry.otlp.OtlpMeterRegistry'
2023-07-07T15:12:37.608+05:30 TRACE 10928 --- [           main] o.s.b.a.condition.OnClassCondition       : Condition OnClassCondition on org.springframework.boot.actuate.autoconfigure.metrics.export.prometheus.PrometheusMetricsExportAutoConfiguration did not match due to @ConditionalOnClass did not find required class 'io.micrometer.prometheus.PrometheusMeterRegistry'
2023-07-07T15:12:37.608+05:30 TRACE 10928 --- [           main] o.s.b.a.condition.OnClassCondition       : Condition OnClassCondition on org.springframework.boot.actuate.autoconfigure.metrics.export.signalfx.SignalFxMetricsExportAutoConfiguration did not match due to @ConditionalOnClass did not find required class 'io.micrometer.signalfx.SignalFxMeterRegistry'
2023-07-07T15:12:37.608+05:30 TRACE 10928 --- [           main] o.s.b.a.condition.OnClassCondition       : Condition OnClassCondition on org.springframework.boot.actuate.autoconfigure.metrics.export.stackdriver.StackdriverMetricsExportAutoConfiguration did not match due to @ConditionalOnClass did not find required class 'io.micrometer.stackdriver.StackdriverMeterRegistry'
2023-07-07T15:12:37.609+05:30 TRACE 10928 --- [           main] o.s.b.a.condition.OnClassCondition       : Condition OnClassCondition on org.springframework.boot.actuate.autoconfigure.metrics.export.statsd.StatsdMetricsExportAutoConfiguration did not match due to @ConditionalOnClass did not find required class 'io.micrometer.statsd.StatsdMeterRegistry'
2023-07-07T15:12:37.609+05:30 TRACE 10928 --- [           main] o.s.b.a.condition.OnClassCondition       : Condition OnClassCondition on org.springframework.boot.actuate.autoconfigure.metrics.export.wavefront.WavefrontMetricsExportAutoConfiguration did not match due to @ConditionalOnClass did not find required class 'com.wavefront.sdk.common.WavefrontSender'
2023-07-07T15:12:37.609+05:30 TRACE 10928 --- [           main] o.s.b.a.condition.OnClassCondition       : Condition OnClassCondition on org.springframework.boot.actuate.autoconfigure.observation.batch.BatchObservationAutoConfiguration did not match due to @ConditionalOnClass did not find required class 'org.springframework.batch.core.configuration.annotation.BatchObservabilityBeanPostProcessor'
2023-07-07T15:12:37.609+05:30 TRACE 10928 --- [           main] o.s.b.a.condition.OnClassCondition       : Condition OnClassCondition on org.springframework.boot.actuate.autoconfigure.observation.graphql.GraphQlObservationAutoConfiguration did not match due to @ConditionalOnClass did not find required class 'graphql.GraphQL'
2023-07-07T15:12:37.609+05:30 TRACE 10928 --- [           main] o.s.b.a.condition.OnClassCondition       : Condition OnClassCondition on org.springframework.boot.actuate.autoconfigure.metrics.jersey.JerseyServerMetricsAutoConfiguration did not match due to @ConditionalOnClass did not find required class 'io.micrometer.core.instrument.binder.jersey.server.MetricsApplicationEventListener'
2023-07-07T15:12:37.609+05:30 TRACE 10928 --- [           main] o.s.b.a.condition.OnClassCondition       : Condition OnClassCondition on org.springframework.boot.actuate.autoconfigure.metrics.mongo.MongoMetricsAutoConfiguration did not match due to @ConditionalOnClass did not find required class 'com.mongodb.MongoClientSettings'
2023-07-07T15:12:37.609+05:30 TRACE 10928 --- [           main] o.s.b.a.condition.OnClassCondition       : Condition OnClassCondition on org.springframework.boot.actuate.autoconfigure.metrics.orm.jpa.HibernateMetricsAutoConfiguration did not match due to @ConditionalOnClass did not find required class 'jakarta.persistence.EntityManagerFactory'
2023-07-07T15:12:37.609+05:30 TRACE 10928 --- [           main] o.s.b.a.condition.OnClassCondition       : Condition OnClassCondition on org.springframework.boot.actuate.autoconfigure.metrics.r2dbc.ConnectionPoolMetricsAutoConfiguration did not match due to @ConditionalOnClass did not find required class 'io.r2dbc.pool.ConnectionPool'
2023-07-07T15:12:37.611+05:30 TRACE 10928 --- [           main] o.s.b.a.condition.OnClassCondition       : Condition OnClassCondition on org.springframework.boot.actuate.autoconfigure.metrics.redis.LettuceMetricsAutoConfiguration did not match due to @ConditionalOnClass did not find required class 'io.lettuce.core.metrics.MicrometerCommandLatencyRecorder'
2023-07-07T15:12:37.611+05:30 TRACE 10928 --- [           main] o.s.b.a.condition.OnClassCondition       : Condition OnClassCondition on org.springframework.boot.actuate.autoconfigure.metrics.web.jetty.JettyMetricsAutoConfiguration did not match due to @ConditionalOnClass did not find required class 'org.eclipse.jetty.server.Server'
2023-07-07T15:12:37.611+05:30 TRACE 10928 --- [           main] o.s.b.a.condition.OnClassCondition       : Condition OnClassCondition on org.springframework.boot.actuate.autoconfigure.data.mongo.MongoHealthContributorAutoConfiguration did not match due to @ConditionalOnClass did not find required class 'org.springframework.data.mongodb.core.MongoTemplate'
2023-07-07T15:12:37.611+05:30 TRACE 10928 --- [           main] o.s.b.a.condition.OnClassCondition       : Condition OnClassCondition on org.springframework.boot.actuate.autoconfigure.data.mongo.MongoReactiveHealthContributorAutoConfiguration did not match due to @ConditionalOnClass did not find required class 'reactor.core.publisher.Flux'
2023-07-07T15:12:37.611+05:30 TRACE 10928 --- [           main] o.s.b.a.condition.OnClassCondition       : Condition OnClassCondition on org.springframework.boot.actuate.autoconfigure.neo4j.Neo4jHealthContributorAutoConfiguration did not match due to @ConditionalOnClass did not find required class 'org.neo4j.driver.Driver'
2023-07-07T15:12:37.611+05:30 TRACE 10928 --- [           main] o.s.b.a.condition.OnClassCondition       : Condition OnClassCondition on org.springframework.boot.actuate.autoconfigure.quartz.QuartzEndpointAutoConfiguration did not match due to @ConditionalOnClass did not find required class 'org.quartz.Scheduler'
2023-07-07T15:12:37.612+05:30 TRACE 10928 --- [           main] o.s.b.a.condition.OnClassCondition       : Condition OnClassCondition on org.springframework.boot.actuate.autoconfigure.r2dbc.ConnectionFactoryHealthContributorAutoConfiguration did not match due to @ConditionalOnClass did not find required class 'io.r2dbc.spi.ConnectionFactory'
2023-07-07T15:12:37.612+05:30 TRACE 10928 --- [           main] o.s.b.a.condition.OnClassCondition       : Condition OnClassCondition on org.springframework.boot.actuate.autoconfigure.data.redis.RedisHealthContributorAutoConfiguration did not match due to @ConditionalOnClass did not find required class 'org.springframework.data.redis.connection.RedisConnectionFactory'
2023-07-07T15:12:37.612+05:30 TRACE 10928 --- [           main] o.s.b.a.condition.OnClassCondition       : Condition OnClassCondition on org.springframework.boot.actuate.autoconfigure.data.redis.RedisReactiveHealthContributorAutoConfiguration did not match due to @ConditionalOnClass did not find required class 'reactor.core.publisher.Flux'
2023-07-07T15:12:37.612+05:30 TRACE 10928 --- [           main] o.s.b.a.condition.OnClassCondition       : Condition OnClassCondition on org.springframework.boot.actuate.autoconfigure.security.reactive.ReactiveManagementWebSecurityAutoConfiguration did not match due to @ConditionalOnClass did not find required class 'org.springframework.security.config.annotation.web.reactive.EnableWebFluxSecurity'
2023-07-07T15:12:37.612+05:30 TRACE 10928 --- [           main] o.s.b.a.condition.OnClassCondition       : Condition OnClassCondition on org.springframework.boot.actuate.autoconfigure.session.SessionsEndpointAutoConfiguration did not match due to @ConditionalOnClass did not find required class 'org.springframework.session.FindByIndexNameSessionRepository'
2023-07-07T15:12:37.612+05:30 TRACE 10928 --- [           main] o.s.b.a.condition.OnClassCondition       : Condition OnClassCondition on org.springframework.boot.actuate.autoconfigure.tracing.BraveAutoConfiguration did not match due to @ConditionalOnClass did not find required class 'brave.Tracer'
2023-07-07T15:12:37.612+05:30 TRACE 10928 --- [           main] o.s.b.a.condition.OnClassCondition       : Condition OnClassCondition on org.springframework.boot.actuate.autoconfigure.tracing.MicrometerTracingAutoConfiguration did not match due to @ConditionalOnClass did not find required class 'io.micrometer.tracing.Tracer'
2023-07-07T15:12:37.612+05:30 TRACE 10928 --- [           main] o.s.b.a.condition.OnClassCondition       : Condition OnClassCondition on org.springframework.boot.actuate.autoconfigure.tracing.OpenTelemetryAutoConfiguration did not match due to @ConditionalOnClass did not find required class 'io.micrometer.tracing.otel.bridge.OtelTracer'
2023-07-07T15:12:37.612+05:30 TRACE 10928 --- [           main] o.s.b.a.condition.OnClassCondition       : Condition OnClassCondition on org.springframework.boot.actuate.autoconfigure.tracing.otlp.OtlpAutoConfiguration did not match due to @ConditionalOnClass did not find required class 'io.micrometer.tracing.otel.bridge.OtelTracer'
2023-07-07T15:12:37.613+05:30 TRACE 10928 --- [           main] o.s.b.a.condition.OnClassCondition       : Condition OnClassCondition on org.springframework.boot.actuate.autoconfigure.tracing.prometheus.PrometheusExemplarsAutoConfiguration did not match due to @ConditionalOnClass did not find required class 'io.micrometer.tracing.Tracer'
2023-07-07T15:12:37.614+05:30 TRACE 10928 --- [           main] o.s.b.a.condition.OnClassCondition       : Condition OnClassCondition on org.springframework.boot.actuate.autoconfigure.tracing.wavefront.WavefrontTracingAutoConfiguration did not match due to @ConditionalOnClass did not find required class 'com.wavefront.sdk.common.WavefrontSender'
2023-07-07T15:12:37.614+05:30 TRACE 10928 --- [           main] o.s.b.a.condition.OnClassCondition       : Condition OnClassCondition on org.springframework.boot.actuate.autoconfigure.tracing.zipkin.ZipkinAutoConfiguration did not match due to @ConditionalOnClass did not find required class 'zipkin2.reporter.Sender'
2023-07-07T15:12:37.614+05:30 TRACE 10928 --- [           main] o.s.b.a.condition.OnClassCondition       : Condition OnClassCondition on org.springframework.boot.actuate.autoconfigure.wavefront.WavefrontAutoConfiguration did not match due to @ConditionalOnClass did not find required class 'com.wavefront.sdk.common.application.ApplicationTags'
2023-07-07T15:12:37.614+05:30 TRACE 10928 --- [           main] o.s.b.a.condition.OnClassCondition       : Condition OnClassCondition on org.springframework.boot.actuate.autoconfigure.web.reactive.ReactiveManagementContextAutoConfiguration did not match due to @ConditionalOnClass did not find required class 'reactor.core.publisher.Flux'
2023-07-07T15:12:37.614+05:30 TRACE 10928 --- [           main] o.s.b.f.s.DefaultListableBeanFactory     : Returning cached instance of singleton bean 'autoConfigurationReport'
2023-07-07T15:12:37.622+05:30 TRACE 10928 --- [           main] o.s.b.a.c.OnWebApplicationCondition      : Condition OnWebApplicationCondition on org.springframework.boot.autoconfigure.web.reactive.ReactiveWebServerFactoryAutoConfiguration did not match due to @ConditionalOnWebApplication did not find reactive web application classes
2023-07-07T15:12:37.622+05:30 TRACE 10928 --- [           main] o.s.b.a.c.OnWebApplicationCondition      : Condition OnWebApplicationCondition on org.springframework.boot.autoconfigure.websocket.reactive.WebSocketReactiveAutoConfiguration did not match due to @ConditionalOnWebApplication did not find reactive web application classes
2023-07-07T15:12:37.622+05:30 TRACE 10928 --- [           main] o.s.b.a.c.OnWebApplicationCondition      : Condition OnWebApplicationCondition on org.springframework.boot.actuate.autoconfigure.cloudfoundry.reactive.ReactiveCloudFoundryActuatorAutoConfiguration did not match due to @ConditionalOnWebApplication did not find reactive web application classes
2023-07-07T15:12:37.623+05:30 TRACE 10928 --- [           main] o.s.b.a.c.OnWebApplicationCondition      : Condition OnWebApplicationCondition on org.springframework.boot.actuate.autoconfigure.observation.web.reactive.WebFluxObservationAutoConfiguration did not match due to @ConditionalOnWebApplication did not find reactive web application classes
2023-07-07T15:12:37.623+05:30 TRACE 10928 --- [           main] o.s.b.f.s.DefaultListableBeanFactory     : Returning cached instance of singleton bean 'autoConfigurationReport'
2023-07-07T15:12:37.630+05:30 TRACE 10928 --- [           main] o.s.b.a.condition.OnBeanCondition        : Condition OnBeanCondition on org.springframework.boot.autoconfigure.mail.MailSenderValidatorAutoConfiguration did not match due to @ConditionalOnSingleCandidate did not find required type 'org.springframework.mail.javamail.JavaMailSenderImpl'
2023-07-07T15:12:37.636+05:30 TRACE 10928 --- [           main] o.s.b.a.AutoConfigurationImportSelector  : Filtered 188 auto configuration class in 89 ms
2023-07-07T15:12:37.637+05:30 TRACE 10928 --- [           main] o.s.c.io.support.SpringFactoriesLoader   : Loaded [org.springframework.boot.autoconfigure.AutoConfigurationImportListener] names: [org.springframework.boot.autoconfigure.condition.ConditionEvaluationReportAutoConfigurationImportListener]
2023-07-07T15:12:37.638+05:30 TRACE 10928 --- [           main] o.s.b.f.s.DefaultListableBeanFactory     : Returning cached instance of singleton bean 'autoConfigurationReport'
2023-07-07T15:12:37.648+05:30 TRACE 10928 --- [           main] o.s.b.f.s.DefaultListableBeanFactory     : Returning cached instance of singleton bean 'org.springframework.boot.autoconfigure.internalCachingMetadataReaderFactory'
2023-07-07T15:12:37.659+05:30 TRACE 10928 --- [           main] o.s.b.f.s.DefaultListableBeanFactory     : Returning cached instance of singleton bean 'autoConfigurationReport'
2023-07-07T15:12:37.660+05:30 TRACE 10928 --- [           main] o.s.b.f.s.DefaultListableBeanFactory     : Returning cached instance of singleton bean 'autoConfigurationReport'
2023-07-07T15:12:37.660+05:30 TRACE 10928 --- [           main] o.s.b.f.s.DefaultListableBeanFactory     : Returning cached instance of singleton bean 'autoConfigurationReport'
2023-07-07T15:12:37.660+05:30 TRACE 10928 --- [           main] o.s.b.f.s.DefaultListableBeanFactory     : Returning cached instance of singleton bean 'autoConfigurationReport'
2023-07-07T15:12:37.660+05:30 TRACE 10928 --- [           main] o.s.b.f.s.DefaultListableBeanFactory     : Returning cached instance of singleton bean 'autoConfigurationReport'
2023-07-07T15:12:37.660+05:30 TRACE 10928 --- [           main] o.s.b.f.s.DefaultListableBeanFactory     : Returning cached instance of singleton bean 'autoConfigurationReport'
2023-07-07T15:12:37.677+05:30 TRACE 10928 --- [           main] .i.s.PathMatchingResourcePatternResolver : Resolved module-path location pattern [messages.properties] to resources []
2023-07-07T15:12:37.678+05:30 TRACE 10928 --- [           main] .i.s.PathMatchingResourcePatternResolver : Resolved classpath location [messages.properties] to resources []
2023-07-07T15:12:37.678+05:30 TRACE 10928 --- [           main] utoConfiguration$ResourceBundleCondition : Condition MessageSourceAutoConfiguration.ResourceBundleCondition on org.springframework.boot.autoconfigure.context.MessageSourceAutoConfiguration did not match due to ResourceBundle did not find bundle with basename messages
2023-07-07T15:12:37.678+05:30 TRACE 10928 --- [           main] o.s.b.f.s.DefaultListableBeanFactory     : Returning cached instance of singleton bean 'autoConfigurationReport'
2023-07-07T15:12:37.678+05:30 TRACE 10928 --- [           main] o.s.b.f.s.DefaultListableBeanFactory     : Returning cached instance of singleton bean 'autoConfigurationReport'
2023-07-07T15:12:37.679+05:30 TRACE 10928 --- [           main] o.s.b.f.s.DefaultListableBeanFactory     : Returning cached instance of singleton bean 'autoConfigurationReport'
2023-07-07T15:12:37.679+05:30 TRACE 10928 --- [           main] o.s.b.f.s.DefaultListableBeanFactory     : Returning cached instance of singleton bean 'autoConfigurationReport'
2023-07-07T15:12:37.679+05:30 TRACE 10928 --- [           main] o.s.b.f.s.DefaultListableBeanFactory     : Returning cached instance of singleton bean 'autoConfigurationReport'
2023-07-07T15:12:37.679+05:30 TRACE 10928 --- [           main] o.s.b.f.s.DefaultListableBeanFactory     : Returning cached instance of singleton bean 'autoConfigurationReport'
2023-07-07T15:12:37.679+05:30 TRACE 10928 --- [           main] o.s.b.f.s.DefaultListableBeanFactory     : Returning cached instance of singleton bean 'autoConfigurationReport'
2023-07-07T15:12:37.680+05:30 TRACE 10928 --- [           main] o.s.b.f.s.DefaultListableBeanFactory     : Returning cached instance of singleton bean 'autoConfigurationReport'
2023-07-07T15:12:37.680+05:30 TRACE 10928 --- [           main] o.s.b.f.s.DefaultListableBeanFactory     : Returning cached instance of singleton bean 'autoConfigurationReport'
2023-07-07T15:12:37.680+05:30 TRACE 10928 --- [           main] o.s.b.f.s.DefaultListableBeanFactory     : Returning cached instance of singleton bean 'autoConfigurationReport'
2023-07-07T15:12:37.686+05:30 TRACE 10928 --- [           main] o.s.b.f.s.DefaultListableBeanFactory     : Returning cached instance of singleton bean 'autoConfigurationReport'
2023-07-07T15:12:37.686+05:30 TRACE 10928 --- [           main] o.s.b.f.s.DefaultListableBeanFactory     : Returning cached instance of singleton bean 'autoConfigurationReport'
2023-07-07T15:12:37.686+05:30 TRACE 10928 --- [           main] o.s.b.f.s.DefaultListableBeanFactory     : Returning cached instance of singleton bean 'autoConfigurationReport'
2023-07-07T15:12:37.686+05:30 TRACE 10928 --- [           main] o.s.b.f.s.DefaultListableBeanFactory     : Returning cached instance of singleton bean 'autoConfigurationReport'
2023-07-07T15:12:37.686+05:30 TRACE 10928 --- [           main] o.s.b.f.s.DefaultListableBeanFactory     : Returning cached instance of singleton bean 'autoConfigurationReport'
2023-07-07T15:12:37.686+05:30 TRACE 10928 --- [           main] o.s.b.f.s.DefaultListableBeanFactory     : Returning cached instance of singleton bean 'autoConfigurationReport'
2023-07-07T15:12:37.687+05:30 TRACE 10928 --- [           main] o.s.b.f.s.DefaultListableBeanFactory     : Returning cached instance of singleton bean 'autoConfigurationReport'
2023-07-07T15:12:37.687+05:30 TRACE 10928 --- [           main] o.s.b.f.s.DefaultListableBeanFactory     : Returning cached instance of singleton bean 'autoConfigurationReport'
2023-07-07T15:12:37.688+05:30 TRACE 10928 --- [           main] o.s.b.f.s.DefaultListableBeanFactory     : Returning cached instance of singleton bean 'autoConfigurationReport'
2023-07-07T15:12:37.691+05:30 TRACE 10928 --- [           main] o.s.b.f.s.DefaultListableBeanFactory     : Returning cached instance of singleton bean 'autoConfigurationReport'
2023-07-07T15:12:37.691+05:30 TRACE 10928 --- [           main] o.s.b.f.s.DefaultListableBeanFactory     : Returning cached instance of singleton bean 'autoConfigurationReport'
2023-07-07T15:12:37.691+05:30 TRACE 10928 --- [           main] o.s.b.f.s.DefaultListableBeanFactory     : Returning cached instance of singleton bean 'autoConfigurationReport'
2023-07-07T15:12:37.691+05:30 TRACE 10928 --- [           main] o.s.b.f.s.DefaultListableBeanFactory     : Returning cached instance of singleton bean 'autoConfigurationReport'
2023-07-07T15:12:37.691+05:30 TRACE 10928 --- [           main] o.s.b.f.s.DefaultListableBeanFactory     : Returning cached instance of singleton bean 'autoConfigurationReport'
2023-07-07T15:12:37.691+05:30 TRACE 10928 --- [           main] o.s.b.f.s.DefaultListableBeanFactory     : Returning cached instance of singleton bean 'autoConfigurationReport'
2023-07-07T15:12:37.694+05:30 TRACE 10928 --- [           main] o.s.b.a.condition.OnClassCondition       : Condition OnClassCondition on org.springframework.boot.autoconfigure.websocket.servlet.WebSocketServletAutoConfiguration matched due to @ConditionalOnClass found required classes 'jakarta.servlet.Servlet', 'jakarta.websocket.server.ServerContainer'
2023-07-07T15:12:37.694+05:30 TRACE 10928 --- [           main] o.s.b.f.s.DefaultListableBeanFactory     : Returning cached instance of singleton bean 'autoConfigurationReport'
2023-07-07T15:12:37.695+05:30 TRACE 10928 --- [           main] o.s.b.a.c.OnWebApplicationCondition      : Condition OnWebApplicationCondition on org.springframework.boot.autoconfigure.websocket.servlet.WebSocketServletAutoConfiguration matched due to found 'session' scope
2023-07-07T15:12:37.695+05:30 TRACE 10928 --- [           main] o.s.b.f.s.DefaultListableBeanFactory     : Returning cached instance of singleton bean 'autoConfigurationReport'
2023-07-07T15:12:37.695+05:30 TRACE 10928 --- [           main] o.s.b.f.s.DefaultListableBeanFactory     : Returning cached instance of singleton bean 'autoConfigurationReport'
2023-07-07T15:12:37.695+05:30 TRACE 10928 --- [           main] o.s.b.f.s.DefaultListableBeanFactory     : Returning cached instance of singleton bean 'autoConfigurationReport'
2023-07-07T15:12:37.695+05:30 TRACE 10928 --- [           main] o.s.b.f.s.DefaultListableBeanFactory     : Returning cached instance of singleton bean 'autoConfigurationReport'
2023-07-07T15:12:37.699+05:30 TRACE 10928 --- [           main] o.s.b.a.condition.OnClassCondition       : Condition OnClassCondition on org.springframework.boot.autoconfigure.websocket.servlet.WebSocketServletAutoConfiguration$UndertowWebSocketConfiguration did not match due to @ConditionalOnClass did not find required class 'io.undertow.websockets.jsr.Bootstrap'
2023-07-07T15:12:37.699+05:30 TRACE 10928 --- [           main] o.s.b.f.s.DefaultListableBeanFactory     : Returning cached instance of singleton bean 'autoConfigurationReport'
2023-07-07T15:12:37.700+05:30 TRACE 10928 --- [           main] o.s.b.a.condition.OnClassCondition       : Condition OnClassCondition on org.springframework.boot.autoconfigure.websocket.servlet.WebSocketServletAutoConfiguration$JettyWebSocketConfiguration did not match due to @ConditionalOnClass did not find required class 'org.eclipse.jetty.websocket.jakarta.server.config.JakartaWebSocketServletContainerInitializer'
2023-07-07T15:12:37.700+05:30 TRACE 10928 --- [           main] o.s.b.f.s.DefaultListableBeanFactory     : Returning cached instance of singleton bean 'autoConfigurationReport'
2023-07-07T15:12:37.705+05:30 TRACE 10928 --- [           main] o.s.b.a.condition.OnClassCondition       : Condition OnClassCondition on org.springframework.boot.autoconfigure.websocket.servlet.WebSocketServletAutoConfiguration$TomcatWebSocketConfiguration matched due to @ConditionalOnClass found required classes 'org.apache.catalina.startup.Tomcat', 'org.apache.tomcat.websocket.server.WsSci'
2023-07-07T15:12:37.705+05:30 TRACE 10928 --- [           main] o.s.b.f.s.DefaultListableBeanFactory     : Returning cached instance of singleton bean 'autoConfigurationReport'
2023-07-07T15:12:37.705+05:30 TRACE 10928 --- [           main] o.s.b.f.s.DefaultListableBeanFactory     : Returning cached instance of singleton bean 'autoConfigurationReport'
2023-07-07T15:12:37.706+05:30 TRACE 10928 --- [           main] o.s.b.f.s.DefaultListableBeanFactory     : Returning cached instance of singleton bean 'autoConfigurationReport'
2023-07-07T15:12:37.706+05:30 TRACE 10928 --- [           main] o.s.b.f.s.DefaultListableBeanFactory     : Returning cached instance of singleton bean 'autoConfigurationReport'
2023-07-07T15:12:37.711+05:30 TRACE 10928 --- [           main] o.s.b.f.s.DefaultListableBeanFactory     : Returning cached instance of singleton bean 'autoConfigurationReport'
2023-07-07T15:12:37.711+05:30 TRACE 10928 --- [           main] o.s.b.f.s.DefaultListableBeanFactory     : Returning cached instance of singleton bean 'autoConfigurationReport'
2023-07-07T15:12:37.711+05:30 TRACE 10928 --- [           main] o.s.b.f.s.DefaultListableBeanFactory     : Returning cached instance of singleton bean 'autoConfigurationReport'
2023-07-07T15:12:37.711+05:30 TRACE 10928 --- [           main] o.s.b.f.s.DefaultListableBeanFactory     : Returning cached instance of singleton bean 'autoConfigurationReport'
2023-07-07T15:12:37.711+05:30 TRACE 10928 --- [           main] o.s.b.f.s.DefaultListableBeanFactory     : Returning cached instance of singleton bean 'autoConfigurationReport'
2023-07-07T15:12:37.711+05:30 TRACE 10928 --- [           main] o.s.b.f.s.DefaultListableBeanFactory     : Returning cached instance of singleton bean 'autoConfigurationReport'
2023-07-07T15:12:37.714+05:30 TRACE 10928 --- [           main] o.s.b.a.condition.OnClassCondition       : Condition OnClassCondition on org.springframework.boot.autoconfigure.web.servlet.ServletWebServerFactoryAutoConfiguration matched due to @ConditionalOnClass found required class 'jakarta.servlet.ServletRequest'
2023-07-07T15:12:37.714+05:30 TRACE 10928 --- [           main] o.s.b.f.s.DefaultListableBeanFactory     : Returning cached instance of singleton bean 'autoConfigurationReport'
2023-07-07T15:12:37.715+05:30 TRACE 10928 --- [           main] o.s.b.a.c.OnWebApplicationCondition      : Condition OnWebApplicationCondition on org.springframework.boot.autoconfigure.web.servlet.ServletWebServerFactoryAutoConfiguration matched due to found 'session' scope
2023-07-07T15:12:37.715+05:30 TRACE 10928 --- [           main] o.s.b.f.s.DefaultListableBeanFactory     : Returning cached instance of singleton bean 'autoConfigurationReport'
2023-07-07T15:12:37.715+05:30 TRACE 10928 --- [           main] o.s.b.f.s.DefaultListableBeanFactory     : Returning cached instance of singleton bean 'autoConfigurationReport'
2023-07-07T15:12:37.715+05:30 TRACE 10928 --- [           main] o.s.b.f.s.DefaultListableBeanFactory     : Returning cached instance of singleton bean 'autoConfigurationReport'
2023-07-07T15:12:37.715+05:30 TRACE 10928 --- [           main] o.s.b.f.s.DefaultListableBeanFactory     : Returning cached instance of singleton bean 'autoConfigurationReport'
2023-07-07T15:12:37.731+05:30 TRACE 10928 --- [           main] o.s.b.a.condition.OnPropertyCondition    : Condition OnPropertyCondition on org.springframework.boot.autoconfigure.web.servlet.ServletWebServerFactoryAutoConfiguration$ForwardedHeaderFilterConfiguration did not match due to @ConditionalOnProperty (server.forward-headers-strategy=framework) did not find property 'server.forward-headers-strategy'
2023-07-07T15:12:37.732+05:30 TRACE 10928 --- [           main] o.s.b.f.s.DefaultListableBeanFactory     : Returning cached instance of singleton bean 'autoConfigurationReport'
2023-07-07T15:12:37.738+05:30 TRACE 10928 --- [           main] o.s.b.a.condition.OnClassCondition       : Condition OnClassCondition on org.springframework.boot.autoconfigure.web.servlet.ServletWebServerFactoryConfiguration$EmbeddedTomcat matched due to @ConditionalOnClass found required classes 'jakarta.servlet.Servlet', 'org.apache.catalina.startup.Tomcat', 'org.apache.coyote.UpgradeProtocol'
2023-07-07T15:12:37.738+05:30 TRACE 10928 --- [           main] o.s.b.f.s.DefaultListableBeanFactory     : Returning cached instance of singleton bean 'autoConfigurationReport'
2023-07-07T15:12:37.738+05:30 TRACE 10928 --- [           main] o.s.b.f.s.DefaultListableBeanFactory     : Returning cached instance of singleton bean 'autoConfigurationReport'
2023-07-07T15:12:37.738+05:30 TRACE 10928 --- [           main] o.s.b.f.s.DefaultListableBeanFactory     : Returning cached instance of singleton bean 'autoConfigurationReport'
2023-07-07T15:12:37.738+05:30 TRACE 10928 --- [           main] o.s.b.f.s.DefaultListableBeanFactory     : Returning cached instance of singleton bean 'autoConfigurationReport'
2023-07-07T15:12:37.740+05:30 TRACE 10928 --- [           main] o.s.b.a.condition.OnClassCondition       : Condition OnClassCondition on org.springframework.boot.autoconfigure.web.servlet.ServletWebServerFactoryConfiguration$EmbeddedJetty did not match due to @ConditionalOnClass did not find required classes 'org.eclipse.jetty.server.Server', 'org.eclipse.jetty.util.Loader', 'org.eclipse.jetty.webapp.WebAppContext'
2023-07-07T15:12:37.740+05:30 TRACE 10928 --- [           main] o.s.b.f.s.DefaultListableBeanFactory     : Returning cached instance of singleton bean 'autoConfigurationReport'
2023-07-07T15:12:37.741+05:30 TRACE 10928 --- [           main] o.s.b.a.condition.OnClassCondition       : Condition OnClassCondition on org.springframework.boot.autoconfigure.web.servlet.ServletWebServerFactoryConfiguration$EmbeddedUndertow did not match due to @ConditionalOnClass did not find required classes 'io.undertow.Undertow', 'org.xnio.SslClientAuthMode'
2023-07-07T15:12:37.741+05:30 TRACE 10928 --- [           main] o.s.b.f.s.DefaultListableBeanFactory     : Returning cached instance of singleton bean 'autoConfigurationReport'
2023-07-07T15:12:37.741+05:30 TRACE 10928 --- [           main] o.s.b.f.s.DefaultListableBeanFactory     : Returning cached instance of singleton bean 'autoConfigurationReport'
2023-07-07T15:12:37.741+05:30 TRACE 10928 --- [           main] o.s.b.f.s.DefaultListableBeanFactory     : Returning cached instance of singleton bean 'autoConfigurationReport'
2023-07-07T15:12:37.741+05:30 TRACE 10928 --- [           main] o.s.b.f.s.DefaultListableBeanFactory     : Returning cached instance of singleton bean 'autoConfigurationReport'
2023-07-07T15:12:37.741+05:30 TRACE 10928 --- [           main] o.s.b.f.s.DefaultListableBeanFactory     : Returning cached instance of singleton bean 'autoConfigurationReport'
2023-07-07T15:12:37.741+05:30 TRACE 10928 --- [           main] o.s.b.f.s.DefaultListableBeanFactory     : Returning cached instance of singleton bean 'autoConfigurationReport'
2023-07-07T15:12:37.741+05:30 TRACE 10928 --- [           main] o.s.b.f.s.DefaultListableBeanFactory     : Returning cached instance of singleton bean 'autoConfigurationReport'
2023-07-07T15:12:37.742+05:30 TRACE 10928 --- [           main] o.s.b.a.condition.OnClassCondition       : Condition OnClassCondition on org.springframework.boot.autoconfigure.web.servlet.DispatcherServletAutoConfiguration matched due to @ConditionalOnClass found required class 'org.springframework.web.servlet.DispatcherServlet'
2023-07-07T15:12:37.743+05:30 TRACE 10928 --- [           main] o.s.b.f.s.DefaultListableBeanFactory     : Returning cached instance of singleton bean 'autoConfigurationReport'
2023-07-07T15:12:37.743+05:30 TRACE 10928 --- [           main] o.s.b.a.c.OnWebApplicationCondition      : Condition OnWebApplicationCondition on org.springframework.boot.autoconfigure.web.servlet.DispatcherServletAutoConfiguration matched due to found 'session' scope
2023-07-07T15:12:37.743+05:30 TRACE 10928 --- [           main] o.s.b.f.s.DefaultListableBeanFactory     : Returning cached instance of singleton bean 'autoConfigurationReport'
2023-07-07T15:12:37.743+05:30 TRACE 10928 --- [           main] o.s.b.f.s.DefaultListableBeanFactory     : Returning cached instance of singleton bean 'autoConfigurationReport'
2023-07-07T15:12:37.743+05:30 TRACE 10928 --- [           main] o.s.b.f.s.DefaultListableBeanFactory     : Returning cached instance of singleton bean 'autoConfigurationReport'
2023-07-07T15:12:37.743+05:30 TRACE 10928 --- [           main] o.s.b.f.s.DefaultListableBeanFactory     : Returning cached instance of singleton bean 'autoConfigurationReport'
2023-07-07T15:12:37.748+05:30 TRACE 10928 --- [           main] o.s.b.a.condition.OnClassCondition       : Condition OnClassCondition on org.springframework.boot.autoconfigure.web.servlet.DispatcherServletAutoConfiguration$DispatcherServletRegistrationConfiguration matched due to @ConditionalOnClass found required class 'jakarta.servlet.ServletRegistration'
2023-07-07T15:12:37.748+05:30 TRACE 10928 --- [           main] o.s.b.f.s.DefaultListableBeanFactory     : Returning cached instance of singleton bean 'autoConfigurationReport'
2023-07-07T15:12:37.753+05:30 TRACE 10928 --- [           main] n$DispatcherServletRegistrationCondition : Condition DispatcherServletAutoConfiguration.DispatcherServletRegistrationCondition on org.springframework.boot.autoconfigure.web.servlet.DispatcherServletAutoConfiguration$DispatcherServletRegistrationConfiguration matched due to DispatcherServlet Registration did not find servlet registration bean
2023-07-07T15:12:37.753+05:30 TRACE 10928 --- [           main] o.s.b.f.s.DefaultListableBeanFactory     : Returning cached instance of singleton bean 'autoConfigurationReport'
2023-07-07T15:12:37.753+05:30 TRACE 10928 --- [           main] o.s.b.f.s.DefaultListableBeanFactory     : Returning cached instance of singleton bean 'autoConfigurationReport'
2023-07-07T15:12:37.753+05:30 TRACE 10928 --- [           main] o.s.b.f.s.DefaultListableBeanFactory     : Returning cached instance of singleton bean 'autoConfigurationReport'
2023-07-07T15:12:37.753+05:30 TRACE 10928 --- [           main] o.s.b.f.s.DefaultListableBeanFactory     : Returning cached instance of singleton bean 'autoConfigurationReport'
2023-07-07T15:12:37.754+05:30 TRACE 10928 --- [           main] o.s.b.a.condition.OnClassCondition       : Condition OnClassCondition on org.springframework.boot.autoconfigure.web.servlet.DispatcherServletAutoConfiguration$DispatcherServletConfiguration matched due to @ConditionalOnClass found required class 'jakarta.servlet.ServletRegistration'
2023-07-07T15:12:37.755+05:30 TRACE 10928 --- [           main] o.s.b.f.s.DefaultListableBeanFactory     : Returning cached instance of singleton bean 'autoConfigurationReport'
2023-07-07T15:12:37.755+05:30 TRACE 10928 --- [           main] ration$DefaultDispatcherServletCondition : Condition DispatcherServletAutoConfiguration.DefaultDispatcherServletCondition on org.springframework.boot.autoconfigure.web.servlet.DispatcherServletAutoConfiguration$DispatcherServletConfiguration matched due to Default DispatcherServlet did not find dispatcher servlet beans
2023-07-07T15:12:37.755+05:30 TRACE 10928 --- [           main] o.s.b.f.s.DefaultListableBeanFactory     : Returning cached instance of singleton bean 'autoConfigurationReport'
2023-07-07T15:12:37.755+05:30 TRACE 10928 --- [           main] o.s.b.f.s.DefaultListableBeanFactory     : Returning cached instance of singleton bean 'autoConfigurationReport'
2023-07-07T15:12:37.755+05:30 TRACE 10928 --- [           main] o.s.b.f.s.DefaultListableBeanFactory     : Returning cached instance of singleton bean 'autoConfigurationReport'
2023-07-07T15:12:37.755+05:30 TRACE 10928 --- [           main] o.s.b.f.s.DefaultListableBeanFactory     : Returning cached instance of singleton bean 'autoConfigurationReport'
2023-07-07T15:12:37.756+05:30 TRACE 10928 --- [           main] o.s.b.a.condition.OnClassCondition       : Condition OnClassCondition on org.springframework.boot.autoconfigure.web.servlet.DispatcherServletAutoConfiguration$DispatcherServletConfiguration matched due to @ConditionalOnClass found required class 'jakarta.servlet.ServletRegistration'
2023-07-07T15:12:37.756+05:30 TRACE 10928 --- [           main] o.s.b.f.s.DefaultListableBeanFactory     : Returning cached instance of singleton bean 'autoConfigurationReport'
2023-07-07T15:12:37.756+05:30 TRACE 10928 --- [           main] ration$DefaultDispatcherServletCondition : Condition DispatcherServletAutoConfiguration.DefaultDispatcherServletCondition on org.springframework.boot.autoconfigure.web.servlet.DispatcherServletAutoConfiguration$DispatcherServletConfiguration matched due to Default DispatcherServlet did not find dispatcher servlet beans
2023-07-07T15:12:37.756+05:30 TRACE 10928 --- [           main] o.s.b.f.s.DefaultListableBeanFactory     : Returning cached instance of singleton bean 'autoConfigurationReport'
2023-07-07T15:12:37.756+05:30 TRACE 10928 --- [           main] o.s.b.f.s.DefaultListableBeanFactory     : Returning cached instance of singleton bean 'autoConfigurationReport'
2023-07-07T15:12:37.757+05:30 TRACE 10928 --- [           main] o.s.b.f.s.DefaultListableBeanFactory     : Returning cached instance of singleton bean 'autoConfigurationReport'
2023-07-07T15:12:37.757+05:30 TRACE 10928 --- [           main] o.s.b.f.s.DefaultListableBeanFactory     : Returning cached instance of singleton bean 'autoConfigurationReport'
2023-07-07T15:12:37.757+05:30 TRACE 10928 --- [           main] o.s.b.f.s.DefaultListableBeanFactory     : Returning cached instance of singleton bean 'autoConfigurationReport'
2023-07-07T15:12:37.757+05:30 TRACE 10928 --- [           main] o.s.b.f.s.DefaultListableBeanFactory     : Returning cached instance of singleton bean 'autoConfigurationReport'
2023-07-07T15:12:37.757+05:30 TRACE 10928 --- [           main] o.s.b.f.s.DefaultListableBeanFactory     : Returning cached instance of singleton bean 'autoConfigurationReport'
2023-07-07T15:12:37.758+05:30 TRACE 10928 --- [           main] o.s.b.a.condition.OnClassCondition       : Condition OnClassCondition on org.springframework.boot.autoconfigure.task.TaskExecutionAutoConfiguration matched due to @ConditionalOnClass found required class 'org.springframework.scheduling.concurrent.ThreadPoolTaskExecutor'
2023-07-07T15:12:37.758+05:30 TRACE 10928 --- [           main] o.s.b.f.s.DefaultListableBeanFactory     : Returning cached instance of singleton bean 'autoConfigurationReport'
2023-07-07T15:12:37.758+05:30 TRACE 10928 --- [           main] o.s.b.f.s.DefaultListableBeanFactory     : Returning cached instance of singleton bean 'autoConfigurationReport'
2023-07-07T15:12:37.758+05:30 TRACE 10928 --- [           main] o.s.b.f.s.DefaultListableBeanFactory     : Returning cached instance of singleton bean 'autoConfigurationReport'
2023-07-07T15:12:37.759+05:30 TRACE 10928 --- [           main] o.s.b.f.s.DefaultListableBeanFactory     : Returning cached instance of singleton bean 'autoConfigurationReport'
2023-07-07T15:12:37.759+05:30 TRACE 10928 --- [           main] o.s.b.f.s.DefaultListableBeanFactory     : Returning cached instance of singleton bean 'autoConfigurationReport'
2023-07-07T15:12:37.759+05:30 TRACE 10928 --- [           main] o.s.b.f.s.DefaultListableBeanFactory     : Returning cached instance of singleton bean 'autoConfigurationReport'
2023-07-07T15:12:37.759+05:30 TRACE 10928 --- [           main] o.s.b.f.s.DefaultListableBeanFactory     : Returning cached instance of singleton bean 'autoConfigurationReport'
2023-07-07T15:12:37.759+05:30 TRACE 10928 --- [           main] o.s.b.f.s.DefaultListableBeanFactory     : Returning cached instance of singleton bean 'autoConfigurationReport'
2023-07-07T15:12:37.759+05:30 TRACE 10928 --- [           main] o.s.b.f.s.DefaultListableBeanFactory     : Returning cached instance of singleton bean 'autoConfigurationReport'
2023-07-07T15:12:37.759+05:30 TRACE 10928 --- [           main] o.s.b.f.s.DefaultListableBeanFactory     : Returning cached instance of singleton bean 'autoConfigurationReport'
2023-07-07T15:12:37.761+05:30 TRACE 10928 --- [           main] o.s.b.a.condition.OnClassCondition       : Condition OnClassCondition on org.springframework.boot.autoconfigure.web.servlet.error.ErrorMvcAutoConfiguration matched due to @ConditionalOnClass found required classes 'jakarta.servlet.Servlet', 'org.springframework.web.servlet.DispatcherServlet'
2023-07-07T15:12:37.761+05:30 TRACE 10928 --- [           main] o.s.b.f.s.DefaultListableBeanFactory     : Returning cached instance of singleton bean 'autoConfigurationReport'
2023-07-07T15:12:37.761+05:30 TRACE 10928 --- [           main] o.s.b.a.c.OnWebApplicationCondition      : Condition OnWebApplicationCondition on org.springframework.boot.autoconfigure.web.servlet.error.ErrorMvcAutoConfiguration matched due to found 'session' scope
2023-07-07T15:12:37.761+05:30 TRACE 10928 --- [           main] o.s.b.f.s.DefaultListableBeanFactory     : Returning cached instance of singleton bean 'autoConfigurationReport'
2023-07-07T15:12:37.761+05:30 TRACE 10928 --- [           main] o.s.b.f.s.DefaultListableBeanFactory     : Returning cached instance of singleton bean 'autoConfigurationReport'
2023-07-07T15:12:37.761+05:30 TRACE 10928 --- [           main] o.s.b.f.s.DefaultListableBeanFactory     : Returning cached instance of singleton bean 'autoConfigurationReport'
2023-07-07T15:12:37.761+05:30 TRACE 10928 --- [           main] o.s.b.f.s.DefaultListableBeanFactory     : Returning cached instance of singleton bean 'autoConfigurationReport'
2023-07-07T15:12:37.766+05:30 TRACE 10928 --- [           main] o.s.b.a.condition.OnPropertyCondition    : Condition OnPropertyCondition on org.springframework.boot.autoconfigure.web.servlet.error.ErrorMvcAutoConfiguration$WhitelabelErrorViewConfiguration matched due to @ConditionalOnProperty (server.error.whitelabel.enabled) matched
2023-07-07T15:12:37.766+05:30 TRACE 10928 --- [           main] o.s.b.f.s.DefaultListableBeanFactory     : Returning cached instance of singleton bean 'autoConfigurationReport'
2023-07-07T15:12:37.769+05:30 TRACE 10928 --- [           main] o.s.c.io.support.SpringFactoriesLoader   : Loaded [org.springframework.boot.autoconfigure.template.TemplateAvailabilityProvider] names: [org.springframework.boot.autoconfigure.freemarker.FreeMarkerTemplateAvailabilityProvider, org.springframework.boot.autoconfigure.mustache.MustacheTemplateAvailabilityProvider, org.springframework.boot.autoconfigure.groovy.template.GroovyTemplateAvailabilityProvider, org.springframework.boot.autoconfigure.thymeleaf.ThymeleafTemplateAvailabilityProvider, org.springframework.boot.autoconfigure.web.servlet.JspTemplateAvailabilityProvider]
2023-07-07T15:12:37.775+05:30 TRACE 10928 --- [           main] figuration$ErrorTemplateMissingCondition : Condition ErrorMvcAutoConfiguration.ErrorTemplateMissingCondition on org.springframework.boot.autoconfigure.web.servlet.error.ErrorMvcAutoConfiguration$WhitelabelErrorViewConfiguration matched due to ErrorTemplate Missing did not find error template view
2023-07-07T15:12:37.776+05:30 TRACE 10928 --- [           main] o.s.b.f.s.DefaultListableBeanFactory     : Returning cached instance of singleton bean 'autoConfigurationReport'
2023-07-07T15:12:37.776+05:30 TRACE 10928 --- [           main] o.s.b.f.s.DefaultListableBeanFactory     : Returning cached instance of singleton bean 'autoConfigurationReport'
2023-07-07T15:12:37.776+05:30 TRACE 10928 --- [           main] o.s.b.f.s.DefaultListableBeanFactory     : Returning cached instance of singleton bean 'autoConfigurationReport'
2023-07-07T15:12:37.776+05:30 TRACE 10928 --- [           main] o.s.b.f.s.DefaultListableBeanFactory     : Returning cached instance of singleton bean 'autoConfigurationReport'
2023-07-07T15:12:37.777+05:30 TRACE 10928 --- [           main] o.s.b.f.s.DefaultListableBeanFactory     : Returning cached instance of singleton bean 'autoConfigurationReport'
2023-07-07T15:12:37.777+05:30 TRACE 10928 --- [           main] o.s.b.f.s.DefaultListableBeanFactory     : Returning cached instance of singleton bean 'autoConfigurationReport'
2023-07-07T15:12:37.777+05:30 TRACE 10928 --- [           main] o.s.b.f.s.DefaultListableBeanFactory     : Returning cached instance of singleton bean 'autoConfigurationReport'
2023-07-07T15:12:37.778+05:30 TRACE 10928 --- [           main] o.s.b.f.s.DefaultListableBeanFactory     : Returning cached instance of singleton bean 'autoConfigurationReport'
2023-07-07T15:12:37.778+05:30 TRACE 10928 --- [           main] o.s.b.f.s.DefaultListableBeanFactory     : Returning cached instance of singleton bean 'autoConfigurationReport'
2023-07-07T15:12:37.778+05:30 TRACE 10928 --- [           main] o.s.b.f.s.DefaultListableBeanFactory     : Returning cached instance of singleton bean 'autoConfigurationReport'
2023-07-07T15:12:37.778+05:30 TRACE 10928 --- [           main] o.s.b.f.s.DefaultListableBeanFactory     : Returning cached instance of singleton bean 'autoConfigurationReport'
2023-07-07T15:12:37.779+05:30 TRACE 10928 --- [           main] o.s.b.f.s.DefaultListableBeanFactory     : Returning cached instance of singleton bean 'autoConfigurationReport'
2023-07-07T15:12:37.779+05:30 TRACE 10928 --- [           main] o.s.b.f.s.DefaultListableBeanFactory     : Returning cached instance of singleton bean 'autoConfigurationReport'
2023-07-07T15:12:37.781+05:30 TRACE 10928 --- [           main] o.s.b.a.condition.OnClassCondition       : Condition OnClassCondition on org.springframework.boot.autoconfigure.web.servlet.WebMvcAutoConfiguration matched due to @ConditionalOnClass found required classes 'jakarta.servlet.Servlet', 'org.springframework.web.servlet.DispatcherServlet', 'org.springframework.web.servlet.config.annotation.WebMvcConfigurer'
2023-07-07T15:12:37.781+05:30 TRACE 10928 --- [           main] o.s.b.f.s.DefaultListableBeanFactory     : Returning cached instance of singleton bean 'autoConfigurationReport'
2023-07-07T15:12:37.781+05:30 TRACE 10928 --- [           main] o.s.b.a.c.OnWebApplicationCondition      : Condition OnWebApplicationCondition on org.springframework.boot.autoconfigure.web.servlet.WebMvcAutoConfiguration matched due to found 'session' scope
2023-07-07T15:12:37.781+05:30 TRACE 10928 --- [           main] o.s.b.f.s.DefaultListableBeanFactory     : Returning cached instance of singleton bean 'autoConfigurationReport'
2023-07-07T15:12:37.781+05:30 TRACE 10928 --- [           main] o.s.b.f.s.DefaultListableBeanFactory     : Returning cached instance of singleton bean 'autoConfigurationReport'
2023-07-07T15:12:37.781+05:30 TRACE 10928 --- [           main] o.s.b.f.s.DefaultListableBeanFactory     : Returning cached instance of singleton bean 'autoConfigurationReport'
2023-07-07T15:12:37.781+05:30 TRACE 10928 --- [           main] o.s.b.f.s.DefaultListableBeanFactory     : Returning cached instance of singleton bean 'autoConfigurationReport'
2023-07-07T15:12:37.790+05:30 TRACE 10928 --- [           main] o.s.b.f.s.DefaultListableBeanFactory     : Returning cached instance of singleton bean 'autoConfigurationReport'
2023-07-07T15:12:37.790+05:30 TRACE 10928 --- [           main] o.s.b.f.s.DefaultListableBeanFactory     : Returning cached instance of singleton bean 'autoConfigurationReport'
2023-07-07T15:12:37.790+05:30 TRACE 10928 --- [           main] o.s.b.f.s.DefaultListableBeanFactory     : Returning cached instance of singleton bean 'autoConfigurationReport'
2023-07-07T15:12:37.799+05:30 TRACE 10928 --- [           main] o.s.b.f.s.DefaultListableBeanFactory     : Returning cached instance of singleton bean 'autoConfigurationReport'
2023-07-07T15:12:37.799+05:30 TRACE 10928 --- [           main] o.s.b.f.s.DefaultListableBeanFactory     : Returning cached instance of singleton bean 'autoConfigurationReport'
2023-07-07T15:12:37.800+05:30 TRACE 10928 --- [           main] o.s.b.f.s.DefaultListableBeanFactory     : Returning cached instance of singleton bean 'autoConfigurationReport'
2023-07-07T15:12:37.803+05:30 TRACE 10928 --- [           main] o.s.b.a.condition.OnPropertyCondition    : Condition OnPropertyCondition on org.springframework.boot.autoconfigure.web.servlet.WebMvcAutoConfiguration$ProblemDetailsErrorHandlingConfiguration did not match due to @ConditionalOnProperty (spring.mvc.problemdetails.enabled=true) did not find property 'enabled'
2023-07-07T15:12:37.803+05:30 TRACE 10928 --- [           main] o.s.b.f.s.DefaultListableBeanFactory     : Returning cached instance of singleton bean 'autoConfigurationReport'
2023-07-07T15:12:37.807+05:30 TRACE 10928 --- [           main] .s.b.a.w.OnEnabledResourceChainCondition : Condition OnEnabledResourceChainCondition on org.springframework.boot.autoconfigure.web.servlet.WebMvcAutoConfiguration$ResourceChainCustomizerConfiguration did not match due to @ConditionalOnEnabledResourceChain did not find class org.webjars.WebJarAssetLocator
2023-07-07T15:12:37.807+05:30 TRACE 10928 --- [           main] o.s.b.f.s.DefaultListableBeanFactory     : Returning cached instance of singleton bean 'autoConfigurationReport'
2023-07-07T15:12:37.808+05:30 TRACE 10928 --- [           main] o.s.b.f.s.DefaultListableBeanFactory     : Returning cached instance of singleton bean 'autoConfigurationReport'
2023-07-07T15:12:37.808+05:30 TRACE 10928 --- [           main] o.s.b.f.s.DefaultListableBeanFactory     : Returning cached instance of singleton bean 'autoConfigurationReport'
2023-07-07T15:12:37.808+05:30 TRACE 10928 --- [           main] o.s.b.f.s.DefaultListableBeanFactory     : Returning cached instance of singleton bean 'autoConfigurationReport'
2023-07-07T15:12:37.808+05:30 TRACE 10928 --- [           main] o.s.b.f.s.DefaultListableBeanFactory     : Returning cached instance of singleton bean 'autoConfigurationReport'
2023-07-07T15:12:37.809+05:30 TRACE 10928 --- [           main] o.s.b.f.s.DefaultListableBeanFactory     : Returning cached instance of singleton bean 'autoConfigurationReport'
2023-07-07T15:12:37.809+05:30 TRACE 10928 --- [           main] o.s.b.f.s.DefaultListableBeanFactory     : Returning cached instance of singleton bean 'autoConfigurationReport'
2023-07-07T15:12:37.814+05:30 TRACE 10928 --- [           main] o.s.b.a.condition.OnPropertyCondition    : Condition OnPropertyCondition on org.springframework.boot.actuate.autoconfigure.audit.AuditAutoConfiguration matched due to @ConditionalOnProperty (management.auditevents.enabled) matched
2023-07-07T15:12:37.814+05:30 TRACE 10928 --- [           main] o.s.b.f.s.DefaultListableBeanFactory     : Returning cached instance of singleton bean 'autoConfigurationReport'
2023-07-07T15:12:37.815+05:30 TRACE 10928 --- [           main] o.s.b.f.s.DefaultListableBeanFactory     : Returning cached instance of singleton bean 'autoConfigurationReport'
2023-07-07T15:12:37.815+05:30 TRACE 10928 --- [           main] o.s.b.f.s.DefaultListableBeanFactory     : Returning cached instance of singleton bean 'autoConfigurationReport'
2023-07-07T15:12:37.815+05:30 TRACE 10928 --- [           main] o.s.b.f.s.DefaultListableBeanFactory     : Returning cached instance of singleton bean 'autoConfigurationReport'
2023-07-07T15:12:37.817+05:30 TRACE 10928 --- [           main] o.s.b.f.s.DefaultListableBeanFactory     : Returning cached instance of singleton bean 'autoConfigurationReport'
2023-07-07T15:12:37.817+05:30 TRACE 10928 --- [           main] o.s.b.f.s.DefaultListableBeanFactory     : Returning cached instance of singleton bean 'autoConfigurationReport'
2023-07-07T15:12:37.817+05:30 TRACE 10928 --- [           main] o.s.b.f.s.DefaultListableBeanFactory     : Returning cached instance of singleton bean 'autoConfigurationReport'
2023-07-07T15:12:37.817+05:30 TRACE 10928 --- [           main] o.s.b.f.s.DefaultListableBeanFactory     : Returning cached instance of singleton bean 'autoConfigurationReport'
2023-07-07T15:12:37.817+05:30 TRACE 10928 --- [           main] o.s.b.f.s.DefaultListableBeanFactory     : Returning cached instance of singleton bean 'autoConfigurationReport'
2023-07-07T15:12:37.817+05:30 TRACE 10928 --- [           main] o.s.b.f.s.DefaultListableBeanFactory     : Returning cached instance of singleton bean 'autoConfigurationReport'
2023-07-07T15:12:37.841+05:30 TRACE 10928 --- [           main] s.b.a.a.e.c.OnAvailableEndpointCondition : Condition OnAvailableEndpointCondition on org.springframework.boot.actuate.autoconfigure.audit.AuditEventsEndpointAutoConfiguration did not match due to @ConditionalOnAvailableEndpoint no 'management.endpoints' property marked it as exposed
2023-07-07T15:12:37.841+05:30 TRACE 10928 --- [           main] o.s.b.f.s.DefaultListableBeanFactory     : Returning cached instance of singleton bean 'autoConfigurationReport'
2023-07-07T15:12:37.841+05:30 TRACE 10928 --- [           main] o.s.b.f.s.DefaultListableBeanFactory     : Returning cached instance of singleton bean 'autoConfigurationReport'
2023-07-07T15:12:37.841+05:30 TRACE 10928 --- [           main] o.s.b.f.s.DefaultListableBeanFactory     : Returning cached instance of singleton bean 'autoConfigurationReport'
2023-07-07T15:12:37.841+05:30 TRACE 10928 --- [           main] o.s.b.f.s.DefaultListableBeanFactory     : Returning cached instance of singleton bean 'autoConfigurationReport'
2023-07-07T15:12:37.841+05:30 TRACE 10928 --- [           main] o.s.b.f.s.DefaultListableBeanFactory     : Returning cached instance of singleton bean 'autoConfigurationReport'
2023-07-07T15:12:37.841+05:30 TRACE 10928 --- [           main] o.s.b.f.s.DefaultListableBeanFactory     : Returning cached instance of singleton bean 'autoConfigurationReport'
2023-07-07T15:12:37.841+05:30 TRACE 10928 --- [           main] o.s.b.f.s.DefaultListableBeanFactory     : Returning cached instance of singleton bean 'autoConfigurationReport'
2023-07-07T15:12:37.842+05:30 TRACE 10928 --- [           main] o.s.b.f.s.DefaultListableBeanFactory     : Returning cached instance of singleton bean 'autoConfigurationReport'
2023-07-07T15:12:37.842+05:30 TRACE 10928 --- [           main] o.s.b.f.s.DefaultListableBeanFactory     : Returning cached instance of singleton bean 'autoConfigurationReport'
2023-07-07T15:12:37.842+05:30 TRACE 10928 --- [           main] o.s.b.f.s.DefaultListableBeanFactory     : Returning cached instance of singleton bean 'autoConfigurationReport'
2023-07-07T15:12:37.842+05:30 TRACE 10928 --- [           main] o.s.b.f.s.DefaultListableBeanFactory     : Returning cached instance of singleton bean 'autoConfigurationReport'
2023-07-07T15:12:37.842+05:30 TRACE 10928 --- [           main] o.s.b.f.s.DefaultListableBeanFactory     : Returning cached instance of singleton bean 'autoConfigurationReport'
2023-07-07T15:12:37.842+05:30 TRACE 10928 --- [           main] o.s.b.f.s.DefaultListableBeanFactory     : Returning cached instance of singleton bean 'autoConfigurationReport'
2023-07-07T15:12:37.842+05:30 TRACE 10928 --- [           main] o.s.b.f.s.DefaultListableBeanFactory     : Returning cached instance of singleton bean 'autoConfigurationReport'
2023-07-07T15:12:37.842+05:30 TRACE 10928 --- [           main] o.s.b.f.s.DefaultListableBeanFactory     : Returning cached instance of singleton bean 'autoConfigurationReport'
2023-07-07T15:12:37.842+05:30 TRACE 10928 --- [           main] o.s.b.f.s.DefaultListableBeanFactory     : Returning cached instance of singleton bean 'autoConfigurationReport'
2023-07-07T15:12:37.843+05:30 TRACE 10928 --- [           main] o.s.b.f.s.DefaultListableBeanFactory     : Returning cached instance of singleton bean 'autoConfigurationReport'
2023-07-07T15:12:37.843+05:30 TRACE 10928 --- [           main] o.s.b.f.s.DefaultListableBeanFactory     : Returning cached instance of singleton bean 'autoConfigurationReport'
2023-07-07T15:12:37.843+05:30 TRACE 10928 --- [           main] o.s.b.f.s.DefaultListableBeanFactory     : Returning cached instance of singleton bean 'autoConfigurationReport'
2023-07-07T15:12:37.843+05:30 TRACE 10928 --- [           main] o.s.b.f.s.DefaultListableBeanFactory     : Returning cached instance of singleton bean 'autoConfigurationReport'
2023-07-07T15:12:37.843+05:30 TRACE 10928 --- [           main] o.s.b.f.s.DefaultListableBeanFactory     : Returning cached instance of singleton bean 'autoConfigurationReport'
2023-07-07T15:12:37.843+05:30 TRACE 10928 --- [           main] o.s.b.f.s.DefaultListableBeanFactory     : Returning cached instance of singleton bean 'autoConfigurationReport'
2023-07-07T15:12:37.843+05:30 TRACE 10928 --- [           main] o.s.b.f.s.DefaultListableBeanFactory     : Returning cached instance of singleton bean 'autoConfigurationReport'
2023-07-07T15:12:37.843+05:30 TRACE 10928 --- [           main] o.s.b.f.s.DefaultListableBeanFactory     : Returning cached instance of singleton bean 'autoConfigurationReport'
2023-07-07T15:12:37.843+05:30 TRACE 10928 --- [           main] o.s.b.f.s.DefaultListableBeanFactory     : Returning cached instance of singleton bean 'autoConfigurationReport'
2023-07-07T15:12:37.847+05:30 TRACE 10928 --- [           main] yProbesAutoConfiguration$ProbesCondition : Condition AvailabilityProbesAutoConfiguration.ProbesCondition on org.springframework.boot.actuate.autoconfigure.availability.AvailabilityProbesAutoConfiguration did not match due to Probes availability not running on a supported cloud platform
2023-07-07T15:12:37.847+05:30 TRACE 10928 --- [           main] o.s.b.f.s.DefaultListableBeanFactory     : Returning cached instance of singleton bean 'autoConfigurationReport'
2023-07-07T15:12:37.847+05:30 TRACE 10928 --- [           main] o.s.b.f.s.DefaultListableBeanFactory     : Returning cached instance of singleton bean 'autoConfigurationReport'
2023-07-07T15:12:37.847+05:30 TRACE 10928 --- [           main] o.s.b.f.s.DefaultListableBeanFactory     : Returning cached instance of singleton bean 'autoConfigurationReport'
2023-07-07T15:12:37.847+05:30 TRACE 10928 --- [           main] o.s.b.f.s.DefaultListableBeanFactory     : Returning cached instance of singleton bean 'autoConfigurationReport'
2023-07-07T15:12:37.847+05:30 TRACE 10928 --- [           main] o.s.b.f.s.DefaultListableBeanFactory     : Returning cached instance of singleton bean 'autoConfigurationReport'
2023-07-07T15:12:37.847+05:30 TRACE 10928 --- [           main] o.s.b.f.s.DefaultListableBeanFactory     : Returning cached instance of singleton bean 'autoConfigurationReport'
2023-07-07T15:12:37.847+05:30 TRACE 10928 --- [           main] o.s.b.f.s.DefaultListableBeanFactory     : Returning cached instance of singleton bean 'autoConfigurationReport'
2023-07-07T15:12:37.848+05:30 TRACE 10928 --- [           main] s.b.a.a.e.c.OnAvailableEndpointCondition : Condition OnAvailableEndpointCondition on org.springframework.boot.actuate.autoconfigure.beans.BeansEndpointAutoConfiguration did not match due to @ConditionalOnAvailableEndpoint no 'management.endpoints' property marked it as exposed
2023-07-07T15:12:37.850+05:30 TRACE 10928 --- [           main] o.s.b.f.s.DefaultListableBeanFactory     : Returning cached instance of singleton bean 'autoConfigurationReport'
2023-07-07T15:12:37.850+05:30 TRACE 10928 --- [           main] o.s.b.f.s.DefaultListableBeanFactory     : Returning cached instance of singleton bean 'autoConfigurationReport'
2023-07-07T15:12:37.850+05:30 TRACE 10928 --- [           main] o.s.b.f.s.DefaultListableBeanFactory     : Returning cached instance of singleton bean 'autoConfigurationReport'
2023-07-07T15:12:37.850+05:30 TRACE 10928 --- [           main] o.s.b.f.s.DefaultListableBeanFactory     : Returning cached instance of singleton bean 'autoConfigurationReport'
2023-07-07T15:12:37.850+05:30 TRACE 10928 --- [           main] o.s.b.f.s.DefaultListableBeanFactory     : Returning cached instance of singleton bean 'autoConfigurationReport'
2023-07-07T15:12:37.850+05:30 TRACE 10928 --- [           main] o.s.b.f.s.DefaultListableBeanFactory     : Returning cached instance of singleton bean 'autoConfigurationReport'
2023-07-07T15:12:37.850+05:30 TRACE 10928 --- [           main] o.s.b.f.s.DefaultListableBeanFactory     : Returning cached instance of singleton bean 'autoConfigurationReport'
2023-07-07T15:12:37.851+05:30 TRACE 10928 --- [           main] o.s.b.a.condition.OnClassCondition       : Condition OnClassCondition on org.springframework.boot.autoconfigure.jackson.JacksonAutoConfiguration matched due to @ConditionalOnClass found required class 'com.fasterxml.jackson.databind.ObjectMapper'
2023-07-07T15:12:37.851+05:30 TRACE 10928 --- [           main] o.s.b.f.s.DefaultListableBeanFactory     : Returning cached instance of singleton bean 'autoConfigurationReport'
2023-07-07T15:12:37.851+05:30 TRACE 10928 --- [           main] o.s.b.f.s.DefaultListableBeanFactory     : Returning cached instance of singleton bean 'autoConfigurationReport'
2023-07-07T15:12:37.851+05:30 TRACE 10928 --- [           main] o.s.b.f.s.DefaultListableBeanFactory     : Returning cached instance of singleton bean 'autoConfigurationReport'
2023-07-07T15:12:37.851+05:30 TRACE 10928 --- [           main] o.s.b.f.s.DefaultListableBeanFactory     : Returning cached instance of singleton bean 'autoConfigurationReport'
2023-07-07T15:12:37.858+05:30 TRACE 10928 --- [           main] o.s.b.a.condition.OnClassCondition       : Condition OnClassCondition on org.springframework.boot.autoconfigure.jackson.JacksonAutoConfiguration$Jackson2ObjectMapperBuilderCustomizerConfiguration matched due to @ConditionalOnClass found required class 'org.springframework.http.converter.json.Jackson2ObjectMapperBuilder'
2023-07-07T15:12:37.858+05:30 TRACE 10928 --- [           main] o.s.b.f.s.DefaultListableBeanFactory     : Returning cached instance of singleton bean 'autoConfigurationReport'
2023-07-07T15:12:37.858+05:30 TRACE 10928 --- [           main] o.s.b.f.s.DefaultListableBeanFactory     : Returning cached instance of singleton bean 'autoConfigurationReport'
2023-07-07T15:12:37.858+05:30 TRACE 10928 --- [           main] o.s.b.f.s.DefaultListableBeanFactory     : Returning cached instance of singleton bean 'autoConfigurationReport'
2023-07-07T15:12:37.858+05:30 TRACE 10928 --- [           main] o.s.b.f.s.DefaultListableBeanFactory     : Returning cached instance of singleton bean 'autoConfigurationReport'
2023-07-07T15:12:37.859+05:30 TRACE 10928 --- [           main] o.s.b.a.condition.OnClassCondition       : Condition OnClassCondition on org.springframework.boot.autoconfigure.jackson.JacksonAutoConfiguration$JacksonObjectMapperBuilderConfiguration matched due to @ConditionalOnClass found required class 'org.springframework.http.converter.json.Jackson2ObjectMapperBuilder'
2023-07-07T15:12:37.860+05:30 TRACE 10928 --- [           main] o.s.b.f.s.DefaultListableBeanFactory     : Returning cached instance of singleton bean 'autoConfigurationReport'
2023-07-07T15:12:37.860+05:30 TRACE 10928 --- [           main] o.s.b.f.s.DefaultListableBeanFactory     : Returning cached instance of singleton bean 'autoConfigurationReport'
2023-07-07T15:12:37.860+05:30 TRACE 10928 --- [           main] o.s.b.f.s.DefaultListableBeanFactory     : Returning cached instance of singleton bean 'autoConfigurationReport'
2023-07-07T15:12:37.860+05:30 TRACE 10928 --- [           main] o.s.b.f.s.DefaultListableBeanFactory     : Returning cached instance of singleton bean 'autoConfigurationReport'
2023-07-07T15:12:37.875+05:30 TRACE 10928 --- [           main] o.s.b.a.condition.OnClassCondition       : Condition OnClassCondition on org.springframework.boot.autoconfigure.jackson.JacksonAutoConfiguration$ParameterNamesModuleConfiguration matched due to @ConditionalOnClass found required class 'com.fasterxml.jackson.module.paramnames.ParameterNamesModule'
2023-07-07T15:12:37.876+05:30 TRACE 10928 --- [           main] o.s.b.f.s.DefaultListableBeanFactory     : Returning cached instance of singleton bean 'autoConfigurationReport'
2023-07-07T15:12:37.876+05:30 TRACE 10928 --- [           main] o.s.b.f.s.DefaultListableBeanFactory     : Returning cached instance of singleton bean 'autoConfigurationReport'
2023-07-07T15:12:37.876+05:30 TRACE 10928 --- [           main] o.s.b.f.s.DefaultListableBeanFactory     : Returning cached instance of singleton bean 'autoConfigurationReport'
2023-07-07T15:12:37.877+05:30 TRACE 10928 --- [           main] o.s.b.f.s.DefaultListableBeanFactory     : Returning cached instance of singleton bean 'autoConfigurationReport'
2023-07-07T15:12:37.879+05:30 TRACE 10928 --- [           main] o.s.b.a.condition.OnClassCondition       : Condition OnClassCondition on org.springframework.boot.autoconfigure.jackson.JacksonAutoConfiguration$JacksonObjectMapperConfiguration matched due to @ConditionalOnClass found required class 'org.springframework.http.converter.json.Jackson2ObjectMapperBuilder'
2023-07-07T15:12:37.879+05:30 TRACE 10928 --- [           main] o.s.b.f.s.DefaultListableBeanFactory     : Returning cached instance of singleton bean 'autoConfigurationReport'
2023-07-07T15:12:37.879+05:30 TRACE 10928 --- [           main] o.s.b.f.s.DefaultListableBeanFactory     : Returning cached instance of singleton bean 'autoConfigurationReport'
2023-07-07T15:12:37.880+05:30 TRACE 10928 --- [           main] o.s.b.f.s.DefaultListableBeanFactory     : Returning cached instance of singleton bean 'autoConfigurationReport'
2023-07-07T15:12:37.880+05:30 TRACE 10928 --- [           main] o.s.b.f.s.DefaultListableBeanFactory     : Returning cached instance of singleton bean 'autoConfigurationReport'
2023-07-07T15:12:37.880+05:30 TRACE 10928 --- [           main] o.s.b.f.s.DefaultListableBeanFactory     : Returning cached instance of singleton bean 'autoConfigurationReport'
2023-07-07T15:12:37.880+05:30 TRACE 10928 --- [           main] o.s.b.f.s.DefaultListableBeanFactory     : Returning cached instance of singleton bean 'autoConfigurationReport'
2023-07-07T15:12:37.880+05:30 TRACE 10928 --- [           main] o.s.b.f.s.DefaultListableBeanFactory     : Returning cached instance of singleton bean 'autoConfigurationReport'
2023-07-07T15:12:37.880+05:30 TRACE 10928 --- [           main] o.s.b.f.s.DefaultListableBeanFactory     : Returning cached instance of singleton bean 'autoConfigurationReport'
2023-07-07T15:12:37.880+05:30 TRACE 10928 --- [           main] o.s.b.f.s.DefaultListableBeanFactory     : Returning cached instance of singleton bean 'autoConfigurationReport'
2023-07-07T15:12:37.880+05:30 TRACE 10928 --- [           main] o.s.b.f.s.DefaultListableBeanFactory     : Returning cached instance of singleton bean 'autoConfigurationReport'
2023-07-07T15:12:37.881+05:30 TRACE 10928 --- [           main] o.s.b.f.s.DefaultListableBeanFactory     : Returning cached instance of singleton bean 'autoConfigurationReport'
2023-07-07T15:12:37.881+05:30 TRACE 10928 --- [           main] o.s.b.f.s.DefaultListableBeanFactory     : Returning cached instance of singleton bean 'autoConfigurationReport'
2023-07-07T15:12:37.881+05:30 TRACE 10928 --- [           main] o.s.b.f.s.DefaultListableBeanFactory     : Returning cached instance of singleton bean 'autoConfigurationReport'
2023-07-07T15:12:37.891+05:30 TRACE 10928 --- [           main] o.s.b.a.condition.OnClassCondition       : Condition OnClassCondition on org.springframework.boot.autoconfigure.cache.CacheAutoConfiguration matched due to @ConditionalOnClass found required class 'org.springframework.cache.CacheManager'
2023-07-07T15:12:37.891+05:30 TRACE 10928 --- [           main] o.s.b.f.s.DefaultListableBeanFactory     : Returning cached instance of singleton bean 'autoConfigurationReport'
2023-07-07T15:12:37.891+05:30 TRACE 10928 --- [           main] o.s.b.f.s.DefaultListableBeanFactory     : Returning cached instance of singleton bean 'autoConfigurationReport'
2023-07-07T15:12:37.891+05:30 TRACE 10928 --- [           main] o.s.b.f.s.DefaultListableBeanFactory     : Returning cached instance of singleton bean 'autoConfigurationReport'
2023-07-07T15:12:37.892+05:30 TRACE 10928 --- [           main] o.s.b.f.s.DefaultListableBeanFactory     : Returning cached instance of singleton bean 'autoConfigurationReport'
2023-07-07T15:12:37.901+05:30 TRACE 10928 --- [           main] o.s.b.f.s.DefaultListableBeanFactory     : Returning cached instance of singleton bean 'autoConfigurationReport'
2023-07-07T15:12:37.901+05:30 TRACE 10928 --- [           main] o.s.b.f.s.DefaultListableBeanFactory     : Returning cached instance of singleton bean 'autoConfigurationReport'
2023-07-07T15:12:37.901+05:30 TRACE 10928 --- [           main] o.s.b.f.s.DefaultListableBeanFactory     : Returning cached instance of singleton bean 'autoConfigurationReport'
2023-07-07T15:12:37.902+05:30 TRACE 10928 --- [           main] o.s.b.f.s.DefaultListableBeanFactory     : Returning cached instance of singleton bean 'autoConfigurationReport'
2023-07-07T15:12:37.903+05:30 TRACE 10928 --- [           main] o.s.b.a.condition.OnClassCondition       : Condition OnClassCondition on org.springframework.boot.autoconfigure.cache.JCacheCacheConfiguration did not match due to @ConditionalOnClass did not find required class 'javax.cache.Caching'
2023-07-07T15:12:37.903+05:30 TRACE 10928 --- [           main] o.s.b.f.s.DefaultListableBeanFactory     : Returning cached instance of singleton bean 'autoConfigurationReport'
2023-07-07T15:12:37.903+05:30 TRACE 10928 --- [           main] o.s.b.f.s.DefaultListableBeanFactory     : Returning cached instance of singleton bean 'autoConfigurationReport'
2023-07-07T15:12:37.903+05:30 TRACE 10928 --- [           main] o.s.b.a.AutoConfigurationImportSelector  : Filtered 1 auto configuration class in 0 ms
2023-07-07T15:12:37.903+05:30 TRACE 10928 --- [           main] o.s.b.f.s.DefaultListableBeanFactory     : Returning cached instance of singleton bean 'autoConfigurationReport'
2023-07-07T15:12:37.903+05:30 TRACE 10928 --- [           main] o.s.b.a.condition.OnClassCondition       : Condition OnClassCondition on org.springframework.boot.autoconfigure.cache.HazelcastCacheConfiguration did not match due to @ConditionalOnClass did not find required class 'com.hazelcast.core.HazelcastInstance'
2023-07-07T15:12:37.903+05:30 TRACE 10928 --- [           main] o.s.b.f.s.DefaultListableBeanFactory     : Returning cached instance of singleton bean 'autoConfigurationReport'
2023-07-07T15:12:37.903+05:30 TRACE 10928 --- [           main] o.s.b.f.s.DefaultListableBeanFactory     : Returning cached instance of singleton bean 'autoConfigurationReport'
2023-07-07T15:12:37.903+05:30 TRACE 10928 --- [           main] o.s.b.a.AutoConfigurationImportSelector  : Filtered 1 auto configuration class in 0 ms
2023-07-07T15:12:37.903+05:30 TRACE 10928 --- [           main] o.s.b.f.s.DefaultListableBeanFactory     : Returning cached instance of singleton bean 'autoConfigurationReport'
2023-07-07T15:12:37.903+05:30 TRACE 10928 --- [           main] o.s.b.a.condition.OnClassCondition       : Condition OnClassCondition on org.springframework.boot.autoconfigure.cache.CouchbaseCacheConfiguration did not match due to @ConditionalOnClass did not find required class 'com.couchbase.client.java.Cluster'
2023-07-07T15:12:37.904+05:30 TRACE 10928 --- [           main] o.s.b.f.s.DefaultListableBeanFactory     : Returning cached instance of singleton bean 'autoConfigurationReport'
2023-07-07T15:12:37.904+05:30 TRACE 10928 --- [           main] o.s.b.f.s.DefaultListableBeanFactory     : Returning cached instance of singleton bean 'autoConfigurationReport'
2023-07-07T15:12:37.904+05:30 TRACE 10928 --- [           main] o.s.b.a.AutoConfigurationImportSelector  : Filtered 1 auto configuration class in 0 ms
2023-07-07T15:12:37.904+05:30 TRACE 10928 --- [           main] o.s.b.f.s.DefaultListableBeanFactory     : Returning cached instance of singleton bean 'autoConfigurationReport'
2023-07-07T15:12:37.904+05:30 TRACE 10928 --- [           main] o.s.b.a.condition.OnClassCondition       : Condition OnClassCondition on org.springframework.boot.autoconfigure.cache.InfinispanCacheConfiguration did not match due to @ConditionalOnClass did not find required class 'org.infinispan.spring.embedded.provider.SpringEmbeddedCacheManager'
2023-07-07T15:12:37.904+05:30 TRACE 10928 --- [           main] o.s.b.f.s.DefaultListableBeanFactory     : Returning cached instance of singleton bean 'autoConfigurationReport'
2023-07-07T15:12:37.904+05:30 TRACE 10928 --- [           main] o.s.b.f.s.DefaultListableBeanFactory     : Returning cached instance of singleton bean 'autoConfigurationReport'
2023-07-07T15:12:37.904+05:30 TRACE 10928 --- [           main] o.s.b.a.AutoConfigurationImportSelector  : Filtered 1 auto configuration class in 0 ms
2023-07-07T15:12:37.904+05:30 TRACE 10928 --- [           main] o.s.b.f.s.DefaultListableBeanFactory     : Returning cached instance of singleton bean 'autoConfigurationReport'
2023-07-07T15:12:37.904+05:30 TRACE 10928 --- [           main] o.s.b.a.condition.OnClassCondition       : Condition OnClassCondition on org.springframework.boot.autoconfigure.cache.RedisCacheConfiguration did not match due to @ConditionalOnClass did not find required class 'org.springframework.data.redis.connection.RedisConnectionFactory'
2023-07-07T15:12:37.904+05:30 TRACE 10928 --- [           main] o.s.b.f.s.DefaultListableBeanFactory     : Returning cached instance of singleton bean 'autoConfigurationReport'
2023-07-07T15:12:37.904+05:30 TRACE 10928 --- [           main] o.s.b.f.s.DefaultListableBeanFactory     : Returning cached instance of singleton bean 'autoConfigurationReport'
2023-07-07T15:12:37.904+05:30 TRACE 10928 --- [           main] o.s.b.a.AutoConfigurationImportSelector  : Filtered 1 auto configuration class in 0 ms
2023-07-07T15:12:37.904+05:30 TRACE 10928 --- [           main] o.s.b.f.s.DefaultListableBeanFactory     : Returning cached instance of singleton bean 'autoConfigurationReport'
2023-07-07T15:12:37.904+05:30 TRACE 10928 --- [           main] o.s.b.a.condition.OnClassCondition       : Condition OnClassCondition on org.springframework.boot.autoconfigure.cache.Cache2kCacheConfiguration did not match due to @ConditionalOnClass did not find required class 'org.cache2k.Cache2kBuilder'
2023-07-07T15:12:37.904+05:30 TRACE 10928 --- [           main] o.s.b.f.s.DefaultListableBeanFactory     : Returning cached instance of singleton bean 'autoConfigurationReport'
2023-07-07T15:12:37.905+05:30 TRACE 10928 --- [           main] o.s.b.f.s.DefaultListableBeanFactory     : Returning cached instance of singleton bean 'autoConfigurationReport'
2023-07-07T15:12:37.905+05:30 TRACE 10928 --- [           main] o.s.b.a.AutoConfigurationImportSelector  : Filtered 1 auto configuration class in 0 ms
2023-07-07T15:12:37.905+05:30 TRACE 10928 --- [           main] o.s.b.f.s.DefaultListableBeanFactory     : Returning cached instance of singleton bean 'autoConfigurationReport'
2023-07-07T15:12:37.905+05:30 TRACE 10928 --- [           main] o.s.b.a.condition.OnClassCondition       : Condition OnClassCondition on org.springframework.boot.autoconfigure.cache.CaffeineCacheConfiguration did not match due to @ConditionalOnClass did not find required class 'com.github.benmanes.caffeine.cache.Caffeine'
2023-07-07T15:12:37.905+05:30 TRACE 10928 --- [           main] o.s.b.f.s.DefaultListableBeanFactory     : Returning cached instance of singleton bean 'autoConfigurationReport'
2023-07-07T15:12:37.905+05:30 TRACE 10928 --- [           main] o.s.b.f.s.DefaultListableBeanFactory     : Returning cached instance of singleton bean 'autoConfigurationReport'
2023-07-07T15:12:37.905+05:30 TRACE 10928 --- [           main] o.s.b.a.AutoConfigurationImportSelector  : Filtered 1 auto configuration class in 0 ms
2023-07-07T15:12:37.905+05:30 TRACE 10928 --- [           main] o.s.b.f.s.DefaultListableBeanFactory     : Returning cached instance of singleton bean 'autoConfigurationReport'
2023-07-07T15:12:37.905+05:30 TRACE 10928 --- [           main] o.s.b.f.s.DefaultListableBeanFactory     : Returning cached instance of singleton bean 'autoConfigurationReport'
2023-07-07T15:12:37.905+05:30 TRACE 10928 --- [           main] o.s.b.f.s.DefaultListableBeanFactory     : Returning cached instance of singleton bean 'autoConfigurationReport'
2023-07-07T15:12:37.906+05:30 TRACE 10928 --- [           main] o.s.b.f.s.DefaultListableBeanFactory     : Returning cached instance of singleton bean 'autoConfigurationReport'
2023-07-07T15:12:37.906+05:30 TRACE 10928 --- [           main] o.s.b.f.s.DefaultListableBeanFactory     : Returning cached instance of singleton bean 'autoConfigurationReport'
2023-07-07T15:12:37.906+05:30 TRACE 10928 --- [           main] o.s.b.f.s.DefaultListableBeanFactory     : Returning cached instance of singleton bean 'autoConfigurationReport'
2023-07-07T15:12:37.908+05:30 TRACE 10928 --- [           main] o.s.b.a.cache.CacheCondition             : Condition CacheCondition on org.springframework.boot.autoconfigure.cache.GenericCacheConfiguration matched due to Cache org.springframework.boot.autoconfigure.cache.GenericCacheConfiguration automatic cache type
2023-07-07T15:12:37.908+05:30 TRACE 10928 --- [           main] o.s.b.f.s.DefaultListableBeanFactory     : Returning cached instance of singleton bean 'autoConfigurationReport'
2023-07-07T15:12:37.908+05:30 TRACE 10928 --- [           main] o.s.b.f.s.DefaultListableBeanFactory     : Returning cached instance of singleton bean 'autoConfigurationReport'
2023-07-07T15:12:37.908+05:30 TRACE 10928 --- [           main] o.s.b.f.s.DefaultListableBeanFactory     : Returning cached instance of singleton bean 'autoConfigurationReport'
2023-07-07T15:12:37.908+05:30 TRACE 10928 --- [           main] o.s.b.f.s.DefaultListableBeanFactory     : Returning cached instance of singleton bean 'autoConfigurationReport'
2023-07-07T15:12:37.908+05:30 TRACE 10928 --- [           main] o.s.b.f.s.DefaultListableBeanFactory     : Returning cached instance of singleton bean 'autoConfigurationReport'
2023-07-07T15:12:37.908+05:30 TRACE 10928 --- [           main] o.s.b.f.s.DefaultListableBeanFactory     : Returning cached instance of singleton bean 'autoConfigurationReport'
2023-07-07T15:12:37.908+05:30 TRACE 10928 --- [           main] o.s.b.f.s.DefaultListableBeanFactory     : Returning cached instance of singleton bean 'autoConfigurationReport'
2023-07-07T15:12:37.909+05:30 TRACE 10928 --- [           main] o.s.b.a.cache.CacheCondition             : Condition CacheCondition on org.springframework.boot.autoconfigure.cache.SimpleCacheConfiguration matched due to Cache org.springframework.boot.autoconfigure.cache.SimpleCacheConfiguration automatic cache type
2023-07-07T15:12:37.909+05:30 TRACE 10928 --- [           main] o.s.b.f.s.DefaultListableBeanFactory     : Returning cached instance of singleton bean 'autoConfigurationReport'
2023-07-07T15:12:37.909+05:30 TRACE 10928 --- [           main] o.s.b.f.s.DefaultListableBeanFactory     : Returning cached instance of singleton bean 'autoConfigurationReport'
2023-07-07T15:12:37.910+05:30 TRACE 10928 --- [           main] o.s.b.f.s.DefaultListableBeanFactory     : Returning cached instance of singleton bean 'autoConfigurationReport'
2023-07-07T15:12:37.910+05:30 TRACE 10928 --- [           main] o.s.b.f.s.DefaultListableBeanFactory     : Returning cached instance of singleton bean 'autoConfigurationReport'
2023-07-07T15:12:37.910+05:30 TRACE 10928 --- [           main] o.s.b.a.cache.CacheCondition             : Condition CacheCondition on org.springframework.boot.autoconfigure.cache.NoOpCacheConfiguration matched due to Cache org.springframework.boot.autoconfigure.cache.NoOpCacheConfiguration automatic cache type
2023-07-07T15:12:37.910+05:30 TRACE 10928 --- [           main] o.s.b.f.s.DefaultListableBeanFactory     : Returning cached instance of singleton bean 'autoConfigurationReport'
2023-07-07T15:12:37.910+05:30 TRACE 10928 --- [           main] o.s.b.f.s.DefaultListableBeanFactory     : Returning cached instance of singleton bean 'autoConfigurationReport'
2023-07-07T15:12:37.911+05:30 TRACE 10928 --- [           main] o.s.b.f.s.DefaultListableBeanFactory     : Returning cached instance of singleton bean 'autoConfigurationReport'
2023-07-07T15:12:37.911+05:30 TRACE 10928 --- [           main] o.s.b.f.s.DefaultListableBeanFactory     : Returning cached instance of singleton bean 'autoConfigurationReport'
2023-07-07T15:12:37.913+05:30 TRACE 10928 --- [           main] o.s.b.a.condition.OnClassCondition       : Condition OnClassCondition on org.springframework.boot.autoconfigure.cache.CacheAutoConfiguration$CacheManagerEntityManagerFactoryDependsOnPostProcessor did not match due to @ConditionalOnClass did not find required class 'org.springframework.orm.jpa.LocalContainerEntityManagerFactoryBean'
2023-07-07T15:12:37.913+05:30 TRACE 10928 --- [           main] o.s.b.f.s.DefaultListableBeanFactory     : Returning cached instance of singleton bean 'autoConfigurationReport'
2023-07-07T15:12:37.915+05:30 TRACE 10928 --- [           main] o.s.b.f.s.DefaultListableBeanFactory     : Returning cached instance of singleton bean 'autoConfigurationReport'
2023-07-07T15:12:37.915+05:30 TRACE 10928 --- [           main] o.s.b.f.s.DefaultListableBeanFactory     : Returning cached instance of singleton bean 'autoConfigurationReport'
2023-07-07T15:12:37.915+05:30 TRACE 10928 --- [           main] o.s.b.f.s.DefaultListableBeanFactory     : Returning cached instance of singleton bean 'autoConfigurationReport'
2023-07-07T15:12:37.915+05:30 TRACE 10928 --- [           main] o.s.b.f.s.DefaultListableBeanFactory     : Returning cached instance of singleton bean 'autoConfigurationReport'
2023-07-07T15:12:37.915+05:30 TRACE 10928 --- [           main] o.s.b.f.s.DefaultListableBeanFactory     : Returning cached instance of singleton bean 'autoConfigurationReport'
2023-07-07T15:12:37.915+05:30 TRACE 10928 --- [           main] o.s.b.f.s.DefaultListableBeanFactory     : Returning cached instance of singleton bean 'autoConfigurationReport'
2023-07-07T15:12:37.916+05:30 TRACE 10928 --- [           main] o.s.b.a.condition.OnClassCondition       : Condition OnClassCondition on org.springframework.boot.actuate.autoconfigure.cache.CachesEndpointAutoConfiguration matched due to @ConditionalOnClass found required class 'org.springframework.cache.CacheManager'
2023-07-07T15:12:37.917+05:30 TRACE 10928 --- [           main] o.s.b.f.s.DefaultListableBeanFactory     : Returning cached instance of singleton bean 'autoConfigurationReport'
2023-07-07T15:12:37.918+05:30 TRACE 10928 --- [           main] s.b.a.a.e.c.OnAvailableEndpointCondition : Condition OnAvailableEndpointCondition on org.springframework.boot.actuate.autoconfigure.cache.CachesEndpointAutoConfiguration did not match due to @ConditionalOnAvailableEndpoint no 'management.endpoints' property marked it as exposed
2023-07-07T15:12:37.918+05:30 TRACE 10928 --- [           main] o.s.b.f.s.DefaultListableBeanFactory     : Returning cached instance of singleton bean 'autoConfigurationReport'
2023-07-07T15:12:37.918+05:30 TRACE 10928 --- [           main] o.s.b.f.s.DefaultListableBeanFactory     : Returning cached instance of singleton bean 'autoConfigurationReport'
2023-07-07T15:12:37.918+05:30 TRACE 10928 --- [           main] o.s.b.f.s.DefaultListableBeanFactory     : Returning cached instance of singleton bean 'autoConfigurationReport'
2023-07-07T15:12:37.919+05:30 TRACE 10928 --- [           main] o.s.b.f.s.DefaultListableBeanFactory     : Returning cached instance of singleton bean 'autoConfigurationReport'
2023-07-07T15:12:37.919+05:30 TRACE 10928 --- [           main] o.s.b.f.s.DefaultListableBeanFactory     : Returning cached instance of singleton bean 'autoConfigurationReport'
2023-07-07T15:12:37.919+05:30 TRACE 10928 --- [           main] o.s.b.f.s.DefaultListableBeanFactory     : Returning cached instance of singleton bean 'autoConfigurationReport'
2023-07-07T15:12:37.919+05:30 TRACE 10928 --- [           main] o.s.b.f.s.DefaultListableBeanFactory     : Returning cached instance of singleton bean 'autoConfigurationReport'
2023-07-07T15:12:37.921+05:30 TRACE 10928 --- [           main] o.s.b.a.condition.OnClassCondition       : Condition OnClassCondition on org.springframework.boot.actuate.autoconfigure.web.servlet.ServletManagementContextAutoConfiguration matched due to @ConditionalOnClass found required class 'jakarta.servlet.Servlet'
2023-07-07T15:12:37.921+05:30 TRACE 10928 --- [           main] o.s.b.f.s.DefaultListableBeanFactory     : Returning cached instance of singleton bean 'autoConfigurationReport'
2023-07-07T15:12:37.921+05:30 TRACE 10928 --- [           main] o.s.b.a.c.OnWebApplicationCondition      : Condition OnWebApplicationCondition on org.springframework.boot.actuate.autoconfigure.web.servlet.ServletManagementContextAutoConfiguration matched due to found 'session' scope
2023-07-07T15:12:37.921+05:30 TRACE 10928 --- [           main] o.s.b.f.s.DefaultListableBeanFactory     : Returning cached instance of singleton bean 'autoConfigurationReport'
2023-07-07T15:12:37.921+05:30 TRACE 10928 --- [           main] o.s.b.f.s.DefaultListableBeanFactory     : Returning cached instance of singleton bean 'autoConfigurationReport'
2023-07-07T15:12:37.921+05:30 TRACE 10928 --- [           main] o.s.b.f.s.DefaultListableBeanFactory     : Returning cached instance of singleton bean 'autoConfigurationReport'
2023-07-07T15:12:37.921+05:30 TRACE 10928 --- [           main] o.s.b.f.s.DefaultListableBeanFactory     : Returning cached instance of singleton bean 'autoConfigurationReport'
2023-07-07T15:12:37.922+05:30 TRACE 10928 --- [           main] o.s.b.a.condition.OnPropertyCondition    : Condition OnPropertyCondition on org.springframework.boot.actuate.autoconfigure.web.servlet.ServletManagementContextAutoConfiguration$ApplicationContextFilterConfiguration did not match due to @ConditionalOnProperty (management.server.add-application-context-header=true) did not find property 'add-application-context-header'
2023-07-07T15:12:37.922+05:30 TRACE 10928 --- [           main] o.s.b.f.s.DefaultListableBeanFactory     : Returning cached instance of singleton bean 'autoConfigurationReport'
2023-07-07T15:12:37.922+05:30 TRACE 10928 --- [           main] o.s.b.f.s.DefaultListableBeanFactory     : Returning cached instance of singleton bean 'autoConfigurationReport'
2023-07-07T15:12:37.922+05:30 TRACE 10928 --- [           main] o.s.b.f.s.DefaultListableBeanFactory     : Returning cached instance of singleton bean 'autoConfigurationReport'
2023-07-07T15:12:37.922+05:30 TRACE 10928 --- [           main] o.s.b.f.s.DefaultListableBeanFactory     : Returning cached instance of singleton bean 'autoConfigurationReport'
2023-07-07T15:12:37.923+05:30 TRACE 10928 --- [           main] o.s.b.f.s.DefaultListableBeanFactory     : Returning cached instance of singleton bean 'autoConfigurationReport'
2023-07-07T15:12:37.923+05:30 TRACE 10928 --- [           main] o.s.b.f.s.DefaultListableBeanFactory     : Returning cached instance of singleton bean 'autoConfigurationReport'
2023-07-07T15:12:37.923+05:30 TRACE 10928 --- [           main] o.s.b.f.s.DefaultListableBeanFactory     : Returning cached instance of singleton bean 'autoConfigurationReport'
2023-07-07T15:12:37.926+05:30 TRACE 10928 --- [           main] s.b.a.a.e.c.OnAvailableEndpointCondition : Condition OnAvailableEndpointCondition on org.springframework.boot.actuate.autoconfigure.health.HealthEndpointAutoConfiguration matched due to @ConditionalOnAvailableEndpoint marked as exposed by a 'management.endpoints.web.exposure' property
2023-07-07T15:12:37.926+05:30 TRACE 10928 --- [           main] o.s.b.f.s.DefaultListableBeanFactory     : Returning cached instance of singleton bean 'autoConfigurationReport'
2023-07-07T15:12:37.926+05:30 TRACE 10928 --- [           main] o.s.b.f.s.DefaultListableBeanFactory     : Returning cached instance of singleton bean 'autoConfigurationReport'
2023-07-07T15:12:37.926+05:30 TRACE 10928 --- [           main] o.s.b.f.s.DefaultListableBeanFactory     : Returning cached instance of singleton bean 'autoConfigurationReport'
2023-07-07T15:12:37.926+05:30 TRACE 10928 --- [           main] o.s.b.f.s.DefaultListableBeanFactory     : Returning cached instance of singleton bean 'autoConfigurationReport'
2023-07-07T15:12:37.930+05:30 TRACE 10928 --- [           main] o.s.b.f.s.DefaultListableBeanFactory     : Returning cached instance of singleton bean 'autoConfigurationReport'
2023-07-07T15:12:37.930+05:30 TRACE 10928 --- [           main] o.s.b.f.s.DefaultListableBeanFactory     : Returning cached instance of singleton bean 'autoConfigurationReport'
2023-07-07T15:12:37.930+05:30 TRACE 10928 --- [           main] o.s.b.f.s.DefaultListableBeanFactory     : Returning cached instance of singleton bean 'autoConfigurationReport'
2023-07-07T15:12:37.933+05:30 TRACE 10928 --- [           main] o.s.b.a.condition.OnClassCondition       : Condition OnClassCondition on org.springframework.boot.actuate.autoconfigure.health.ReactiveHealthEndpointConfiguration did not match due to @ConditionalOnClass did not find required class 'reactor.core.publisher.Flux'
2023-07-07T15:12:37.933+05:30 TRACE 10928 --- [           main] o.s.b.f.s.DefaultListableBeanFactory     : Returning cached instance of singleton bean 'autoConfigurationReport'
2023-07-07T15:12:37.933+05:30 TRACE 10928 --- [           main] o.s.b.a.c.OnWebApplicationCondition      : Condition OnWebApplicationCondition on org.springframework.boot.actuate.autoconfigure.health.HealthEndpointWebExtensionConfiguration matched due to found 'session' scope
2023-07-07T15:12:37.933+05:30 TRACE 10928 --- [           main] o.s.b.f.s.DefaultListableBeanFactory     : Returning cached instance of singleton bean 'autoConfigurationReport'
2023-07-07T15:12:37.933+05:30 TRACE 10928 --- [           main] s.b.a.a.e.c.OnAvailableEndpointCondition : Condition OnAvailableEndpointCondition on org.springframework.boot.actuate.autoconfigure.health.HealthEndpointWebExtensionConfiguration matched due to @ConditionalOnAvailableEndpoint marked as exposed by a 'management.endpoints.web.exposure' property
2023-07-07T15:12:37.933+05:30 TRACE 10928 --- [           main] o.s.b.f.s.DefaultListableBeanFactory     : Returning cached instance of singleton bean 'autoConfigurationReport'
2023-07-07T15:12:37.933+05:30 TRACE 10928 --- [           main] o.s.b.f.s.DefaultListableBeanFactory     : Returning cached instance of singleton bean 'autoConfigurationReport'
2023-07-07T15:12:37.933+05:30 TRACE 10928 --- [           main] o.s.b.f.s.DefaultListableBeanFactory     : Returning cached instance of singleton bean 'autoConfigurationReport'
2023-07-07T15:12:37.935+05:30 TRACE 10928 --- [           main] o.s.b.f.s.DefaultListableBeanFactory     : Returning cached instance of singleton bean 'autoConfigurationReport'
2023-07-07T15:12:37.938+05:30 TRACE 10928 --- [           main] o.s.b.a.condition.OnClassCondition       : Condition OnClassCondition on org.springframework.boot.actuate.autoconfigure.health.HealthEndpointWebExtensionConfiguration$JerseyAdditionalHealthEndpointPathsConfiguration did not match due to @ConditionalOnClass did not find required class 'org.glassfish.jersey.server.ResourceConfig'
2023-07-07T15:12:37.939+05:30 TRACE 10928 --- [           main] o.s.b.f.s.DefaultListableBeanFactory     : Returning cached instance of singleton bean 'autoConfigurationReport'
2023-07-07T15:12:37.939+05:30 TRACE 10928 --- [           main] s.b.a.a.e.c.OnAvailableEndpointCondition : Condition OnAvailableEndpointCondition on org.springframework.boot.actuate.autoconfigure.health.HealthEndpointWebExtensionConfiguration$MvcAdditionalHealthEndpointPathsConfiguration matched due to @ConditionalOnAvailableEndpoint marked as exposed by a 'management.endpoints.web.exposure' property
2023-07-07T15:12:37.939+05:30 TRACE 10928 --- [           main] o.s.b.f.s.DefaultListableBeanFactory     : Returning cached instance of singleton bean 'autoConfigurationReport'
2023-07-07T15:12:37.939+05:30 TRACE 10928 --- [           main] o.s.b.f.s.DefaultListableBeanFactory     : Returning cached instance of singleton bean 'autoConfigurationReport'
2023-07-07T15:12:37.939+05:30 TRACE 10928 --- [           main] o.s.b.f.s.DefaultListableBeanFactory     : Returning cached instance of singleton bean 'autoConfigurationReport'
2023-07-07T15:12:37.939+05:30 TRACE 10928 --- [           main] o.s.b.f.s.DefaultListableBeanFactory     : Returning cached instance of singleton bean 'autoConfigurationReport'
2023-07-07T15:12:37.940+05:30 TRACE 10928 --- [           main] o.s.b.a.c.OnWebApplicationCondition      : Condition OnWebApplicationCondition on org.springframework.boot.actuate.autoconfigure.health.HealthEndpointReactiveWebExtensionConfiguration did not match due to did not find reactive web application classes
2023-07-07T15:12:37.940+05:30 TRACE 10928 --- [           main] o.s.b.f.s.DefaultListableBeanFactory     : Returning cached instance of singleton bean 'autoConfigurationReport'
2023-07-07T15:12:37.941+05:30 TRACE 10928 --- [           main] o.s.b.f.s.DefaultListableBeanFactory     : Returning cached instance of singleton bean 'autoConfigurationReport'
2023-07-07T15:12:37.941+05:30 TRACE 10928 --- [           main] o.s.b.f.s.DefaultListableBeanFactory     : Returning cached instance of singleton bean 'autoConfigurationReport'
2023-07-07T15:12:37.941+05:30 TRACE 10928 --- [           main] o.s.b.f.s.DefaultListableBeanFactory     : Returning cached instance of singleton bean 'autoConfigurationReport'
2023-07-07T15:12:37.941+05:30 TRACE 10928 --- [           main] o.s.b.f.s.DefaultListableBeanFactory     : Returning cached instance of singleton bean 'autoConfigurationReport'
2023-07-07T15:12:37.941+05:30 TRACE 10928 --- [           main] o.s.b.f.s.DefaultListableBeanFactory     : Returning cached instance of singleton bean 'autoConfigurationReport'
2023-07-07T15:12:37.941+05:30 TRACE 10928 --- [           main] o.s.b.f.s.DefaultListableBeanFactory     : Returning cached instance of singleton bean 'autoConfigurationReport'
2023-07-07T15:12:37.943+05:30 TRACE 10928 --- [           main] o.s.b.f.s.DefaultListableBeanFactory     : Returning cached instance of singleton bean 'autoConfigurationReport'
2023-07-07T15:12:37.943+05:30 TRACE 10928 --- [           main] o.s.b.f.s.DefaultListableBeanFactory     : Returning cached instance of singleton bean 'autoConfigurationReport'
2023-07-07T15:12:37.943+05:30 TRACE 10928 --- [           main] o.s.b.f.s.DefaultListableBeanFactory     : Returning cached instance of singleton bean 'autoConfigurationReport'
2023-07-07T15:12:37.944+05:30 TRACE 10928 --- [           main] o.s.b.f.s.DefaultListableBeanFactory     : Returning cached instance of singleton bean 'autoConfigurationReport'
2023-07-07T15:12:37.944+05:30 TRACE 10928 --- [           main] o.s.b.f.s.DefaultListableBeanFactory     : Returning cached instance of singleton bean 'autoConfigurationReport'
2023-07-07T15:12:37.944+05:30 TRACE 10928 --- [           main] o.s.b.f.s.DefaultListableBeanFactory     : Returning cached instance of singleton bean 'autoConfigurationReport'
2023-07-07T15:12:37.944+05:30 TRACE 10928 --- [           main] o.s.b.f.s.DefaultListableBeanFactory     : Returning cached instance of singleton bean 'autoConfigurationReport'
2023-07-07T15:12:37.944+05:30 TRACE 10928 --- [           main] o.s.b.f.s.DefaultListableBeanFactory     : Returning cached instance of singleton bean 'autoConfigurationReport'
2023-07-07T15:12:37.944+05:30 TRACE 10928 --- [           main] o.s.b.f.s.DefaultListableBeanFactory     : Returning cached instance of singleton bean 'autoConfigurationReport'
2023-07-07T15:12:37.946+05:30 TRACE 10928 --- [           main] o.s.b.f.s.DefaultListableBeanFactory     : Returning cached instance of singleton bean 'autoConfigurationReport'
2023-07-07T15:12:37.946+05:30 TRACE 10928 --- [           main] o.s.b.f.s.DefaultListableBeanFactory     : Returning cached instance of singleton bean 'autoConfigurationReport'
2023-07-07T15:12:37.946+05:30 TRACE 10928 --- [           main] o.s.b.f.s.DefaultListableBeanFactory     : Returning cached instance of singleton bean 'autoConfigurationReport'
2023-07-07T15:12:37.948+05:30 TRACE 10928 --- [           main] o.s.b.f.s.DefaultListableBeanFactory     : Returning cached instance of singleton bean 'autoConfigurationReport'
2023-07-07T15:12:37.948+05:30 TRACE 10928 --- [           main] o.s.b.f.s.DefaultListableBeanFactory     : Returning cached instance of singleton bean 'autoConfigurationReport'
2023-07-07T15:12:37.948+05:30 TRACE 10928 --- [           main] o.s.b.f.s.DefaultListableBeanFactory     : Returning cached instance of singleton bean 'autoConfigurationReport'
2023-07-07T15:12:37.948+05:30 TRACE 10928 --- [           main] o.s.b.f.s.DefaultListableBeanFactory     : Returning cached instance of singleton bean 'autoConfigurationReport'
2023-07-07T15:12:37.948+05:30 TRACE 10928 --- [           main] o.s.b.f.s.DefaultListableBeanFactory     : Returning cached instance of singleton bean 'autoConfigurationReport'
2023-07-07T15:12:37.948+05:30 TRACE 10928 --- [           main] o.s.b.f.s.DefaultListableBeanFactory     : Returning cached instance of singleton bean 'autoConfigurationReport'
2023-07-07T15:12:37.955+05:30 TRACE 10928 --- [           main] s.b.a.a.e.c.OnAvailableEndpointCondition : Condition OnAvailableEndpointCondition on org.springframework.boot.actuate.autoconfigure.info.InfoEndpointAutoConfiguration did not match due to @ConditionalOnAvailableEndpoint no 'management.endpoints' property marked it as exposed
2023-07-07T15:12:37.955+05:30 TRACE 10928 --- [           main] o.s.b.f.s.DefaultListableBeanFactory     : Returning cached instance of singleton bean 'autoConfigurationReport'
2023-07-07T15:12:37.955+05:30 TRACE 10928 --- [           main] o.s.b.f.s.DefaultListableBeanFactory     : Returning cached instance of singleton bean 'autoConfigurationReport'
2023-07-07T15:12:37.955+05:30 TRACE 10928 --- [           main] o.s.b.f.s.DefaultListableBeanFactory     : Returning cached instance of singleton bean 'autoConfigurationReport'
2023-07-07T15:12:37.955+05:30 TRACE 10928 --- [           main] o.s.b.f.s.DefaultListableBeanFactory     : Returning cached instance of singleton bean 'autoConfigurationReport'
2023-07-07T15:12:37.955+05:30 TRACE 10928 --- [           main] o.s.b.f.s.DefaultListableBeanFactory     : Returning cached instance of singleton bean 'autoConfigurationReport'
2023-07-07T15:12:37.955+05:30 TRACE 10928 --- [           main] o.s.b.f.s.DefaultListableBeanFactory     : Returning cached instance of singleton bean 'autoConfigurationReport'
2023-07-07T15:12:37.957+05:30 TRACE 10928 --- [           main] o.s.b.f.s.DefaultListableBeanFactory     : Returning cached instance of singleton bean 'autoConfigurationReport'
2023-07-07T15:12:37.964+05:30 TRACE 10928 --- [           main] o.s.b.a.condition.OnClassCondition       : Condition OnClassCondition on org.springframework.boot.actuate.autoconfigure.cloudfoundry.servlet.CloudFoundryActuatorAutoConfiguration matched due to @ConditionalOnClass found required class 'org.springframework.web.servlet.DispatcherServlet'
2023-07-07T15:12:37.964+05:30 TRACE 10928 --- [           main] o.s.b.f.s.DefaultListableBeanFactory     : Returning cached instance of singleton bean 'autoConfigurationReport'
2023-07-07T15:12:37.964+05:30 TRACE 10928 --- [           main] o.s.b.a.c.OnWebApplicationCondition      : Condition OnWebApplicationCondition on org.springframework.boot.actuate.autoconfigure.cloudfoundry.servlet.CloudFoundryActuatorAutoConfiguration matched due to found 'session' scope
2023-07-07T15:12:37.964+05:30 TRACE 10928 --- [           main] o.s.b.f.s.DefaultListableBeanFactory     : Returning cached instance of singleton bean 'autoConfigurationReport'
2023-07-07T15:12:37.964+05:30 TRACE 10928 --- [           main] o.s.b.a.condition.OnPropertyCondition    : Condition OnPropertyCondition on org.springframework.boot.actuate.autoconfigure.cloudfoundry.servlet.CloudFoundryActuatorAutoConfiguration matched due to @ConditionalOnProperty (management.cloudfoundry.enabled) matched
2023-07-07T15:12:37.964+05:30 TRACE 10928 --- [           main] o.s.b.f.s.DefaultListableBeanFactory     : Returning cached instance of singleton bean 'autoConfigurationReport'
2023-07-07T15:12:37.965+05:30 TRACE 10928 --- [           main] o.s.b.a.c.OnCloudPlatformCondition       : Condition OnCloudPlatformCondition on org.springframework.boot.actuate.autoconfigure.cloudfoundry.servlet.CloudFoundryActuatorAutoConfiguration did not match due to @ConditionalOnCloudPlatform did not find CLOUD_FOUNDRY
2023-07-07T15:12:37.965+05:30 TRACE 10928 --- [           main] o.s.b.f.s.DefaultListableBeanFactory     : Returning cached instance of singleton bean 'autoConfigurationReport'
2023-07-07T15:12:37.965+05:30 TRACE 10928 --- [           main] o.s.b.f.s.DefaultListableBeanFactory     : Returning cached instance of singleton bean 'autoConfigurationReport'
2023-07-07T15:12:37.965+05:30 TRACE 10928 --- [           main] o.s.b.f.s.DefaultListableBeanFactory     : Returning cached instance of singleton bean 'autoConfigurationReport'
2023-07-07T15:12:37.966+05:30 TRACE 10928 --- [           main] o.s.b.f.s.DefaultListableBeanFactory     : Returning cached instance of singleton bean 'autoConfigurationReport'
2023-07-07T15:12:37.966+05:30 TRACE 10928 --- [           main] o.s.b.f.s.DefaultListableBeanFactory     : Returning cached instance of singleton bean 'autoConfigurationReport'
2023-07-07T15:12:37.967+05:30 TRACE 10928 --- [           main] o.s.b.f.s.DefaultListableBeanFactory     : Returning cached instance of singleton bean 'autoConfigurationReport'
2023-07-07T15:12:37.967+05:30 TRACE 10928 --- [           main] o.s.b.f.s.DefaultListableBeanFactory     : Returning cached instance of singleton bean 'autoConfigurationReport'
2023-07-07T15:12:37.970+05:30 TRACE 10928 --- [           main] s.b.a.a.e.c.OnAvailableEndpointCondition : Condition OnAvailableEndpointCondition on org.springframework.boot.actuate.autoconfigure.condition.ConditionsReportEndpointAutoConfiguration did not match due to @ConditionalOnAvailableEndpoint no 'management.endpoints' property marked it as exposed
2023-07-07T15:12:37.971+05:30 TRACE 10928 --- [           main] o.s.b.f.s.DefaultListableBeanFactory     : Returning cached instance of singleton bean 'autoConfigurationReport'
2023-07-07T15:12:37.971+05:30 TRACE 10928 --- [           main] o.s.b.f.s.DefaultListableBeanFactory     : Returning cached instance of singleton bean 'autoConfigurationReport'
2023-07-07T15:12:37.971+05:30 TRACE 10928 --- [           main] o.s.b.f.s.DefaultListableBeanFactory     : Returning cached instance of singleton bean 'autoConfigurationReport'
2023-07-07T15:12:37.971+05:30 TRACE 10928 --- [           main] o.s.b.f.s.DefaultListableBeanFactory     : Returning cached instance of singleton bean 'autoConfigurationReport'
2023-07-07T15:12:37.971+05:30 TRACE 10928 --- [           main] o.s.b.f.s.DefaultListableBeanFactory     : Returning cached instance of singleton bean 'autoConfigurationReport'
2023-07-07T15:12:37.971+05:30 TRACE 10928 --- [           main] o.s.b.f.s.DefaultListableBeanFactory     : Returning cached instance of singleton bean 'autoConfigurationReport'
2023-07-07T15:12:37.971+05:30 TRACE 10928 --- [           main] o.s.b.f.s.DefaultListableBeanFactory     : Returning cached instance of singleton bean 'autoConfigurationReport'
2023-07-07T15:12:37.973+05:30 TRACE 10928 --- [           main] s.b.a.a.e.c.OnAvailableEndpointCondition : Condition OnAvailableEndpointCondition on org.springframework.boot.actuate.autoconfigure.context.ShutdownEndpointAutoConfiguration did not match due to @ConditionalOnAvailableEndpoint no property management.endpoint.shutdown.enabled found so using endpoint default of false
2023-07-07T15:12:37.974+05:30 TRACE 10928 --- [           main] o.s.b.f.s.DefaultListableBeanFactory     : Returning cached instance of singleton bean 'autoConfigurationReport'
2023-07-07T15:12:37.974+05:30 TRACE 10928 --- [           main] o.s.b.f.s.DefaultListableBeanFactory     : Returning cached instance of singleton bean 'autoConfigurationReport'
2023-07-07T15:12:37.974+05:30 TRACE 10928 --- [           main] o.s.b.f.s.DefaultListableBeanFactory     : Returning cached instance of singleton bean 'autoConfigurationReport'
2023-07-07T15:12:37.974+05:30 TRACE 10928 --- [           main] o.s.b.f.s.DefaultListableBeanFactory     : Returning cached instance of singleton bean 'autoConfigurationReport'
2023-07-07T15:12:37.974+05:30 TRACE 10928 --- [           main] o.s.b.f.s.DefaultListableBeanFactory     : Returning cached instance of singleton bean 'autoConfigurationReport'
2023-07-07T15:12:37.974+05:30 TRACE 10928 --- [           main] o.s.b.f.s.DefaultListableBeanFactory     : Returning cached instance of singleton bean 'autoConfigurationReport'
2023-07-07T15:12:37.974+05:30 TRACE 10928 --- [           main] o.s.b.f.s.DefaultListableBeanFactory     : Returning cached instance of singleton bean 'autoConfigurationReport'
2023-07-07T15:12:37.978+05:30 TRACE 10928 --- [           main] s.b.a.a.e.c.OnAvailableEndpointCondition : Condition OnAvailableEndpointCondition on org.springframework.boot.actuate.autoconfigure.context.properties.ConfigurationPropertiesReportEndpointAutoConfiguration did not match due to @ConditionalOnAvailableEndpoint no 'management.endpoints' property marked it as exposed
2023-07-07T15:12:37.978+05:30 TRACE 10928 --- [           main] o.s.b.f.s.DefaultListableBeanFactory     : Returning cached instance of singleton bean 'autoConfigurationReport'
2023-07-07T15:12:37.978+05:30 TRACE 10928 --- [           main] o.s.b.f.s.DefaultListableBeanFactory     : Returning cached instance of singleton bean 'autoConfigurationReport'
2023-07-07T15:12:37.978+05:30 TRACE 10928 --- [           main] o.s.b.f.s.DefaultListableBeanFactory     : Returning cached instance of singleton bean 'autoConfigurationReport'
2023-07-07T15:12:37.978+05:30 TRACE 10928 --- [           main] o.s.b.f.s.DefaultListableBeanFactory     : Returning cached instance of singleton bean 'autoConfigurationReport'
2023-07-07T15:12:37.978+05:30 TRACE 10928 --- [           main] o.s.b.f.s.DefaultListableBeanFactory     : Returning cached instance of singleton bean 'autoConfigurationReport'
2023-07-07T15:12:37.978+05:30 TRACE 10928 --- [           main] o.s.b.f.s.DefaultListableBeanFactory     : Returning cached instance of singleton bean 'autoConfigurationReport'
2023-07-07T15:12:37.978+05:30 TRACE 10928 --- [           main] o.s.b.f.s.DefaultListableBeanFactory     : Returning cached instance of singleton bean 'autoConfigurationReport'
2023-07-07T15:12:37.979+05:30 TRACE 10928 --- [           main] o.s.b.f.s.DefaultListableBeanFactory     : Returning cached instance of singleton bean 'autoConfigurationReport'
2023-07-07T15:12:37.979+05:30 TRACE 10928 --- [           main] o.s.b.f.s.DefaultListableBeanFactory     : Returning cached instance of singleton bean 'autoConfigurationReport'
2023-07-07T15:12:37.979+05:30 TRACE 10928 --- [           main] o.s.b.f.s.DefaultListableBeanFactory     : Returning cached instance of singleton bean 'autoConfigurationReport'
2023-07-07T15:12:37.980+05:30 TRACE 10928 --- [           main] o.s.b.f.s.DefaultListableBeanFactory     : Returning cached instance of singleton bean 'autoConfigurationReport'
2023-07-07T15:12:37.980+05:30 TRACE 10928 --- [           main] o.s.b.f.s.DefaultListableBeanFactory     : Returning cached instance of singleton bean 'autoConfigurationReport'
2023-07-07T15:12:37.980+05:30 TRACE 10928 --- [           main] o.s.b.f.s.DefaultListableBeanFactory     : Returning cached instance of singleton bean 'autoConfigurationReport'
2023-07-07T15:12:37.980+05:30 TRACE 10928 --- [           main] o.s.b.f.s.DefaultListableBeanFactory     : Returning cached instance of singleton bean 'autoConfigurationReport'
2023-07-07T15:12:37.980+05:30 TRACE 10928 --- [           main] o.s.b.f.s.DefaultListableBeanFactory     : Returning cached instance of singleton bean 'autoConfigurationReport'
2023-07-07T15:12:37.980+05:30 TRACE 10928 --- [           main] o.s.b.f.s.DefaultListableBeanFactory     : Returning cached instance of singleton bean 'autoConfigurationReport'
2023-07-07T15:12:37.981+05:30 TRACE 10928 --- [           main] o.s.b.f.s.DefaultListableBeanFactory     : Returning cached instance of singleton bean 'autoConfigurationReport'
2023-07-07T15:12:37.981+05:30 TRACE 10928 --- [           main] o.s.b.f.s.DefaultListableBeanFactory     : Returning cached instance of singleton bean 'autoConfigurationReport'
2023-07-07T15:12:37.981+05:30 TRACE 10928 --- [           main] o.s.b.f.s.DefaultListableBeanFactory     : Returning cached instance of singleton bean 'autoConfigurationReport'
2023-07-07T15:12:37.981+05:30 TRACE 10928 --- [           main] o.s.b.f.s.DefaultListableBeanFactory     : Returning cached instance of singleton bean 'autoConfigurationReport'
2023-07-07T15:12:37.981+05:30 TRACE 10928 --- [           main] o.s.b.f.s.DefaultListableBeanFactory     : Returning cached instance of singleton bean 'autoConfigurationReport'
2023-07-07T15:12:37.981+05:30 TRACE 10928 --- [           main] o.s.b.f.s.DefaultListableBeanFactory     : Returning cached instance of singleton bean 'autoConfigurationReport'
2023-07-07T15:12:37.981+05:30 TRACE 10928 --- [           main] o.s.b.f.s.DefaultListableBeanFactory     : Returning cached instance of singleton bean 'autoConfigurationReport'
2023-07-07T15:12:37.982+05:30 TRACE 10928 --- [           main] o.s.b.f.s.DefaultListableBeanFactory     : Returning cached instance of singleton bean 'autoConfigurationReport'
2023-07-07T15:12:37.982+05:30 TRACE 10928 --- [           main] o.s.b.f.s.DefaultListableBeanFactory     : Returning cached instance of singleton bean 'autoConfigurationReport'
2023-07-07T15:12:37.983+05:30 TRACE 10928 --- [           main] o.s.b.a.condition.OnClassCondition       : Condition OnClassCondition on org.springframework.boot.autoconfigure.jmx.JmxAutoConfiguration matched due to @ConditionalOnClass found required class 'org.springframework.jmx.export.MBeanExporter'
2023-07-07T15:12:37.983+05:30 TRACE 10928 --- [           main] o.s.b.f.s.DefaultListableBeanFactory     : Returning cached instance of singleton bean 'autoConfigurationReport'
2023-07-07T15:12:37.985+05:30 TRACE 10928 --- [           main] o.s.b.a.condition.OnPropertyCondition    : Condition OnPropertyCondition on org.springframework.boot.autoconfigure.jmx.JmxAutoConfiguration did not match due to @ConditionalOnProperty (spring.jmx.enabled=true) found different value in property 'enabled'
2023-07-07T15:12:37.985+05:30 TRACE 10928 --- [           main] o.s.b.f.s.DefaultListableBeanFactory     : Returning cached instance of singleton bean 'autoConfigurationReport'
2023-07-07T15:12:37.985+05:30 TRACE 10928 --- [           main] o.s.b.f.s.DefaultListableBeanFactory     : Returning cached instance of singleton bean 'autoConfigurationReport'
2023-07-07T15:12:37.985+05:30 TRACE 10928 --- [           main] o.s.b.f.s.DefaultListableBeanFactory     : Returning cached instance of singleton bean 'autoConfigurationReport'
2023-07-07T15:12:37.985+05:30 TRACE 10928 --- [           main] o.s.b.f.s.DefaultListableBeanFactory     : Returning cached instance of singleton bean 'autoConfigurationReport'
2023-07-07T15:12:37.985+05:30 TRACE 10928 --- [           main] o.s.b.f.s.DefaultListableBeanFactory     : Returning cached instance of singleton bean 'autoConfigurationReport'
2023-07-07T15:12:37.985+05:30 TRACE 10928 --- [           main] o.s.b.f.s.DefaultListableBeanFactory     : Returning cached instance of singleton bean 'autoConfigurationReport'
2023-07-07T15:12:37.985+05:30 TRACE 10928 --- [           main] o.s.b.f.s.DefaultListableBeanFactory     : Returning cached instance of singleton bean 'autoConfigurationReport'
2023-07-07T15:12:37.987+05:30 TRACE 10928 --- [           main] o.s.b.a.condition.OnPropertyCondition    : Condition OnPropertyCondition on org.springframework.boot.actuate.autoconfigure.endpoint.jmx.JmxEndpointAutoConfiguration did not match due to @ConditionalOnProperty (spring.jmx.enabled=true) found different value in property 'enabled'
2023-07-07T15:12:37.987+05:30 TRACE 10928 --- [           main] o.s.b.f.s.DefaultListableBeanFactory     : Returning cached instance of singleton bean 'autoConfigurationReport'
2023-07-07T15:12:37.987+05:30 TRACE 10928 --- [           main] o.s.b.f.s.DefaultListableBeanFactory     : Returning cached instance of singleton bean 'autoConfigurationReport'
2023-07-07T15:12:37.987+05:30 TRACE 10928 --- [           main] o.s.b.f.s.DefaultListableBeanFactory     : Returning cached instance of singleton bean 'autoConfigurationReport'
2023-07-07T15:12:37.987+05:30 TRACE 10928 --- [           main] o.s.b.f.s.DefaultListableBeanFactory     : Returning cached instance of singleton bean 'autoConfigurationReport'
2023-07-07T15:12:37.987+05:30 TRACE 10928 --- [           main] o.s.b.f.s.DefaultListableBeanFactory     : Returning cached instance of singleton bean 'autoConfigurationReport'
2023-07-07T15:12:37.987+05:30 TRACE 10928 --- [           main] o.s.b.f.s.DefaultListableBeanFactory     : Returning cached instance of singleton bean 'autoConfigurationReport'
2023-07-07T15:12:37.987+05:30 TRACE 10928 --- [           main] o.s.b.f.s.DefaultListableBeanFactory     : Returning cached instance of singleton bean 'autoConfigurationReport'
2023-07-07T15:12:37.988+05:30 TRACE 10928 --- [           main] o.s.b.a.c.OnWebApplicationCondition      : Condition OnWebApplicationCondition on org.springframework.boot.actuate.autoconfigure.endpoint.web.WebEndpointAutoConfiguration matched due to @ConditionalOnWebApplication (required) found 'session' scope
2023-07-07T15:12:37.988+05:30 TRACE 10928 --- [           main] o.s.b.f.s.DefaultListableBeanFactory     : Returning cached instance of singleton bean 'autoConfigurationReport'
2023-07-07T15:12:37.988+05:30 TRACE 10928 --- [           main] o.s.b.f.s.DefaultListableBeanFactory     : Returning cached instance of singleton bean 'autoConfigurationReport'
2023-07-07T15:12:37.989+05:30 TRACE 10928 --- [           main] o.s.b.f.s.DefaultListableBeanFactory     : Returning cached instance of singleton bean 'autoConfigurationReport'
2023-07-07T15:12:37.989+05:30 TRACE 10928 --- [           main] o.s.b.f.s.DefaultListableBeanFactory     : Returning cached instance of singleton bean 'autoConfigurationReport'
2023-07-07T15:12:37.990+05:30 TRACE 10928 --- [           main] o.s.b.a.c.OnWebApplicationCondition      : Condition OnWebApplicationCondition on org.springframework.boot.actuate.autoconfigure.endpoint.web.WebEndpointAutoConfiguration$WebEndpointServletConfiguration matched due to found 'session' scope
2023-07-07T15:12:37.990+05:30 TRACE 10928 --- [           main] o.s.b.f.s.DefaultListableBeanFactory     : Returning cached instance of singleton bean 'autoConfigurationReport'
2023-07-07T15:12:37.990+05:30 TRACE 10928 --- [           main] o.s.b.f.s.DefaultListableBeanFactory     : Returning cached instance of singleton bean 'autoConfigurationReport'
2023-07-07T15:12:37.990+05:30 TRACE 10928 --- [           main] o.s.b.f.s.DefaultListableBeanFactory     : Returning cached instance of singleton bean 'autoConfigurationReport'
2023-07-07T15:12:37.990+05:30 TRACE 10928 --- [           main] o.s.b.f.s.DefaultListableBeanFactory     : Returning cached instance of singleton bean 'autoConfigurationReport'
2023-07-07T15:12:37.991+05:30 TRACE 10928 --- [           main] o.s.b.f.s.DefaultListableBeanFactory     : Returning cached instance of singleton bean 'autoConfigurationReport'
2023-07-07T15:12:37.991+05:30 TRACE 10928 --- [           main] o.s.b.f.s.DefaultListableBeanFactory     : Returning cached instance of singleton bean 'autoConfigurationReport'
2023-07-07T15:12:37.991+05:30 TRACE 10928 --- [           main] o.s.b.f.s.DefaultListableBeanFactory     : Returning cached instance of singleton bean 'autoConfigurationReport'
2023-07-07T15:12:37.991+05:30 TRACE 10928 --- [           main] o.s.b.f.s.DefaultListableBeanFactory     : Returning cached instance of singleton bean 'autoConfigurationReport'
2023-07-07T15:12:37.991+05:30 TRACE 10928 --- [           main] o.s.b.f.s.DefaultListableBeanFactory     : Returning cached instance of singleton bean 'autoConfigurationReport'
2023-07-07T15:12:37.991+05:30 TRACE 10928 --- [           main] o.s.b.f.s.DefaultListableBeanFactory     : Returning cached instance of singleton bean 'autoConfigurationReport'
2023-07-07T15:12:37.993+05:30 TRACE 10928 --- [           main] s.b.a.a.e.c.OnAvailableEndpointCondition : Condition OnAvailableEndpointCondition on org.springframework.boot.actuate.autoconfigure.env.EnvironmentEndpointAutoConfiguration did not match due to @ConditionalOnAvailableEndpoint no 'management.endpoints' property marked it as exposed
2023-07-07T15:12:37.993+05:30 TRACE 10928 --- [           main] o.s.b.f.s.DefaultListableBeanFactory     : Returning cached instance of singleton bean 'autoConfigurationReport'
2023-07-07T15:12:37.993+05:30 TRACE 10928 --- [           main] o.s.b.f.s.DefaultListableBeanFactory     : Returning cached instance of singleton bean 'autoConfigurationReport'
2023-07-07T15:12:37.993+05:30 TRACE 10928 --- [           main] o.s.b.f.s.DefaultListableBeanFactory     : Returning cached instance of singleton bean 'autoConfigurationReport'
2023-07-07T15:12:37.993+05:30 TRACE 10928 --- [           main] o.s.b.f.s.DefaultListableBeanFactory     : Returning cached instance of singleton bean 'autoConfigurationReport'
2023-07-07T15:12:37.994+05:30 TRACE 10928 --- [           main] o.s.b.f.s.DefaultListableBeanFactory     : Returning cached instance of singleton bean 'autoConfigurationReport'
2023-07-07T15:12:37.994+05:30 TRACE 10928 --- [           main] o.s.b.f.s.DefaultListableBeanFactory     : Returning cached instance of singleton bean 'autoConfigurationReport'
2023-07-07T15:12:37.994+05:30 TRACE 10928 --- [           main] o.s.b.f.s.DefaultListableBeanFactory     : Returning cached instance of singleton bean 'autoConfigurationReport'
2023-07-07T15:12:37.996+05:30 TRACE 10928 --- [           main] .a.a.h.OnEnabledHealthIndicatorCondition : Condition OnEnabledHealthIndicatorCondition on org.springframework.boot.actuate.autoconfigure.system.DiskSpaceHealthContributorAutoConfiguration matched due to @ConditionalOnEnabledHealthIndicator management.health.defaults.enabled is considered true
2023-07-07T15:12:37.996+05:30 TRACE 10928 --- [           main] o.s.b.f.s.DefaultListableBeanFactory     : Returning cached instance of singleton bean 'autoConfigurationReport'
2023-07-07T15:12:37.996+05:30 TRACE 10928 --- [           main] o.s.b.f.s.DefaultListableBeanFactory     : Returning cached instance of singleton bean 'autoConfigurationReport'
2023-07-07T15:12:37.996+05:30 TRACE 10928 --- [           main] o.s.b.f.s.DefaultListableBeanFactory     : Returning cached instance of singleton bean 'autoConfigurationReport'
2023-07-07T15:12:37.996+05:30 TRACE 10928 --- [           main] o.s.b.f.s.DefaultListableBeanFactory     : Returning cached instance of singleton bean 'autoConfigurationReport'
2023-07-07T15:12:37.997+05:30 TRACE 10928 --- [           main] o.s.b.f.s.DefaultListableBeanFactory     : Returning cached instance of singleton bean 'autoConfigurationReport'
2023-07-07T15:12:37.997+05:30 TRACE 10928 --- [           main] o.s.b.f.s.DefaultListableBeanFactory     : Returning cached instance of singleton bean 'autoConfigurationReport'
2023-07-07T15:12:37.997+05:30 TRACE 10928 --- [           main] o.s.b.f.s.DefaultListableBeanFactory     : Returning cached instance of singleton bean 'autoConfigurationReport'
2023-07-07T15:12:37.997+05:30 TRACE 10928 --- [           main] o.s.b.f.s.DefaultListableBeanFactory     : Returning cached instance of singleton bean 'autoConfigurationReport'
2023-07-07T15:12:37.997+05:30 TRACE 10928 --- [           main] o.s.b.f.s.DefaultListableBeanFactory     : Returning cached instance of singleton bean 'autoConfigurationReport'
2023-07-07T15:12:37.997+05:30 TRACE 10928 --- [           main] o.s.b.f.s.DefaultListableBeanFactory     : Returning cached instance of singleton bean 'autoConfigurationReport'
2023-07-07T15:12:37.997+05:30 TRACE 10928 --- [           main] o.s.b.f.s.DefaultListableBeanFactory     : Returning cached instance of singleton bean 'autoConfigurationReport'
2023-07-07T15:12:37.997+05:30 TRACE 10928 --- [           main] o.s.b.f.s.DefaultListableBeanFactory     : Returning cached instance of singleton bean 'autoConfigurationReport'
2023-07-07T15:12:37.998+05:30 TRACE 10928 --- [           main] o.s.b.f.s.DefaultListableBeanFactory     : Returning cached instance of singleton bean 'autoConfigurationReport'
2023-07-07T15:12:37.998+05:30 TRACE 10928 --- [           main] o.s.b.f.s.DefaultListableBeanFactory     : Returning cached instance of singleton bean 'autoConfigurationReport'
2023-07-07T15:12:37.998+05:30 TRACE 10928 --- [           main] o.s.b.f.s.DefaultListableBeanFactory     : Returning cached instance of singleton bean 'autoConfigurationReport'
2023-07-07T15:12:37.998+05:30 TRACE 10928 --- [           main] o.s.b.f.s.DefaultListableBeanFactory     : Returning cached instance of singleton bean 'autoConfigurationReport'
2023-07-07T15:12:37.998+05:30 TRACE 10928 --- [           main] o.s.b.f.s.DefaultListableBeanFactory     : Returning cached instance of singleton bean 'autoConfigurationReport'
2023-07-07T15:12:37.998+05:30 TRACE 10928 --- [           main] o.s.b.f.s.DefaultListableBeanFactory     : Returning cached instance of singleton bean 'autoConfigurationReport'
2023-07-07T15:12:37.998+05:30 TRACE 10928 --- [           main] o.s.b.f.s.DefaultListableBeanFactory     : Returning cached instance of singleton bean 'autoConfigurationReport'
2023-07-07T15:12:38.004+05:30 TRACE 10928 --- [           main] s.b.a.a.e.c.OnAvailableEndpointCondition : Condition OnAvailableEndpointCondition on org.springframework.boot.actuate.autoconfigure.logging.LogFileWebEndpointAutoConfiguration did not match due to @ConditionalOnAvailableEndpoint no 'management.endpoints' property marked it as exposed
2023-07-07T15:12:38.004+05:30 TRACE 10928 --- [           main] o.s.b.f.s.DefaultListableBeanFactory     : Returning cached instance of singleton bean 'autoConfigurationReport'
2023-07-07T15:12:38.004+05:30 TRACE 10928 --- [           main] o.s.b.f.s.DefaultListableBeanFactory     : Returning cached instance of singleton bean 'autoConfigurationReport'
2023-07-07T15:12:38.004+05:30 TRACE 10928 --- [           main] o.s.b.f.s.DefaultListableBeanFactory     : Returning cached instance of singleton bean 'autoConfigurationReport'
2023-07-07T15:12:38.004+05:30 TRACE 10928 --- [           main] o.s.b.f.s.DefaultListableBeanFactory     : Returning cached instance of singleton bean 'autoConfigurationReport'
2023-07-07T15:12:38.004+05:30 TRACE 10928 --- [           main] o.s.b.f.s.DefaultListableBeanFactory     : Returning cached instance of singleton bean 'autoConfigurationReport'
2023-07-07T15:12:38.005+05:30 TRACE 10928 --- [           main] o.s.b.f.s.DefaultListableBeanFactory     : Returning cached instance of singleton bean 'autoConfigurationReport'
2023-07-07T15:12:38.005+05:30 TRACE 10928 --- [           main] o.s.b.f.s.DefaultListableBeanFactory     : Returning cached instance of singleton bean 'autoConfigurationReport'
2023-07-07T15:12:38.010+05:30 TRACE 10928 --- [           main] s.b.a.a.e.c.OnAvailableEndpointCondition : Condition OnAvailableEndpointCondition on org.springframework.boot.actuate.autoconfigure.logging.LoggersEndpointAutoConfiguration did not match due to @ConditionalOnAvailableEndpoint no 'management.endpoints' property marked it as exposed
2023-07-07T15:12:38.010+05:30 TRACE 10928 --- [           main] o.s.b.f.s.DefaultListableBeanFactory     : Returning cached instance of singleton bean 'autoConfigurationReport'
2023-07-07T15:12:38.010+05:30 TRACE 10928 --- [           main] o.s.b.f.s.DefaultListableBeanFactory     : Returning cached instance of singleton bean 'autoConfigurationReport'
2023-07-07T15:12:38.010+05:30 TRACE 10928 --- [           main] o.s.b.f.s.DefaultListableBeanFactory     : Returning cached instance of singleton bean 'autoConfigurationReport'
2023-07-07T15:12:38.010+05:30 TRACE 10928 --- [           main] o.s.b.f.s.DefaultListableBeanFactory     : Returning cached instance of singleton bean 'autoConfigurationReport'
2023-07-07T15:12:38.010+05:30 TRACE 10928 --- [           main] o.s.b.f.s.DefaultListableBeanFactory     : Returning cached instance of singleton bean 'autoConfigurationReport'
2023-07-07T15:12:38.010+05:30 TRACE 10928 --- [           main] o.s.b.f.s.DefaultListableBeanFactory     : Returning cached instance of singleton bean 'autoConfigurationReport'
2023-07-07T15:12:38.010+05:30 TRACE 10928 --- [           main] o.s.b.f.s.DefaultListableBeanFactory     : Returning cached instance of singleton bean 'autoConfigurationReport'
2023-07-07T15:12:38.011+05:30 TRACE 10928 --- [           main] s.b.a.a.e.c.OnAvailableEndpointCondition : Condition OnAvailableEndpointCondition on org.springframework.boot.actuate.autoconfigure.management.HeapDumpWebEndpointAutoConfiguration did not match due to @ConditionalOnAvailableEndpoint no 'management.endpoints' property marked it as exposed
2023-07-07T15:12:38.011+05:30 TRACE 10928 --- [           main] o.s.b.f.s.DefaultListableBeanFactory     : Returning cached instance of singleton bean 'autoConfigurationReport'
2023-07-07T15:12:38.011+05:30 TRACE 10928 --- [           main] o.s.b.f.s.DefaultListableBeanFactory     : Returning cached instance of singleton bean 'autoConfigurationReport'
2023-07-07T15:12:38.012+05:30 TRACE 10928 --- [           main] o.s.b.f.s.DefaultListableBeanFactory     : Returning cached instance of singleton bean 'autoConfigurationReport'
2023-07-07T15:12:38.012+05:30 TRACE 10928 --- [           main] o.s.b.f.s.DefaultListableBeanFactory     : Returning cached instance of singleton bean 'autoConfigurationReport'
2023-07-07T15:12:38.012+05:30 TRACE 10928 --- [           main] o.s.b.f.s.DefaultListableBeanFactory     : Returning cached instance of singleton bean 'autoConfigurationReport'
2023-07-07T15:12:38.012+05:30 TRACE 10928 --- [           main] o.s.b.f.s.DefaultListableBeanFactory     : Returning cached instance of singleton bean 'autoConfigurationReport'
2023-07-07T15:12:38.012+05:30 TRACE 10928 --- [           main] o.s.b.f.s.DefaultListableBeanFactory     : Returning cached instance of singleton bean 'autoConfigurationReport'
2023-07-07T15:12:38.013+05:30 TRACE 10928 --- [           main] s.b.a.a.e.c.OnAvailableEndpointCondition : Condition OnAvailableEndpointCondition on org.springframework.boot.actuate.autoconfigure.management.ThreadDumpEndpointAutoConfiguration did not match due to @ConditionalOnAvailableEndpoint no 'management.endpoints' property marked it as exposed
2023-07-07T15:12:38.013+05:30 TRACE 10928 --- [           main] o.s.b.f.s.DefaultListableBeanFactory     : Returning cached instance of singleton bean 'autoConfigurationReport'
2023-07-07T15:12:38.013+05:30 TRACE 10928 --- [           main] o.s.b.f.s.DefaultListableBeanFactory     : Returning cached instance of singleton bean 'autoConfigurationReport'
2023-07-07T15:12:38.013+05:30 TRACE 10928 --- [           main] o.s.b.f.s.DefaultListableBeanFactory     : Returning cached instance of singleton bean 'autoConfigurationReport'
2023-07-07T15:12:38.013+05:30 TRACE 10928 --- [           main] o.s.b.f.s.DefaultListableBeanFactory     : Returning cached instance of singleton bean 'autoConfigurationReport'
2023-07-07T15:12:38.013+05:30 TRACE 10928 --- [           main] o.s.b.f.s.DefaultListableBeanFactory     : Returning cached instance of singleton bean 'autoConfigurationReport'
2023-07-07T15:12:38.013+05:30 TRACE 10928 --- [           main] o.s.b.f.s.DefaultListableBeanFactory     : Returning cached instance of singleton bean 'autoConfigurationReport'
2023-07-07T15:12:38.013+05:30 TRACE 10928 --- [           main] o.s.b.f.s.DefaultListableBeanFactory     : Returning cached instance of singleton bean 'autoConfigurationReport'
2023-07-07T15:12:38.015+05:30 TRACE 10928 --- [           main] o.s.b.a.condition.OnClassCondition       : Condition OnClassCondition on org.springframework.boot.actuate.autoconfigure.metrics.MetricsAutoConfiguration matched due to @ConditionalOnClass found required class 'io.micrometer.core.annotation.Timed'
2023-07-07T15:12:38.015+05:30 TRACE 10928 --- [           main] o.s.b.f.s.DefaultListableBeanFactory     : Returning cached instance of singleton bean 'autoConfigurationReport'
2023-07-07T15:12:38.015+05:30 TRACE 10928 --- [           main] o.s.b.f.s.DefaultListableBeanFactory     : Returning cached instance of singleton bean 'autoConfigurationReport'
2023-07-07T15:12:38.015+05:30 TRACE 10928 --- [           main] o.s.b.f.s.DefaultListableBeanFactory     : Returning cached instance of singleton bean 'autoConfigurationReport'
2023-07-07T15:12:38.015+05:30 TRACE 10928 --- [           main] o.s.b.f.s.DefaultListableBeanFactory     : Returning cached instance of singleton bean 'autoConfigurationReport'
2023-07-07T15:12:38.015+05:30 TRACE 10928 --- [           main] o.s.b.f.s.DefaultListableBeanFactory     : Returning cached instance of singleton bean 'autoConfigurationReport'
2023-07-07T15:12:38.015+05:30 TRACE 10928 --- [           main] o.s.b.f.s.DefaultListableBeanFactory     : Returning cached instance of singleton bean 'autoConfigurationReport'
2023-07-07T15:12:38.015+05:30 TRACE 10928 --- [           main] o.s.b.f.s.DefaultListableBeanFactory     : Returning cached instance of singleton bean 'autoConfigurationReport'
2023-07-07T15:12:38.016+05:30 TRACE 10928 --- [           main] o.s.b.f.s.DefaultListableBeanFactory     : Returning cached instance of singleton bean 'autoConfigurationReport'
2023-07-07T15:12:38.016+05:30 TRACE 10928 --- [           main] o.s.b.f.s.DefaultListableBeanFactory     : Returning cached instance of singleton bean 'autoConfigurationReport'
2023-07-07T15:12:38.016+05:30 TRACE 10928 --- [           main] o.s.b.f.s.DefaultListableBeanFactory     : Returning cached instance of singleton bean 'autoConfigurationReport'
2023-07-07T15:12:38.019+05:30 TRACE 10928 --- [           main] .a.a.m.e.OnMetricsExportEnabledCondition : Condition OnMetricsExportEnabledCondition on org.springframework.boot.actuate.autoconfigure.metrics.export.simple.SimpleMetricsExportAutoConfiguration matched due to @ConditionalOnEnabledMetricsExport management.simple.metrics.export.enabled is true
2023-07-07T15:12:38.021+05:30 TRACE 10928 --- [           main] o.s.b.f.s.DefaultListableBeanFactory     : Returning cached instance of singleton bean 'autoConfigurationReport'
2023-07-07T15:12:38.021+05:30 TRACE 10928 --- [           main] o.s.b.f.s.DefaultListableBeanFactory     : Returning cached instance of singleton bean 'autoConfigurationReport'
2023-07-07T15:12:38.021+05:30 TRACE 10928 --- [           main] o.s.b.f.s.DefaultListableBeanFactory     : Returning cached instance of singleton bean 'autoConfigurationReport'
2023-07-07T15:12:38.021+05:30 TRACE 10928 --- [           main] o.s.b.f.s.DefaultListableBeanFactory     : Returning cached instance of singleton bean 'autoConfigurationReport'
2023-07-07T15:12:38.021+05:30 TRACE 10928 --- [           main] o.s.b.f.s.DefaultListableBeanFactory     : Returning cached instance of singleton bean 'autoConfigurationReport'
2023-07-07T15:12:38.021+05:30 TRACE 10928 --- [           main] o.s.b.f.s.DefaultListableBeanFactory     : Returning cached instance of singleton bean 'autoConfigurationReport'
2023-07-07T15:12:38.022+05:30 TRACE 10928 --- [           main] o.s.b.f.s.DefaultListableBeanFactory     : Returning cached instance of singleton bean 'autoConfigurationReport'
2023-07-07T15:12:38.022+05:30 TRACE 10928 --- [           main] o.s.b.f.s.DefaultListableBeanFactory     : Returning cached instance of singleton bean 'autoConfigurationReport'
2023-07-07T15:12:38.022+05:30 TRACE 10928 --- [           main] o.s.b.f.s.DefaultListableBeanFactory     : Returning cached instance of singleton bean 'autoConfigurationReport'
2023-07-07T15:12:38.022+05:30 TRACE 10928 --- [           main] o.s.b.f.s.DefaultListableBeanFactory     : Returning cached instance of singleton bean 'autoConfigurationReport'
2023-07-07T15:12:38.023+05:30 TRACE 10928 --- [           main] o.s.b.a.condition.OnClassCondition       : Condition OnClassCondition on org.springframework.boot.actuate.autoconfigure.metrics.CompositeMeterRegistryAutoConfiguration matched due to @ConditionalOnClass found required class 'io.micrometer.core.instrument.composite.CompositeMeterRegistry'
2023-07-07T15:12:38.023+05:30 TRACE 10928 --- [           main] o.s.b.f.s.DefaultListableBeanFactory     : Returning cached instance of singleton bean 'autoConfigurationReport'
2023-07-07T15:12:38.023+05:30 TRACE 10928 --- [           main] o.s.b.f.s.DefaultListableBeanFactory     : Returning cached instance of singleton bean 'autoConfigurationReport'
2023-07-07T15:12:38.023+05:30 TRACE 10928 --- [           main] o.s.b.f.s.DefaultListableBeanFactory     : Returning cached instance of singleton bean 'autoConfigurationReport'
2023-07-07T15:12:38.023+05:30 TRACE 10928 --- [           main] o.s.b.f.s.DefaultListableBeanFactory     : Returning cached instance of singleton bean 'autoConfigurationReport'
2023-07-07T15:12:38.025+05:30 TRACE 10928 --- [           main] o.s.b.f.s.DefaultListableBeanFactory     : Returning cached instance of singleton bean 'autoConfigurationReport'
2023-07-07T15:12:38.025+05:30 TRACE 10928 --- [           main] o.s.b.f.s.DefaultListableBeanFactory     : Returning cached instance of singleton bean 'autoConfigurationReport'
2023-07-07T15:12:38.025+05:30 TRACE 10928 --- [           main] o.s.b.f.s.DefaultListableBeanFactory     : Returning cached instance of singleton bean 'autoConfigurationReport'
2023-07-07T15:12:38.026+05:30 TRACE 10928 --- [           main] o.s.b.f.s.DefaultListableBeanFactory     : Returning cached instance of singleton bean 'autoConfigurationReport'
2023-07-07T15:12:38.027+05:30 TRACE 10928 --- [           main] o.s.b.f.s.DefaultListableBeanFactory     : Returning cached instance of singleton bean 'autoConfigurationReport'
2023-07-07T15:12:38.027+05:30 TRACE 10928 --- [           main] o.s.b.f.s.DefaultListableBeanFactory     : Returning cached instance of singleton bean 'autoConfigurationReport'
2023-07-07T15:12:38.027+05:30 TRACE 10928 --- [           main] o.s.b.f.s.DefaultListableBeanFactory     : Returning cached instance of singleton bean 'autoConfigurationReport'
2023-07-07T15:12:38.027+05:30 TRACE 10928 --- [           main] o.s.b.f.s.DefaultListableBeanFactory     : Returning cached instance of singleton bean 'autoConfigurationReport'
2023-07-07T15:12:38.027+05:30 TRACE 10928 --- [           main] o.s.b.f.s.DefaultListableBeanFactory     : Returning cached instance of singleton bean 'autoConfigurationReport'
2023-07-07T15:12:38.027+05:30 TRACE 10928 --- [           main] o.s.b.f.s.DefaultListableBeanFactory     : Returning cached instance of singleton bean 'autoConfigurationReport'
2023-07-07T15:12:38.027+05:30 TRACE 10928 --- [           main] o.s.b.f.s.DefaultListableBeanFactory     : Returning cached instance of singleton bean 'autoConfigurationReport'
2023-07-07T15:12:38.027+05:30 TRACE 10928 --- [           main] o.s.b.f.s.DefaultListableBeanFactory     : Returning cached instance of singleton bean 'autoConfigurationReport'
2023-07-07T15:12:38.028+05:30 TRACE 10928 --- [           main] o.s.b.a.condition.OnClassCondition       : Condition OnClassCondition on org.springframework.boot.actuate.autoconfigure.metrics.JvmMetricsAutoConfiguration matched due to @ConditionalOnClass found required class 'io.micrometer.core.instrument.MeterRegistry'
2023-07-07T15:12:38.028+05:30 TRACE 10928 --- [           main] o.s.b.f.s.DefaultListableBeanFactory     : Returning cached instance of singleton bean 'autoConfigurationReport'
2023-07-07T15:12:38.028+05:30 TRACE 10928 --- [           main] o.s.b.f.s.DefaultListableBeanFactory     : Returning cached instance of singleton bean 'autoConfigurationReport'
2023-07-07T15:12:38.028+05:30 TRACE 10928 --- [           main] o.s.b.f.s.DefaultListableBeanFactory     : Returning cached instance of singleton bean 'autoConfigurationReport'
2023-07-07T15:12:38.028+05:30 TRACE 10928 --- [           main] o.s.b.f.s.DefaultListableBeanFactory     : Returning cached instance of singleton bean 'autoConfigurationReport'
2023-07-07T15:12:38.029+05:30 TRACE 10928 --- [           main] o.s.b.f.s.DefaultListableBeanFactory     : Returning cached instance of singleton bean 'autoConfigurationReport'
2023-07-07T15:12:38.029+05:30 TRACE 10928 --- [           main] o.s.b.f.s.DefaultListableBeanFactory     : Returning cached instance of singleton bean 'autoConfigurationReport'
2023-07-07T15:12:38.029+05:30 TRACE 10928 --- [           main] o.s.b.f.s.DefaultListableBeanFactory     : Returning cached instance of singleton bean 'autoConfigurationReport'
2023-07-07T15:12:38.029+05:30 TRACE 10928 --- [           main] o.s.b.f.s.DefaultListableBeanFactory     : Returning cached instance of singleton bean 'autoConfigurationReport'
2023-07-07T15:12:38.029+05:30 TRACE 10928 --- [           main] o.s.b.f.s.DefaultListableBeanFactory     : Returning cached instance of singleton bean 'autoConfigurationReport'
2023-07-07T15:12:38.029+05:30 TRACE 10928 --- [           main] o.s.b.f.s.DefaultListableBeanFactory     : Returning cached instance of singleton bean 'autoConfigurationReport'
2023-07-07T15:12:38.030+05:30 TRACE 10928 --- [           main] o.s.b.a.condition.OnClassCondition       : Condition OnClassCondition on org.springframework.boot.actuate.autoconfigure.metrics.LogbackMetricsAutoConfiguration matched due to @ConditionalOnClass found required classes 'io.micrometer.core.instrument.MeterRegistry', 'ch.qos.logback.classic.LoggerContext', 'org.slf4j.LoggerFactory'
2023-07-07T15:12:38.030+05:30 TRACE 10928 --- [           main] o.s.b.f.s.DefaultListableBeanFactory     : Returning cached instance of singleton bean 'autoConfigurationReport'
2023-07-07T15:12:38.031+05:30 TRACE 10928 --- [           main] utoConfiguration$LogbackLoggingCondition : Condition LogbackMetricsAutoConfiguration.LogbackLoggingCondition on org.springframework.boot.actuate.autoconfigure.metrics.LogbackMetricsAutoConfiguration matched due to LogbackLoggingCondition ILoggerFactory is a Logback LoggerContext
2023-07-07T15:12:38.031+05:30 TRACE 10928 --- [           main] o.s.b.f.s.DefaultListableBeanFactory     : Returning cached instance of singleton bean 'autoConfigurationReport'
2023-07-07T15:12:38.031+05:30 TRACE 10928 --- [           main] o.s.b.f.s.DefaultListableBeanFactory     : Returning cached instance of singleton bean 'autoConfigurationReport'
2023-07-07T15:12:38.031+05:30 TRACE 10928 --- [           main] o.s.b.f.s.DefaultListableBeanFactory     : Returning cached instance of singleton bean 'autoConfigurationReport'
2023-07-07T15:12:38.031+05:30 TRACE 10928 --- [           main] o.s.b.f.s.DefaultListableBeanFactory     : Returning cached instance of singleton bean 'autoConfigurationReport'
2023-07-07T15:12:38.031+05:30 TRACE 10928 --- [           main] o.s.b.f.s.DefaultListableBeanFactory     : Returning cached instance of singleton bean 'autoConfigurationReport'
2023-07-07T15:12:38.031+05:30 TRACE 10928 --- [           main] o.s.b.f.s.DefaultListableBeanFactory     : Returning cached instance of singleton bean 'autoConfigurationReport'
2023-07-07T15:12:38.031+05:30 TRACE 10928 --- [           main] o.s.b.f.s.DefaultListableBeanFactory     : Returning cached instance of singleton bean 'autoConfigurationReport'
2023-07-07T15:12:38.031+05:30 TRACE 10928 --- [           main] o.s.b.f.s.DefaultListableBeanFactory     : Returning cached instance of singleton bean 'autoConfigurationReport'
2023-07-07T15:12:38.031+05:30 TRACE 10928 --- [           main] o.s.b.f.s.DefaultListableBeanFactory     : Returning cached instance of singleton bean 'autoConfigurationReport'
2023-07-07T15:12:38.031+05:30 TRACE 10928 --- [           main] o.s.b.f.s.DefaultListableBeanFactory     : Returning cached instance of singleton bean 'autoConfigurationReport'
2023-07-07T15:12:38.032+05:30 TRACE 10928 --- [           main] o.s.b.a.condition.OnClassCondition       : Condition OnClassCondition on org.springframework.boot.actuate.autoconfigure.metrics.MetricsEndpointAutoConfiguration matched due to @ConditionalOnClass found required class 'io.micrometer.core.annotation.Timed'
2023-07-07T15:12:38.032+05:30 TRACE 10928 --- [           main] o.s.b.f.s.DefaultListableBeanFactory     : Returning cached instance of singleton bean 'autoConfigurationReport'
2023-07-07T15:12:38.034+05:30 TRACE 10928 --- [           main] s.b.a.a.e.c.OnAvailableEndpointCondition : Condition OnAvailableEndpointCondition on org.springframework.boot.actuate.autoconfigure.metrics.MetricsEndpointAutoConfiguration did not match due to @ConditionalOnAvailableEndpoint no 'management.endpoints' property marked it as exposed
2023-07-07T15:12:38.034+05:30 TRACE 10928 --- [           main] o.s.b.f.s.DefaultListableBeanFactory     : Returning cached instance of singleton bean 'autoConfigurationReport'
2023-07-07T15:12:38.034+05:30 TRACE 10928 --- [           main] o.s.b.f.s.DefaultListableBeanFactory     : Returning cached instance of singleton bean 'autoConfigurationReport'
2023-07-07T15:12:38.034+05:30 TRACE 10928 --- [           main] o.s.b.f.s.DefaultListableBeanFactory     : Returning cached instance of singleton bean 'autoConfigurationReport'
2023-07-07T15:12:38.034+05:30 TRACE 10928 --- [           main] o.s.b.f.s.DefaultListableBeanFactory     : Returning cached instance of singleton bean 'autoConfigurationReport'
2023-07-07T15:12:38.034+05:30 TRACE 10928 --- [           main] o.s.b.f.s.DefaultListableBeanFactory     : Returning cached instance of singleton bean 'autoConfigurationReport'
2023-07-07T15:12:38.034+05:30 TRACE 10928 --- [           main] o.s.b.f.s.DefaultListableBeanFactory     : Returning cached instance of singleton bean 'autoConfigurationReport'
2023-07-07T15:12:38.034+05:30 TRACE 10928 --- [           main] o.s.b.f.s.DefaultListableBeanFactory     : Returning cached instance of singleton bean 'autoConfigurationReport'
2023-07-07T15:12:38.036+05:30 TRACE 10928 --- [           main] o.s.b.a.condition.OnClassCondition       : Condition OnClassCondition on org.springframework.boot.actuate.autoconfigure.metrics.SystemMetricsAutoConfiguration matched due to @ConditionalOnClass found required class 'io.micrometer.core.instrument.MeterRegistry'
2023-07-07T15:12:38.036+05:30 TRACE 10928 --- [           main] o.s.b.f.s.DefaultListableBeanFactory     : Returning cached instance of singleton bean 'autoConfigurationReport'
2023-07-07T15:12:38.036+05:30 TRACE 10928 --- [           main] o.s.b.f.s.DefaultListableBeanFactory     : Returning cached instance of singleton bean 'autoConfigurationReport'
2023-07-07T15:12:38.036+05:30 TRACE 10928 --- [           main] o.s.b.f.s.DefaultListableBeanFactory     : Returning cached instance of singleton bean 'autoConfigurationReport'
2023-07-07T15:12:38.036+05:30 TRACE 10928 --- [           main] o.s.b.f.s.DefaultListableBeanFactory     : Returning cached instance of singleton bean 'autoConfigurationReport'
2023-07-07T15:12:38.036+05:30 TRACE 10928 --- [           main] o.s.b.f.s.DefaultListableBeanFactory     : Returning cached instance of singleton bean 'autoConfigurationReport'
2023-07-07T15:12:38.036+05:30 TRACE 10928 --- [           main] o.s.b.f.s.DefaultListableBeanFactory     : Returning cached instance of singleton bean 'autoConfigurationReport'
2023-07-07T15:12:38.036+05:30 TRACE 10928 --- [           main] o.s.b.f.s.DefaultListableBeanFactory     : Returning cached instance of singleton bean 'autoConfigurationReport'
2023-07-07T15:12:38.037+05:30 TRACE 10928 --- [           main] o.s.b.f.s.DefaultListableBeanFactory     : Returning cached instance of singleton bean 'autoConfigurationReport'
2023-07-07T15:12:38.039+05:30 TRACE 10928 --- [           main] o.s.b.f.s.DefaultListableBeanFactory     : Returning cached instance of singleton bean 'autoConfigurationReport'
2023-07-07T15:12:38.039+05:30 TRACE 10928 --- [           main] o.s.b.f.s.DefaultListableBeanFactory     : Returning cached instance of singleton bean 'autoConfigurationReport'
2023-07-07T15:12:38.043+05:30 TRACE 10928 --- [           main] o.s.b.f.s.DefaultListableBeanFactory     : Returning cached instance of singleton bean 'autoConfigurationReport'
2023-07-07T15:12:38.044+05:30 TRACE 10928 --- [           main] o.s.b.f.s.DefaultListableBeanFactory     : Returning cached instance of singleton bean 'autoConfigurationReport'
2023-07-07T15:12:38.046+05:30 TRACE 10928 --- [           main] o.s.b.f.s.DefaultListableBeanFactory     : Returning cached instance of singleton bean 'autoConfigurationReport'
2023-07-07T15:12:38.050+05:30 TRACE 10928 --- [           main] o.s.b.a.condition.OnClassCondition       : Condition OnClassCondition on org.springframework.boot.actuate.autoconfigure.metrics.cache.CacheMeterBinderProvidersConfiguration matched due to @ConditionalOnClass found required class 'io.micrometer.core.instrument.binder.MeterBinder'
2023-07-07T15:12:38.050+05:30 TRACE 10928 --- [           main] o.s.b.f.s.DefaultListableBeanFactory     : Returning cached instance of singleton bean 'autoConfigurationReport'
2023-07-07T15:12:38.050+05:30 TRACE 10928 --- [           main] o.s.b.f.s.DefaultListableBeanFactory     : Returning cached instance of singleton bean 'autoConfigurationReport'
2023-07-07T15:12:38.050+05:30 TRACE 10928 --- [           main] o.s.b.f.s.DefaultListableBeanFactory     : Returning cached instance of singleton bean 'autoConfigurationReport'
2023-07-07T15:12:38.050+05:30 TRACE 10928 --- [           main] o.s.b.f.s.DefaultListableBeanFactory     : Returning cached instance of singleton bean 'autoConfigurationReport'
2023-07-07T15:12:38.055+05:30 TRACE 10928 --- [           main] o.s.b.a.condition.OnClassCondition       : Condition OnClassCondition on org.springframework.boot.actuate.autoconfigure.metrics.cache.CacheMeterBinderProvidersConfiguration$RedisCacheMeterBinderProviderConfiguration did not match due to @ConditionalOnClass did not find required class 'org.springframework.data.redis.cache.RedisCache'
2023-07-07T15:12:38.055+05:30 TRACE 10928 --- [           main] o.s.b.f.s.DefaultListableBeanFactory     : Returning cached instance of singleton bean 'autoConfigurationReport'
2023-07-07T15:12:38.056+05:30 TRACE 10928 --- [           main] o.s.b.a.condition.OnClassCondition       : Condition OnClassCondition on org.springframework.boot.actuate.autoconfigure.metrics.cache.CacheMeterBinderProvidersConfiguration$JCacheCacheMeterBinderProviderConfiguration did not match due to @ConditionalOnClass did not find required classes 'org.springframework.cache.jcache.JCacheCache', 'javax.cache.CacheManager'
2023-07-07T15:12:38.056+05:30 TRACE 10928 --- [           main] o.s.b.f.s.DefaultListableBeanFactory     : Returning cached instance of singleton bean 'autoConfigurationReport'
2023-07-07T15:12:38.057+05:30 TRACE 10928 --- [           main] o.s.b.a.condition.OnClassCondition       : Condition OnClassCondition on org.springframework.boot.actuate.autoconfigure.metrics.cache.CacheMeterBinderProvidersConfiguration$HazelcastCacheMeterBinderProviderConfiguration did not match due to @ConditionalOnClass did not find required classes 'com.hazelcast.spring.cache.HazelcastCache', 'com.hazelcast.core.Hazelcast'
2023-07-07T15:12:38.057+05:30 TRACE 10928 --- [           main] o.s.b.f.s.DefaultListableBeanFactory     : Returning cached instance of singleton bean 'autoConfigurationReport'
2023-07-07T15:12:38.057+05:30 TRACE 10928 --- [           main] o.s.b.a.condition.OnClassCondition       : Condition OnClassCondition on org.springframework.boot.actuate.autoconfigure.metrics.cache.CacheMeterBinderProvidersConfiguration$CaffeineCacheMeterBinderProviderConfiguration did not match due to @ConditionalOnClass did not find required classes 'org.springframework.cache.caffeine.CaffeineCache', 'com.github.benmanes.caffeine.cache.Cache'
2023-07-07T15:12:38.057+05:30 TRACE 10928 --- [           main] o.s.b.f.s.DefaultListableBeanFactory     : Returning cached instance of singleton bean 'autoConfigurationReport'
2023-07-07T15:12:38.058+05:30 TRACE 10928 --- [           main] o.s.b.a.condition.OnClassCondition       : Condition OnClassCondition on org.springframework.boot.actuate.autoconfigure.metrics.cache.CacheMeterBinderProvidersConfiguration$Cache2kCacheMeterBinderProviderConfiguration did not match due to @ConditionalOnClass did not find required classes 'org.cache2k.Cache2kBuilder', 'org.cache2k.extra.spring.SpringCache2kCache', 'org.cache2k.extra.micrometer.Cache2kCacheMetrics'
2023-07-07T15:12:38.058+05:30 TRACE 10928 --- [           main] o.s.b.f.s.DefaultListableBeanFactory     : Returning cached instance of singleton bean 'autoConfigurationReport'
2023-07-07T15:12:38.058+05:30 TRACE 10928 --- [           main] o.s.b.f.s.DefaultListableBeanFactory     : Returning cached instance of singleton bean 'autoConfigurationReport'
2023-07-07T15:12:38.058+05:30 TRACE 10928 --- [           main] o.s.b.f.s.DefaultListableBeanFactory     : Returning cached instance of singleton bean 'autoConfigurationReport'
2023-07-07T15:12:38.058+05:30 TRACE 10928 --- [           main] o.s.b.f.s.DefaultListableBeanFactory     : Returning cached instance of singleton bean 'autoConfigurationReport'
2023-07-07T15:12:38.059+05:30 TRACE 10928 --- [           main] o.s.b.f.s.DefaultListableBeanFactory     : Returning cached instance of singleton bean 'autoConfigurationReport'
2023-07-07T15:12:38.060+05:30 TRACE 10928 --- [           main] o.s.b.f.s.DefaultListableBeanFactory     : Returning cached instance of singleton bean 'autoConfigurationReport'
2023-07-07T15:12:38.060+05:30 TRACE 10928 --- [           main] o.s.b.f.s.DefaultListableBeanFactory     : Returning cached instance of singleton bean 'autoConfigurationReport'
2023-07-07T15:12:38.060+05:30 TRACE 10928 --- [           main] o.s.b.f.s.DefaultListableBeanFactory     : Returning cached instance of singleton bean 'autoConfigurationReport'
2023-07-07T15:12:38.060+05:30 TRACE 10928 --- [           main] o.s.b.f.s.DefaultListableBeanFactory     : Returning cached instance of singleton bean 'autoConfigurationReport'
2023-07-07T15:12:38.060+05:30 TRACE 10928 --- [           main] o.s.b.f.s.DefaultListableBeanFactory     : Returning cached instance of singleton bean 'autoConfigurationReport'
2023-07-07T15:12:38.060+05:30 TRACE 10928 --- [           main] o.s.b.f.s.DefaultListableBeanFactory     : Returning cached instance of singleton bean 'autoConfigurationReport'
2023-07-07T15:12:38.060+05:30 TRACE 10928 --- [           main] o.s.b.f.s.DefaultListableBeanFactory     : Returning cached instance of singleton bean 'autoConfigurationReport'
2023-07-07T15:12:38.060+05:30 TRACE 10928 --- [           main] o.s.b.f.s.DefaultListableBeanFactory     : Returning cached instance of singleton bean 'autoConfigurationReport'
2023-07-07T15:12:38.061+05:30 TRACE 10928 --- [           main] o.s.b.f.s.DefaultListableBeanFactory     : Returning cached instance of singleton bean 'autoConfigurationReport'
2023-07-07T15:12:38.061+05:30 TRACE 10928 --- [           main] o.s.b.f.s.DefaultListableBeanFactory     : Returning cached instance of singleton bean 'autoConfigurationReport'
2023-07-07T15:12:38.061+05:30 TRACE 10928 --- [           main] o.s.b.f.s.DefaultListableBeanFactory     : Returning cached instance of singleton bean 'autoConfigurationReport'
2023-07-07T15:12:38.061+05:30 TRACE 10928 --- [           main] o.s.b.f.s.DefaultListableBeanFactory     : Returning cached instance of singleton bean 'autoConfigurationReport'
2023-07-07T15:12:38.061+05:30 TRACE 10928 --- [           main] o.s.b.f.s.DefaultListableBeanFactory     : Returning cached instance of singleton bean 'autoConfigurationReport'
2023-07-07T15:12:38.061+05:30 TRACE 10928 --- [           main] o.s.b.f.s.DefaultListableBeanFactory     : Returning cached instance of singleton bean 'autoConfigurationReport'
2023-07-07T15:12:38.062+05:30 TRACE 10928 --- [           main] o.s.b.a.condition.OnClassCondition       : Condition OnClassCondition on org.springframework.boot.actuate.autoconfigure.metrics.jdbc.DataSourcePoolMetricsAutoConfiguration matched due to @ConditionalOnClass found required classes 'javax.sql.DataSource', 'io.micrometer.core.instrument.MeterRegistry'
2023-07-07T15:12:38.062+05:30 TRACE 10928 --- [           main] o.s.b.f.s.DefaultListableBeanFactory     : Returning cached instance of singleton bean 'autoConfigurationReport'
2023-07-07T15:12:38.062+05:30 TRACE 10928 --- [           main] o.s.b.f.s.DefaultListableBeanFactory     : Returning cached instance of singleton bean 'autoConfigurationReport'
2023-07-07T15:12:38.062+05:30 TRACE 10928 --- [           main] o.s.b.f.s.DefaultListableBeanFactory     : Returning cached instance of singleton bean 'autoConfigurationReport'
2023-07-07T15:12:38.062+05:30 TRACE 10928 --- [           main] o.s.b.f.s.DefaultListableBeanFactory     : Returning cached instance of singleton bean 'autoConfigurationReport'
2023-07-07T15:12:38.064+05:30 TRACE 10928 --- [           main] o.s.b.a.condition.OnClassCondition       : Condition OnClassCondition on org.springframework.boot.actuate.autoconfigure.metrics.jdbc.DataSourcePoolMetricsAutoConfiguration$HikariDataSourceMetricsConfiguration did not match due to @ConditionalOnClass did not find required class 'com.zaxxer.hikari.HikariDataSource'
2023-07-07T15:12:38.064+05:30 TRACE 10928 --- [           main] o.s.b.f.s.DefaultListableBeanFactory     : Returning cached instance of singleton bean 'autoConfigurationReport'
2023-07-07T15:12:38.064+05:30 TRACE 10928 --- [           main] o.s.b.f.s.DefaultListableBeanFactory     : Returning cached instance of singleton bean 'autoConfigurationReport'
2023-07-07T15:12:38.064+05:30 TRACE 10928 --- [           main] o.s.b.f.s.DefaultListableBeanFactory     : Returning cached instance of singleton bean 'autoConfigurationReport'
2023-07-07T15:12:38.064+05:30 TRACE 10928 --- [           main] o.s.b.f.s.DefaultListableBeanFactory     : Returning cached instance of singleton bean 'autoConfigurationReport'
2023-07-07T15:12:38.065+05:30 TRACE 10928 --- [           main] o.s.b.f.s.DefaultListableBeanFactory     : Returning cached instance of singleton bean 'autoConfigurationReport'
2023-07-07T15:12:38.066+05:30 TRACE 10928 --- [           main] o.s.b.f.s.DefaultListableBeanFactory     : Returning cached instance of singleton bean 'autoConfigurationReport'
2023-07-07T15:12:38.066+05:30 TRACE 10928 --- [           main] o.s.b.f.s.DefaultListableBeanFactory     : Returning cached instance of singleton bean 'autoConfigurationReport'
2023-07-07T15:12:38.066+05:30 TRACE 10928 --- [           main] o.s.b.f.s.DefaultListableBeanFactory     : Returning cached instance of singleton bean 'autoConfigurationReport'
2023-07-07T15:12:38.066+05:30 TRACE 10928 --- [           main] o.s.b.f.s.DefaultListableBeanFactory     : Returning cached instance of singleton bean 'autoConfigurationReport'
2023-07-07T15:12:38.066+05:30 TRACE 10928 --- [           main] o.s.b.f.s.DefaultListableBeanFactory     : Returning cached instance of singleton bean 'autoConfigurationReport'
2023-07-07T15:12:38.068+05:30 TRACE 10928 --- [           main] o.s.b.a.condition.OnClassCondition       : Condition OnClassCondition on org.springframework.boot.actuate.autoconfigure.metrics.startup.StartupTimeMetricsListenerAutoConfiguration matched due to @ConditionalOnClass found required class 'io.micrometer.core.instrument.MeterRegistry'
2023-07-07T15:12:38.068+05:30 TRACE 10928 --- [           main] o.s.b.f.s.DefaultListableBeanFactory     : Returning cached instance of singleton bean 'autoConfigurationReport'
2023-07-07T15:12:38.068+05:30 TRACE 10928 --- [           main] o.s.b.f.s.DefaultListableBeanFactory     : Returning cached instance of singleton bean 'autoConfigurationReport'
2023-07-07T15:12:38.068+05:30 TRACE 10928 --- [           main] o.s.b.f.s.DefaultListableBeanFactory     : Returning cached instance of singleton bean 'autoConfigurationReport'
2023-07-07T15:12:38.068+05:30 TRACE 10928 --- [           main] o.s.b.f.s.DefaultListableBeanFactory     : Returning cached instance of singleton bean 'autoConfigurationReport'
2023-07-07T15:12:38.068+05:30 TRACE 10928 --- [           main] o.s.b.f.s.DefaultListableBeanFactory     : Returning cached instance of singleton bean 'autoConfigurationReport'
2023-07-07T15:12:38.068+05:30 TRACE 10928 --- [           main] o.s.b.f.s.DefaultListableBeanFactory     : Returning cached instance of singleton bean 'autoConfigurationReport'
2023-07-07T15:12:38.068+05:30 TRACE 10928 --- [           main] o.s.b.f.s.DefaultListableBeanFactory     : Returning cached instance of singleton bean 'autoConfigurationReport'
2023-07-07T15:12:38.068+05:30 TRACE 10928 --- [           main] o.s.b.f.s.DefaultListableBeanFactory     : Returning cached instance of singleton bean 'autoConfigurationReport'
2023-07-07T15:12:38.068+05:30 TRACE 10928 --- [           main] o.s.b.f.s.DefaultListableBeanFactory     : Returning cached instance of singleton bean 'autoConfigurationReport'
2023-07-07T15:12:38.068+05:30 TRACE 10928 --- [           main] o.s.b.f.s.DefaultListableBeanFactory     : Returning cached instance of singleton bean 'autoConfigurationReport'
2023-07-07T15:12:38.070+05:30 TRACE 10928 --- [           main] o.s.b.a.condition.OnClassCondition       : Condition OnClassCondition on org.springframework.boot.autoconfigure.task.TaskSchedulingAutoConfiguration matched due to @ConditionalOnClass found required class 'org.springframework.scheduling.concurrent.ThreadPoolTaskScheduler'
2023-07-07T15:12:38.070+05:30 TRACE 10928 --- [           main] o.s.b.f.s.DefaultListableBeanFactory     : Returning cached instance of singleton bean 'autoConfigurationReport'
2023-07-07T15:12:38.070+05:30 TRACE 10928 --- [           main] o.s.b.f.s.DefaultListableBeanFactory     : Returning cached instance of singleton bean 'autoConfigurationReport'
2023-07-07T15:12:38.070+05:30 TRACE 10928 --- [           main] o.s.b.f.s.DefaultListableBeanFactory     : Returning cached instance of singleton bean 'autoConfigurationReport'
2023-07-07T15:12:38.070+05:30 TRACE 10928 --- [           main] o.s.b.f.s.DefaultListableBeanFactory     : Returning cached instance of singleton bean 'autoConfigurationReport'
2023-07-07T15:12:38.071+05:30 TRACE 10928 --- [           main] o.s.b.f.s.DefaultListableBeanFactory     : Returning cached instance of singleton bean 'autoConfigurationReport'
2023-07-07T15:12:38.071+05:30 TRACE 10928 --- [           main] o.s.b.f.s.DefaultListableBeanFactory     : Returning cached instance of singleton bean 'autoConfigurationReport'
2023-07-07T15:12:38.071+05:30 TRACE 10928 --- [           main] o.s.b.f.s.DefaultListableBeanFactory     : Returning cached instance of singleton bean 'autoConfigurationReport'
2023-07-07T15:12:38.071+05:30 TRACE 10928 --- [           main] o.s.b.f.s.DefaultListableBeanFactory     : Returning cached instance of singleton bean 'autoConfigurationReport'
2023-07-07T15:12:38.071+05:30 TRACE 10928 --- [           main] o.s.b.f.s.DefaultListableBeanFactory     : Returning cached instance of singleton bean 'autoConfigurationReport'
2023-07-07T15:12:38.071+05:30 TRACE 10928 --- [           main] o.s.b.f.s.DefaultListableBeanFactory     : Returning cached instance of singleton bean 'autoConfigurationReport'
2023-07-07T15:12:38.072+05:30 TRACE 10928 --- [           main] o.s.b.a.condition.OnClassCondition       : Condition OnClassCondition on org.springframework.boot.actuate.autoconfigure.metrics.task.TaskExecutorMetricsAutoConfiguration matched due to @ConditionalOnClass found required class 'io.micrometer.core.instrument.binder.jvm.ExecutorServiceMetrics'
2023-07-07T15:12:38.072+05:30 TRACE 10928 --- [           main] o.s.b.f.s.DefaultListableBeanFactory     : Returning cached instance of singleton bean 'autoConfigurationReport'
2023-07-07T15:12:38.072+05:30 TRACE 10928 --- [           main] o.s.b.f.s.DefaultListableBeanFactory     : Returning cached instance of singleton bean 'autoConfigurationReport'
2023-07-07T15:12:38.072+05:30 TRACE 10928 --- [           main] o.s.b.f.s.DefaultListableBeanFactory     : Returning cached instance of singleton bean 'autoConfigurationReport'
2023-07-07T15:12:38.072+05:30 TRACE 10928 --- [           main] o.s.b.f.s.DefaultListableBeanFactory     : Returning cached instance of singleton bean 'autoConfigurationReport'
2023-07-07T15:12:38.072+05:30 TRACE 10928 --- [           main] o.s.b.f.s.DefaultListableBeanFactory     : Returning cached instance of singleton bean 'autoConfigurationReport'
2023-07-07T15:12:38.072+05:30 TRACE 10928 --- [           main] o.s.b.f.s.DefaultListableBeanFactory     : Returning cached instance of singleton bean 'autoConfigurationReport'
2023-07-07T15:12:38.072+05:30 TRACE 10928 --- [           main] o.s.b.f.s.DefaultListableBeanFactory     : Returning cached instance of singleton bean 'autoConfigurationReport'
2023-07-07T15:12:38.072+05:30 TRACE 10928 --- [           main] o.s.b.f.s.DefaultListableBeanFactory     : Returning cached instance of singleton bean 'autoConfigurationReport'
2023-07-07T15:12:38.072+05:30 TRACE 10928 --- [           main] o.s.b.f.s.DefaultListableBeanFactory     : Returning cached instance of singleton bean 'autoConfigurationReport'
2023-07-07T15:12:38.072+05:30 TRACE 10928 --- [           main] o.s.b.f.s.DefaultListableBeanFactory     : Returning cached instance of singleton bean 'autoConfigurationReport'
2023-07-07T15:12:38.073+05:30 TRACE 10928 --- [           main] o.s.b.a.condition.OnClassCondition       : Condition OnClassCondition on org.springframework.boot.actuate.autoconfigure.metrics.web.tomcat.TomcatMetricsAutoConfiguration matched due to @ConditionalOnClass found required classes 'io.micrometer.core.instrument.binder.tomcat.TomcatMetrics', 'org.apache.catalina.Manager'
2023-07-07T15:12:38.073+05:30 TRACE 10928 --- [           main] o.s.b.f.s.DefaultListableBeanFactory     : Returning cached instance of singleton bean 'autoConfigurationReport'
2023-07-07T15:12:38.073+05:30 TRACE 10928 --- [           main] o.s.b.a.c.OnWebApplicationCondition      : Condition OnWebApplicationCondition on org.springframework.boot.actuate.autoconfigure.metrics.web.tomcat.TomcatMetricsAutoConfiguration matched due to @ConditionalOnWebApplication (required) found 'session' scope
2023-07-07T15:12:38.073+05:30 TRACE 10928 --- [           main] o.s.b.f.s.DefaultListableBeanFactory     : Returning cached instance of singleton bean 'autoConfigurationReport'
2023-07-07T15:12:38.073+05:30 TRACE 10928 --- [           main] o.s.b.f.s.DefaultListableBeanFactory     : Returning cached instance of singleton bean 'autoConfigurationReport'
2023-07-07T15:12:38.073+05:30 TRACE 10928 --- [           main] o.s.b.f.s.DefaultListableBeanFactory     : Returning cached instance of singleton bean 'autoConfigurationReport'
2023-07-07T15:12:38.073+05:30 TRACE 10928 --- [           main] o.s.b.f.s.DefaultListableBeanFactory     : Returning cached instance of singleton bean 'autoConfigurationReport'
2023-07-07T15:12:38.074+05:30 TRACE 10928 --- [           main] o.s.b.f.s.DefaultListableBeanFactory     : Returning cached instance of singleton bean 'autoConfigurationReport'
2023-07-07T15:12:38.074+05:30 TRACE 10928 --- [           main] o.s.b.f.s.DefaultListableBeanFactory     : Returning cached instance of singleton bean 'autoConfigurationReport'
2023-07-07T15:12:38.074+05:30 TRACE 10928 --- [           main] o.s.b.f.s.DefaultListableBeanFactory     : Returning cached instance of singleton bean 'autoConfigurationReport'
2023-07-07T15:12:38.074+05:30 TRACE 10928 --- [           main] o.s.b.f.s.DefaultListableBeanFactory     : Returning cached instance of singleton bean 'autoConfigurationReport'
2023-07-07T15:12:38.074+05:30 TRACE 10928 --- [           main] o.s.b.f.s.DefaultListableBeanFactory     : Returning cached instance of singleton bean 'autoConfigurationReport'
2023-07-07T15:12:38.074+05:30 TRACE 10928 --- [           main] o.s.b.f.s.DefaultListableBeanFactory     : Returning cached instance of singleton bean 'autoConfigurationReport'
2023-07-07T15:12:38.075+05:30 TRACE 10928 --- [           main] o.s.b.a.condition.OnClassCondition       : Condition OnClassCondition on org.springframework.boot.actuate.autoconfigure.observation.ObservationAutoConfiguration matched due to @ConditionalOnClass found required class 'io.micrometer.observation.ObservationRegistry'
2023-07-07T15:12:38.075+05:30 TRACE 10928 --- [           main] o.s.b.f.s.DefaultListableBeanFactory     : Returning cached instance of singleton bean 'autoConfigurationReport'
2023-07-07T15:12:38.075+05:30 TRACE 10928 --- [           main] o.s.b.f.s.DefaultListableBeanFactory     : Returning cached instance of singleton bean 'autoConfigurationReport'
2023-07-07T15:12:38.075+05:30 TRACE 10928 --- [           main] o.s.b.f.s.DefaultListableBeanFactory     : Returning cached instance of singleton bean 'autoConfigurationReport'
2023-07-07T15:12:38.075+05:30 TRACE 10928 --- [           main] o.s.b.f.s.DefaultListableBeanFactory     : Returning cached instance of singleton bean 'autoConfigurationReport'
2023-07-07T15:12:38.078+05:30 TRACE 10928 --- [           main] o.s.b.f.s.DefaultListableBeanFactory     : Returning cached instance of singleton bean 'autoConfigurationReport'
2023-07-07T15:12:38.078+05:30 TRACE 10928 --- [           main] o.s.b.f.s.DefaultListableBeanFactory     : Returning cached instance of singleton bean 'autoConfigurationReport'
2023-07-07T15:12:38.078+05:30 TRACE 10928 --- [           main] o.s.b.f.s.DefaultListableBeanFactory     : Returning cached instance of singleton bean 'autoConfigurationReport'
2023-07-07T15:12:38.080+05:30 TRACE 10928 --- [           main] o.s.b.f.s.DefaultListableBeanFactory     : Returning cached instance of singleton bean 'autoConfigurationReport'
2023-07-07T15:12:38.080+05:30 TRACE 10928 --- [           main] o.s.b.f.s.DefaultListableBeanFactory     : Returning cached instance of singleton bean 'autoConfigurationReport'
2023-07-07T15:12:38.080+05:30 TRACE 10928 --- [           main] o.s.b.f.s.DefaultListableBeanFactory     : Returning cached instance of singleton bean 'autoConfigurationReport'
2023-07-07T15:12:38.080+05:30 TRACE 10928 --- [           main] o.s.b.a.condition.OnBeanCondition        : Condition OnBeanCondition on org.springframework.boot.actuate.autoconfigure.observation.ObservationAutoConfiguration$MeterObservationHandlerConfiguration$TracingAndMetricsObservationHandlerConfiguration did not match due to @ConditionalOnBean did not find required type 'io.micrometer.tracing.Tracer'
2023-07-07T15:12:38.080+05:30 TRACE 10928 --- [           main] o.s.b.a.AutoConfigurationImportSelector  : Filtered 1 auto configuration class in 0 ms
2023-07-07T15:12:38.080+05:30 TRACE 10928 --- [           main] o.s.b.f.s.DefaultListableBeanFactory     : Returning cached instance of singleton bean 'autoConfigurationReport'
2023-07-07T15:12:38.080+05:30 TRACE 10928 --- [           main] o.s.b.f.s.DefaultListableBeanFactory     : Returning cached instance of singleton bean 'autoConfigurationReport'
2023-07-07T15:12:38.080+05:30 TRACE 10928 --- [           main] o.s.b.f.s.DefaultListableBeanFactory     : Returning cached instance of singleton bean 'autoConfigurationReport'
2023-07-07T15:12:38.081+05:30 TRACE 10928 --- [           main] o.s.b.a.condition.OnClassCondition       : Condition OnClassCondition on org.springframework.boot.actuate.autoconfigure.observation.ObservationAutoConfiguration$MetricsWithTracingConfiguration did not match due to @ConditionalOnClass did not find required class 'io.micrometer.tracing.Tracer'
2023-07-07T15:12:38.081+05:30 TRACE 10928 --- [           main] o.s.b.f.s.DefaultListableBeanFactory     : Returning cached instance of singleton bean 'autoConfigurationReport'
2023-07-07T15:12:38.081+05:30 TRACE 10928 --- [           main] o.s.b.a.condition.OnClassCondition       : Condition OnClassCondition on org.springframework.boot.actuate.autoconfigure.observation.ObservationAutoConfiguration$OnlyTracingConfiguration did not match due to @ConditionalOnClass did not find required class 'io.micrometer.tracing.Tracer'
2023-07-07T15:12:38.081+05:30 TRACE 10928 --- [           main] o.s.b.f.s.DefaultListableBeanFactory     : Returning cached instance of singleton bean 'autoConfigurationReport'
2023-07-07T15:12:38.082+05:30 TRACE 10928 --- [           main] o.s.b.a.condition.OnClassCondition       : Condition OnClassCondition on org.springframework.boot.actuate.autoconfigure.observation.ObservationAutoConfiguration$OnlyMetricsConfiguration matched due to @ConditionalOnClass found required class 'io.micrometer.core.instrument.MeterRegistry'; @ConditionalOnMissingClass did not find unwanted class 'io.micrometer.tracing.Tracer'
2023-07-07T15:12:38.082+05:30 TRACE 10928 --- [           main] o.s.b.f.s.DefaultListableBeanFactory     : Returning cached instance of singleton bean 'autoConfigurationReport'
2023-07-07T15:12:38.082+05:30 TRACE 10928 --- [           main] o.s.b.a.condition.OnClassCondition       : Condition OnClassCondition on org.springframework.boot.actuate.autoconfigure.observation.ObservationAutoConfiguration$OnlyMetricsConfiguration matched due to @ConditionalOnClass found required class 'io.micrometer.core.instrument.MeterRegistry'; @ConditionalOnMissingClass did not find unwanted class 'io.micrometer.tracing.Tracer'
2023-07-07T15:12:38.083+05:30 TRACE 10928 --- [           main] o.s.b.f.s.DefaultListableBeanFactory     : Returning cached instance of singleton bean 'autoConfigurationReport'
2023-07-07T15:12:38.083+05:30 TRACE 10928 --- [           main] o.s.b.f.s.DefaultListableBeanFactory     : Returning cached instance of singleton bean 'autoConfigurationReport'
2023-07-07T15:12:38.083+05:30 TRACE 10928 --- [           main] o.s.b.f.s.DefaultListableBeanFactory     : Returning cached instance of singleton bean 'autoConfigurationReport'
2023-07-07T15:12:38.083+05:30 TRACE 10928 --- [           main] o.s.b.f.s.DefaultListableBeanFactory     : Returning cached instance of singleton bean 'autoConfigurationReport'
2023-07-07T15:12:38.084+05:30 TRACE 10928 --- [           main] o.s.b.f.s.DefaultListableBeanFactory     : Returning cached instance of singleton bean 'autoConfigurationReport'
2023-07-07T15:12:38.084+05:30 TRACE 10928 --- [           main] o.s.b.f.s.DefaultListableBeanFactory     : Returning cached instance of singleton bean 'autoConfigurationReport'
2023-07-07T15:12:38.084+05:30 TRACE 10928 --- [           main] o.s.b.f.s.DefaultListableBeanFactory     : Returning cached instance of singleton bean 'autoConfigurationReport'
2023-07-07T15:12:38.084+05:30 TRACE 10928 --- [           main] o.s.b.f.s.DefaultListableBeanFactory     : Returning cached instance of singleton bean 'autoConfigurationReport'
2023-07-07T15:12:38.084+05:30 TRACE 10928 --- [           main] o.s.b.f.s.DefaultListableBeanFactory     : Returning cached instance of singleton bean 'autoConfigurationReport'
2023-07-07T15:12:38.084+05:30 TRACE 10928 --- [           main] o.s.b.f.s.DefaultListableBeanFactory     : Returning cached instance of singleton bean 'autoConfigurationReport'
2023-07-07T15:12:38.086+05:30 TRACE 10928 --- [           main] o.s.b.a.condition.OnClassCondition       : Condition OnClassCondition on org.springframework.boot.autoconfigure.http.HttpMessageConvertersAutoConfiguration matched due to @ConditionalOnClass found required class 'org.springframework.http.converter.HttpMessageConverter'
2023-07-07T15:12:38.087+05:30 TRACE 10928 --- [           main] o.s.b.f.s.DefaultListableBeanFactory     : Returning cached instance of singleton bean 'autoConfigurationReport'
2023-07-07T15:12:38.093+05:30 TRACE 10928 --- [           main] ation$NotReactiveWebApplicationCondition : Condition HttpMessageConvertersAutoConfiguration.NotReactiveWebApplicationCondition on org.springframework.boot.autoconfigure.http.HttpMessageConvertersAutoConfiguration matched due to NoneNestedConditions 0 matched 1 did not; NestedCondition on HttpMessageConvertersAutoConfiguration.NotReactiveWebApplicationCondition.ReactiveWebApplication did not find reactive web application classes
2023-07-07T15:12:38.094+05:30 TRACE 10928 --- [           main] o.s.b.f.s.DefaultListableBeanFactory     : Returning cached instance of singleton bean 'autoConfigurationReport'
2023-07-07T15:12:38.094+05:30 TRACE 10928 --- [           main] o.s.b.f.s.DefaultListableBeanFactory     : Returning cached instance of singleton bean 'autoConfigurationReport'
2023-07-07T15:12:38.094+05:30 TRACE 10928 --- [           main] o.s.b.f.s.DefaultListableBeanFactory     : Returning cached instance of singleton bean 'autoConfigurationReport'
2023-07-07T15:12:38.094+05:30 TRACE 10928 --- [           main] o.s.b.f.s.DefaultListableBeanFactory     : Returning cached instance of singleton bean 'autoConfigurationReport'
2023-07-07T15:12:38.096+05:30 TRACE 10928 --- [           main] o.s.b.a.condition.OnClassCondition       : Condition OnClassCondition on org.springframework.boot.autoconfigure.http.HttpMessageConvertersAutoConfiguration$StringHttpMessageConverterConfiguration matched due to @ConditionalOnClass found required class 'org.springframework.http.converter.StringHttpMessageConverter'
2023-07-07T15:12:38.096+05:30 TRACE 10928 --- [           main] o.s.b.f.s.DefaultListableBeanFactory     : Returning cached instance of singleton bean 'autoConfigurationReport'
2023-07-07T15:12:38.096+05:30 TRACE 10928 --- [           main] o.s.b.f.s.DefaultListableBeanFactory     : Returning cached instance of singleton bean 'autoConfigurationReport'
2023-07-07T15:12:38.096+05:30 TRACE 10928 --- [           main] o.s.b.f.s.DefaultListableBeanFactory     : Returning cached instance of singleton bean 'autoConfigurationReport'
2023-07-07T15:12:38.096+05:30 TRACE 10928 --- [           main] o.s.b.f.s.DefaultListableBeanFactory     : Returning cached instance of singleton bean 'autoConfigurationReport'
2023-07-07T15:12:38.097+05:30 TRACE 10928 --- [           main] o.s.b.f.s.DefaultListableBeanFactory     : Returning cached instance of singleton bean 'autoConfigurationReport'
2023-07-07T15:12:38.097+05:30 TRACE 10928 --- [           main] o.s.b.f.s.DefaultListableBeanFactory     : Returning cached instance of singleton bean 'autoConfigurationReport'
2023-07-07T15:12:38.097+05:30 TRACE 10928 --- [           main] o.s.b.f.s.DefaultListableBeanFactory     : Returning cached instance of singleton bean 'autoConfigurationReport'
2023-07-07T15:12:38.099+05:30 TRACE 10928 --- [           main] o.s.b.a.condition.OnClassCondition       : Condition OnClassCondition on org.springframework.boot.autoconfigure.http.JacksonHttpMessageConvertersConfiguration$MappingJackson2XmlHttpMessageConverterConfiguration did not match due to @ConditionalOnClass did not find required class 'com.fasterxml.jackson.dataformat.xml.XmlMapper'
2023-07-07T15:12:38.099+05:30 TRACE 10928 --- [           main] o.s.b.f.s.DefaultListableBeanFactory     : Returning cached instance of singleton bean 'autoConfigurationReport'
2023-07-07T15:12:38.099+05:30 TRACE 10928 --- [           main] o.s.b.a.condition.OnClassCondition       : Condition OnClassCondition on org.springframework.boot.autoconfigure.http.JacksonHttpMessageConvertersConfiguration$MappingJackson2HttpMessageConverterConfiguration matched due to @ConditionalOnClass found required class 'com.fasterxml.jackson.databind.ObjectMapper'
2023-07-07T15:12:38.099+05:30 TRACE 10928 --- [           main] o.s.b.f.s.DefaultListableBeanFactory     : Returning cached instance of singleton bean 'autoConfigurationReport'
2023-07-07T15:12:38.100+05:30 TRACE 10928 --- [           main] o.s.b.a.condition.OnPropertyCondition    : Condition OnPropertyCondition on org.springframework.boot.autoconfigure.http.JacksonHttpMessageConvertersConfiguration$MappingJackson2HttpMessageConverterConfiguration matched due to @ConditionalOnProperty (spring.mvc.converters.preferred-json-mapper=jackson) matched
2023-07-07T15:12:38.100+05:30 TRACE 10928 --- [           main] o.s.b.f.s.DefaultListableBeanFactory     : Returning cached instance of singleton bean 'autoConfigurationReport'
2023-07-07T15:12:38.100+05:30 TRACE 10928 --- [           main] o.s.b.f.s.DefaultListableBeanFactory     : Returning cached instance of singleton bean 'autoConfigurationReport'
2023-07-07T15:12:38.100+05:30 TRACE 10928 --- [           main] o.s.b.f.s.DefaultListableBeanFactory     : Returning cached instance of singleton bean 'autoConfigurationReport'
2023-07-07T15:12:38.100+05:30 TRACE 10928 --- [           main] o.s.b.f.s.DefaultListableBeanFactory     : Returning cached instance of singleton bean 'autoConfigurationReport'
2023-07-07T15:12:38.100+05:30 TRACE 10928 --- [           main] o.s.b.a.condition.OnClassCondition       : Condition OnClassCondition on org.springframework.boot.autoconfigure.http.GsonHttpMessageConvertersConfiguration did not match due to @ConditionalOnClass did not find required class 'com.google.gson.Gson'
2023-07-07T15:12:38.100+05:30 TRACE 10928 --- [           main] o.s.b.f.s.DefaultListableBeanFactory     : Returning cached instance of singleton bean 'autoConfigurationReport'
2023-07-07T15:12:38.101+05:30 TRACE 10928 --- [           main] o.s.b.a.condition.OnClassCondition       : Condition OnClassCondition on org.springframework.boot.autoconfigure.http.JsonbHttpMessageConvertersConfiguration did not match due to @ConditionalOnClass did not find required class 'jakarta.json.bind.Jsonb'
2023-07-07T15:12:38.101+05:30 TRACE 10928 --- [           main] o.s.b.f.s.DefaultListableBeanFactory     : Returning cached instance of singleton bean 'autoConfigurationReport'
2023-07-07T15:12:38.101+05:30 TRACE 10928 --- [           main] o.s.b.f.s.DefaultListableBeanFactory     : Returning cached instance of singleton bean 'autoConfigurationReport'
2023-07-07T15:12:38.101+05:30 TRACE 10928 --- [           main] o.s.b.f.s.DefaultListableBeanFactory     : Returning cached instance of singleton bean 'autoConfigurationReport'
2023-07-07T15:12:38.101+05:30 TRACE 10928 --- [           main] o.s.b.f.s.DefaultListableBeanFactory     : Returning cached instance of singleton bean 'autoConfigurationReport'
2023-07-07T15:12:38.101+05:30 TRACE 10928 --- [           main] o.s.b.f.s.DefaultListableBeanFactory     : Returning cached instance of singleton bean 'autoConfigurationReport'
2023-07-07T15:12:38.101+05:30 TRACE 10928 --- [           main] o.s.b.f.s.DefaultListableBeanFactory     : Returning cached instance of singleton bean 'autoConfigurationReport'
2023-07-07T15:12:38.101+05:30 TRACE 10928 --- [           main] o.s.b.f.s.DefaultListableBeanFactory     : Returning cached instance of singleton bean 'autoConfigurationReport'
2023-07-07T15:12:38.103+05:30 TRACE 10928 --- [           main] o.s.b.a.condition.OnClassCondition       : Condition OnClassCondition on org.springframework.boot.autoconfigure.web.client.RestTemplateAutoConfiguration matched due to @ConditionalOnClass found required class 'org.springframework.web.client.RestTemplate'
2023-07-07T15:12:38.103+05:30 TRACE 10928 --- [           main] o.s.b.f.s.DefaultListableBeanFactory     : Returning cached instance of singleton bean 'autoConfigurationReport'
2023-07-07T15:12:38.104+05:30 TRACE 10928 --- [           main] ation$NotReactiveWebApplicationCondition : Condition RestTemplateAutoConfiguration.NotReactiveWebApplicationCondition on org.springframework.boot.autoconfigure.web.client.RestTemplateAutoConfiguration matched due to NoneNestedConditions 0 matched 1 did not; NestedCondition on RestTemplateAutoConfiguration.NotReactiveWebApplicationCondition.ReactiveWebApplication did not find reactive web application classes
2023-07-07T15:12:38.104+05:30 TRACE 10928 --- [           main] o.s.b.f.s.DefaultListableBeanFactory     : Returning cached instance of singleton bean 'autoConfigurationReport'
2023-07-07T15:12:38.104+05:30 TRACE 10928 --- [           main] o.s.b.f.s.DefaultListableBeanFactory     : Returning cached instance of singleton bean 'autoConfigurationReport'
2023-07-07T15:12:38.105+05:30 TRACE 10928 --- [           main] o.s.b.f.s.DefaultListableBeanFactory     : Returning cached instance of singleton bean 'autoConfigurationReport'
2023-07-07T15:12:38.105+05:30 TRACE 10928 --- [           main] o.s.b.f.s.DefaultListableBeanFactory     : Returning cached instance of singleton bean 'autoConfigurationReport'
2023-07-07T15:12:38.105+05:30 TRACE 10928 --- [           main] o.s.b.f.s.DefaultListableBeanFactory     : Returning cached instance of singleton bean 'autoConfigurationReport'
2023-07-07T15:12:38.105+05:30 TRACE 10928 --- [           main] o.s.b.f.s.DefaultListableBeanFactory     : Returning cached instance of singleton bean 'autoConfigurationReport'
2023-07-07T15:12:38.105+05:30 TRACE 10928 --- [           main] o.s.b.f.s.DefaultListableBeanFactory     : Returning cached instance of singleton bean 'autoConfigurationReport'
2023-07-07T15:12:38.105+05:30 TRACE 10928 --- [           main] o.s.b.f.s.DefaultListableBeanFactory     : Returning cached instance of singleton bean 'autoConfigurationReport'
2023-07-07T15:12:38.105+05:30 TRACE 10928 --- [           main] o.s.b.f.s.DefaultListableBeanFactory     : Returning cached instance of singleton bean 'autoConfigurationReport'
2023-07-07T15:12:38.105+05:30 TRACE 10928 --- [           main] o.s.b.f.s.DefaultListableBeanFactory     : Returning cached instance of singleton bean 'autoConfigurationReport'
2023-07-07T15:12:38.106+05:30 TRACE 10928 --- [           main] o.s.b.a.condition.OnClassCondition       : Condition OnClassCondition on org.springframework.boot.actuate.autoconfigure.observation.web.client.HttpClientObservationsAutoConfiguration matched due to @ConditionalOnClass found required class 'io.micrometer.observation.Observation'
2023-07-07T15:12:38.106+05:30 TRACE 10928 --- [           main] o.s.b.f.s.DefaultListableBeanFactory     : Returning cached instance of singleton bean 'autoConfigurationReport'
2023-07-07T15:12:38.106+05:30 TRACE 10928 --- [           main] o.s.b.f.s.DefaultListableBeanFactory     : Returning cached instance of singleton bean 'autoConfigurationReport'
2023-07-07T15:12:38.106+05:30 TRACE 10928 --- [           main] o.s.b.f.s.DefaultListableBeanFactory     : Returning cached instance of singleton bean 'autoConfigurationReport'
2023-07-07T15:12:38.106+05:30 TRACE 10928 --- [           main] o.s.b.f.s.DefaultListableBeanFactory     : Returning cached instance of singleton bean 'autoConfigurationReport'
2023-07-07T15:12:38.107+05:30 TRACE 10928 --- [           main] o.s.b.a.condition.OnClassCondition       : Condition OnClassCondition on org.springframework.boot.actuate.autoconfigure.observation.web.client.HttpClientObservationsAutoConfiguration$MeterFilterConfiguration matched due to @ConditionalOnClass found required class 'io.micrometer.core.instrument.MeterRegistry'
2023-07-07T15:12:38.107+05:30 TRACE 10928 --- [           main] o.s.b.f.s.DefaultListableBeanFactory     : Returning cached instance of singleton bean 'autoConfigurationReport'
2023-07-07T15:12:38.107+05:30 TRACE 10928 --- [           main] o.s.b.f.s.DefaultListableBeanFactory     : Returning cached instance of singleton bean 'autoConfigurationReport'
2023-07-07T15:12:38.107+05:30 TRACE 10928 --- [           main] o.s.b.f.s.DefaultListableBeanFactory     : Returning cached instance of singleton bean 'autoConfigurationReport'
2023-07-07T15:12:38.107+05:30 TRACE 10928 --- [           main] o.s.b.f.s.DefaultListableBeanFactory     : Returning cached instance of singleton bean 'autoConfigurationReport'
2023-07-07T15:12:38.109+05:30 TRACE 10928 --- [           main] o.s.b.a.condition.OnClassCondition       : Condition OnClassCondition on org.springframework.boot.actuate.autoconfigure.observation.web.client.RestTemplateObservationConfiguration matched due to @ConditionalOnClass found required class 'org.springframework.web.client.RestTemplate'
2023-07-07T15:12:38.109+05:30 TRACE 10928 --- [           main] o.s.b.f.s.DefaultListableBeanFactory     : Returning cached instance of singleton bean 'autoConfigurationReport'
2023-07-07T15:12:38.109+05:30 TRACE 10928 --- [           main] o.s.b.f.s.DefaultListableBeanFactory     : Returning cached instance of singleton bean 'autoConfigurationReport'
2023-07-07T15:12:38.109+05:30 TRACE 10928 --- [           main] o.s.b.f.s.DefaultListableBeanFactory     : Returning cached instance of singleton bean 'autoConfigurationReport'
2023-07-07T15:12:38.109+05:30 TRACE 10928 --- [           main] o.s.b.f.s.DefaultListableBeanFactory     : Returning cached instance of singleton bean 'autoConfigurationReport'
2023-07-07T15:12:38.111+05:30 TRACE 10928 --- [           main] o.s.b.a.condition.OnClassCondition       : Condition OnClassCondition on org.springframework.boot.actuate.autoconfigure.observation.web.client.WebClientObservationConfiguration did not match due to @ConditionalOnClass did not find required class 'org.springframework.web.reactive.function.client.WebClient'
2023-07-07T15:12:38.111+05:30 TRACE 10928 --- [           main] o.s.b.f.s.DefaultListableBeanFactory     : Returning cached instance of singleton bean 'autoConfigurationReport'
2023-07-07T15:12:38.111+05:30 TRACE 10928 --- [           main] o.s.b.f.s.DefaultListableBeanFactory     : Returning cached instance of singleton bean 'autoConfigurationReport'
2023-07-07T15:12:38.111+05:30 TRACE 10928 --- [           main] o.s.b.f.s.DefaultListableBeanFactory     : Returning cached instance of singleton bean 'autoConfigurationReport'
2023-07-07T15:12:38.111+05:30 TRACE 10928 --- [           main] o.s.b.f.s.DefaultListableBeanFactory     : Returning cached instance of singleton bean 'autoConfigurationReport'
2023-07-07T15:12:38.111+05:30 TRACE 10928 --- [           main] o.s.b.f.s.DefaultListableBeanFactory     : Returning cached instance of singleton bean 'autoConfigurationReport'
2023-07-07T15:12:38.111+05:30 TRACE 10928 --- [           main] o.s.b.f.s.DefaultListableBeanFactory     : Returning cached instance of singleton bean 'autoConfigurationReport'
2023-07-07T15:12:38.111+05:30 TRACE 10928 --- [           main] o.s.b.f.s.DefaultListableBeanFactory     : Returning cached instance of singleton bean 'autoConfigurationReport'
2023-07-07T15:12:38.112+05:30 TRACE 10928 --- [           main] o.s.b.a.condition.OnClassCondition       : Condition OnClassCondition on org.springframework.boot.actuate.autoconfigure.observation.web.servlet.WebMvcObservationAutoConfiguration matched due to @ConditionalOnClass found required classes 'org.springframework.web.servlet.DispatcherServlet', 'io.micrometer.observation.Observation'
2023-07-07T15:12:38.112+05:30 TRACE 10928 --- [           main] o.s.b.f.s.DefaultListableBeanFactory     : Returning cached instance of singleton bean 'autoConfigurationReport'
2023-07-07T15:12:38.112+05:30 TRACE 10928 --- [           main] o.s.b.a.c.OnWebApplicationCondition      : Condition OnWebApplicationCondition on org.springframework.boot.actuate.autoconfigure.observation.web.servlet.WebMvcObservationAutoConfiguration matched due to found 'session' scope
2023-07-07T15:12:38.112+05:30 TRACE 10928 --- [           main] o.s.b.f.s.DefaultListableBeanFactory     : Returning cached instance of singleton bean 'autoConfigurationReport'
2023-07-07T15:12:38.112+05:30 TRACE 10928 --- [           main] o.s.b.f.s.DefaultListableBeanFactory     : Returning cached instance of singleton bean 'autoConfigurationReport'
2023-07-07T15:12:38.112+05:30 TRACE 10928 --- [           main] o.s.b.f.s.DefaultListableBeanFactory     : Returning cached instance of singleton bean 'autoConfigurationReport'
2023-07-07T15:12:38.112+05:30 TRACE 10928 --- [           main] o.s.b.f.s.DefaultListableBeanFactory     : Returning cached instance of singleton bean 'autoConfigurationReport'
2023-07-07T15:12:38.113+05:30 TRACE 10928 --- [           main] o.s.b.a.condition.OnClassCondition       : Condition OnClassCondition on org.springframework.boot.actuate.autoconfigure.observation.web.servlet.WebMvcObservationAutoConfiguration$MeterFilterConfiguration matched due to @ConditionalOnClass found required class 'io.micrometer.core.instrument.MeterRegistry'
2023-07-07T15:12:38.113+05:30 TRACE 10928 --- [           main] o.s.b.f.s.DefaultListableBeanFactory     : Returning cached instance of singleton bean 'autoConfigurationReport'
2023-07-07T15:12:38.113+05:30 TRACE 10928 --- [           main] o.s.b.f.s.DefaultListableBeanFactory     : Returning cached instance of singleton bean 'autoConfigurationReport'
2023-07-07T15:12:38.113+05:30 TRACE 10928 --- [           main] o.s.b.f.s.DefaultListableBeanFactory     : Returning cached instance of singleton bean 'autoConfigurationReport'
2023-07-07T15:12:38.113+05:30 TRACE 10928 --- [           main] o.s.b.f.s.DefaultListableBeanFactory     : Returning cached instance of singleton bean 'autoConfigurationReport'
2023-07-07T15:12:38.114+05:30 TRACE 10928 --- [           main] o.s.b.f.s.DefaultListableBeanFactory     : Returning cached instance of singleton bean 'autoConfigurationReport'
2023-07-07T15:12:38.114+05:30 TRACE 10928 --- [           main] o.s.b.f.s.DefaultListableBeanFactory     : Returning cached instance of singleton bean 'autoConfigurationReport'
2023-07-07T15:12:38.114+05:30 TRACE 10928 --- [           main] o.s.b.f.s.DefaultListableBeanFactory     : Returning cached instance of singleton bean 'autoConfigurationReport'
2023-07-07T15:12:38.114+05:30 TRACE 10928 --- [           main] o.s.b.f.s.DefaultListableBeanFactory     : Returning cached instance of singleton bean 'autoConfigurationReport'
2023-07-07T15:12:38.114+05:30 TRACE 10928 --- [           main] o.s.b.f.s.DefaultListableBeanFactory     : Returning cached instance of singleton bean 'autoConfigurationReport'
2023-07-07T15:12:38.114+05:30 TRACE 10928 --- [           main] o.s.b.f.s.DefaultListableBeanFactory     : Returning cached instance of singleton bean 'autoConfigurationReport'
2023-07-07T15:12:38.118+05:30 TRACE 10928 --- [           main] s.b.a.a.e.c.OnAvailableEndpointCondition : Condition OnAvailableEndpointCondition on org.springframework.boot.actuate.autoconfigure.scheduling.ScheduledTasksEndpointAutoConfiguration did not match due to @ConditionalOnAvailableEndpoint no 'management.endpoints' property marked it as exposed
2023-07-07T15:12:38.119+05:30 TRACE 10928 --- [           main] o.s.b.f.s.DefaultListableBeanFactory     : Returning cached instance of singleton bean 'autoConfigurationReport'
2023-07-07T15:12:38.119+05:30 TRACE 10928 --- [           main] o.s.b.f.s.DefaultListableBeanFactory     : Returning cached instance of singleton bean 'autoConfigurationReport'
2023-07-07T15:12:38.119+05:30 TRACE 10928 --- [           main] o.s.b.f.s.DefaultListableBeanFactory     : Returning cached instance of singleton bean 'autoConfigurationReport'
2023-07-07T15:12:38.119+05:30 TRACE 10928 --- [           main] o.s.b.f.s.DefaultListableBeanFactory     : Returning cached instance of singleton bean 'autoConfigurationReport'
2023-07-07T15:12:38.119+05:30 TRACE 10928 --- [           main] o.s.b.f.s.DefaultListableBeanFactory     : Returning cached instance of singleton bean 'autoConfigurationReport'
2023-07-07T15:12:38.119+05:30 TRACE 10928 --- [           main] o.s.b.f.s.DefaultListableBeanFactory     : Returning cached instance of singleton bean 'autoConfigurationReport'
2023-07-07T15:12:38.119+05:30 TRACE 10928 --- [           main] o.s.b.f.s.DefaultListableBeanFactory     : Returning cached instance of singleton bean 'autoConfigurationReport'
2023-07-07T15:12:38.124+05:30 TRACE 10928 --- [           main] o.s.b.a.c.OnWebApplicationCondition      : Condition OnWebApplicationCondition on org.springframework.boot.actuate.autoconfigure.security.servlet.ManagementWebSecurityAutoConfiguration matched due to found 'session' scope
2023-07-07T15:12:38.124+05:30 TRACE 10928 --- [           main] o.s.b.f.s.DefaultListableBeanFactory     : Returning cached instance of singleton bean 'autoConfigurationReport'
2023-07-07T15:12:38.124+05:30 TRACE 10928 --- [           main] o.s.b.f.s.DefaultListableBeanFactory     : Returning cached instance of singleton bean 'autoConfigurationReport'
2023-07-07T15:12:38.124+05:30 TRACE 10928 --- [           main] o.s.b.f.s.DefaultListableBeanFactory     : Returning cached instance of singleton bean 'autoConfigurationReport'
2023-07-07T15:12:38.124+05:30 TRACE 10928 --- [           main] o.s.b.f.s.DefaultListableBeanFactory     : Returning cached instance of singleton bean 'autoConfigurationReport'
2023-07-07T15:12:38.125+05:30 TRACE 10928 --- [           main] o.s.b.f.s.DefaultListableBeanFactory     : Returning cached instance of singleton bean 'autoConfigurationReport'
2023-07-07T15:12:38.125+05:30 TRACE 10928 --- [           main] o.s.b.f.s.DefaultListableBeanFactory     : Returning cached instance of singleton bean 'autoConfigurationReport'
2023-07-07T15:12:38.125+05:30 TRACE 10928 --- [           main] o.s.b.f.s.DefaultListableBeanFactory     : Returning cached instance of singleton bean 'autoConfigurationReport'
2023-07-07T15:12:38.126+05:30 TRACE 10928 --- [           main] o.s.b.f.s.DefaultListableBeanFactory     : Returning cached instance of singleton bean 'autoConfigurationReport'
2023-07-07T15:12:38.126+05:30 TRACE 10928 --- [           main] o.s.b.f.s.DefaultListableBeanFactory     : Returning cached instance of singleton bean 'autoConfigurationReport'
2023-07-07T15:12:38.126+05:30 TRACE 10928 --- [           main] o.s.b.f.s.DefaultListableBeanFactory     : Returning cached instance of singleton bean 'autoConfigurationReport'
2023-07-07T15:12:38.128+05:30 TRACE 10928 --- [           main] onfiguration$ApplicationStartupCondition : Condition StartupEndpointAutoConfiguration.ApplicationStartupCondition on org.springframework.boot.actuate.autoconfigure.startup.StartupEndpointAutoConfiguration did not match due to ApplicationStartup configured applicationStartup is of type class org.springframework.core.metrics.DefaultApplicationStartup, expected BufferingApplicationStartup.
2023-07-07T15:12:38.129+05:30 TRACE 10928 --- [           main] o.s.b.f.s.DefaultListableBeanFactory     : Returning cached instance of singleton bean 'autoConfigurationReport'
2023-07-07T15:12:38.129+05:30 TRACE 10928 --- [           main] o.s.b.f.s.DefaultListableBeanFactory     : Returning cached instance of singleton bean 'autoConfigurationReport'
2023-07-07T15:12:38.129+05:30 TRACE 10928 --- [           main] o.s.b.f.s.DefaultListableBeanFactory     : Returning cached instance of singleton bean 'autoConfigurationReport'
2023-07-07T15:12:38.129+05:30 TRACE 10928 --- [           main] o.s.b.f.s.DefaultListableBeanFactory     : Returning cached instance of singleton bean 'autoConfigurationReport'
2023-07-07T15:12:38.129+05:30 TRACE 10928 --- [           main] o.s.b.f.s.DefaultListableBeanFactory     : Returning cached instance of singleton bean 'autoConfigurationReport'
2023-07-07T15:12:38.129+05:30 TRACE 10928 --- [           main] o.s.b.f.s.DefaultListableBeanFactory     : Returning cached instance of singleton bean 'autoConfigurationReport'
2023-07-07T15:12:38.129+05:30 TRACE 10928 --- [           main] o.s.b.f.s.DefaultListableBeanFactory     : Returning cached instance of singleton bean 'autoConfigurationReport'
2023-07-07T15:12:38.130+05:30 TRACE 10928 --- [           main] o.s.b.a.c.OnWebApplicationCondition      : Condition OnWebApplicationCondition on org.springframework.boot.actuate.autoconfigure.web.exchanges.HttpExchangesAutoConfiguration matched due to @ConditionalOnWebApplication (required) found 'session' scope
2023-07-07T15:12:38.130+05:30 TRACE 10928 --- [           main] o.s.b.f.s.DefaultListableBeanFactory     : Returning cached instance of singleton bean 'autoConfigurationReport'
2023-07-07T15:12:38.131+05:30 TRACE 10928 --- [           main] o.s.b.a.condition.OnPropertyCondition    : Condition OnPropertyCondition on org.springframework.boot.actuate.autoconfigure.web.exchanges.HttpExchangesAutoConfiguration matched due to @ConditionalOnProperty (management.httpexchanges.recording.enabled) matched
2023-07-07T15:12:38.131+05:30 TRACE 10928 --- [           main] o.s.b.f.s.DefaultListableBeanFactory     : Returning cached instance of singleton bean 'autoConfigurationReport'
2023-07-07T15:12:38.131+05:30 TRACE 10928 --- [           main] o.s.b.f.s.DefaultListableBeanFactory     : Returning cached instance of singleton bean 'autoConfigurationReport'
2023-07-07T15:12:38.131+05:30 TRACE 10928 --- [           main] o.s.b.f.s.DefaultListableBeanFactory     : Returning cached instance of singleton bean 'autoConfigurationReport'
2023-07-07T15:12:38.131+05:30 TRACE 10928 --- [           main] o.s.b.f.s.DefaultListableBeanFactory     : Returning cached instance of singleton bean 'autoConfigurationReport'
2023-07-07T15:12:38.132+05:30 TRACE 10928 --- [           main] o.s.b.a.c.OnWebApplicationCondition      : Condition OnWebApplicationCondition on org.springframework.boot.actuate.autoconfigure.web.exchanges.HttpExchangesAutoConfiguration$ReactiveHttpExchangesConfiguration did not match due to did not find reactive web application classes
2023-07-07T15:12:38.132+05:30 TRACE 10928 --- [           main] o.s.b.f.s.DefaultListableBeanFactory     : Returning cached instance of singleton bean 'autoConfigurationReport'
2023-07-07T15:12:38.133+05:30 TRACE 10928 --- [           main] o.s.b.a.c.OnWebApplicationCondition      : Condition OnWebApplicationCondition on org.springframework.boot.actuate.autoconfigure.web.exchanges.HttpExchangesAutoConfiguration$ServletHttpExchangesConfiguration matched due to found 'session' scope
2023-07-07T15:12:38.133+05:30 TRACE 10928 --- [           main] o.s.b.f.s.DefaultListableBeanFactory     : Returning cached instance of singleton bean 'autoConfigurationReport'
2023-07-07T15:12:38.133+05:30 TRACE 10928 --- [           main] o.s.b.f.s.DefaultListableBeanFactory     : Returning cached instance of singleton bean 'autoConfigurationReport'
2023-07-07T15:12:38.133+05:30 TRACE 10928 --- [           main] o.s.b.f.s.DefaultListableBeanFactory     : Returning cached instance of singleton bean 'autoConfigurationReport'
2023-07-07T15:12:38.133+05:30 TRACE 10928 --- [           main] o.s.b.f.s.DefaultListableBeanFactory     : Returning cached instance of singleton bean 'autoConfigurationReport'
2023-07-07T15:12:38.133+05:30 TRACE 10928 --- [           main] o.s.b.f.s.DefaultListableBeanFactory     : Returning cached instance of singleton bean 'autoConfigurationReport'
2023-07-07T15:12:38.133+05:30 TRACE 10928 --- [           main] o.s.b.f.s.DefaultListableBeanFactory     : Returning cached instance of singleton bean 'autoConfigurationReport'
2023-07-07T15:12:38.133+05:30 TRACE 10928 --- [           main] o.s.b.f.s.DefaultListableBeanFactory     : Returning cached instance of singleton bean 'autoConfigurationReport'
2023-07-07T15:12:38.133+05:30 TRACE 10928 --- [           main] o.s.b.f.s.DefaultListableBeanFactory     : Returning cached instance of singleton bean 'autoConfigurationReport'
2023-07-07T15:12:38.133+05:30 TRACE 10928 --- [           main] o.s.b.f.s.DefaultListableBeanFactory     : Returning cached instance of singleton bean 'autoConfigurationReport'
2023-07-07T15:12:38.133+05:30 TRACE 10928 --- [           main] o.s.b.f.s.DefaultListableBeanFactory     : Returning cached instance of singleton bean 'autoConfigurationReport'
2023-07-07T15:12:38.136+05:30 TRACE 10928 --- [           main] s.b.a.a.e.c.OnAvailableEndpointCondition : Condition OnAvailableEndpointCondition on org.springframework.boot.actuate.autoconfigure.web.exchanges.HttpExchangesEndpointAutoConfiguration did not match due to @ConditionalOnAvailableEndpoint no 'management.endpoints' property marked it as exposed
2023-07-07T15:12:38.136+05:30 TRACE 10928 --- [           main] o.s.b.f.s.DefaultListableBeanFactory     : Returning cached instance of singleton bean 'autoConfigurationReport'
2023-07-07T15:12:38.136+05:30 TRACE 10928 --- [           main] o.s.b.f.s.DefaultListableBeanFactory     : Returning cached instance of singleton bean 'autoConfigurationReport'
2023-07-07T15:12:38.136+05:30 TRACE 10928 --- [           main] o.s.b.f.s.DefaultListableBeanFactory     : Returning cached instance of singleton bean 'autoConfigurationReport'
2023-07-07T15:12:38.136+05:30 TRACE 10928 --- [           main] o.s.b.f.s.DefaultListableBeanFactory     : Returning cached instance of singleton bean 'autoConfigurationReport'
2023-07-07T15:12:38.136+05:30 TRACE 10928 --- [           main] o.s.b.f.s.DefaultListableBeanFactory     : Returning cached instance of singleton bean 'autoConfigurationReport'
2023-07-07T15:12:38.136+05:30 TRACE 10928 --- [           main] o.s.b.f.s.DefaultListableBeanFactory     : Returning cached instance of singleton bean 'autoConfigurationReport'
2023-07-07T15:12:38.136+05:30 TRACE 10928 --- [           main] o.s.b.f.s.DefaultListableBeanFactory     : Returning cached instance of singleton bean 'autoConfigurationReport'
2023-07-07T15:12:38.138+05:30 TRACE 10928 --- [           main] s.b.a.a.e.c.OnAvailableEndpointCondition : Condition OnAvailableEndpointCondition on org.springframework.boot.actuate.autoconfigure.web.mappings.MappingsEndpointAutoConfiguration did not match due to @ConditionalOnAvailableEndpoint no 'management.endpoints' property marked it as exposed
2023-07-07T15:12:38.138+05:30 TRACE 10928 --- [           main] o.s.b.f.s.DefaultListableBeanFactory     : Returning cached instance of singleton bean 'autoConfigurationReport'
2023-07-07T15:12:38.138+05:30 TRACE 10928 --- [           main] o.s.b.f.s.DefaultListableBeanFactory     : Returning cached instance of singleton bean 'autoConfigurationReport'
2023-07-07T15:12:38.138+05:30 TRACE 10928 --- [           main] o.s.b.f.s.DefaultListableBeanFactory     : Returning cached instance of singleton bean 'autoConfigurationReport'
2023-07-07T15:12:38.138+05:30 TRACE 10928 --- [           main] o.s.b.f.s.DefaultListableBeanFactory     : Returning cached instance of singleton bean 'autoConfigurationReport'
2023-07-07T15:12:38.138+05:30 TRACE 10928 --- [           main] o.s.b.f.s.DefaultListableBeanFactory     : Returning cached instance of singleton bean 'autoConfigurationReport'
2023-07-07T15:12:38.138+05:30 TRACE 10928 --- [           main] o.s.b.f.s.DefaultListableBeanFactory     : Returning cached instance of singleton bean 'autoConfigurationReport'
2023-07-07T15:12:38.138+05:30 TRACE 10928 --- [           main] o.s.b.f.s.DefaultListableBeanFactory     : Returning cached instance of singleton bean 'autoConfigurationReport'
2023-07-07T15:12:38.139+05:30 TRACE 10928 --- [           main] o.s.b.a.condition.OnPropertyCondition    : Condition OnPropertyCondition on org.springframework.boot.autoconfigure.admin.SpringApplicationAdminJmxAutoConfiguration did not match due to @ConditionalOnProperty (spring.application.admin.enabled=true) did not find property 'enabled'
2023-07-07T15:12:38.139+05:30 TRACE 10928 --- [           main] o.s.b.f.s.DefaultListableBeanFactory     : Returning cached instance of singleton bean 'autoConfigurationReport'
2023-07-07T15:12:38.139+05:30 TRACE 10928 --- [           main] o.s.b.f.s.DefaultListableBeanFactory     : Returning cached instance of singleton bean 'autoConfigurationReport'
2023-07-07T15:12:38.139+05:30 TRACE 10928 --- [           main] o.s.b.f.s.DefaultListableBeanFactory     : Returning cached instance of singleton bean 'autoConfigurationReport'
2023-07-07T15:12:38.139+05:30 TRACE 10928 --- [           main] o.s.b.f.s.DefaultListableBeanFactory     : Returning cached instance of singleton bean 'autoConfigurationReport'
2023-07-07T15:12:38.139+05:30 TRACE 10928 --- [           main] o.s.b.f.s.DefaultListableBeanFactory     : Returning cached instance of singleton bean 'autoConfigurationReport'
2023-07-07T15:12:38.139+05:30 TRACE 10928 --- [           main] o.s.b.f.s.DefaultListableBeanFactory     : Returning cached instance of singleton bean 'autoConfigurationReport'
2023-07-07T15:12:38.139+05:30 TRACE 10928 --- [           main] o.s.b.f.s.DefaultListableBeanFactory     : Returning cached instance of singleton bean 'autoConfigurationReport'
2023-07-07T15:12:38.140+05:30 TRACE 10928 --- [           main] o.s.b.a.condition.OnPropertyCondition    : Condition OnPropertyCondition on org.springframework.boot.autoconfigure.aop.AopAutoConfiguration matched due to @ConditionalOnProperty (spring.aop.auto=true) matched
2023-07-07T15:12:38.140+05:30 TRACE 10928 --- [           main] o.s.b.f.s.DefaultListableBeanFactory     : Returning cached instance of singleton bean 'autoConfigurationReport'
2023-07-07T15:12:38.140+05:30 TRACE 10928 --- [           main] o.s.b.f.s.DefaultListableBeanFactory     : Returning cached instance of singleton bean 'autoConfigurationReport'
2023-07-07T15:12:38.140+05:30 TRACE 10928 --- [           main] o.s.b.f.s.DefaultListableBeanFactory     : Returning cached instance of singleton bean 'autoConfigurationReport'
2023-07-07T15:12:38.140+05:30 TRACE 10928 --- [           main] o.s.b.f.s.DefaultListableBeanFactory     : Returning cached instance of singleton bean 'autoConfigurationReport'
2023-07-07T15:12:38.141+05:30 TRACE 10928 --- [           main] o.s.b.a.condition.OnClassCondition       : Condition OnClassCondition on org.springframework.boot.autoconfigure.aop.AopAutoConfiguration$ClassProxyingConfiguration matched due to @ConditionalOnMissingClass did not find unwanted class 'org.aspectj.weaver.Advice'
2023-07-07T15:12:38.141+05:30 TRACE 10928 --- [           main] o.s.b.f.s.DefaultListableBeanFactory     : Returning cached instance of singleton bean 'autoConfigurationReport'
2023-07-07T15:12:38.141+05:30 TRACE 10928 --- [           main] o.s.b.a.condition.OnPropertyCondition    : Condition OnPropertyCondition on org.springframework.boot.autoconfigure.aop.AopAutoConfiguration$ClassProxyingConfiguration matched due to @ConditionalOnProperty (spring.aop.proxy-target-class=true) matched
2023-07-07T15:12:38.142+05:30 TRACE 10928 --- [           main] o.s.b.f.s.DefaultListableBeanFactory     : Returning cached instance of singleton bean 'autoConfigurationReport'
2023-07-07T15:12:38.142+05:30 TRACE 10928 --- [           main] o.s.b.f.s.DefaultListableBeanFactory     : Returning cached instance of singleton bean 'autoConfigurationReport'
2023-07-07T15:12:38.142+05:30 TRACE 10928 --- [           main] o.s.b.f.s.DefaultListableBeanFactory     : Returning cached instance of singleton bean 'autoConfigurationReport'
2023-07-07T15:12:38.142+05:30 TRACE 10928 --- [           main] o.s.b.f.s.DefaultListableBeanFactory     : Returning cached instance of singleton bean 'autoConfigurationReport'
2023-07-07T15:12:38.142+05:30 TRACE 10928 --- [           main] o.s.b.a.condition.OnClassCondition       : Condition OnClassCondition on org.springframework.boot.autoconfigure.aop.AopAutoConfiguration$AspectJAutoProxyingConfiguration did not match due to @ConditionalOnClass did not find required class 'org.aspectj.weaver.Advice'
2023-07-07T15:12:38.142+05:30 TRACE 10928 --- [           main] o.s.b.f.s.DefaultListableBeanFactory     : Returning cached instance of singleton bean 'autoConfigurationReport'
2023-07-07T15:12:38.142+05:30 TRACE 10928 --- [           main] o.s.b.f.s.DefaultListableBeanFactory     : Returning cached instance of singleton bean 'autoConfigurationReport'
2023-07-07T15:12:38.142+05:30 TRACE 10928 --- [           main] o.s.b.f.s.DefaultListableBeanFactory     : Returning cached instance of singleton bean 'autoConfigurationReport'
2023-07-07T15:12:38.142+05:30 TRACE 10928 --- [           main] o.s.b.f.s.DefaultListableBeanFactory     : Returning cached instance of singleton bean 'autoConfigurationReport'
2023-07-07T15:12:38.142+05:30 TRACE 10928 --- [           main] o.s.b.f.s.DefaultListableBeanFactory     : Returning cached instance of singleton bean 'autoConfigurationReport'
2023-07-07T15:12:38.142+05:30 TRACE 10928 --- [           main] o.s.b.f.s.DefaultListableBeanFactory     : Returning cached instance of singleton bean 'autoConfigurationReport'
2023-07-07T15:12:38.142+05:30 TRACE 10928 --- [           main] o.s.b.f.s.DefaultListableBeanFactory     : Returning cached instance of singleton bean 'autoConfigurationReport'
2023-07-07T15:12:38.143+05:30 TRACE 10928 --- [           main] o.s.b.f.s.DefaultListableBeanFactory     : Returning cached instance of singleton bean 'autoConfigurationReport'
2023-07-07T15:12:38.143+05:30 TRACE 10928 --- [           main] o.s.b.f.s.DefaultListableBeanFactory     : Returning cached instance of singleton bean 'autoConfigurationReport'
2023-07-07T15:12:38.143+05:30 TRACE 10928 --- [           main] o.s.b.f.s.DefaultListableBeanFactory     : Returning cached instance of singleton bean 'autoConfigurationReport'
2023-07-07T15:12:38.143+05:30 TRACE 10928 --- [           main] o.s.b.f.s.DefaultListableBeanFactory     : Returning cached instance of singleton bean 'autoConfigurationReport'
2023-07-07T15:12:38.143+05:30 TRACE 10928 --- [           main] o.s.b.f.s.DefaultListableBeanFactory     : Returning cached instance of singleton bean 'autoConfigurationReport'
2023-07-07T15:12:38.143+05:30 TRACE 10928 --- [           main] o.s.b.f.s.DefaultListableBeanFactory     : Returning cached instance of singleton bean 'autoConfigurationReport'
2023-07-07T15:12:38.143+05:30 TRACE 10928 --- [           main] o.s.b.f.s.DefaultListableBeanFactory     : Returning cached instance of singleton bean 'autoConfigurationReport'
2023-07-07T15:12:38.143+05:30 TRACE 10928 --- [           main] o.s.b.f.s.DefaultListableBeanFactory     : Returning cached instance of singleton bean 'autoConfigurationReport'
2023-07-07T15:12:38.143+05:30 TRACE 10928 --- [           main] o.s.b.f.s.DefaultListableBeanFactory     : Returning cached instance of singleton bean 'autoConfigurationReport'
2023-07-07T15:12:38.144+05:30 TRACE 10928 --- [           main] o.s.b.f.s.DefaultListableBeanFactory     : Returning cached instance of singleton bean 'autoConfigurationReport'
2023-07-07T15:12:38.144+05:30 TRACE 10928 --- [           main] o.s.b.f.s.DefaultListableBeanFactory     : Returning cached instance of singleton bean 'autoConfigurationReport'
2023-07-07T15:12:38.144+05:30 TRACE 10928 --- [           main] o.s.b.f.s.DefaultListableBeanFactory     : Returning cached instance of singleton bean 'autoConfigurationReport'
2023-07-07T15:12:38.144+05:30 TRACE 10928 --- [           main] o.s.b.f.s.DefaultListableBeanFactory     : Returning cached instance of singleton bean 'autoConfigurationReport'
2023-07-07T15:12:38.144+05:30 TRACE 10928 --- [           main] o.s.b.f.s.DefaultListableBeanFactory     : Returning cached instance of singleton bean 'autoConfigurationReport'
2023-07-07T15:12:38.144+05:30 TRACE 10928 --- [           main] o.s.b.f.s.DefaultListableBeanFactory     : Returning cached instance of singleton bean 'autoConfigurationReport'
2023-07-07T15:12:38.144+05:30 TRACE 10928 --- [           main] o.s.b.f.s.DefaultListableBeanFactory     : Returning cached instance of singleton bean 'autoConfigurationReport'
2023-07-07T15:12:38.144+05:30 TRACE 10928 --- [           main] o.s.b.f.s.DefaultListableBeanFactory     : Returning cached instance of singleton bean 'autoConfigurationReport'
2023-07-07T15:12:38.144+05:30 TRACE 10928 --- [           main] o.s.b.f.s.DefaultListableBeanFactory     : Returning cached instance of singleton bean 'autoConfigurationReport'
2023-07-07T15:12:38.145+05:30 TRACE 10928 --- [           main] o.s.b.a.condition.OnPropertyCondition    : Condition OnPropertyCondition on org.springframework.boot.autoconfigure.sql.init.SqlInitializationAutoConfiguration matched due to @ConditionalOnProperty (spring.sql.init.enabled) matched
2023-07-07T15:12:38.145+05:30 TRACE 10928 --- [           main] o.s.b.f.s.DefaultListableBeanFactory     : Returning cached instance of singleton bean 'autoConfigurationReport'
2023-07-07T15:12:38.146+05:30 TRACE 10928 --- [           main] iguration$SqlInitializationModeCondition : Condition SqlInitializationAutoConfiguration.SqlInitializationModeCondition on org.springframework.boot.autoconfigure.sql.init.SqlInitializationAutoConfiguration matched due to NoneNestedConditions 0 matched 1 did not; NestedCondition on SqlInitializationAutoConfiguration.SqlInitializationModeCondition.ModeIsNever @ConditionalOnProperty (spring.sql.init.mode=never) did not find property 'mode'
2023-07-07T15:12:38.146+05:30 TRACE 10928 --- [           main] o.s.b.f.s.DefaultListableBeanFactory     : Returning cached instance of singleton bean 'autoConfigurationReport'
2023-07-07T15:12:38.146+05:30 TRACE 10928 --- [           main] o.s.b.f.s.DefaultListableBeanFactory     : Returning cached instance of singleton bean 'autoConfigurationReport'
2023-07-07T15:12:38.146+05:30 TRACE 10928 --- [           main] o.s.b.f.s.DefaultListableBeanFactory     : Returning cached instance of singleton bean 'autoConfigurationReport'
2023-07-07T15:12:38.146+05:30 TRACE 10928 --- [           main] o.s.b.f.s.DefaultListableBeanFactory     : Returning cached instance of singleton bean 'autoConfigurationReport'
2023-07-07T15:12:38.148+05:30 TRACE 10928 --- [           main] o.s.b.a.condition.OnClassCondition       : Condition OnClassCondition on org.springframework.boot.autoconfigure.sql.init.R2dbcInitializationConfiguration did not match due to @ConditionalOnClass did not find required classes 'io.r2dbc.spi.ConnectionFactory', 'org.springframework.r2dbc.connection.init.DatabasePopulator'
2023-07-07T15:12:38.148+05:30 TRACE 10928 --- [           main] o.s.b.f.s.DefaultListableBeanFactory     : Returning cached instance of singleton bean 'autoConfigurationReport'
2023-07-07T15:12:38.149+05:30 TRACE 10928 --- [           main] o.s.b.a.condition.OnClassCondition       : Condition OnClassCondition on org.springframework.boot.autoconfigure.sql.init.DataSourceInitializationConfiguration did not match due to @ConditionalOnClass did not find required class 'org.springframework.jdbc.datasource.init.DatabasePopulator'
2023-07-07T15:12:38.149+05:30 TRACE 10928 --- [           main] o.s.b.f.s.DefaultListableBeanFactory     : Returning cached instance of singleton bean 'autoConfigurationReport'
2023-07-07T15:12:38.149+05:30 TRACE 10928 --- [           main] o.s.b.f.s.DefaultListableBeanFactory     : Returning cached instance of singleton bean 'autoConfigurationReport'
2023-07-07T15:12:38.149+05:30 TRACE 10928 --- [           main] o.s.b.f.s.DefaultListableBeanFactory     : Returning cached instance of singleton bean 'autoConfigurationReport'
2023-07-07T15:12:38.149+05:30 TRACE 10928 --- [           main] o.s.b.f.s.DefaultListableBeanFactory     : Returning cached instance of singleton bean 'autoConfigurationReport'
2023-07-07T15:12:38.149+05:30 TRACE 10928 --- [           main] o.s.b.f.s.DefaultListableBeanFactory     : Returning cached instance of singleton bean 'autoConfigurationReport'
2023-07-07T15:12:38.149+05:30 TRACE 10928 --- [           main] o.s.b.f.s.DefaultListableBeanFactory     : Returning cached instance of singleton bean 'autoConfigurationReport'
2023-07-07T15:12:38.149+05:30 TRACE 10928 --- [           main] o.s.b.f.s.DefaultListableBeanFactory     : Returning cached instance of singleton bean 'autoConfigurationReport'
2023-07-07T15:12:38.151+05:30 TRACE 10928 --- [           main] o.s.b.a.c.OnWebApplicationCondition      : Condition OnWebApplicationCondition on org.springframework.boot.autoconfigure.web.embedded.EmbeddedWebServerFactoryCustomizerAutoConfiguration matched due to @ConditionalOnWebApplication (required) found 'session' scope
2023-07-07T15:12:38.151+05:30 TRACE 10928 --- [           main] o.s.b.f.s.DefaultListableBeanFactory     : Returning cached instance of singleton bean 'autoConfigurationReport'
2023-07-07T15:12:38.151+05:30 TRACE 10928 --- [           main] o.s.b.a.c.OnWarDeploymentCondition       : Condition OnWarDeploymentCondition on org.springframework.boot.autoconfigure.web.embedded.EmbeddedWebServerFactoryCustomizerAutoConfiguration did not match due to Application is deployed as a WAR file.
2023-07-07T15:12:38.151+05:30 TRACE 10928 --- [           main] o.s.b.f.s.DefaultListableBeanFactory     : Returning cached instance of singleton bean 'autoConfigurationReport'
2023-07-07T15:12:38.151+05:30 TRACE 10928 --- [           main] o.s.b.f.s.DefaultListableBeanFactory     : Returning cached instance of singleton bean 'autoConfigurationReport'
2023-07-07T15:12:38.151+05:30 TRACE 10928 --- [           main] o.s.b.f.s.DefaultListableBeanFactory     : Returning cached instance of singleton bean 'autoConfigurationReport'
2023-07-07T15:12:38.151+05:30 TRACE 10928 --- [           main] o.s.b.f.s.DefaultListableBeanFactory     : Returning cached instance of singleton bean 'autoConfigurationReport'
2023-07-07T15:12:38.151+05:30 TRACE 10928 --- [           main] o.s.b.f.s.DefaultListableBeanFactory     : Returning cached instance of singleton bean 'autoConfigurationReport'
2023-07-07T15:12:38.151+05:30 TRACE 10928 --- [           main] o.s.b.f.s.DefaultListableBeanFactory     : Returning cached instance of singleton bean 'autoConfigurationReport'
2023-07-07T15:12:38.151+05:30 TRACE 10928 --- [           main] o.s.b.f.s.DefaultListableBeanFactory     : Returning cached instance of singleton bean 'autoConfigurationReport'
2023-07-07T15:12:38.152+05:30 TRACE 10928 --- [           main] o.s.b.a.condition.OnClassCondition       : Condition OnClassCondition on org.springframework.boot.autoconfigure.web.servlet.HttpEncodingAutoConfiguration matched due to @ConditionalOnClass found required class 'org.springframework.web.filter.CharacterEncodingFilter'
2023-07-07T15:12:38.152+05:30 TRACE 10928 --- [           main] o.s.b.f.s.DefaultListableBeanFactory     : Returning cached instance of singleton bean 'autoConfigurationReport'
2023-07-07T15:12:38.152+05:30 TRACE 10928 --- [           main] o.s.b.a.c.OnWebApplicationCondition      : Condition OnWebApplicationCondition on org.springframework.boot.autoconfigure.web.servlet.HttpEncodingAutoConfiguration matched due to found 'session' scope
2023-07-07T15:12:38.152+05:30 TRACE 10928 --- [           main] o.s.b.f.s.DefaultListableBeanFactory     : Returning cached instance of singleton bean 'autoConfigurationReport'
2023-07-07T15:12:38.152+05:30 TRACE 10928 --- [           main] o.s.b.a.condition.OnPropertyCondition    : Condition OnPropertyCondition on org.springframework.boot.autoconfigure.web.servlet.HttpEncodingAutoConfiguration matched due to @ConditionalOnProperty (server.servlet.encoding.enabled) matched
2023-07-07T15:12:38.152+05:30 TRACE 10928 --- [           main] o.s.b.f.s.DefaultListableBeanFactory     : Returning cached instance of singleton bean 'autoConfigurationReport'
2023-07-07T15:12:38.152+05:30 TRACE 10928 --- [           main] o.s.b.f.s.DefaultListableBeanFactory     : Returning cached instance of singleton bean 'autoConfigurationReport'
2023-07-07T15:12:38.152+05:30 TRACE 10928 --- [           main] o.s.b.f.s.DefaultListableBeanFactory     : Returning cached instance of singleton bean 'autoConfigurationReport'
2023-07-07T15:12:38.152+05:30 TRACE 10928 --- [           main] o.s.b.f.s.DefaultListableBeanFactory     : Returning cached instance of singleton bean 'autoConfigurationReport'
2023-07-07T15:12:38.153+05:30 TRACE 10928 --- [           main] o.s.b.f.s.DefaultListableBeanFactory     : Returning cached instance of singleton bean 'autoConfigurationReport'
2023-07-07T15:12:38.153+05:30 TRACE 10928 --- [           main] o.s.b.f.s.DefaultListableBeanFactory     : Returning cached instance of singleton bean 'autoConfigurationReport'
2023-07-07T15:12:38.153+05:30 TRACE 10928 --- [           main] o.s.b.f.s.DefaultListableBeanFactory     : Returning cached instance of singleton bean 'autoConfigurationReport'
2023-07-07T15:12:38.153+05:30 TRACE 10928 --- [           main] o.s.b.f.s.DefaultListableBeanFactory     : Returning cached instance of singleton bean 'autoConfigurationReport'
2023-07-07T15:12:38.153+05:30 TRACE 10928 --- [           main] o.s.b.f.s.DefaultListableBeanFactory     : Returning cached instance of singleton bean 'autoConfigurationReport'
2023-07-07T15:12:38.153+05:30 TRACE 10928 --- [           main] o.s.b.f.s.DefaultListableBeanFactory     : Returning cached instance of singleton bean 'autoConfigurationReport'
2023-07-07T15:12:38.153+05:30 TRACE 10928 --- [           main] o.s.b.a.condition.OnClassCondition       : Condition OnClassCondition on org.springframework.boot.autoconfigure.web.servlet.MultipartAutoConfiguration matched due to @ConditionalOnClass found required classes 'jakarta.servlet.Servlet', 'org.springframework.web.multipart.support.StandardServletMultipartResolver', 'jakarta.servlet.MultipartConfigElement'
2023-07-07T15:12:38.153+05:30 TRACE 10928 --- [           main] o.s.b.f.s.DefaultListableBeanFactory     : Returning cached instance of singleton bean 'autoConfigurationReport'
2023-07-07T15:12:38.153+05:30 TRACE 10928 --- [           main] o.s.b.a.c.OnWebApplicationCondition      : Condition OnWebApplicationCondition on org.springframework.boot.autoconfigure.web.servlet.MultipartAutoConfiguration matched due to found 'session' scope
2023-07-07T15:12:38.153+05:30 TRACE 10928 --- [           main] o.s.b.f.s.DefaultListableBeanFactory     : Returning cached instance of singleton bean 'autoConfigurationReport'
2023-07-07T15:12:38.153+05:30 TRACE 10928 --- [           main] o.s.b.a.condition.OnPropertyCondition    : Condition OnPropertyCondition on org.springframework.boot.autoconfigure.web.servlet.MultipartAutoConfiguration matched due to @ConditionalOnProperty (spring.servlet.multipart.enabled) matched
2023-07-07T15:12:38.153+05:30 TRACE 10928 --- [           main] o.s.b.f.s.DefaultListableBeanFactory     : Returning cached instance of singleton bean 'autoConfigurationReport'
2023-07-07T15:12:38.153+05:30 TRACE 10928 --- [           main] o.s.b.f.s.DefaultListableBeanFactory     : Returning cached instance of singleton bean 'autoConfigurationReport'
2023-07-07T15:12:38.153+05:30 TRACE 10928 --- [           main] o.s.b.f.s.DefaultListableBeanFactory     : Returning cached instance of singleton bean 'autoConfigurationReport'
2023-07-07T15:12:38.153+05:30 TRACE 10928 --- [           main] o.s.b.f.s.DefaultListableBeanFactory     : Returning cached instance of singleton bean 'autoConfigurationReport'
2023-07-07T15:12:38.154+05:30 TRACE 10928 --- [           main] o.s.b.f.s.DefaultListableBeanFactory     : Returning cached instance of singleton bean 'autoConfigurationReport'
2023-07-07T15:12:38.154+05:30 TRACE 10928 --- [           main] o.s.b.f.s.DefaultListableBeanFactory     : Returning cached instance of singleton bean 'autoConfigurationReport'
2023-07-07T15:12:38.154+05:30 TRACE 10928 --- [           main] o.s.b.f.s.DefaultListableBeanFactory     : Returning cached instance of singleton bean 'autoConfigurationReport'
2023-07-07T15:12:38.154+05:30 TRACE 10928 --- [           main] o.s.b.f.s.DefaultListableBeanFactory     : Returning cached instance of singleton bean 'autoConfigurationReport'
2023-07-07T15:12:38.154+05:30 TRACE 10928 --- [           main] o.s.b.f.s.DefaultListableBeanFactory     : Returning cached instance of singleton bean 'autoConfigurationReport'
2023-07-07T15:12:38.154+05:30 TRACE 10928 --- [           main] o.s.b.f.s.DefaultListableBeanFactory     : Returning cached instance of singleton bean 'autoConfigurationReport'
2023-07-07T15:12:38.156+05:30 TRACE 10928 --- [           main] o.s.b.d.a.OnEnabledDevToolsCondition     : Condition OnEnabledDevToolsCondition on org.springframework.boot.devtools.autoconfigure.DevToolsDataSourceAutoConfiguration did not match due to Devtools devtools is disabled for current context.
2023-07-07T15:12:38.156+05:30 TRACE 10928 --- [           main] o.s.b.f.s.DefaultListableBeanFactory     : Returning cached instance of singleton bean 'autoConfigurationReport'
2023-07-07T15:12:38.156+05:30 TRACE 10928 --- [           main] o.s.b.f.s.DefaultListableBeanFactory     : Returning cached instance of singleton bean 'autoConfigurationReport'
2023-07-07T15:12:38.156+05:30 TRACE 10928 --- [           main] o.s.b.f.s.DefaultListableBeanFactory     : Returning cached instance of singleton bean 'autoConfigurationReport'
2023-07-07T15:12:38.156+05:30 TRACE 10928 --- [           main] o.s.b.f.s.DefaultListableBeanFactory     : Returning cached instance of singleton bean 'autoConfigurationReport'
2023-07-07T15:12:38.156+05:30 TRACE 10928 --- [           main] o.s.b.f.s.DefaultListableBeanFactory     : Returning cached instance of singleton bean 'autoConfigurationReport'
2023-07-07T15:12:38.156+05:30 TRACE 10928 --- [           main] o.s.b.f.s.DefaultListableBeanFactory     : Returning cached instance of singleton bean 'autoConfigurationReport'
2023-07-07T15:12:38.156+05:30 TRACE 10928 --- [           main] o.s.b.f.s.DefaultListableBeanFactory     : Returning cached instance of singleton bean 'autoConfigurationReport'
2023-07-07T15:12:38.158+05:30 TRACE 10928 --- [           main] .s.b.d.r.OnInitializedRestarterCondition : Condition OnInitializedRestarterCondition on org.springframework.boot.devtools.autoconfigure.LocalDevToolsAutoConfiguration did not match due to Initialized Restarter Condition initialized without URLs
2023-07-07T15:12:38.158+05:30 TRACE 10928 --- [           main] o.s.b.f.s.DefaultListableBeanFactory     : Returning cached instance of singleton bean 'autoConfigurationReport'
2023-07-07T15:12:38.158+05:30 TRACE 10928 --- [           main] o.s.b.f.s.DefaultListableBeanFactory     : Returning cached instance of singleton bean 'autoConfigurationReport'
2023-07-07T15:12:38.158+05:30 TRACE 10928 --- [           main] o.s.b.f.s.DefaultListableBeanFactory     : Returning cached instance of singleton bean 'autoConfigurationReport'
2023-07-07T15:12:38.158+05:30 TRACE 10928 --- [           main] o.s.b.f.s.DefaultListableBeanFactory     : Returning cached instance of singleton bean 'autoConfigurationReport'
2023-07-07T15:12:38.158+05:30 TRACE 10928 --- [           main] o.s.b.f.s.DefaultListableBeanFactory     : Returning cached instance of singleton bean 'autoConfigurationReport'
2023-07-07T15:12:38.158+05:30 TRACE 10928 --- [           main] o.s.b.f.s.DefaultListableBeanFactory     : Returning cached instance of singleton bean 'autoConfigurationReport'
2023-07-07T15:12:38.158+05:30 TRACE 10928 --- [           main] o.s.b.f.s.DefaultListableBeanFactory     : Returning cached instance of singleton bean 'autoConfigurationReport'
2023-07-07T15:12:38.159+05:30 TRACE 10928 --- [           main] o.s.b.a.condition.OnClassCondition       : Condition OnClassCondition on org.springframework.boot.devtools.autoconfigure.RemoteDevToolsAutoConfiguration matched due to @ConditionalOnClass found required classes 'jakarta.servlet.Filter', 'org.springframework.http.server.ServerHttpRequest'
2023-07-07T15:12:38.159+05:30 TRACE 10928 --- [           main] o.s.b.f.s.DefaultListableBeanFactory     : Returning cached instance of singleton bean 'autoConfigurationReport'
2023-07-07T15:12:38.159+05:30 TRACE 10928 --- [           main] o.s.b.a.condition.OnPropertyCondition    : Condition OnPropertyCondition on org.springframework.boot.devtools.autoconfigure.RemoteDevToolsAutoConfiguration did not match due to @ConditionalOnProperty (spring.devtools.remote.secret) did not find property 'secret'
2023-07-07T15:12:38.159+05:30 TRACE 10928 --- [           main] o.s.b.f.s.DefaultListableBeanFactory     : Returning cached instance of singleton bean 'autoConfigurationReport'
2023-07-07T15:12:38.159+05:30 TRACE 10928 --- [           main] o.s.b.f.s.DefaultListableBeanFactory     : Returning cached instance of singleton bean 'autoConfigurationReport'
2023-07-07T15:12:38.159+05:30 TRACE 10928 --- [           main] o.s.b.f.s.DefaultListableBeanFactory     : Returning cached instance of singleton bean 'autoConfigurationReport'
2023-07-07T15:12:38.159+05:30 TRACE 10928 --- [           main] o.s.b.f.s.DefaultListableBeanFactory     : Returning cached instance of singleton bean 'autoConfigurationReport'
2023-07-07T15:12:38.159+05:30 TRACE 10928 --- [           main] o.s.b.f.s.DefaultListableBeanFactory     : Returning cached instance of singleton bean 'autoConfigurationReport'
2023-07-07T15:12:38.159+05:30 TRACE 10928 --- [           main] o.s.b.f.s.DefaultListableBeanFactory     : Returning cached instance of singleton bean 'autoConfigurationReport'
2023-07-07T15:12:38.159+05:30 TRACE 10928 --- [           main] o.s.b.f.s.DefaultListableBeanFactory     : Returning cached instance of singleton bean 'autoConfigurationReport'
2023-07-07T15:12:38.160+05:30 TRACE 10928 --- [           main] o.s.b.f.s.DefaultListableBeanFactory     : Returning cached instance of singleton bean 'autoConfigurationReport'
2023-07-07T15:12:38.160+05:30 TRACE 10928 --- [           main] o.s.b.f.s.DefaultListableBeanFactory     : Returning cached instance of singleton bean 'autoConfigurationReport'
2023-07-07T15:12:38.160+05:30 TRACE 10928 --- [           main] o.s.b.f.s.DefaultListableBeanFactory     : Returning cached instance of singleton bean 'autoConfigurationReport'
2023-07-07T15:12:38.165+05:30 TRACE 10928 --- [           main] o.s.b.a.a.w.s.OnManagementPortCondition  : Condition OnManagementPortCondition on org.springframework.boot.actuate.autoconfigure.web.server.ManagementContextAutoConfiguration$DifferentManagementContextConfiguration did not match due to Management Port actual port type (SAME) did not match required type (DIFFERENT)
2023-07-07T15:12:38.165+05:30 TRACE 10928 --- [           main] o.s.b.f.s.DefaultListableBeanFactory     : Returning cached instance of singleton bean 'autoConfigurationReport'
2023-07-07T15:12:38.165+05:30 TRACE 10928 --- [           main] o.s.b.a.a.w.s.OnManagementPortCondition  : Condition OnManagementPortCondition on org.springframework.boot.actuate.autoconfigure.web.server.ManagementContextAutoConfiguration$SameManagementContextConfiguration matched due to Management Port actual port type (SAME) matched required type
2023-07-07T15:12:38.165+05:30 TRACE 10928 --- [           main] o.s.b.f.s.DefaultListableBeanFactory     : Returning cached instance of singleton bean 'autoConfigurationReport'
2023-07-07T15:12:38.165+05:30 TRACE 10928 --- [           main] o.s.b.f.s.DefaultListableBeanFactory     : Returning cached instance of singleton bean 'autoConfigurationReport'
2023-07-07T15:12:38.165+05:30 TRACE 10928 --- [           main] o.s.b.f.s.DefaultListableBeanFactory     : Returning cached instance of singleton bean 'autoConfigurationReport'
2023-07-07T15:12:38.165+05:30 TRACE 10928 --- [           main] o.s.b.f.s.DefaultListableBeanFactory     : Returning cached instance of singleton bean 'autoConfigurationReport'
2023-07-07T15:12:38.167+05:30 TRACE 10928 --- [           main] o.s.b.f.s.DefaultListableBeanFactory     : Returning cached instance of singleton bean 'autoConfigurationReport'
2023-07-07T15:12:38.167+05:30 TRACE 10928 --- [           main] o.s.b.f.s.DefaultListableBeanFactory     : Returning cached instance of singleton bean 'autoConfigurationReport'
2023-07-07T15:12:38.167+05:30 TRACE 10928 --- [           main] o.s.b.f.s.DefaultListableBeanFactory     : Returning cached instance of singleton bean 'autoConfigurationReport'
2023-07-07T15:12:38.176+05:30 TRACE 10928 --- [           main] o.s.b.a.c.OnWebApplicationCondition      : Condition OnWebApplicationCondition on org.springframework.boot.actuate.autoconfigure.endpoint.web.ServletEndpointManagementContextConfiguration matched due to found 'session' scope
2023-07-07T15:12:38.176+05:30 TRACE 10928 --- [           main] o.s.b.f.s.DefaultListableBeanFactory     : Returning cached instance of singleton bean 'autoConfigurationReport'
2023-07-07T15:12:38.178+05:30 TRACE 10928 --- [           main] o.s.b.a.condition.OnClassCondition       : Condition OnClassCondition on org.springframework.boot.actuate.autoconfigure.endpoint.web.ServletEndpointManagementContextConfiguration$JerseyServletEndpointManagementContextConfiguration did not match due to @ConditionalOnClass did not find required class 'org.glassfish.jersey.server.ResourceConfig'
2023-07-07T15:12:38.178+05:30 TRACE 10928 --- [           main] o.s.b.f.s.DefaultListableBeanFactory     : Returning cached instance of singleton bean 'autoConfigurationReport'
2023-07-07T15:12:38.178+05:30 TRACE 10928 --- [           main] o.s.b.a.condition.OnClassCondition       : Condition OnClassCondition on org.springframework.boot.actuate.autoconfigure.endpoint.web.ServletEndpointManagementContextConfiguration$WebMvcServletEndpointManagementContextConfiguration matched due to @ConditionalOnClass found required class 'org.springframework.web.servlet.DispatcherServlet'
2023-07-07T15:12:38.178+05:30 TRACE 10928 --- [           main] o.s.b.f.s.DefaultListableBeanFactory     : Returning cached instance of singleton bean 'autoConfigurationReport'
2023-07-07T15:12:38.179+05:30 TRACE 10928 --- [           main] o.s.b.a.condition.OnClassCondition       : Condition OnClassCondition on org.springframework.boot.actuate.autoconfigure.endpoint.web.jersey.JerseyWebEndpointManagementContextConfiguration did not match due to @ConditionalOnClass did not find required class 'org.glassfish.jersey.server.ResourceConfig'
2023-07-07T15:12:38.179+05:30 TRACE 10928 --- [           main] o.s.b.f.s.DefaultListableBeanFactory     : Returning cached instance of singleton bean 'autoConfigurationReport'
2023-07-07T15:12:38.180+05:30 TRACE 10928 --- [           main] o.s.b.a.condition.OnClassCondition       : Condition OnClassCondition on org.springframework.boot.actuate.autoconfigure.endpoint.web.reactive.WebFluxEndpointManagementContextConfiguration did not match due to @ConditionalOnClass did not find required class 'org.springframework.web.reactive.DispatcherHandler'
2023-07-07T15:12:38.180+05:30 TRACE 10928 --- [           main] o.s.b.f.s.DefaultListableBeanFactory     : Returning cached instance of singleton bean 'autoConfigurationReport'
2023-07-07T15:12:38.180+05:30 TRACE 10928 --- [           main] o.s.b.a.condition.OnClassCondition       : Condition OnClassCondition on org.springframework.boot.actuate.autoconfigure.endpoint.web.servlet.WebMvcEndpointManagementContextConfiguration matched due to @ConditionalOnClass found required class 'org.springframework.web.servlet.DispatcherServlet'
2023-07-07T15:12:38.180+05:30 TRACE 10928 --- [           main] o.s.b.f.s.DefaultListableBeanFactory     : Returning cached instance of singleton bean 'autoConfigurationReport'
2023-07-07T15:12:38.181+05:30 TRACE 10928 --- [           main] o.s.b.a.c.OnWebApplicationCondition      : Condition OnWebApplicationCondition on org.springframework.boot.actuate.autoconfigure.endpoint.web.servlet.WebMvcEndpointManagementContextConfiguration matched due to found 'session' scope
2023-07-07T15:12:38.181+05:30 TRACE 10928 --- [           main] o.s.b.f.s.DefaultListableBeanFactory     : Returning cached instance of singleton bean 'autoConfigurationReport'
2023-07-07T15:12:38.182+05:30 TRACE 10928 --- [           main] o.s.b.a.condition.OnClassCondition       : Condition OnClassCondition on org.springframework.boot.actuate.autoconfigure.security.servlet.SecurityRequestMatchersManagementContextConfiguration did not match due to @ConditionalOnClass did not find required class 'org.springframework.security.web.util.matcher.RequestMatcher'
2023-07-07T15:12:38.182+05:30 TRACE 10928 --- [           main] o.s.b.f.s.DefaultListableBeanFactory     : Returning cached instance of singleton bean 'autoConfigurationReport'
2023-07-07T15:12:38.183+05:30 TRACE 10928 --- [           main] o.s.b.a.condition.OnClassCondition       : Condition OnClassCondition on org.springframework.boot.actuate.autoconfigure.web.jersey.JerseySameManagementContextConfiguration did not match due to @ConditionalOnClass did not find required class 'org.glassfish.jersey.server.ResourceConfig'
2023-07-07T15:12:38.183+05:30 TRACE 10928 --- [           main] o.s.b.f.s.DefaultListableBeanFactory     : Returning cached instance of singleton bean 'autoConfigurationReport'
2023-07-07T15:12:38.190+05:30 TRACE 10928 --- [           main] a.ConfigurationClassBeanDefinitionReader : Registered bean definition for imported class 'org.springframework.boot.autoconfigure.context.PropertyPlaceholderAutoConfiguration'
2023-07-07T15:12:38.196+05:30 TRACE 10928 --- [           main] o.s.b.a.condition.OnBeanCondition        : Condition OnBeanCondition on org.springframework.boot.autoconfigure.context.PropertyPlaceholderAutoConfiguration#propertySourcesPlaceholderConfigurer matched due to @ConditionalOnMissingBean (types: org.springframework.context.support.PropertySourcesPlaceholderConfigurer; SearchStrategy: current) did not find any beans
2023-07-07T15:12:38.196+05:30 TRACE 10928 --- [           main] o.s.b.f.s.DefaultListableBeanFactory     : Returning cached instance of singleton bean 'autoConfigurationReport'
2023-07-07T15:12:38.197+05:30 TRACE 10928 --- [           main] a.ConfigurationClassBeanDefinitionReader : Registering bean definition for @Bean method org.springframework.boot.autoconfigure.context.PropertyPlaceholderAutoConfiguration.propertySourcesPlaceholderConfigurer()
2023-07-07T15:12:38.198+05:30 TRACE 10928 --- [           main] a.ConfigurationClassBeanDefinitionReader : Registered bean definition for imported class 'org.springframework.boot.autoconfigure.ssl.SslAutoConfiguration'
2023-07-07T15:12:38.198+05:30 TRACE 10928 --- [           main] a.ConfigurationClassBeanDefinitionReader : Registering bean definition for @Bean method org.springframework.boot.autoconfigure.ssl.SslAutoConfiguration.sslPropertiesSslBundleRegistrar()
2023-07-07T15:12:38.204+05:30 TRACE 10928 --- [           main] o.s.b.a.condition.OnBeanCondition        : Condition OnBeanCondition on org.springframework.boot.autoconfigure.ssl.SslAutoConfiguration#sslBundleRegistry matched due to @ConditionalOnMissingBean (types: org.springframework.boot.ssl.SslBundleRegistry,org.springframework.boot.ssl.SslBundles; SearchStrategy: all) did not find any beans
2023-07-07T15:12:38.204+05:30 TRACE 10928 --- [           main] o.s.b.f.s.DefaultListableBeanFactory     : Returning cached instance of singleton bean 'autoConfigurationReport'
2023-07-07T15:12:38.204+05:30 TRACE 10928 --- [           main] a.ConfigurationClassBeanDefinitionReader : Registering bean definition for @Bean method org.springframework.boot.autoconfigure.ssl.SslAutoConfiguration.sslBundleRegistry()
2023-07-07T15:12:38.213+05:30 TRACE 10928 --- [           main] o.s.b.a.condition.OnClassCondition       : Condition OnClassCondition on org.springframework.boot.autoconfigure.websocket.servlet.WebSocketServletAutoConfiguration matched due to @ConditionalOnClass found required classes 'jakarta.servlet.Servlet', 'jakarta.websocket.server.ServerContainer'
2023-07-07T15:12:38.213+05:30 TRACE 10928 --- [           main] o.s.b.f.s.DefaultListableBeanFactory     : Returning cached instance of singleton bean 'autoConfigurationReport'
2023-07-07T15:12:38.213+05:30 TRACE 10928 --- [           main] o.s.b.a.c.OnWebApplicationCondition      : Condition OnWebApplicationCondition on org.springframework.boot.autoconfigure.websocket.servlet.WebSocketServletAutoConfiguration matched due to found 'session' scope
2023-07-07T15:12:38.213+05:30 TRACE 10928 --- [           main] o.s.b.f.s.DefaultListableBeanFactory     : Returning cached instance of singleton bean 'autoConfigurationReport'
2023-07-07T15:12:38.213+05:30 TRACE 10928 --- [           main] o.s.b.a.condition.OnClassCondition       : Condition OnClassCondition on org.springframework.boot.autoconfigure.websocket.servlet.WebSocketServletAutoConfiguration$TomcatWebSocketConfiguration matched due to @ConditionalOnClass found required classes 'org.apache.catalina.startup.Tomcat', 'org.apache.tomcat.websocket.server.WsSci'
2023-07-07T15:12:38.213+05:30 TRACE 10928 --- [           main] o.s.b.f.s.DefaultListableBeanFactory     : Returning cached instance of singleton bean 'autoConfigurationReport'
2023-07-07T15:12:38.214+05:30 TRACE 10928 --- [           main] a.ConfigurationClassBeanDefinitionReader : Registered bean definition for imported class 'org.springframework.boot.autoconfigure.websocket.servlet.WebSocketServletAutoConfiguration$TomcatWebSocketConfiguration'
2023-07-07T15:12:38.214+05:30 TRACE 10928 --- [           main] o.s.b.a.condition.OnBeanCondition        : Condition OnBeanCondition on org.springframework.boot.autoconfigure.websocket.servlet.WebSocketServletAutoConfiguration$TomcatWebSocketConfiguration#websocketServletWebServerCustomizer matched due to @ConditionalOnMissingBean (names: websocketServletWebServerCustomizer; SearchStrategy: all) did not find any beans
2023-07-07T15:12:38.214+05:30 TRACE 10928 --- [           main] o.s.b.f.s.DefaultListableBeanFactory     : Returning cached instance of singleton bean 'autoConfigurationReport'
2023-07-07T15:12:38.214+05:30 TRACE 10928 --- [           main] a.ConfigurationClassBeanDefinitionReader : Registering bean definition for @Bean method org.springframework.boot.autoconfigure.websocket.servlet.WebSocketServletAutoConfiguration$TomcatWebSocketConfiguration.websocketServletWebServerCustomizer()
2023-07-07T15:12:38.214+05:30 TRACE 10928 --- [           main] a.ConfigurationClassBeanDefinitionReader : Registered bean definition for imported class 'org.springframework.boot.autoconfigure.websocket.servlet.WebSocketServletAutoConfiguration'
2023-07-07T15:12:38.214+05:30 TRACE 10928 --- [           main] o.s.b.a.condition.OnClassCondition       : Condition OnClassCondition on org.springframework.boot.autoconfigure.web.servlet.ServletWebServerFactoryAutoConfiguration matched due to @ConditionalOnClass found required class 'jakarta.servlet.ServletRequest'
2023-07-07T15:12:38.214+05:30 TRACE 10928 --- [           main] o.s.b.f.s.DefaultListableBeanFactory     : Returning cached instance of singleton bean 'autoConfigurationReport'
2023-07-07T15:12:38.214+05:30 TRACE 10928 --- [           main] o.s.b.a.c.OnWebApplicationCondition      : Condition OnWebApplicationCondition on org.springframework.boot.autoconfigure.web.servlet.ServletWebServerFactoryAutoConfiguration matched due to found 'session' scope
2023-07-07T15:12:38.214+05:30 TRACE 10928 --- [           main] o.s.b.f.s.DefaultListableBeanFactory     : Returning cached instance of singleton bean 'autoConfigurationReport'
2023-07-07T15:12:38.214+05:30 TRACE 10928 --- [           main] o.s.b.a.condition.OnClassCondition       : Condition OnClassCondition on org.springframework.boot.autoconfigure.web.servlet.ServletWebServerFactoryConfiguration$EmbeddedTomcat matched due to @ConditionalOnClass found required classes 'jakarta.servlet.Servlet', 'org.apache.catalina.startup.Tomcat', 'org.apache.coyote.UpgradeProtocol'
2023-07-07T15:12:38.214+05:30 TRACE 10928 --- [           main] o.s.b.f.s.DefaultListableBeanFactory     : Returning cached instance of singleton bean 'autoConfigurationReport'
2023-07-07T15:12:38.219+05:30 TRACE 10928 --- [           main] o.s.b.a.condition.OnBeanCondition        : Condition OnBeanCondition on org.springframework.boot.autoconfigure.web.servlet.ServletWebServerFactoryConfiguration$EmbeddedTomcat matched due to @ConditionalOnMissingBean (types: org.springframework.boot.web.servlet.server.ServletWebServerFactory; SearchStrategy: current) did not find any beans
2023-07-07T15:12:38.219+05:30 TRACE 10928 --- [           main] o.s.b.f.s.DefaultListableBeanFactory     : Returning cached instance of singleton bean 'autoConfigurationReport'
2023-07-07T15:12:38.219+05:30 TRACE 10928 --- [           main] a.ConfigurationClassBeanDefinitionReader : Registered bean definition for imported class 'org.springframework.boot.autoconfigure.web.servlet.ServletWebServerFactoryConfiguration$EmbeddedTomcat'
2023-07-07T15:12:38.219+05:30 TRACE 10928 --- [           main] a.ConfigurationClassBeanDefinitionReader : Registering bean definition for @Bean method org.springframework.boot.autoconfigure.web.servlet.ServletWebServerFactoryConfiguration$EmbeddedTomcat.tomcatServletWebServerFactory()
2023-07-07T15:12:38.221+05:30 TRACE 10928 --- [           main] a.ConfigurationClassBeanDefinitionReader : Registered bean definition for imported class 'org.springframework.boot.autoconfigure.web.servlet.ServletWebServerFactoryAutoConfiguration'
2023-07-07T15:12:38.221+05:30 TRACE 10928 --- [           main] a.ConfigurationClassBeanDefinitionReader : Registering bean definition for @Bean method org.springframework.boot.autoconfigure.web.servlet.ServletWebServerFactoryAutoConfiguration.servletWebServerFactoryCustomizer()
2023-07-07T15:12:38.221+05:30 TRACE 10928 --- [           main] o.s.b.a.condition.OnClassCondition       : Condition OnClassCondition on org.springframework.boot.autoconfigure.web.servlet.ServletWebServerFactoryAutoConfiguration#tomcatServletWebServerFactoryCustomizer matched due to @ConditionalOnClass found required class 'org.apache.catalina.startup.Tomcat'
2023-07-07T15:12:38.221+05:30 TRACE 10928 --- [           main] o.s.b.f.s.DefaultListableBeanFactory     : Returning cached instance of singleton bean 'autoConfigurationReport'
2023-07-07T15:12:38.221+05:30 TRACE 10928 --- [           main] a.ConfigurationClassBeanDefinitionReader : Registering bean definition for @Bean method org.springframework.boot.autoconfigure.web.servlet.ServletWebServerFactoryAutoConfiguration.tomcatServletWebServerFactoryCustomizer()
2023-07-07T15:12:38.234+05:30 TRACE 10928 --- [           main] o.s.b.a.condition.OnClassCondition       : Condition OnClassCondition on org.springframework.boot.autoconfigure.web.servlet.DispatcherServletAutoConfiguration matched due to @ConditionalOnClass found required class 'org.springframework.web.servlet.DispatcherServlet'
2023-07-07T15:12:38.234+05:30 TRACE 10928 --- [           main] o.s.b.f.s.DefaultListableBeanFactory     : Returning cached instance of singleton bean 'autoConfigurationReport'
2023-07-07T15:12:38.234+05:30 TRACE 10928 --- [           main] o.s.b.a.c.OnWebApplicationCondition      : Condition OnWebApplicationCondition on org.springframework.boot.autoconfigure.web.servlet.DispatcherServletAutoConfiguration matched due to found 'session' scope
2023-07-07T15:12:38.234+05:30 TRACE 10928 --- [           main] o.s.b.f.s.DefaultListableBeanFactory     : Returning cached instance of singleton bean 'autoConfigurationReport'
2023-07-07T15:12:38.234+05:30 TRACE 10928 --- [           main] o.s.b.a.condition.OnClassCondition       : Condition OnClassCondition on org.springframework.boot.autoconfigure.web.servlet.DispatcherServletAutoConfiguration$DispatcherServletRegistrationConfiguration matched due to @ConditionalOnClass found required class 'jakarta.servlet.ServletRegistration'
2023-07-07T15:12:38.234+05:30 TRACE 10928 --- [           main] o.s.b.f.s.DefaultListableBeanFactory     : Returning cached instance of singleton bean 'autoConfigurationReport'
2023-07-07T15:12:38.235+05:30 TRACE 10928 --- [           main] n$DispatcherServletRegistrationCondition : Condition DispatcherServletAutoConfiguration.DispatcherServletRegistrationCondition on org.springframework.boot.autoconfigure.web.servlet.DispatcherServletAutoConfiguration$DispatcherServletRegistrationConfiguration matched due to DispatcherServlet Registration did not find servlet registration bean
2023-07-07T15:12:38.235+05:30 TRACE 10928 --- [           main] o.s.b.f.s.DefaultListableBeanFactory     : Returning cached instance of singleton bean 'autoConfigurationReport'
2023-07-07T15:12:38.235+05:30 TRACE 10928 --- [           main] o.s.b.a.condition.OnClassCondition       : Condition OnClassCondition on org.springframework.boot.autoconfigure.web.servlet.DispatcherServletAutoConfiguration$DispatcherServletConfiguration matched due to @ConditionalOnClass found required class 'jakarta.servlet.ServletRegistration'
2023-07-07T15:12:38.235+05:30 TRACE 10928 --- [           main] o.s.b.f.s.DefaultListableBeanFactory     : Returning cached instance of singleton bean 'autoConfigurationReport'
2023-07-07T15:12:38.235+05:30 TRACE 10928 --- [           main] ration$DefaultDispatcherServletCondition : Condition DispatcherServletAutoConfiguration.DefaultDispatcherServletCondition on org.springframework.boot.autoconfigure.web.servlet.DispatcherServletAutoConfiguration$DispatcherServletConfiguration matched due to Default DispatcherServlet did not find dispatcher servlet beans
2023-07-07T15:12:38.235+05:30 TRACE 10928 --- [           main] o.s.b.f.s.DefaultListableBeanFactory     : Returning cached instance of singleton bean 'autoConfigurationReport'
2023-07-07T15:12:38.236+05:30 TRACE 10928 --- [           main] a.ConfigurationClassBeanDefinitionReader : Registered bean definition for imported class 'org.springframework.boot.autoconfigure.web.servlet.DispatcherServletAutoConfiguration$DispatcherServletConfiguration'
2023-07-07T15:12:38.236+05:30 TRACE 10928 --- [           main] a.ConfigurationClassBeanDefinitionReader : Registering bean definition for @Bean method org.springframework.boot.autoconfigure.web.servlet.DispatcherServletAutoConfiguration$DispatcherServletConfiguration.dispatcherServlet()
2023-07-07T15:12:38.237+05:30 TRACE 10928 --- [           main] o.s.b.a.condition.OnBeanCondition        : Condition OnBeanCondition on org.springframework.boot.autoconfigure.web.servlet.DispatcherServletAutoConfiguration$DispatcherServletConfiguration#multipartResolver did not match due to @ConditionalOnBean (types: org.springframework.web.multipart.MultipartResolver; SearchStrategy: all) did not find any beans of type org.springframework.web.multipart.MultipartResolver
2023-07-07T15:12:38.237+05:30 TRACE 10928 --- [           main] o.s.b.f.s.DefaultListableBeanFactory     : Returning cached instance of singleton bean 'autoConfigurationReport'
2023-07-07T15:12:38.240+05:30 TRACE 10928 --- [           main] a.ConfigurationClassBeanDefinitionReader : Registered bean definition for imported class 'org.springframework.boot.autoconfigure.web.servlet.DispatcherServletAutoConfiguration$DispatcherServletRegistrationConfiguration'
2023-07-07T15:12:38.243+05:30 TRACE 10928 --- [           main] o.s.b.a.condition.OnBeanCondition        : Condition OnBeanCondition on org.springframework.boot.autoconfigure.web.servlet.DispatcherServletAutoConfiguration$DispatcherServletRegistrationConfiguration#dispatcherServletRegistration matched due to @ConditionalOnBean (names: dispatcherServlet types: org.springframework.web.servlet.DispatcherServlet; SearchStrategy: all) found bean 'dispatcherServlet'
2023-07-07T15:12:38.243+05:30 TRACE 10928 --- [           main] o.s.b.f.s.DefaultListableBeanFactory     : Returning cached instance of singleton bean 'autoConfigurationReport'
2023-07-07T15:12:38.243+05:30 TRACE 10928 --- [           main] a.ConfigurationClassBeanDefinitionReader : Registering bean definition for @Bean method org.springframework.boot.autoconfigure.web.servlet.DispatcherServletAutoConfiguration$DispatcherServletRegistrationConfiguration.dispatcherServletRegistration()
2023-07-07T15:12:38.243+05:30 TRACE 10928 --- [           main] a.ConfigurationClassBeanDefinitionReader : Registered bean definition for imported class 'org.springframework.boot.autoconfigure.web.servlet.DispatcherServletAutoConfiguration'
2023-07-07T15:12:38.243+05:30 TRACE 10928 --- [           main] o.s.b.a.condition.OnClassCondition       : Condition OnClassCondition on org.springframework.boot.autoconfigure.task.TaskExecutionAutoConfiguration matched due to @ConditionalOnClass found required class 'org.springframework.scheduling.concurrent.ThreadPoolTaskExecutor'
2023-07-07T15:12:38.244+05:30 TRACE 10928 --- [           main] o.s.b.f.s.DefaultListableBeanFactory     : Returning cached instance of singleton bean 'autoConfigurationReport'
2023-07-07T15:12:38.244+05:30 TRACE 10928 --- [           main] a.ConfigurationClassBeanDefinitionReader : Registered bean definition for imported class 'org.springframework.boot.autoconfigure.task.TaskExecutionAutoConfiguration'
2023-07-07T15:12:38.248+05:30 TRACE 10928 --- [           main] o.s.b.a.condition.OnBeanCondition        : Condition OnBeanCondition on org.springframework.boot.autoconfigure.task.TaskExecutionAutoConfiguration#taskExecutorBuilder matched due to @ConditionalOnMissingBean (types: org.springframework.boot.task.TaskExecutorBuilder; SearchStrategy: all) did not find any beans
2023-07-07T15:12:38.248+05:30 TRACE 10928 --- [           main] o.s.b.f.s.DefaultListableBeanFactory     : Returning cached instance of singleton bean 'autoConfigurationReport'
2023-07-07T15:12:38.249+05:30 TRACE 10928 --- [           main] a.ConfigurationClassBeanDefinitionReader : Registering bean definition for @Bean method org.springframework.boot.autoconfigure.task.TaskExecutionAutoConfiguration.taskExecutorBuilder()
2023-07-07T15:12:38.250+05:30 TRACE 10928 --- [           main] o.s.b.a.condition.OnBeanCondition        : Condition OnBeanCondition on org.springframework.boot.autoconfigure.task.TaskExecutionAutoConfiguration#applicationTaskExecutor matched due to @ConditionalOnMissingBean (types: java.util.concurrent.Executor; SearchStrategy: all) did not find any beans
2023-07-07T15:12:38.250+05:30 TRACE 10928 --- [           main] o.s.b.f.s.DefaultListableBeanFactory     : Returning cached instance of singleton bean 'autoConfigurationReport'
2023-07-07T15:12:38.250+05:30 TRACE 10928 --- [           main] o.s.b.f.s.DefaultListableBeanFactory     : Alias definition 'taskExecutor' registered for name 'applicationTaskExecutor'
2023-07-07T15:12:38.250+05:30 TRACE 10928 --- [           main] a.ConfigurationClassBeanDefinitionReader : Registering bean definition for @Bean method org.springframework.boot.autoconfigure.task.TaskExecutionAutoConfiguration.applicationTaskExecutor()
2023-07-07T15:12:38.252+05:30 TRACE 10928 --- [           main] o.s.b.a.condition.OnClassCondition       : Condition OnClassCondition on org.springframework.boot.autoconfigure.web.servlet.error.ErrorMvcAutoConfiguration matched due to @ConditionalOnClass found required classes 'jakarta.servlet.Servlet', 'org.springframework.web.servlet.DispatcherServlet'
2023-07-07T15:12:38.252+05:30 TRACE 10928 --- [           main] o.s.b.f.s.DefaultListableBeanFactory     : Returning cached instance of singleton bean 'autoConfigurationReport'
2023-07-07T15:12:38.252+05:30 TRACE 10928 --- [           main] o.s.b.a.c.OnWebApplicationCondition      : Condition OnWebApplicationCondition on org.springframework.boot.autoconfigure.web.servlet.error.ErrorMvcAutoConfiguration matched due to found 'session' scope
2023-07-07T15:12:38.252+05:30 TRACE 10928 --- [           main] o.s.b.f.s.DefaultListableBeanFactory     : Returning cached instance of singleton bean 'autoConfigurationReport'
2023-07-07T15:12:38.253+05:30 TRACE 10928 --- [           main] o.s.b.a.condition.OnPropertyCondition    : Condition OnPropertyCondition on org.springframework.boot.autoconfigure.web.servlet.error.ErrorMvcAutoConfiguration$WhitelabelErrorViewConfiguration matched due to @ConditionalOnProperty (server.error.whitelabel.enabled) matched
2023-07-07T15:12:38.253+05:30 TRACE 10928 --- [           main] o.s.b.f.s.DefaultListableBeanFactory     : Returning cached instance of singleton bean 'autoConfigurationReport'
2023-07-07T15:12:38.254+05:30 TRACE 10928 --- [           main] o.s.c.io.support.SpringFactoriesLoader   : Loaded [org.springframework.boot.autoconfigure.template.TemplateAvailabilityProvider] names: [org.springframework.boot.autoconfigure.freemarker.FreeMarkerTemplateAvailabilityProvider, org.springframework.boot.autoconfigure.mustache.MustacheTemplateAvailabilityProvider, org.springframework.boot.autoconfigure.groovy.template.GroovyTemplateAvailabilityProvider, org.springframework.boot.autoconfigure.thymeleaf.ThymeleafTemplateAvailabilityProvider, org.springframework.boot.autoconfigure.web.servlet.JspTemplateAvailabilityProvider]
2023-07-07T15:12:38.255+05:30 TRACE 10928 --- [           main] figuration$ErrorTemplateMissingCondition : Condition ErrorMvcAutoConfiguration.ErrorTemplateMissingCondition on org.springframework.boot.autoconfigure.web.servlet.error.ErrorMvcAutoConfiguration$WhitelabelErrorViewConfiguration matched due to ErrorTemplate Missing did not find error template view
2023-07-07T15:12:38.255+05:30 TRACE 10928 --- [           main] o.s.b.f.s.DefaultListableBeanFactory     : Returning cached instance of singleton bean 'autoConfigurationReport'
2023-07-07T15:12:38.255+05:30 TRACE 10928 --- [           main] a.ConfigurationClassBeanDefinitionReader : Registered bean definition for imported class 'org.springframework.boot.autoconfigure.web.servlet.error.ErrorMvcAutoConfiguration$WhitelabelErrorViewConfiguration'
2023-07-07T15:12:38.256+05:30 TRACE 10928 --- [           main] o.s.b.a.condition.OnBeanCondition        : Condition OnBeanCondition on org.springframework.boot.autoconfigure.web.servlet.error.ErrorMvcAutoConfiguration$WhitelabelErrorViewConfiguration#defaultErrorView matched due to @ConditionalOnMissingBean (names: error; SearchStrategy: all) did not find any beans
2023-07-07T15:12:38.256+05:30 TRACE 10928 --- [           main] o.s.b.f.s.DefaultListableBeanFactory     : Returning cached instance of singleton bean 'autoConfigurationReport'
2023-07-07T15:12:38.256+05:30 TRACE 10928 --- [           main] a.ConfigurationClassBeanDefinitionReader : Registering bean definition for @Bean method org.springframework.boot.autoconfigure.web.servlet.error.ErrorMvcAutoConfiguration$WhitelabelErrorViewConfiguration.error()
2023-07-07T15:12:38.264+05:30 TRACE 10928 --- [           main] o.s.b.a.condition.OnBeanCondition        : Condition OnBeanCondition on org.springframework.boot.autoconfigure.web.servlet.error.ErrorMvcAutoConfiguration$WhitelabelErrorViewConfiguration#beanNameViewResolver matched due to @ConditionalOnMissingBean (types: org.springframework.web.servlet.view.BeanNameViewResolver; SearchStrategy: all) did not find any beans
2023-07-07T15:12:38.264+05:30 TRACE 10928 --- [           main] o.s.b.f.s.DefaultListableBeanFactory     : Returning cached instance of singleton bean 'autoConfigurationReport'
2023-07-07T15:12:38.264+05:30 TRACE 10928 --- [           main] a.ConfigurationClassBeanDefinitionReader : Registering bean definition for @Bean method org.springframework.boot.autoconfigure.web.servlet.error.ErrorMvcAutoConfiguration$WhitelabelErrorViewConfiguration.beanNameViewResolver()
2023-07-07T15:12:38.266+05:30 TRACE 10928 --- [           main] a.ConfigurationClassBeanDefinitionReader : Registered bean definition for imported class 'org.springframework.boot.autoconfigure.web.servlet.error.ErrorMvcAutoConfiguration$DefaultErrorViewResolverConfiguration'
2023-07-07T15:12:38.268+05:30 TRACE 10928 --- [           main] o.s.b.a.condition.OnBeanCondition        : Condition OnBeanCondition on org.springframework.boot.autoconfigure.web.servlet.error.ErrorMvcAutoConfiguration$DefaultErrorViewResolverConfiguration#conventionErrorViewResolver matched due to @ConditionalOnBean (types: org.springframework.web.servlet.DispatcherServlet; SearchStrategy: all) found bean 'dispatcherServlet'; @ConditionalOnMissingBean (types: org.springframework.boot.autoconfigure.web.servlet.error.ErrorViewResolver; SearchStrategy: all) did not find any beans
2023-07-07T15:12:38.268+05:30 TRACE 10928 --- [           main] o.s.b.f.s.DefaultListableBeanFactory     : Returning cached instance of singleton bean 'autoConfigurationReport'
2023-07-07T15:12:38.270+05:30 TRACE 10928 --- [           main] o.s.b.a.condition.OnBeanCondition        : Condition OnBeanCondition on org.springframework.boot.autoconfigure.web.servlet.error.ErrorMvcAutoConfiguration$DefaultErrorViewResolverConfiguration#conventionErrorViewResolver matched due to @ConditionalOnBean (types: org.springframework.web.servlet.DispatcherServlet; SearchStrategy: all) found bean 'dispatcherServlet'; @ConditionalOnMissingBean (types: org.springframework.boot.autoconfigure.web.servlet.error.ErrorViewResolver; SearchStrategy: all) did not find any beans
2023-07-07T15:12:38.271+05:30 TRACE 10928 --- [           main] o.s.b.f.s.DefaultListableBeanFactory     : Returning cached instance of singleton bean 'autoConfigurationReport'
2023-07-07T15:12:38.271+05:30 TRACE 10928 --- [           main] a.ConfigurationClassBeanDefinitionReader : Registering bean definition for @Bean method org.springframework.boot.autoconfigure.web.servlet.error.ErrorMvcAutoConfiguration$DefaultErrorViewResolverConfiguration.conventionErrorViewResolver()
2023-07-07T15:12:38.274+05:30 TRACE 10928 --- [           main] a.ConfigurationClassBeanDefinitionReader : Registered bean definition for imported class 'org.springframework.boot.autoconfigure.web.servlet.error.ErrorMvcAutoConfiguration'
2023-07-07T15:12:38.277+05:30 TRACE 10928 --- [           main] o.s.b.a.condition.OnBeanCondition        : Condition OnBeanCondition on org.springframework.boot.autoconfigure.web.servlet.error.ErrorMvcAutoConfiguration#errorAttributes matched due to @ConditionalOnMissingBean (types: org.springframework.boot.web.servlet.error.ErrorAttributes; SearchStrategy: current) did not find any beans
2023-07-07T15:12:38.277+05:30 TRACE 10928 --- [           main] o.s.b.f.s.DefaultListableBeanFactory     : Returning cached instance of singleton bean 'autoConfigurationReport'
2023-07-07T15:12:38.277+05:30 TRACE 10928 --- [           main] a.ConfigurationClassBeanDefinitionReader : Registering bean definition for @Bean method org.springframework.boot.autoconfigure.web.servlet.error.ErrorMvcAutoConfiguration.errorAttributes()
2023-07-07T15:12:38.280+05:30 TRACE 10928 --- [           main] o.s.b.a.condition.OnBeanCondition        : Condition OnBeanCondition on org.springframework.boot.autoconfigure.web.servlet.error.ErrorMvcAutoConfiguration#basicErrorController matched due to @ConditionalOnMissingBean (types: org.springframework.boot.web.servlet.error.ErrorController; SearchStrategy: current) did not find any beans
2023-07-07T15:12:38.280+05:30 TRACE 10928 --- [           main] o.s.b.f.s.DefaultListableBeanFactory     : Returning cached instance of singleton bean 'autoConfigurationReport'
2023-07-07T15:12:38.280+05:30 TRACE 10928 --- [           main] a.ConfigurationClassBeanDefinitionReader : Registering bean definition for @Bean method org.springframework.boot.autoconfigure.web.servlet.error.ErrorMvcAutoConfiguration.basicErrorController()
2023-07-07T15:12:38.280+05:30 TRACE 10928 --- [           main] a.ConfigurationClassBeanDefinitionReader : Registering bean definition for @Bean method org.springframework.boot.autoconfigure.web.servlet.error.ErrorMvcAutoConfiguration.errorPageCustomizer()
2023-07-07T15:12:38.280+05:30 TRACE 10928 --- [           main] a.ConfigurationClassBeanDefinitionReader : Registering bean definition for @Bean method org.springframework.boot.autoconfigure.web.servlet.error.ErrorMvcAutoConfiguration.preserveErrorControllerTargetClassPostProcessor()
2023-07-07T15:12:38.281+05:30 TRACE 10928 --- [           main] o.s.b.a.condition.OnClassCondition       : Condition OnClassCondition on org.springframework.boot.autoconfigure.web.servlet.WebMvcAutoConfiguration matched due to @ConditionalOnClass found required classes 'jakarta.servlet.Servlet', 'org.springframework.web.servlet.DispatcherServlet', 'org.springframework.web.servlet.config.annotation.WebMvcConfigurer'
2023-07-07T15:12:38.281+05:30 TRACE 10928 --- [           main] o.s.b.f.s.DefaultListableBeanFactory     : Returning cached instance of singleton bean 'autoConfigurationReport'
2023-07-07T15:12:38.281+05:30 TRACE 10928 --- [           main] o.s.b.a.c.OnWebApplicationCondition      : Condition OnWebApplicationCondition on org.springframework.boot.autoconfigure.web.servlet.WebMvcAutoConfiguration matched due to found 'session' scope
2023-07-07T15:12:38.281+05:30 TRACE 10928 --- [           main] o.s.b.f.s.DefaultListableBeanFactory     : Returning cached instance of singleton bean 'autoConfigurationReport'
2023-07-07T15:12:38.282+05:30 TRACE 10928 --- [           main] o.s.b.a.condition.OnBeanCondition        : Condition OnBeanCondition on org.springframework.boot.autoconfigure.web.servlet.WebMvcAutoConfiguration matched due to @ConditionalOnMissingBean (types: org.springframework.web.servlet.config.annotation.WebMvcConfigurationSupport; SearchStrategy: all) did not find any beans
2023-07-07T15:12:38.282+05:30 TRACE 10928 --- [           main] o.s.b.f.s.DefaultListableBeanFactory     : Returning cached instance of singleton bean 'autoConfigurationReport'
2023-07-07T15:12:38.283+05:30 TRACE 10928 --- [           main] a.ConfigurationClassBeanDefinitionReader : Registered bean definition for imported class 'org.springframework.boot.autoconfigure.web.servlet.WebMvcAutoConfiguration$EnableWebMvcConfiguration'
2023-07-07T15:12:38.283+05:30 TRACE 10928 --- [           main] a.ConfigurationClassBeanDefinitionReader : Registering bean definition for @Bean method org.springframework.boot.autoconfigure.web.servlet.WebMvcAutoConfiguration$EnableWebMvcConfiguration.requestMappingHandlerAdapter()
2023-07-07T15:12:38.283+05:30 TRACE 10928 --- [           main] a.ConfigurationClassBeanDefinitionReader : Registering bean definition for @Bean method org.springframework.boot.autoconfigure.web.servlet.WebMvcAutoConfiguration$EnableWebMvcConfiguration.welcomePageHandlerMapping()
2023-07-07T15:12:38.283+05:30 TRACE 10928 --- [           main] a.ConfigurationClassBeanDefinitionReader : Registering bean definition for @Bean method org.springframework.boot.autoconfigure.web.servlet.WebMvcAutoConfiguration$EnableWebMvcConfiguration.welcomePageNotAcceptableHandlerMapping()
2023-07-07T15:12:38.284+05:30 TRACE 10928 --- [           main] o.s.b.a.condition.OnBeanCondition        : Condition OnBeanCondition on org.springframework.boot.autoconfigure.web.servlet.WebMvcAutoConfiguration$EnableWebMvcConfiguration#localeResolver matched due to @ConditionalOnMissingBean (names: localeResolver; SearchStrategy: all) did not find any beans
2023-07-07T15:12:38.284+05:30 TRACE 10928 --- [           main] o.s.b.f.s.DefaultListableBeanFactory     : Returning cached instance of singleton bean 'autoConfigurationReport'
2023-07-07T15:12:38.284+05:30 TRACE 10928 --- [           main] a.ConfigurationClassBeanDefinitionReader : Registering bean definition for @Bean method org.springframework.boot.autoconfigure.web.servlet.WebMvcAutoConfiguration$EnableWebMvcConfiguration.localeResolver()
2023-07-07T15:12:38.285+05:30 TRACE 10928 --- [           main] o.s.b.a.condition.OnBeanCondition        : Condition OnBeanCondition on org.springframework.boot.autoconfigure.web.servlet.WebMvcAutoConfiguration$EnableWebMvcConfiguration#themeResolver matched due to @ConditionalOnMissingBean (names: themeResolver; SearchStrategy: all) did not find any beans
2023-07-07T15:12:38.285+05:30 TRACE 10928 --- [           main] o.s.b.f.s.DefaultListableBeanFactory     : Returning cached instance of singleton bean 'autoConfigurationReport'
2023-07-07T15:12:38.285+05:30 TRACE 10928 --- [           main] a.ConfigurationClassBeanDefinitionReader : Registering bean definition for @Bean method org.springframework.boot.autoconfigure.web.servlet.WebMvcAutoConfiguration$EnableWebMvcConfiguration.themeResolver()
2023-07-07T15:12:38.285+05:30 TRACE 10928 --- [           main] o.s.b.a.condition.OnBeanCondition        : Condition OnBeanCondition on org.springframework.boot.autoconfigure.web.servlet.WebMvcAutoConfiguration$EnableWebMvcConfiguration#flashMapManager matched due to @ConditionalOnMissingBean (names: flashMapManager; SearchStrategy: all) did not find any beans
2023-07-07T15:12:38.285+05:30 TRACE 10928 --- [           main] o.s.b.f.s.DefaultListableBeanFactory     : Returning cached instance of singleton bean 'autoConfigurationReport'
2023-07-07T15:12:38.285+05:30 TRACE 10928 --- [           main] a.ConfigurationClassBeanDefinitionReader : Registering bean definition for @Bean method org.springframework.boot.autoconfigure.web.servlet.WebMvcAutoConfiguration$EnableWebMvcConfiguration.flashMapManager()
2023-07-07T15:12:38.285+05:30 TRACE 10928 --- [           main] a.ConfigurationClassBeanDefinitionReader : Registering bean definition for @Bean method org.springframework.boot.autoconfigure.web.servlet.WebMvcAutoConfiguration$EnableWebMvcConfiguration.mvcConversionService()
2023-07-07T15:12:38.285+05:30 TRACE 10928 --- [           main] a.ConfigurationClassBeanDefinitionReader : Registering bean definition for @Bean method org.springframework.boot.autoconfigure.web.servlet.WebMvcAutoConfiguration$EnableWebMvcConfiguration.mvcValidator()
2023-07-07T15:12:38.285+05:30 TRACE 10928 --- [           main] a.ConfigurationClassBeanDefinitionReader : Registering bean definition for @Bean method org.springframework.boot.autoconfigure.web.servlet.WebMvcAutoConfiguration$EnableWebMvcConfiguration.mvcContentNegotiationManager()
2023-07-07T15:12:38.285+05:30 TRACE 10928 --- [           main] a.ConfigurationClassBeanDefinitionReader : Registering bean definition for @Bean method org.springframework.boot.autoconfigure.web.servlet.WebMvcAutoConfiguration$EnableWebMvcConfiguration.requestMappingHandlerMapping()
2023-07-07T15:12:38.285+05:30 TRACE 10928 --- [           main] a.ConfigurationClassBeanDefinitionReader : Registering bean definition for @Bean method org.springframework.boot.autoconfigure.web.servlet.WebMvcAutoConfiguration$EnableWebMvcConfiguration.mvcPatternParser()
2023-07-07T15:12:38.285+05:30 TRACE 10928 --- [           main] a.ConfigurationClassBeanDefinitionReader : Registering bean definition for @Bean method org.springframework.boot.autoconfigure.web.servlet.WebMvcAutoConfiguration$EnableWebMvcConfiguration.mvcUrlPathHelper()
2023-07-07T15:12:38.285+05:30 TRACE 10928 --- [           main] a.ConfigurationClassBeanDefinitionReader : Registering bean definition for @Bean method org.springframework.boot.autoconfigure.web.servlet.WebMvcAutoConfiguration$EnableWebMvcConfiguration.mvcPathMatcher()
2023-07-07T15:12:38.286+05:30 TRACE 10928 --- [           main] a.ConfigurationClassBeanDefinitionReader : Registering bean definition for @Bean method org.springframework.boot.autoconfigure.web.servlet.WebMvcAutoConfiguration$EnableWebMvcConfiguration.viewControllerHandlerMapping()
2023-07-07T15:12:38.286+05:30 TRACE 10928 --- [           main] a.ConfigurationClassBeanDefinitionReader : Registering bean definition for @Bean method org.springframework.boot.autoconfigure.web.servlet.WebMvcAutoConfiguration$EnableWebMvcConfiguration.beanNameHandlerMapping()
2023-07-07T15:12:38.286+05:30 TRACE 10928 --- [           main] a.ConfigurationClassBeanDefinitionReader : Registering bean definition for @Bean method org.springframework.boot.autoconfigure.web.servlet.WebMvcAutoConfiguration$EnableWebMvcConfiguration.routerFunctionMapping()
2023-07-07T15:12:38.286+05:30 TRACE 10928 --- [           main] a.ConfigurationClassBeanDefinitionReader : Registering bean definition for @Bean method org.springframework.boot.autoconfigure.web.servlet.WebMvcAutoConfiguration$EnableWebMvcConfiguration.resourceHandlerMapping()
2023-07-07T15:12:38.286+05:30 TRACE 10928 --- [           main] a.ConfigurationClassBeanDefinitionReader : Registering bean definition for @Bean method org.springframework.boot.autoconfigure.web.servlet.WebMvcAutoConfiguration$EnableWebMvcConfiguration.mvcResourceUrlProvider()
2023-07-07T15:12:38.286+05:30 TRACE 10928 --- [           main] a.ConfigurationClassBeanDefinitionReader : Registering bean definition for @Bean method org.springframework.boot.autoconfigure.web.servlet.WebMvcAutoConfiguration$EnableWebMvcConfiguration.defaultServletHandlerMapping()
2023-07-07T15:12:38.286+05:30 TRACE 10928 --- [           main] a.ConfigurationClassBeanDefinitionReader : Registering bean definition for @Bean method org.springframework.boot.autoconfigure.web.servlet.WebMvcAutoConfiguration$EnableWebMvcConfiguration.handlerFunctionAdapter()
2023-07-07T15:12:38.286+05:30 TRACE 10928 --- [           main] a.ConfigurationClassBeanDefinitionReader : Registering bean definition for @Bean method org.springframework.boot.autoconfigure.web.servlet.WebMvcAutoConfiguration$EnableWebMvcConfiguration.mvcUriComponentsContributor()
2023-07-07T15:12:38.286+05:30 TRACE 10928 --- [           main] a.ConfigurationClassBeanDefinitionReader : Registering bean definition for @Bean method org.springframework.boot.autoconfigure.web.servlet.WebMvcAutoConfiguration$EnableWebMvcConfiguration.httpRequestHandlerAdapter()
2023-07-07T15:12:38.286+05:30 TRACE 10928 --- [           main] a.ConfigurationClassBeanDefinitionReader : Registering bean definition for @Bean method org.springframework.boot.autoconfigure.web.servlet.WebMvcAutoConfiguration$EnableWebMvcConfiguration.simpleControllerHandlerAdapter()
2023-07-07T15:12:38.286+05:30 TRACE 10928 --- [           main] a.ConfigurationClassBeanDefinitionReader : Registering bean definition for @Bean method org.springframework.boot.autoconfigure.web.servlet.WebMvcAutoConfiguration$EnableWebMvcConfiguration.handlerExceptionResolver()
2023-07-07T15:12:38.286+05:30 TRACE 10928 --- [           main] a.ConfigurationClassBeanDefinitionReader : Registering bean definition for @Bean method org.springframework.boot.autoconfigure.web.servlet.WebMvcAutoConfiguration$EnableWebMvcConfiguration.mvcViewResolver()
2023-07-07T15:12:38.286+05:30 TRACE 10928 --- [           main] a.ConfigurationClassBeanDefinitionReader : Registering bean definition for @Bean method org.springframework.boot.autoconfigure.web.servlet.WebMvcAutoConfiguration$EnableWebMvcConfiguration.mvcHandlerMappingIntrospector()
2023-07-07T15:12:38.287+05:30 TRACE 10928 --- [           main] a.ConfigurationClassBeanDefinitionReader : Registering bean definition for @Bean method org.springframework.boot.autoconfigure.web.servlet.WebMvcAutoConfiguration$EnableWebMvcConfiguration.viewNameTranslator()
2023-07-07T15:12:38.288+05:30 TRACE 10928 --- [           main] a.ConfigurationClassBeanDefinitionReader : Registered bean definition for imported class 'org.springframework.boot.autoconfigure.web.servlet.WebMvcAutoConfiguration$WebMvcAutoConfigurationAdapter'
2023-07-07T15:12:38.346+05:30 TRACE 10928 --- [           main] o.s.b.a.condition.OnBeanCondition        : Condition OnBeanCondition on org.springframework.boot.autoconfigure.web.servlet.WebMvcAutoConfiguration$WebMvcAutoConfigurationAdapter#defaultViewResolver matched due to @ConditionalOnMissingBean (types: org.springframework.web.servlet.view.InternalResourceViewResolver; SearchStrategy: all) did not find any beans
2023-07-07T15:12:38.346+05:30 TRACE 10928 --- [           main] o.s.b.f.s.DefaultListableBeanFactory     : Returning cached instance of singleton bean 'autoConfigurationReport'
2023-07-07T15:12:38.346+05:30 TRACE 10928 --- [           main] a.ConfigurationClassBeanDefinitionReader : Registering bean definition for @Bean method org.springframework.boot.autoconfigure.web.servlet.WebMvcAutoConfiguration$WebMvcAutoConfigurationAdapter.defaultViewResolver()
2023-07-07T15:12:38.351+05:30 TRACE 10928 --- [           main] o.s.b.a.condition.OnBeanCondition        : Condition OnBeanCondition on org.springframework.boot.autoconfigure.web.servlet.WebMvcAutoConfiguration$WebMvcAutoConfigurationAdapter#beanNameViewResolver did not match due to @ConditionalOnMissingBean (types: org.springframework.web.servlet.view.BeanNameViewResolver; SearchStrategy: all) found beans of type 'org.springframework.web.servlet.view.BeanNameViewResolver' beanNameViewResolver
2023-07-07T15:12:38.351+05:30 TRACE 10928 --- [           main] o.s.b.f.s.DefaultListableBeanFactory     : Returning cached instance of singleton bean 'autoConfigurationReport'
2023-07-07T15:12:38.352+05:30 TRACE 10928 --- [           main] o.s.b.a.condition.OnBeanCondition        : Condition OnBeanCondition on org.springframework.boot.autoconfigure.web.servlet.WebMvcAutoConfiguration$WebMvcAutoConfigurationAdapter#viewResolver matched due to @ConditionalOnBean (types: org.springframework.web.servlet.ViewResolver; SearchStrategy: all) found beans 'defaultViewResolver', 'beanNameViewResolver', 'mvcViewResolver'; @ConditionalOnMissingBean (names: viewResolver types: org.springframework.web.servlet.view.ContentNegotiatingViewResolver; SearchStrategy: all) did not find any beans
2023-07-07T15:12:38.352+05:30 TRACE 10928 --- [           main] o.s.b.f.s.DefaultListableBeanFactory     : Returning cached instance of singleton bean 'autoConfigurationReport'
2023-07-07T15:12:38.352+05:30 TRACE 10928 --- [           main] o.s.b.a.condition.OnBeanCondition        : Condition OnBeanCondition on org.springframework.boot.autoconfigure.web.servlet.WebMvcAutoConfiguration$WebMvcAutoConfigurationAdapter#viewResolver matched due to @ConditionalOnBean (types: org.springframework.web.servlet.ViewResolver; SearchStrategy: all) found beans 'defaultViewResolver', 'beanNameViewResolver', 'mvcViewResolver'; @ConditionalOnMissingBean (names: viewResolver types: org.springframework.web.servlet.view.ContentNegotiatingViewResolver; SearchStrategy: all) did not find any beans
2023-07-07T15:12:38.352+05:30 TRACE 10928 --- [           main] o.s.b.f.s.DefaultListableBeanFactory     : Returning cached instance of singleton bean 'autoConfigurationReport'
2023-07-07T15:12:38.352+05:30 TRACE 10928 --- [           main] a.ConfigurationClassBeanDefinitionReader : Registering bean definition for @Bean method org.springframework.boot.autoconfigure.web.servlet.WebMvcAutoConfiguration$WebMvcAutoConfigurationAdapter.viewResolver()
2023-07-07T15:12:38.355+05:30 TRACE 10928 --- [           main] o.s.b.a.condition.OnBeanCondition        : Condition OnBeanCondition on org.springframework.boot.autoconfigure.web.servlet.WebMvcAutoConfiguration$WebMvcAutoConfigurationAdapter#requestContextFilter matched due to @ConditionalOnMissingBean (types: org.springframework.web.context.request.RequestContextListener,org.springframework.web.filter.RequestContextFilter; SearchStrategy: all) did not find any beans
2023-07-07T15:12:38.355+05:30 TRACE 10928 --- [           main] o.s.b.f.s.DefaultListableBeanFactory     : Returning cached instance of singleton bean 'autoConfigurationReport'
2023-07-07T15:12:38.356+05:30 TRACE 10928 --- [           main] o.s.b.a.condition.OnBeanCondition        : Condition OnBeanCondition on org.springframework.boot.autoconfigure.web.servlet.WebMvcAutoConfiguration$WebMvcAutoConfigurationAdapter#requestContextFilter matched due to @ConditionalOnMissingBean (types: org.springframework.web.context.request.RequestContextListener,org.springframework.web.filter.RequestContextFilter; SearchStrategy: all) did not find any beans
2023-07-07T15:12:38.356+05:30 TRACE 10928 --- [           main] o.s.b.f.s.DefaultListableBeanFactory     : Returning cached instance of singleton bean 'autoConfigurationReport'
2023-07-07T15:12:38.356+05:30 TRACE 10928 --- [           main] a.ConfigurationClassBeanDefinitionReader : Registering bean definition for @Bean method org.springframework.boot.autoconfigure.web.servlet.WebMvcAutoConfiguration$WebMvcAutoConfigurationAdapter.requestContextFilter()
2023-07-07T15:12:38.358+05:30 TRACE 10928 --- [           main] a.ConfigurationClassBeanDefinitionReader : Registered bean definition for imported class 'org.springframework.boot.autoconfigure.web.servlet.WebMvcAutoConfiguration'
2023-07-07T15:12:38.360+05:30 TRACE 10928 --- [           main] o.s.b.a.condition.OnPropertyCondition    : Condition OnPropertyCondition on org.springframework.boot.autoconfigure.web.servlet.WebMvcAutoConfiguration#hiddenHttpMethodFilter did not match due to @ConditionalOnProperty (spring.mvc.hiddenmethod.filter.enabled) did not find property 'enabled'
2023-07-07T15:12:38.360+05:30 TRACE 10928 --- [           main] o.s.b.f.s.DefaultListableBeanFactory     : Returning cached instance of singleton bean 'autoConfigurationReport'
2023-07-07T15:12:38.360+05:30 TRACE 10928 --- [           main] o.s.b.a.condition.OnPropertyCondition    : Condition OnPropertyCondition on org.springframework.boot.autoconfigure.web.servlet.WebMvcAutoConfiguration#formContentFilter matched due to @ConditionalOnProperty (spring.mvc.formcontent.filter.enabled) matched
2023-07-07T15:12:38.360+05:30 TRACE 10928 --- [           main] o.s.b.f.s.DefaultListableBeanFactory     : Returning cached instance of singleton bean 'autoConfigurationReport'
2023-07-07T15:12:38.363+05:30 TRACE 10928 --- [           main] o.s.b.a.condition.OnBeanCondition        : Condition OnBeanCondition on org.springframework.boot.autoconfigure.web.servlet.WebMvcAutoConfiguration#formContentFilter matched due to @ConditionalOnMissingBean (types: org.springframework.web.filter.FormContentFilter; SearchStrategy: all) did not find any beans
2023-07-07T15:12:38.363+05:30 TRACE 10928 --- [           main] o.s.b.f.s.DefaultListableBeanFactory     : Returning cached instance of singleton bean 'autoConfigurationReport'
2023-07-07T15:12:38.363+05:30 TRACE 10928 --- [           main] a.ConfigurationClassBeanDefinitionReader : Registering bean definition for @Bean method org.springframework.boot.autoconfigure.web.servlet.WebMvcAutoConfiguration.formContentFilter()
2023-07-07T15:12:38.364+05:30 TRACE 10928 --- [           main] o.s.b.a.condition.OnPropertyCondition    : Condition OnPropertyCondition on org.springframework.boot.actuate.autoconfigure.audit.AuditAutoConfiguration matched due to @ConditionalOnProperty (management.auditevents.enabled) matched
2023-07-07T15:12:38.364+05:30 TRACE 10928 --- [           main] o.s.b.f.s.DefaultListableBeanFactory     : Returning cached instance of singleton bean 'autoConfigurationReport'
2023-07-07T15:12:38.368+05:30 TRACE 10928 --- [           main] o.s.b.a.condition.OnBeanCondition        : Condition OnBeanCondition on org.springframework.boot.actuate.autoconfigure.audit.AuditAutoConfiguration did not match due to @ConditionalOnBean (types: org.springframework.boot.actuate.audit.AuditEventRepository; SearchStrategy: all) did not find any beans of type org.springframework.boot.actuate.audit.AuditEventRepository
2023-07-07T15:12:38.368+05:30 TRACE 10928 --- [           main] o.s.b.f.s.DefaultListableBeanFactory     : Returning cached instance of singleton bean 'autoConfigurationReport'
2023-07-07T15:12:38.368+05:30 TRACE 10928 --- [           main] a.ConfigurationClassBeanDefinitionReader : Registered bean definition for imported class 'org.springframework.boot.autoconfigure.availability.ApplicationAvailabilityAutoConfiguration'
2023-07-07T15:12:38.369+05:30 TRACE 10928 --- [           main] o.s.b.a.condition.OnBeanCondition        : Condition OnBeanCondition on org.springframework.boot.autoconfigure.availability.ApplicationAvailabilityAutoConfiguration#applicationAvailability matched due to @ConditionalOnMissingBean (types: org.springframework.boot.availability.ApplicationAvailability; SearchStrategy: all) did not find any beans
2023-07-07T15:12:38.369+05:30 TRACE 10928 --- [           main] o.s.b.f.s.DefaultListableBeanFactory     : Returning cached instance of singleton bean 'autoConfigurationReport'
2023-07-07T15:12:38.369+05:30 TRACE 10928 --- [           main] a.ConfigurationClassBeanDefinitionReader : Registering bean definition for @Bean method org.springframework.boot.autoconfigure.availability.ApplicationAvailabilityAutoConfiguration.applicationAvailability()
2023-07-07T15:12:38.369+05:30 TRACE 10928 --- [           main] a.ConfigurationClassBeanDefinitionReader : Registered bean definition for imported class 'org.springframework.boot.actuate.autoconfigure.availability.AvailabilityHealthContributorAutoConfiguration'
2023-07-07T15:12:38.370+05:30 TRACE 10928 --- [           main] o.s.b.a.condition.OnPropertyCondition    : Condition OnPropertyCondition on org.springframework.boot.actuate.autoconfigure.availability.AvailabilityHealthContributorAutoConfiguration#livenessStateHealthIndicator did not match due to @ConditionalOnProperty (management.health.livenessstate.enabled=true) did not find property 'enabled'
2023-07-07T15:12:38.370+05:30 TRACE 10928 --- [           main] o.s.b.f.s.DefaultListableBeanFactory     : Returning cached instance of singleton bean 'autoConfigurationReport'
2023-07-07T15:12:38.370+05:30 TRACE 10928 --- [           main] o.s.b.a.condition.OnPropertyCondition    : Condition OnPropertyCondition on org.springframework.boot.actuate.autoconfigure.availability.AvailabilityHealthContributorAutoConfiguration#readinessStateHealthIndicator did not match due to @ConditionalOnProperty (management.health.readinessstate.enabled=true) did not find property 'enabled'
2023-07-07T15:12:38.370+05:30 TRACE 10928 --- [           main] o.s.b.f.s.DefaultListableBeanFactory     : Returning cached instance of singleton bean 'autoConfigurationReport'
2023-07-07T15:12:38.370+05:30 TRACE 10928 --- [           main] o.s.b.a.condition.OnClassCondition       : Condition OnClassCondition on org.springframework.boot.autoconfigure.jackson.JacksonAutoConfiguration matched due to @ConditionalOnClass found required class 'com.fasterxml.jackson.databind.ObjectMapper'
2023-07-07T15:12:38.371+05:30 TRACE 10928 --- [           main] o.s.b.f.s.DefaultListableBeanFactory     : Returning cached instance of singleton bean 'autoConfigurationReport'
2023-07-07T15:12:38.371+05:30 TRACE 10928 --- [           main] o.s.b.a.condition.OnClassCondition       : Condition OnClassCondition on org.springframework.boot.autoconfigure.jackson.JacksonAutoConfiguration$Jackson2ObjectMapperBuilderCustomizerConfiguration matched due to @ConditionalOnClass found required class 'org.springframework.http.converter.json.Jackson2ObjectMapperBuilder'
2023-07-07T15:12:38.371+05:30 TRACE 10928 --- [           main] o.s.b.f.s.DefaultListableBeanFactory     : Returning cached instance of singleton bean 'autoConfigurationReport'
2023-07-07T15:12:38.371+05:30 TRACE 10928 --- [           main] a.ConfigurationClassBeanDefinitionReader : Registered bean definition for imported class 'org.springframework.boot.autoconfigure.jackson.JacksonAutoConfiguration$Jackson2ObjectMapperBuilderCustomizerConfiguration'
2023-07-07T15:12:38.371+05:30 TRACE 10928 --- [           main] a.ConfigurationClassBeanDefinitionReader : Registering bean definition for @Bean method org.springframework.boot.autoconfigure.jackson.JacksonAutoConfiguration$Jackson2ObjectMapperBuilderCustomizerConfiguration.standardJacksonObjectMapperBuilderCustomizer()
2023-07-07T15:12:38.373+05:30 TRACE 10928 --- [           main] o.s.b.a.condition.OnClassCondition       : Condition OnClassCondition on org.springframework.boot.autoconfigure.jackson.JacksonAutoConfiguration$JacksonObjectMapperBuilderConfiguration matched due to @ConditionalOnClass found required class 'org.springframework.http.converter.json.Jackson2ObjectMapperBuilder'
2023-07-07T15:12:38.373+05:30 TRACE 10928 --- [           main] o.s.b.f.s.DefaultListableBeanFactory     : Returning cached instance of singleton bean 'autoConfigurationReport'
2023-07-07T15:12:38.373+05:30 TRACE 10928 --- [           main] a.ConfigurationClassBeanDefinitionReader : Registered bean definition for imported class 'org.springframework.boot.autoconfigure.jackson.JacksonAutoConfiguration$JacksonObjectMapperBuilderConfiguration'
2023-07-07T15:12:38.376+05:30 TRACE 10928 --- [           main] o.s.b.a.condition.OnBeanCondition        : Condition OnBeanCondition on org.springframework.boot.autoconfigure.jackson.JacksonAutoConfiguration$JacksonObjectMapperBuilderConfiguration#jacksonObjectMapperBuilder matched due to @ConditionalOnMissingBean (types: org.springframework.http.converter.json.Jackson2ObjectMapperBuilder; SearchStrategy: all) did not find any beans
2023-07-07T15:12:38.376+05:30 TRACE 10928 --- [           main] o.s.b.f.s.DefaultListableBeanFactory     : Returning cached instance of singleton bean 'autoConfigurationReport'
2023-07-07T15:12:38.376+05:30 TRACE 10928 --- [           main] a.ConfigurationClassBeanDefinitionReader : Registering bean definition for @Bean method org.springframework.boot.autoconfigure.jackson.JacksonAutoConfiguration$JacksonObjectMapperBuilderConfiguration.jacksonObjectMapperBuilder()
2023-07-07T15:12:38.376+05:30 TRACE 10928 --- [           main] o.s.b.a.condition.OnClassCondition       : Condition OnClassCondition on org.springframework.boot.autoconfigure.jackson.JacksonAutoConfiguration$ParameterNamesModuleConfiguration matched due to @ConditionalOnClass found required class 'com.fasterxml.jackson.module.paramnames.ParameterNamesModule'
2023-07-07T15:12:38.376+05:30 TRACE 10928 --- [           main] o.s.b.f.s.DefaultListableBeanFactory     : Returning cached instance of singleton bean 'autoConfigurationReport'
2023-07-07T15:12:38.376+05:30 TRACE 10928 --- [           main] a.ConfigurationClassBeanDefinitionReader : Registered bean definition for imported class 'org.springframework.boot.autoconfigure.jackson.JacksonAutoConfiguration$ParameterNamesModuleConfiguration'
2023-07-07T15:12:38.378+05:30 TRACE 10928 --- [           main] o.s.b.a.condition.OnBeanCondition        : Condition OnBeanCondition on org.springframework.boot.autoconfigure.jackson.JacksonAutoConfiguration$ParameterNamesModuleConfiguration#parameterNamesModule matched due to @ConditionalOnMissingBean (types: com.fasterxml.jackson.module.paramnames.ParameterNamesModule; SearchStrategy: all) did not find any beans
2023-07-07T15:12:38.378+05:30 TRACE 10928 --- [           main] o.s.b.f.s.DefaultListableBeanFactory     : Returning cached instance of singleton bean 'autoConfigurationReport'
2023-07-07T15:12:38.378+05:30 TRACE 10928 --- [           main] a.ConfigurationClassBeanDefinitionReader : Registering bean definition for @Bean method org.springframework.boot.autoconfigure.jackson.JacksonAutoConfiguration$ParameterNamesModuleConfiguration.parameterNamesModule()
2023-07-07T15:12:38.379+05:30 TRACE 10928 --- [           main] o.s.b.a.condition.OnClassCondition       : Condition OnClassCondition on org.springframework.boot.autoconfigure.jackson.JacksonAutoConfiguration$JacksonObjectMapperConfiguration matched due to @ConditionalOnClass found required class 'org.springframework.http.converter.json.Jackson2ObjectMapperBuilder'
2023-07-07T15:12:38.379+05:30 TRACE 10928 --- [           main] o.s.b.f.s.DefaultListableBeanFactory     : Returning cached instance of singleton bean 'autoConfigurationReport'
2023-07-07T15:12:38.379+05:30 TRACE 10928 --- [           main] a.ConfigurationClassBeanDefinitionReader : Registered bean definition for imported class 'org.springframework.boot.autoconfigure.jackson.JacksonAutoConfiguration$JacksonObjectMapperConfiguration'
2023-07-07T15:12:38.380+05:30 TRACE 10928 --- [           main] o.s.b.a.condition.OnBeanCondition        : Condition OnBeanCondition on org.springframework.boot.autoconfigure.jackson.JacksonAutoConfiguration$JacksonObjectMapperConfiguration#jacksonObjectMapper matched due to @ConditionalOnMissingBean (types: com.fasterxml.jackson.databind.ObjectMapper; SearchStrategy: all) did not find any beans
2023-07-07T15:12:38.382+05:30 TRACE 10928 --- [           main] o.s.b.f.s.DefaultListableBeanFactory     : Returning cached instance of singleton bean 'autoConfigurationReport'
2023-07-07T15:12:38.382+05:30 TRACE 10928 --- [           main] a.ConfigurationClassBeanDefinitionReader : Registering bean definition for @Bean method org.springframework.boot.autoconfigure.jackson.JacksonAutoConfiguration$JacksonObjectMapperConfiguration.jacksonObjectMapper()
2023-07-07T15:12:38.382+05:30 TRACE 10928 --- [           main] a.ConfigurationClassBeanDefinitionReader : Registered bean definition for imported class 'org.springframework.boot.autoconfigure.jackson.JacksonAutoConfiguration$JacksonMixinConfiguration'
2023-07-07T15:12:38.382+05:30 TRACE 10928 --- [           main] a.ConfigurationClassBeanDefinitionReader : Registering bean definition for @Bean method org.springframework.boot.autoconfigure.jackson.JacksonAutoConfiguration$JacksonMixinConfiguration.jsonMixinModuleEntries()
2023-07-07T15:12:38.382+05:30 TRACE 10928 --- [           main] a.ConfigurationClassBeanDefinitionReader : Registering bean definition for @Bean method org.springframework.boot.autoconfigure.jackson.JacksonAutoConfiguration$JacksonMixinConfiguration.jsonMixinModule()
2023-07-07T15:12:38.382+05:30 TRACE 10928 --- [           main] a.ConfigurationClassBeanDefinitionReader : Registered bean definition for imported class 'org.springframework.boot.autoconfigure.jackson.JacksonAutoConfiguration'
2023-07-07T15:12:38.382+05:30 TRACE 10928 --- [           main] a.ConfigurationClassBeanDefinitionReader : Registering bean definition for @Bean method org.springframework.boot.autoconfigure.jackson.JacksonAutoConfiguration.jsonComponentModule()
2023-07-07T15:12:38.383+05:30 TRACE 10928 --- [           main] o.s.b.a.condition.OnClassCondition       : Condition OnClassCondition on org.springframework.boot.autoconfigure.cache.CacheAutoConfiguration matched due to @ConditionalOnClass found required class 'org.springframework.cache.CacheManager'
2023-07-07T15:12:38.383+05:30 TRACE 10928 --- [           main] o.s.b.f.s.DefaultListableBeanFactory     : Returning cached instance of singleton bean 'autoConfigurationReport'
2023-07-07T15:12:38.387+05:30 TRACE 10928 --- [           main] o.s.b.a.condition.OnBeanCondition        : Condition OnBeanCondition on org.springframework.boot.autoconfigure.cache.CacheAutoConfiguration did not match due to @ConditionalOnBean (types: org.springframework.cache.interceptor.CacheAspectSupport; SearchStrategy: all) did not find any beans of type org.springframework.cache.interceptor.CacheAspectSupport
2023-07-07T15:12:38.387+05:30 TRACE 10928 --- [           main] o.s.b.f.s.DefaultListableBeanFactory     : Returning cached instance of singleton bean 'autoConfigurationReport'
2023-07-07T15:12:38.387+05:30 TRACE 10928 --- [           main] o.s.b.a.condition.OnClassCondition       : Condition OnClassCondition on org.springframework.boot.actuate.autoconfigure.web.servlet.ServletManagementContextAutoConfiguration matched due to @ConditionalOnClass found required class 'jakarta.servlet.Servlet'
2023-07-07T15:12:38.389+05:30 TRACE 10928 --- [           main] o.s.b.f.s.DefaultListableBeanFactory     : Returning cached instance of singleton bean 'autoConfigurationReport'
2023-07-07T15:12:38.389+05:30 TRACE 10928 --- [           main] o.s.b.a.c.OnWebApplicationCondition      : Condition OnWebApplicationCondition on org.springframework.boot.actuate.autoconfigure.web.servlet.ServletManagementContextAutoConfiguration matched due to found 'session' scope
2023-07-07T15:12:38.389+05:30 TRACE 10928 --- [           main] o.s.b.f.s.DefaultListableBeanFactory     : Returning cached instance of singleton bean 'autoConfigurationReport'
2023-07-07T15:12:38.389+05:30 TRACE 10928 --- [           main] a.ConfigurationClassBeanDefinitionReader : Registered bean definition for imported class 'org.springframework.boot.actuate.autoconfigure.web.servlet.ServletManagementContextAutoConfiguration'
2023-07-07T15:12:38.389+05:30 TRACE 10928 --- [           main] a.ConfigurationClassBeanDefinitionReader : Registering bean definition for @Bean method org.springframework.boot.actuate.autoconfigure.web.servlet.ServletManagementContextAutoConfiguration.servletWebChildContextFactory()
2023-07-07T15:12:38.389+05:30 TRACE 10928 --- [           main] a.ConfigurationClassBeanDefinitionReader : Registering bean definition for @Bean method org.springframework.boot.actuate.autoconfigure.web.servlet.ServletManagementContextAutoConfiguration.managementServletContext()
2023-07-07T15:12:38.389+05:30 TRACE 10928 --- [           main] s.b.a.a.e.c.OnAvailableEndpointCondition : Condition OnAvailableEndpointCondition on org.springframework.boot.actuate.autoconfigure.health.HealthEndpointAutoConfiguration matched due to @ConditionalOnAvailableEndpoint marked as exposed by a 'management.endpoints.web.exposure' property
2023-07-07T15:12:38.389+05:30 TRACE 10928 --- [           main] o.s.b.f.s.DefaultListableBeanFactory     : Returning cached instance of singleton bean 'autoConfigurationReport'
2023-07-07T15:12:38.389+05:30 TRACE 10928 --- [           main] a.ConfigurationClassBeanDefinitionReader : Registered bean definition for imported class 'org.springframework.boot.actuate.autoconfigure.health.HealthEndpointConfiguration'
2023-07-07T15:12:38.393+05:30 TRACE 10928 --- [           main] o.s.b.a.condition.OnBeanCondition        : Condition OnBeanCondition on org.springframework.boot.actuate.autoconfigure.health.HealthEndpointConfiguration#healthStatusAggregator matched due to @ConditionalOnMissingBean (types: org.springframework.boot.actuate.health.StatusAggregator; SearchStrategy: all) did not find any beans
2023-07-07T15:12:38.393+05:30 TRACE 10928 --- [           main] o.s.b.f.s.DefaultListableBeanFactory     : Returning cached instance of singleton bean 'autoConfigurationReport'
2023-07-07T15:12:38.393+05:30 TRACE 10928 --- [           main] a.ConfigurationClassBeanDefinitionReader : Registering bean definition for @Bean method org.springframework.boot.actuate.autoconfigure.health.HealthEndpointConfiguration.healthStatusAggregator()
2023-07-07T15:12:38.397+05:30 TRACE 10928 --- [           main] o.s.b.a.condition.OnBeanCondition        : Condition OnBeanCondition on org.springframework.boot.actuate.autoconfigure.health.HealthEndpointConfiguration#healthHttpCodeStatusMapper matched due to @ConditionalOnMissingBean (types: org.springframework.boot.actuate.health.HttpCodeStatusMapper; SearchStrategy: all) did not find any beans
2023-07-07T15:12:38.397+05:30 TRACE 10928 --- [           main] o.s.b.f.s.DefaultListableBeanFactory     : Returning cached instance of singleton bean 'autoConfigurationReport'
2023-07-07T15:12:38.397+05:30 TRACE 10928 --- [           main] a.ConfigurationClassBeanDefinitionReader : Registering bean definition for @Bean method org.springframework.boot.actuate.autoconfigure.health.HealthEndpointConfiguration.healthHttpCodeStatusMapper()
2023-07-07T15:12:38.398+05:30 TRACE 10928 --- [           main] o.s.b.a.condition.OnBeanCondition        : Condition OnBeanCondition on org.springframework.boot.actuate.autoconfigure.health.HealthEndpointConfiguration#healthEndpointGroups matched due to @ConditionalOnMissingBean (types: org.springframework.boot.actuate.health.HealthEndpointGroups; SearchStrategy: all) did not find any beans
2023-07-07T15:12:38.398+05:30 TRACE 10928 --- [           main] o.s.b.f.s.DefaultListableBeanFactory     : Returning cached instance of singleton bean 'autoConfigurationReport'
2023-07-07T15:12:38.398+05:30 TRACE 10928 --- [           main] a.ConfigurationClassBeanDefinitionReader : Registering bean definition for @Bean method org.springframework.boot.actuate.autoconfigure.health.HealthEndpointConfiguration.healthEndpointGroups()
2023-07-07T15:12:38.399+05:30 TRACE 10928 --- [           main] o.s.b.a.condition.OnBeanCondition        : Condition OnBeanCondition on org.springframework.boot.actuate.autoconfigure.health.HealthEndpointConfiguration#healthContributorRegistry matched due to @ConditionalOnMissingBean (types: org.springframework.boot.actuate.health.HealthContributorRegistry; SearchStrategy: all) did not find any beans
2023-07-07T15:12:38.399+05:30 TRACE 10928 --- [           main] o.s.b.f.s.DefaultListableBeanFactory     : Returning cached instance of singleton bean 'autoConfigurationReport'
2023-07-07T15:12:38.400+05:30 TRACE 10928 --- [           main] a.ConfigurationClassBeanDefinitionReader : Registering bean definition for @Bean method org.springframework.boot.actuate.autoconfigure.health.HealthEndpointConfiguration.healthContributorRegistry()
2023-07-07T15:12:38.400+05:30 TRACE 10928 --- [           main] o.s.b.a.condition.OnPropertyCondition    : Condition OnPropertyCondition on org.springframework.boot.actuate.autoconfigure.health.HealthEndpointConfiguration#healthEndpointGroupMembershipValidator matched due to @ConditionalOnProperty (management.endpoint.health.validate-group-membership=true) matched
2023-07-07T15:12:38.400+05:30 TRACE 10928 --- [           main] o.s.b.f.s.DefaultListableBeanFactory     : Returning cached instance of singleton bean 'autoConfigurationReport'
2023-07-07T15:12:38.400+05:30 TRACE 10928 --- [           main] a.ConfigurationClassBeanDefinitionReader : Registering bean definition for @Bean method org.springframework.boot.actuate.autoconfigure.health.HealthEndpointConfiguration.healthEndpointGroupMembershipValidator()
2023-07-07T15:12:38.401+05:30 TRACE 10928 --- [           main] o.s.b.a.condition.OnBeanCondition        : Condition OnBeanCondition on org.springframework.boot.actuate.autoconfigure.health.HealthEndpointConfiguration#healthEndpoint matched due to @ConditionalOnMissingBean (types: org.springframework.boot.actuate.health.HealthEndpoint; SearchStrategy: all) did not find any beans
2023-07-07T15:12:38.401+05:30 TRACE 10928 --- [           main] o.s.b.f.s.DefaultListableBeanFactory     : Returning cached instance of singleton bean 'autoConfigurationReport'
2023-07-07T15:12:38.401+05:30 TRACE 10928 --- [           main] a.ConfigurationClassBeanDefinitionReader : Registering bean definition for @Bean method org.springframework.boot.actuate.autoconfigure.health.HealthEndpointConfiguration.healthEndpoint()
2023-07-07T15:12:38.401+05:30 TRACE 10928 --- [           main] a.ConfigurationClassBeanDefinitionReader : Registering bean definition for @Bean method org.springframework.boot.actuate.autoconfigure.health.HealthEndpointConfiguration.healthEndpointGroupsBeanPostProcessor()
2023-07-07T15:12:38.402+05:30 TRACE 10928 --- [           main] o.s.b.a.c.OnWebApplicationCondition      : Condition OnWebApplicationCondition on org.springframework.boot.actuate.autoconfigure.health.HealthEndpointWebExtensionConfiguration matched due to found 'session' scope
2023-07-07T15:12:38.402+05:30 TRACE 10928 --- [           main] o.s.b.f.s.DefaultListableBeanFactory     : Returning cached instance of singleton bean 'autoConfigurationReport'
2023-07-07T15:12:38.402+05:30 TRACE 10928 --- [           main] o.s.b.a.condition.OnBeanCondition        : Condition OnBeanCondition on org.springframework.boot.actuate.autoconfigure.health.HealthEndpointWebExtensionConfiguration matched due to @ConditionalOnBean (types: org.springframework.boot.actuate.health.HealthEndpoint; SearchStrategy: all) found bean 'healthEndpoint'
2023-07-07T15:12:38.402+05:30 TRACE 10928 --- [           main] o.s.b.f.s.DefaultListableBeanFactory     : Returning cached instance of singleton bean 'autoConfigurationReport'
2023-07-07T15:12:38.403+05:30 TRACE 10928 --- [           main] s.b.a.a.e.c.OnAvailableEndpointCondition : Condition OnAvailableEndpointCondition on org.springframework.boot.actuate.autoconfigure.health.HealthEndpointWebExtensionConfiguration matched due to @ConditionalOnAvailableEndpoint marked as exposed by a 'management.endpoints.web.exposure' property
2023-07-07T15:12:38.403+05:30 TRACE 10928 --- [           main] o.s.b.f.s.DefaultListableBeanFactory     : Returning cached instance of singleton bean 'autoConfigurationReport'
2023-07-07T15:12:38.403+05:30 TRACE 10928 --- [           main] o.s.b.a.condition.OnBeanCondition        : Condition OnBeanCondition on org.springframework.boot.actuate.autoconfigure.health.HealthEndpointWebExtensionConfiguration$MvcAdditionalHealthEndpointPathsConfiguration matched due to @ConditionalOnBean (types: org.springframework.web.servlet.DispatcherServlet; SearchStrategy: all) found bean 'dispatcherServlet'
2023-07-07T15:12:38.403+05:30 TRACE 10928 --- [           main] o.s.b.f.s.DefaultListableBeanFactory     : Returning cached instance of singleton bean 'autoConfigurationReport'
2023-07-07T15:12:38.404+05:30 TRACE 10928 --- [           main] s.b.a.a.e.c.OnAvailableEndpointCondition : Condition OnAvailableEndpointCondition on org.springframework.boot.actuate.autoconfigure.health.HealthEndpointWebExtensionConfiguration$MvcAdditionalHealthEndpointPathsConfiguration matched due to @ConditionalOnAvailableEndpoint marked as exposed by a 'management.endpoints.web.exposure' property
2023-07-07T15:12:38.404+05:30 TRACE 10928 --- [           main] o.s.b.f.s.DefaultListableBeanFactory     : Returning cached instance of singleton bean 'autoConfigurationReport'
2023-07-07T15:12:38.404+05:30 TRACE 10928 --- [           main] a.ConfigurationClassBeanDefinitionReader : Registered bean definition for imported class 'org.springframework.boot.actuate.autoconfigure.health.HealthEndpointWebExtensionConfiguration$MvcAdditionalHealthEndpointPathsConfiguration'
2023-07-07T15:12:38.404+05:30 TRACE 10928 --- [           main] a.ConfigurationClassBeanDefinitionReader : Registering bean definition for @Bean method org.springframework.boot.actuate.autoconfigure.health.HealthEndpointWebExtensionConfiguration$MvcAdditionalHealthEndpointPathsConfiguration.healthEndpointWebMvcHandlerMapping()
2023-07-07T15:12:38.404+05:30 TRACE 10928 --- [           main] a.ConfigurationClassBeanDefinitionReader : Registered bean definition for imported class 'org.springframework.boot.actuate.autoconfigure.health.HealthEndpointWebExtensionConfiguration'
2023-07-07T15:12:38.409+05:30 TRACE 10928 --- [           main] o.s.b.a.condition.OnBeanCondition        : Condition OnBeanCondition on org.springframework.boot.actuate.autoconfigure.health.HealthEndpointWebExtensionConfiguration#healthEndpointWebExtension matched due to @ConditionalOnMissingBean (types: org.springframework.boot.actuate.health.HealthEndpointWebExtension; SearchStrategy: all) did not find any beans
2023-07-07T15:12:38.409+05:30 TRACE 10928 --- [           main] o.s.b.f.s.DefaultListableBeanFactory     : Returning cached instance of singleton bean 'autoConfigurationReport'
2023-07-07T15:12:38.409+05:30 TRACE 10928 --- [           main] a.ConfigurationClassBeanDefinitionReader : Registering bean definition for @Bean method org.springframework.boot.actuate.autoconfigure.health.HealthEndpointWebExtensionConfiguration.healthEndpointWebExtension()
2023-07-07T15:12:38.409+05:30 TRACE 10928 --- [           main] a.ConfigurationClassBeanDefinitionReader : Registered bean definition for imported class 'org.springframework.boot.actuate.autoconfigure.health.HealthEndpointAutoConfiguration'
2023-07-07T15:12:38.411+05:30 TRACE 10928 --- [           main] a.ConfigurationClassBeanDefinitionReader : Registered bean definition for imported class 'org.springframework.boot.autoconfigure.info.ProjectInfoAutoConfiguration'
2023-07-07T15:12:38.413+05:30 TRACE 10928 --- [           main] figuration$GitResourceAvailableCondition : Condition ProjectInfoAutoConfiguration.GitResourceAvailableCondition on org.springframework.boot.autoconfigure.info.ProjectInfoAutoConfiguration#gitProperties did not match due to GitResource did not find git info at classpath:git.properties
2023-07-07T15:12:38.413+05:30 TRACE 10928 --- [           main] o.s.b.f.s.DefaultListableBeanFactory     : Returning cached instance of singleton bean 'autoConfigurationReport'
2023-07-07T15:12:38.414+05:30 TRACE 10928 --- [           main] ySourcesPropertyResolver$DefaultResolver : Searching for key 'spring.info.build.location:classpath:META-INF/build-info.properties' in PropertySource 'configurationProperties'
2023-07-07T15:12:38.414+05:30 TRACE 10928 --- [           main] ySourcesPropertyResolver$DefaultResolver : Searching for key 'spring.info.build.location:classpath:META-INF/build-info.properties' in PropertySource 'test'
2023-07-07T15:12:38.414+05:30 TRACE 10928 --- [           main] ySourcesPropertyResolver$DefaultResolver : Searching for key 'spring.info.build.location:classpath:META-INF/build-info.properties' in PropertySource 'Inlined Test Properties'
2023-07-07T15:12:38.414+05:30 TRACE 10928 --- [           main] ySourcesPropertyResolver$DefaultResolver : Searching for key 'spring.info.build.location:classpath:META-INF/build-info.properties' in PropertySource 'servletConfigInitParams'
2023-07-07T15:12:38.414+05:30 TRACE 10928 --- [           main] ySourcesPropertyResolver$DefaultResolver : Searching for key 'spring.info.build.location:classpath:META-INF/build-info.properties' in PropertySource 'servletContextInitParams'
2023-07-07T15:12:38.414+05:30 TRACE 10928 --- [           main] ySourcesPropertyResolver$DefaultResolver : Searching for key 'spring.info.build.location:classpath:META-INF/build-info.properties' in PropertySource 'systemProperties'
2023-07-07T15:12:38.414+05:30 TRACE 10928 --- [           main] ySourcesPropertyResolver$DefaultResolver : Searching for key 'spring.info.build.location:classpath:META-INF/build-info.properties' in PropertySource 'systemEnvironment'
2023-07-07T15:12:38.414+05:30 TRACE 10928 --- [           main] ySourcesPropertyResolver$DefaultResolver : Searching for key 'spring.info.build.location:classpath:META-INF/build-info.properties' in PropertySource 'random'
2023-07-07T15:12:38.414+05:30 TRACE 10928 --- [           main] ySourcesPropertyResolver$DefaultResolver : Searching for key 'spring.info.build.location:classpath:META-INF/build-info.properties' in PropertySource 'Config resource 'class path resource [application-dev.properties]' via location 'optional:classpath:/''
2023-07-07T15:12:38.414+05:30 TRACE 10928 --- [           main] ySourcesPropertyResolver$DefaultResolver : Searching for key 'spring.info.build.location:classpath:META-INF/build-info.properties' in PropertySource 'Config resource 'class path resource [application.properties]' via location 'optional:classpath:/''
2023-07-07T15:12:38.414+05:30 TRACE 10928 --- [           main] ySourcesPropertyResolver$DefaultResolver : Could not find key 'spring.info.build.location:classpath:META-INF/build-info.properties' in any property source
2023-07-07T15:12:38.414+05:30 TRACE 10928 --- [           main] o.s.util.PropertyPlaceholderHelper       : Resolved placeholder 'spring.info.build.location:classpath:META-INF/build-info.properties'
2023-07-07T15:12:38.415+05:30 TRACE 10928 --- [           main] o.s.b.a.condition.OnResourceCondition    : Condition OnResourceCondition on org.springframework.boot.autoconfigure.info.ProjectInfoAutoConfiguration#buildProperties did not match due to @ConditionalOnResource did not find resource '${spring.info.build.location:classpath:META-INF/build-info.properties}'
2023-07-07T15:12:38.415+05:30 TRACE 10928 --- [           main] o.s.b.f.s.DefaultListableBeanFactory     : Returning cached instance of singleton bean 'autoConfigurationReport'
2023-07-07T15:12:38.416+05:30 TRACE 10928 --- [           main] a.ConfigurationClassBeanDefinitionReader : Registered bean definition for imported class 'org.springframework.boot.actuate.autoconfigure.info.InfoContributorAutoConfiguration'
2023-07-07T15:12:38.417+05:30 TRACE 10928 --- [           main] .a.a.i.OnEnabledInfoContributorCondition : Condition OnEnabledInfoContributorCondition on org.springframework.boot.actuate.autoconfigure.info.InfoContributorAutoConfiguration#envInfoContributor did not match due to @ConditionalOnEnabledInfoContributor management.info.env.enabled is not true
2023-07-07T15:12:38.417+05:30 TRACE 10928 --- [           main] o.s.b.f.s.DefaultListableBeanFactory     : Returning cached instance of singleton bean 'autoConfigurationReport'
2023-07-07T15:12:38.417+05:30 TRACE 10928 --- [           main] .a.a.i.OnEnabledInfoContributorCondition : Condition OnEnabledInfoContributorCondition on org.springframework.boot.actuate.autoconfigure.info.InfoContributorAutoConfiguration#gitInfoContributor matched due to @ConditionalOnEnabledInfoContributor management.info.defaults.enabled is considered true
2023-07-07T15:12:38.417+05:30 TRACE 10928 --- [           main] o.s.b.f.s.DefaultListableBeanFactory     : Returning cached instance of singleton bean 'autoConfigurationReport'
2023-07-07T15:12:38.421+05:30 TRACE 10928 --- [           main] o.s.b.a.condition.OnBeanCondition        : Condition OnBeanCondition on org.springframework.boot.actuate.autoconfigure.info.InfoContributorAutoConfiguration#gitInfoContributor did not match due to @ConditionalOnSingleCandidate (types: org.springframework.boot.info.GitProperties; SearchStrategy: all) did not find any beans
2023-07-07T15:12:38.421+05:30 TRACE 10928 --- [           main] o.s.b.f.s.DefaultListableBeanFactory     : Returning cached instance of singleton bean 'autoConfigurationReport'
2023-07-07T15:12:38.422+05:30 TRACE 10928 --- [           main] .a.a.i.OnEnabledInfoContributorCondition : Condition OnEnabledInfoContributorCondition on org.springframework.boot.actuate.autoconfigure.info.InfoContributorAutoConfiguration#buildInfoContributor matched due to @ConditionalOnEnabledInfoContributor management.info.defaults.enabled is considered true
2023-07-07T15:12:38.422+05:30 TRACE 10928 --- [           main] o.s.b.f.s.DefaultListableBeanFactory     : Returning cached instance of singleton bean 'autoConfigurationReport'
2023-07-07T15:12:38.422+05:30 TRACE 10928 --- [           main] o.s.b.a.condition.OnBeanCondition        : Condition OnBeanCondition on org.springframework.boot.actuate.autoconfigure.info.InfoContributorAutoConfiguration#buildInfoContributor did not match due to @ConditionalOnSingleCandidate (types: org.springframework.boot.info.BuildProperties; SearchStrategy: all) did not find any beans
2023-07-07T15:12:38.422+05:30 TRACE 10928 --- [           main] o.s.b.f.s.DefaultListableBeanFactory     : Returning cached instance of singleton bean 'autoConfigurationReport'
2023-07-07T15:12:38.422+05:30 TRACE 10928 --- [           main] .a.a.i.OnEnabledInfoContributorCondition : Condition OnEnabledInfoContributorCondition on org.springframework.boot.actuate.autoconfigure.info.InfoContributorAutoConfiguration#javaInfoContributor did not match due to @ConditionalOnEnabledInfoContributor management.info.java.enabled is not true
2023-07-07T15:12:38.422+05:30 TRACE 10928 --- [           main] o.s.b.f.s.DefaultListableBeanFactory     : Returning cached instance of singleton bean 'autoConfigurationReport'
2023-07-07T15:12:38.422+05:30 TRACE 10928 --- [           main] .a.a.i.OnEnabledInfoContributorCondition : Condition OnEnabledInfoContributorCondition on org.springframework.boot.actuate.autoconfigure.info.InfoContributorAutoConfiguration#osInfoContributor did not match due to @ConditionalOnEnabledInfoContributor management.info.os.enabled is not true
2023-07-07T15:12:38.422+05:30 TRACE 10928 --- [           main] o.s.b.f.s.DefaultListableBeanFactory     : Returning cached instance of singleton bean 'autoConfigurationReport'
2023-07-07T15:12:38.423+05:30 TRACE 10928 --- [           main] a.ConfigurationClassBeanDefinitionReader : Registered bean definition for imported class 'org.springframework.boot.actuate.autoconfigure.endpoint.EndpointAutoConfiguration'
2023-07-07T15:12:38.425+05:30 TRACE 10928 --- [           main] o.s.b.a.condition.OnBeanCondition        : Condition OnBeanCondition on org.springframework.boot.actuate.autoconfigure.endpoint.EndpointAutoConfiguration#endpointOperationParameterMapper matched due to @ConditionalOnMissingBean (types: org.springframework.boot.actuate.endpoint.invoke.ParameterValueMapper; SearchStrategy: all) did not find any beans
2023-07-07T15:12:38.425+05:30 TRACE 10928 --- [           main] o.s.b.f.s.DefaultListableBeanFactory     : Returning cached instance of singleton bean 'autoConfigurationReport'
2023-07-07T15:12:38.425+05:30 TRACE 10928 --- [           main] a.ConfigurationClassBeanDefinitionReader : Registering bean definition for @Bean method org.springframework.boot.actuate.autoconfigure.endpoint.EndpointAutoConfiguration.endpointOperationParameterMapper()
2023-07-07T15:12:38.426+05:30 TRACE 10928 --- [           main] o.s.b.a.condition.OnBeanCondition        : Condition OnBeanCondition on org.springframework.boot.actuate.autoconfigure.endpoint.EndpointAutoConfiguration#endpointCachingOperationInvokerAdvisor matched due to @ConditionalOnMissingBean (types: org.springframework.boot.actuate.endpoint.invoker.cache.CachingOperationInvokerAdvisor; SearchStrategy: all) did not find any beans
2023-07-07T15:12:38.426+05:30 TRACE 10928 --- [           main] o.s.b.f.s.DefaultListableBeanFactory     : Returning cached instance of singleton bean 'autoConfigurationReport'
2023-07-07T15:12:38.427+05:30 TRACE 10928 --- [           main] a.ConfigurationClassBeanDefinitionReader : Registering bean definition for @Bean method org.springframework.boot.actuate.autoconfigure.endpoint.EndpointAutoConfiguration.endpointCachingOperationInvokerAdvisor()
2023-07-07T15:12:38.427+05:30 TRACE 10928 --- [           main] a.ConfigurationClassBeanDefinitionReader : Registered bean definition for imported class 'org.springframework.boot.actuate.autoconfigure.endpoint.jackson.JacksonEndpointAutoConfiguration'
2023-07-07T15:12:38.427+05:30 TRACE 10928 --- [           main] o.s.b.a.condition.OnClassCondition       : Condition OnClassCondition on org.springframework.boot.actuate.autoconfigure.endpoint.jackson.JacksonEndpointAutoConfiguration#endpointObjectMapper matched due to @ConditionalOnClass found required classes 'com.fasterxml.jackson.databind.ObjectMapper', 'org.springframework.http.converter.json.Jackson2ObjectMapperBuilder'
2023-07-07T15:12:38.427+05:30 TRACE 10928 --- [           main] o.s.b.f.s.DefaultListableBeanFactory     : Returning cached instance of singleton bean 'autoConfigurationReport'
2023-07-07T15:12:38.427+05:30 TRACE 10928 --- [           main] o.s.b.a.condition.OnPropertyCondition    : Condition OnPropertyCondition on org.springframework.boot.actuate.autoconfigure.endpoint.jackson.JacksonEndpointAutoConfiguration#endpointObjectMapper matched due to @ConditionalOnProperty (management.endpoints.jackson.isolated-object-mapper) matched
2023-07-07T15:12:38.427+05:30 TRACE 10928 --- [           main] o.s.b.f.s.DefaultListableBeanFactory     : Returning cached instance of singleton bean 'autoConfigurationReport'
2023-07-07T15:12:38.427+05:30 TRACE 10928 --- [           main] a.ConfigurationClassBeanDefinitionReader : Registering bean definition for @Bean method org.springframework.boot.actuate.autoconfigure.endpoint.jackson.JacksonEndpointAutoConfiguration.endpointObjectMapper()
2023-07-07T15:12:38.427+05:30 TRACE 10928 --- [           main] o.s.b.a.c.OnWebApplicationCondition      : Condition OnWebApplicationCondition on org.springframework.boot.actuate.autoconfigure.endpoint.web.WebEndpointAutoConfiguration matched due to @ConditionalOnWebApplication (required) found 'session' scope
2023-07-07T15:12:38.427+05:30 TRACE 10928 --- [           main] o.s.b.f.s.DefaultListableBeanFactory     : Returning cached instance of singleton bean 'autoConfigurationReport'
2023-07-07T15:12:38.427+05:30 TRACE 10928 --- [           main] o.s.b.a.c.OnWebApplicationCondition      : Condition OnWebApplicationCondition on org.springframework.boot.actuate.autoconfigure.endpoint.web.WebEndpointAutoConfiguration$WebEndpointServletConfiguration matched due to found 'session' scope
2023-07-07T15:12:38.427+05:30 TRACE 10928 --- [           main] o.s.b.f.s.DefaultListableBeanFactory     : Returning cached instance of singleton bean 'autoConfigurationReport'
2023-07-07T15:12:38.427+05:30 TRACE 10928 --- [           main] a.ConfigurationClassBeanDefinitionReader : Registered bean definition for imported class 'org.springframework.boot.actuate.autoconfigure.endpoint.web.WebEndpointAutoConfiguration$WebEndpointServletConfiguration'
2023-07-07T15:12:38.430+05:30 TRACE 10928 --- [           main] o.s.b.a.condition.OnBeanCondition        : Condition OnBeanCondition on org.springframework.boot.actuate.autoconfigure.endpoint.web.WebEndpointAutoConfiguration$WebEndpointServletConfiguration#servletEndpointDiscoverer matched due to @ConditionalOnMissingBean (types: org.springframework.boot.actuate.endpoint.web.annotation.ServletEndpointsSupplier; SearchStrategy: all) did not find any beans
2023-07-07T15:12:38.430+05:30 TRACE 10928 --- [           main] o.s.b.f.s.DefaultListableBeanFactory     : Returning cached instance of singleton bean 'autoConfigurationReport'
2023-07-07T15:12:38.430+05:30 TRACE 10928 --- [           main] a.ConfigurationClassBeanDefinitionReader : Registering bean definition for @Bean method org.springframework.boot.actuate.autoconfigure.endpoint.web.WebEndpointAutoConfiguration$WebEndpointServletConfiguration.servletEndpointDiscoverer()
2023-07-07T15:12:38.430+05:30 TRACE 10928 --- [           main] a.ConfigurationClassBeanDefinitionReader : Registered bean definition for imported class 'org.springframework.boot.actuate.autoconfigure.endpoint.web.WebEndpointAutoConfiguration'
2023-07-07T15:12:38.430+05:30 TRACE 10928 --- [           main] a.ConfigurationClassBeanDefinitionReader : Registering bean definition for @Bean method org.springframework.boot.actuate.autoconfigure.endpoint.web.WebEndpointAutoConfiguration.webEndpointPathMapper()
2023-07-07T15:12:38.435+05:30 TRACE 10928 --- [           main] o.s.b.a.condition.OnBeanCondition        : Condition OnBeanCondition on org.springframework.boot.actuate.autoconfigure.endpoint.web.WebEndpointAutoConfiguration#endpointMediaTypes matched due to @ConditionalOnMissingBean (types: org.springframework.boot.actuate.endpoint.web.EndpointMediaTypes; SearchStrategy: all) did not find any beans
2023-07-07T15:12:38.436+05:30 TRACE 10928 --- [           main] o.s.b.f.s.DefaultListableBeanFactory     : Returning cached instance of singleton bean 'autoConfigurationReport'
2023-07-07T15:12:38.436+05:30 TRACE 10928 --- [           main] a.ConfigurationClassBeanDefinitionReader : Registering bean definition for @Bean method org.springframework.boot.actuate.autoconfigure.endpoint.web.WebEndpointAutoConfiguration.endpointMediaTypes()
2023-07-07T15:12:38.437+05:30 TRACE 10928 --- [           main] o.s.b.a.condition.OnBeanCondition        : Condition OnBeanCondition on org.springframework.boot.actuate.autoconfigure.endpoint.web.WebEndpointAutoConfiguration#webEndpointDiscoverer matched due to @ConditionalOnMissingBean (types: org.springframework.boot.actuate.endpoint.web.WebEndpointsSupplier; SearchStrategy: all) did not find any beans
2023-07-07T15:12:38.437+05:30 TRACE 10928 --- [           main] o.s.b.f.s.DefaultListableBeanFactory     : Returning cached instance of singleton bean 'autoConfigurationReport'
2023-07-07T15:12:38.437+05:30 TRACE 10928 --- [           main] a.ConfigurationClassBeanDefinitionReader : Registering bean definition for @Bean method org.springframework.boot.actuate.autoconfigure.endpoint.web.WebEndpointAutoConfiguration.webEndpointDiscoverer()
2023-07-07T15:12:38.437+05:30 TRACE 10928 --- [           main] o.s.b.a.condition.OnBeanCondition        : Condition OnBeanCondition on org.springframework.boot.actuate.autoconfigure.endpoint.web.WebEndpointAutoConfiguration#controllerEndpointDiscoverer matched due to @ConditionalOnMissingBean (types: org.springframework.boot.actuate.endpoint.web.annotation.ControllerEndpointsSupplier; SearchStrategy: all) did not find any beans
2023-07-07T15:12:38.437+05:30 TRACE 10928 --- [           main] o.s.b.f.s.DefaultListableBeanFactory     : Returning cached instance of singleton bean 'autoConfigurationReport'
2023-07-07T15:12:38.438+05:30 TRACE 10928 --- [           main] a.ConfigurationClassBeanDefinitionReader : Registering bean definition for @Bean method org.springframework.boot.actuate.autoconfigure.endpoint.web.WebEndpointAutoConfiguration.controllerEndpointDiscoverer()
2023-07-07T15:12:38.438+05:30 TRACE 10928 --- [           main] o.s.b.a.condition.OnBeanCondition        : Condition OnBeanCondition on org.springframework.boot.actuate.autoconfigure.endpoint.web.WebEndpointAutoConfiguration#pathMappedEndpoints matched due to @ConditionalOnMissingBean (types: org.springframework.boot.actuate.endpoint.web.PathMappedEndpoints; SearchStrategy: all) did not find any beans
2023-07-07T15:12:38.438+05:30 TRACE 10928 --- [           main] o.s.b.f.s.DefaultListableBeanFactory     : Returning cached instance of singleton bean 'autoConfigurationReport'
2023-07-07T15:12:38.438+05:30 TRACE 10928 --- [           main] a.ConfigurationClassBeanDefinitionReader : Registering bean definition for @Bean method org.springframework.boot.actuate.autoconfigure.endpoint.web.WebEndpointAutoConfiguration.pathMappedEndpoints()
2023-07-07T15:12:38.438+05:30 TRACE 10928 --- [           main] a.ConfigurationClassBeanDefinitionReader : Registering bean definition for @Bean method org.springframework.boot.actuate.autoconfigure.endpoint.web.WebEndpointAutoConfiguration.webExposeExcludePropertyEndpointFilter()
2023-07-07T15:12:38.439+05:30 TRACE 10928 --- [           main] a.ConfigurationClassBeanDefinitionReader : Registering bean definition for @Bean method org.springframework.boot.actuate.autoconfigure.endpoint.web.WebEndpointAutoConfiguration.controllerExposeExcludePropertyEndpointFilter()
2023-07-07T15:12:38.441+05:30 TRACE 10928 --- [           main] .a.a.h.OnEnabledHealthIndicatorCondition : Condition OnEnabledHealthIndicatorCondition on org.springframework.boot.actuate.autoconfigure.system.DiskSpaceHealthContributorAutoConfiguration matched due to @ConditionalOnEnabledHealthIndicator management.health.defaults.enabled is considered true
2023-07-07T15:12:38.441+05:30 TRACE 10928 --- [           main] o.s.b.f.s.DefaultListableBeanFactory     : Returning cached instance of singleton bean 'autoConfigurationReport'
2023-07-07T15:12:38.443+05:30 TRACE 10928 --- [           main] a.ConfigurationClassBeanDefinitionReader : Registered bean definition for imported class 'org.springframework.boot.actuate.autoconfigure.system.DiskSpaceHealthContributorAutoConfiguration'
2023-07-07T15:12:38.443+05:30 TRACE 10928 --- [           main] o.s.b.a.condition.OnBeanCondition        : Condition OnBeanCondition on org.springframework.boot.actuate.autoconfigure.system.DiskSpaceHealthContributorAutoConfiguration#diskSpaceHealthIndicator matched due to @ConditionalOnMissingBean (names: diskSpaceHealthIndicator; SearchStrategy: all) did not find any beans
2023-07-07T15:12:38.443+05:30 TRACE 10928 --- [           main] o.s.b.f.s.DefaultListableBeanFactory     : Returning cached instance of singleton bean 'autoConfigurationReport'
2023-07-07T15:12:38.444+05:30 TRACE 10928 --- [           main] a.ConfigurationClassBeanDefinitionReader : Registering bean definition for @Bean method org.springframework.boot.actuate.autoconfigure.system.DiskSpaceHealthContributorAutoConfiguration.diskSpaceHealthIndicator()
2023-07-07T15:12:38.445+05:30 TRACE 10928 --- [           main] a.ConfigurationClassBeanDefinitionReader : Registered bean definition for imported class 'org.springframework.boot.actuate.autoconfigure.health.HealthContributorAutoConfiguration'
2023-07-07T15:12:38.445+05:30 TRACE 10928 --- [           main] .a.a.h.OnEnabledHealthIndicatorCondition : Condition OnEnabledHealthIndicatorCondition on org.springframework.boot.actuate.autoconfigure.health.HealthContributorAutoConfiguration#pingHealthContributor matched due to @ConditionalOnEnabledHealthIndicator management.health.defaults.enabled is considered true
2023-07-07T15:12:38.445+05:30 TRACE 10928 --- [           main] o.s.b.f.s.DefaultListableBeanFactory     : Returning cached instance of singleton bean 'autoConfigurationReport'
2023-07-07T15:12:38.446+05:30 TRACE 10928 --- [           main] a.ConfigurationClassBeanDefinitionReader : Registering bean definition for @Bean method org.springframework.boot.actuate.autoconfigure.health.HealthContributorAutoConfiguration.pingHealthContributor()
2023-07-07T15:12:38.446+05:30 TRACE 10928 --- [           main] o.s.b.a.condition.OnClassCondition       : Condition OnClassCondition on org.springframework.boot.actuate.autoconfigure.metrics.MetricsAutoConfiguration matched due to @ConditionalOnClass found required class 'io.micrometer.core.annotation.Timed'
2023-07-07T15:12:38.446+05:30 TRACE 10928 --- [           main] o.s.b.f.s.DefaultListableBeanFactory     : Returning cached instance of singleton bean 'autoConfigurationReport'
2023-07-07T15:12:38.447+05:30 TRACE 10928 --- [           main] a.ConfigurationClassBeanDefinitionReader : Registered bean definition for imported class 'org.springframework.boot.actuate.autoconfigure.metrics.MetricsAutoConfiguration'
2023-07-07T15:12:38.454+05:30 TRACE 10928 --- [           main] o.s.b.a.condition.OnBeanCondition        : Condition OnBeanCondition on org.springframework.boot.actuate.autoconfigure.metrics.MetricsAutoConfiguration#micrometerClock matched due to @ConditionalOnMissingBean (types: io.micrometer.core.instrument.Clock; SearchStrategy: all) did not find any beans
2023-07-07T15:12:38.454+05:30 TRACE 10928 --- [           main] o.s.b.f.s.DefaultListableBeanFactory     : Returning cached instance of singleton bean 'autoConfigurationReport'
2023-07-07T15:12:38.454+05:30 TRACE 10928 --- [           main] a.ConfigurationClassBeanDefinitionReader : Registering bean definition for @Bean method org.springframework.boot.actuate.autoconfigure.metrics.MetricsAutoConfiguration.micrometerClock()
2023-07-07T15:12:38.455+05:30 TRACE 10928 --- [           main] a.ConfigurationClassBeanDefinitionReader : Registering bean definition for @Bean method org.springframework.boot.actuate.autoconfigure.metrics.MetricsAutoConfiguration.meterRegistryPostProcessor()
2023-07-07T15:12:38.455+05:30 TRACE 10928 --- [           main] a.ConfigurationClassBeanDefinitionReader : Registering bean definition for @Bean method org.springframework.boot.actuate.autoconfigure.metrics.MetricsAutoConfiguration.propertiesMeterFilter()
2023-07-07T15:12:38.459+05:30 TRACE 10928 --- [           main] o.s.b.a.condition.OnBeanCondition        : Condition OnBeanCondition on org.springframework.boot.actuate.autoconfigure.metrics.export.simple.SimpleMetricsExportAutoConfiguration matched due to @ConditionalOnBean (types: io.micrometer.core.instrument.Clock; SearchStrategy: all) found bean 'micrometerClock'; @ConditionalOnMissingBean (types: io.micrometer.core.instrument.MeterRegistry; SearchStrategy: all) did not find any beans
2023-07-07T15:12:38.459+05:30 TRACE 10928 --- [           main] o.s.b.f.s.DefaultListableBeanFactory     : Returning cached instance of singleton bean 'autoConfigurationReport'
2023-07-07T15:12:38.460+05:30 TRACE 10928 --- [           main] o.s.b.a.condition.OnBeanCondition        : Condition OnBeanCondition on org.springframework.boot.actuate.autoconfigure.metrics.export.simple.SimpleMetricsExportAutoConfiguration matched due to @ConditionalOnBean (types: io.micrometer.core.instrument.Clock; SearchStrategy: all) found bean 'micrometerClock'; @ConditionalOnMissingBean (types: io.micrometer.core.instrument.MeterRegistry; SearchStrategy: all) did not find any beans
2023-07-07T15:12:38.460+05:30 TRACE 10928 --- [           main] o.s.b.f.s.DefaultListableBeanFactory     : Returning cached instance of singleton bean 'autoConfigurationReport'
2023-07-07T15:12:38.460+05:30 TRACE 10928 --- [           main] .a.a.m.e.OnMetricsExportEnabledCondition : Condition OnMetricsExportEnabledCondition on org.springframework.boot.actuate.autoconfigure.metrics.export.simple.SimpleMetricsExportAutoConfiguration matched due to @ConditionalOnEnabledMetricsExport management.simple.metrics.export.enabled is true
2023-07-07T15:12:38.460+05:30 TRACE 10928 --- [           main] o.s.b.f.s.DefaultListableBeanFactory     : Returning cached instance of singleton bean 'autoConfigurationReport'
2023-07-07T15:12:38.461+05:30 TRACE 10928 --- [           main] a.ConfigurationClassBeanDefinitionReader : Registered bean definition for imported class 'org.springframework.boot.actuate.autoconfigure.metrics.export.simple.SimpleMetricsExportAutoConfiguration'
2023-07-07T15:12:38.461+05:30 TRACE 10928 --- [           main] a.ConfigurationClassBeanDefinitionReader : Registering bean definition for @Bean method org.springframework.boot.actuate.autoconfigure.metrics.export.simple.SimpleMetricsExportAutoConfiguration.simpleMeterRegistry()
2023-07-07T15:12:38.465+05:30 TRACE 10928 --- [           main] o.s.b.a.condition.OnBeanCondition        : Condition OnBeanCondition on org.springframework.boot.actuate.autoconfigure.metrics.export.simple.SimpleMetricsExportAutoConfiguration#simpleConfig matched due to @ConditionalOnMissingBean (types: io.micrometer.core.instrument.simple.SimpleConfig; SearchStrategy: all) did not find any beans
2023-07-07T15:12:38.465+05:30 TRACE 10928 --- [           main] o.s.b.f.s.DefaultListableBeanFactory     : Returning cached instance of singleton bean 'autoConfigurationReport'
2023-07-07T15:12:38.465+05:30 TRACE 10928 --- [           main] a.ConfigurationClassBeanDefinitionReader : Registering bean definition for @Bean method org.springframework.boot.actuate.autoconfigure.metrics.export.simple.SimpleMetricsExportAutoConfiguration.simpleConfig()
2023-07-07T15:12:38.467+05:30 TRACE 10928 --- [           main] o.s.b.a.condition.OnClassCondition       : Condition OnClassCondition on org.springframework.boot.actuate.autoconfigure.metrics.CompositeMeterRegistryAutoConfiguration matched due to @ConditionalOnClass found required class 'io.micrometer.core.instrument.composite.CompositeMeterRegistry'
2023-07-07T15:12:38.467+05:30 TRACE 10928 --- [           main] o.s.b.f.s.DefaultListableBeanFactory     : Returning cached instance of singleton bean 'autoConfigurationReport'
2023-07-07T15:12:38.468+05:30 TRACE 10928 --- [           main] o.s.b.a.condition.OnBeanCondition        : Condition OnBeanCondition on org.springframework.boot.actuate.autoconfigure.metrics.NoOpMeterRegistryConfiguration did not match due to @ConditionalOnMissingBean (types: io.micrometer.core.instrument.MeterRegistry; SearchStrategy: all) found beans of type 'io.micrometer.core.instrument.MeterRegistry' simpleMeterRegistry
2023-07-07T15:12:38.468+05:30 TRACE 10928 --- [           main] o.s.b.f.s.DefaultListableBeanFactory     : Returning cached instance of singleton bean 'autoConfigurationReport'
2023-07-07T15:12:38.472+05:30 TRACE 10928 --- [           main] ltipleNonPrimaryMeterRegistriesCondition : Condition CompositeMeterRegistryConfiguration.MultipleNonPrimaryMeterRegistriesCondition on org.springframework.boot.actuate.autoconfigure.metrics.CompositeMeterRegistryConfiguration did not match due to NoneNestedConditions 1 matched 1 did not; NestedCondition on CompositeMeterRegistryConfiguration.MultipleNonPrimaryMeterRegistriesCondition.SingleInjectableMeterRegistry @ConditionalOnSingleCandidate (types: io.micrometer.core.instrument.MeterRegistry; SearchStrategy: all) found a single bean 'simpleMeterRegistry'; NestedCondition on CompositeMeterRegistryConfiguration.MultipleNonPrimaryMeterRegistriesCondition.NoMeterRegistryCondition @ConditionalOnMissingBean (types: io.micrometer.core.instrument.MeterRegistry; SearchStrategy: all) found beans of type 'io.micrometer.core.instrument.MeterRegistry' simpleMeterRegistry
2023-07-07T15:12:38.472+05:30 TRACE 10928 --- [           main] o.s.b.f.s.DefaultListableBeanFactory     : Returning cached instance of singleton bean 'autoConfigurationReport'
2023-07-07T15:12:38.473+05:30 TRACE 10928 --- [           main] a.ConfigurationClassBeanDefinitionReader : Registered bean definition for imported class 'org.springframework.boot.actuate.autoconfigure.metrics.CompositeMeterRegistryAutoConfiguration'
2023-07-07T15:12:38.473+05:30 TRACE 10928 --- [           main] o.s.b.a.condition.OnClassCondition       : Condition OnClassCondition on org.springframework.boot.actuate.autoconfigure.metrics.JvmMetricsAutoConfiguration matched due to @ConditionalOnClass found required class 'io.micrometer.core.instrument.MeterRegistry'
2023-07-07T15:12:38.473+05:30 TRACE 10928 --- [           main] o.s.b.f.s.DefaultListableBeanFactory     : Returning cached instance of singleton bean 'autoConfigurationReport'
2023-07-07T15:12:38.474+05:30 TRACE 10928 --- [           main] o.s.b.a.condition.OnBeanCondition        : Condition OnBeanCondition on org.springframework.boot.actuate.autoconfigure.metrics.JvmMetricsAutoConfiguration matched due to @ConditionalOnBean (types: io.micrometer.core.instrument.MeterRegistry; SearchStrategy: all) found bean 'simpleMeterRegistry'
2023-07-07T15:12:38.474+05:30 TRACE 10928 --- [           main] o.s.b.f.s.DefaultListableBeanFactory     : Returning cached instance of singleton bean 'autoConfigurationReport'
2023-07-07T15:12:38.475+05:30 TRACE 10928 --- [           main] a.ConfigurationClassBeanDefinitionReader : Registered bean definition for imported class 'org.springframework.boot.actuate.autoconfigure.metrics.JvmMetricsAutoConfiguration'
2023-07-07T15:12:38.479+05:30 TRACE 10928 --- [           main] o.s.b.a.condition.OnBeanCondition        : Condition OnBeanCondition on org.springframework.boot.actuate.autoconfigure.metrics.JvmMetricsAutoConfiguration#jvmGcMetrics matched due to @ConditionalOnMissingBean (types: io.micrometer.core.instrument.binder.jvm.JvmGcMetrics; SearchStrategy: all) did not find any beans
2023-07-07T15:12:38.479+05:30 TRACE 10928 --- [           main] o.s.b.f.s.DefaultListableBeanFactory     : Returning cached instance of singleton bean 'autoConfigurationReport'
2023-07-07T15:12:38.479+05:30 TRACE 10928 --- [           main] a.ConfigurationClassBeanDefinitionReader : Registering bean definition for @Bean method org.springframework.boot.actuate.autoconfigure.metrics.JvmMetricsAutoConfiguration.jvmGcMetrics()
2023-07-07T15:12:38.482+05:30 TRACE 10928 --- [           main] o.s.b.a.condition.OnBeanCondition        : Condition OnBeanCondition on org.springframework.boot.actuate.autoconfigure.metrics.JvmMetricsAutoConfiguration#jvmHeapPressureMetrics matched due to @ConditionalOnMissingBean (types: io.micrometer.core.instrument.binder.jvm.JvmHeapPressureMetrics; SearchStrategy: all) did not find any beans
2023-07-07T15:12:38.482+05:30 TRACE 10928 --- [           main] o.s.b.f.s.DefaultListableBeanFactory     : Returning cached instance of singleton bean 'autoConfigurationReport'
2023-07-07T15:12:38.482+05:30 TRACE 10928 --- [           main] a.ConfigurationClassBeanDefinitionReader : Registering bean definition for @Bean method org.springframework.boot.actuate.autoconfigure.metrics.JvmMetricsAutoConfiguration.jvmHeapPressureMetrics()
2023-07-07T15:12:38.483+05:30 TRACE 10928 --- [           main] o.s.b.a.condition.OnBeanCondition        : Condition OnBeanCondition on org.springframework.boot.actuate.autoconfigure.metrics.JvmMetricsAutoConfiguration#jvmMemoryMetrics matched due to @ConditionalOnMissingBean (types: io.micrometer.core.instrument.binder.jvm.JvmMemoryMetrics; SearchStrategy: all) did not find any beans
2023-07-07T15:12:38.483+05:30 TRACE 10928 --- [           main] o.s.b.f.s.DefaultListableBeanFactory     : Returning cached instance of singleton bean 'autoConfigurationReport'
2023-07-07T15:12:38.483+05:30 TRACE 10928 --- [           main] a.ConfigurationClassBeanDefinitionReader : Registering bean definition for @Bean method org.springframework.boot.actuate.autoconfigure.metrics.JvmMetricsAutoConfiguration.jvmMemoryMetrics()
2023-07-07T15:12:38.484+05:30 TRACE 10928 --- [           main] o.s.b.a.condition.OnBeanCondition        : Condition OnBeanCondition on org.springframework.boot.actuate.autoconfigure.metrics.JvmMetricsAutoConfiguration#jvmThreadMetrics matched due to @ConditionalOnMissingBean (types: io.micrometer.core.instrument.binder.jvm.JvmThreadMetrics; SearchStrategy: all) did not find any beans
2023-07-07T15:12:38.484+05:30 TRACE 10928 --- [           main] o.s.b.f.s.DefaultListableBeanFactory     : Returning cached instance of singleton bean 'autoConfigurationReport'
2023-07-07T15:12:38.484+05:30 TRACE 10928 --- [           main] a.ConfigurationClassBeanDefinitionReader : Registering bean definition for @Bean method org.springframework.boot.actuate.autoconfigure.metrics.JvmMetricsAutoConfiguration.jvmThreadMetrics()
2023-07-07T15:12:38.484+05:30 TRACE 10928 --- [           main] o.s.b.a.condition.OnBeanCondition        : Condition OnBeanCondition on org.springframework.boot.actuate.autoconfigure.metrics.JvmMetricsAutoConfiguration#classLoaderMetrics matched due to @ConditionalOnMissingBean (types: io.micrometer.core.instrument.binder.jvm.ClassLoaderMetrics; SearchStrategy: all) did not find any beans
2023-07-07T15:12:38.485+05:30 TRACE 10928 --- [           main] o.s.b.f.s.DefaultListableBeanFactory     : Returning cached instance of singleton bean 'autoConfigurationReport'
2023-07-07T15:12:38.485+05:30 TRACE 10928 --- [           main] a.ConfigurationClassBeanDefinitionReader : Registering bean definition for @Bean method org.springframework.boot.actuate.autoconfigure.metrics.JvmMetricsAutoConfiguration.classLoaderMetrics()
2023-07-07T15:12:38.486+05:30 TRACE 10928 --- [           main] o.s.b.a.condition.OnBeanCondition        : Condition OnBeanCondition on org.springframework.boot.actuate.autoconfigure.metrics.JvmMetricsAutoConfiguration#jvmInfoMetrics matched due to @ConditionalOnMissingBean (types: io.micrometer.core.instrument.binder.jvm.JvmInfoMetrics; SearchStrategy: all) did not find any beans
2023-07-07T15:12:38.486+05:30 TRACE 10928 --- [           main] o.s.b.f.s.DefaultListableBeanFactory     : Returning cached instance of singleton bean 'autoConfigurationReport'
2023-07-07T15:12:38.486+05:30 TRACE 10928 --- [           main] a.ConfigurationClassBeanDefinitionReader : Registering bean definition for @Bean method org.springframework.boot.actuate.autoconfigure.metrics.JvmMetricsAutoConfiguration.jvmInfoMetrics()
2023-07-07T15:12:38.488+05:30 TRACE 10928 --- [           main] o.s.b.a.condition.OnBeanCondition        : Condition OnBeanCondition on org.springframework.boot.actuate.autoconfigure.metrics.JvmMetricsAutoConfiguration#jvmCompilationMetrics matched due to @ConditionalOnMissingBean (types: io.micrometer.core.instrument.binder.jvm.JvmCompilationMetrics; SearchStrategy: all) did not find any beans
2023-07-07T15:12:38.488+05:30 TRACE 10928 --- [           main] o.s.b.f.s.DefaultListableBeanFactory     : Returning cached instance of singleton bean 'autoConfigurationReport'
2023-07-07T15:12:38.489+05:30 TRACE 10928 --- [           main] a.ConfigurationClassBeanDefinitionReader : Registering bean definition for @Bean method org.springframework.boot.actuate.autoconfigure.metrics.JvmMetricsAutoConfiguration.jvmCompilationMetrics()
2023-07-07T15:12:38.489+05:30 TRACE 10928 --- [           main] o.s.b.a.condition.OnClassCondition       : Condition OnClassCondition on org.springframework.boot.actuate.autoconfigure.metrics.LogbackMetricsAutoConfiguration matched due to @ConditionalOnClass found required classes 'io.micrometer.core.instrument.MeterRegistry', 'ch.qos.logback.classic.LoggerContext', 'org.slf4j.LoggerFactory'
2023-07-07T15:12:38.489+05:30 TRACE 10928 --- [           main] o.s.b.f.s.DefaultListableBeanFactory     : Returning cached instance of singleton bean 'autoConfigurationReport'
2023-07-07T15:12:38.489+05:30 TRACE 10928 --- [           main] utoConfiguration$LogbackLoggingCondition : Condition LogbackMetricsAutoConfiguration.LogbackLoggingCondition on org.springframework.boot.actuate.autoconfigure.metrics.LogbackMetricsAutoConfiguration matched due to LogbackLoggingCondition ILoggerFactory is a Logback LoggerContext
2023-07-07T15:12:38.489+05:30 TRACE 10928 --- [           main] o.s.b.f.s.DefaultListableBeanFactory     : Returning cached instance of singleton bean 'autoConfigurationReport'
2023-07-07T15:12:38.490+05:30 TRACE 10928 --- [           main] o.s.b.a.condition.OnBeanCondition        : Condition OnBeanCondition on org.springframework.boot.actuate.autoconfigure.metrics.LogbackMetricsAutoConfiguration matched due to @ConditionalOnBean (types: io.micrometer.core.instrument.MeterRegistry; SearchStrategy: all) found bean 'simpleMeterRegistry'
2023-07-07T15:12:38.490+05:30 TRACE 10928 --- [           main] o.s.b.f.s.DefaultListableBeanFactory     : Returning cached instance of singleton bean 'autoConfigurationReport'
2023-07-07T15:12:38.491+05:30 TRACE 10928 --- [           main] a.ConfigurationClassBeanDefinitionReader : Registered bean definition for imported class 'org.springframework.boot.actuate.autoconfigure.metrics.LogbackMetricsAutoConfiguration'
2023-07-07T15:12:38.492+05:30 TRACE 10928 --- [           main] o.s.b.a.condition.OnBeanCondition        : Condition OnBeanCondition on org.springframework.boot.actuate.autoconfigure.metrics.LogbackMetricsAutoConfiguration#logbackMetrics matched due to @ConditionalOnMissingBean (types: io.micrometer.core.instrument.binder.logging.LogbackMetrics; SearchStrategy: all) did not find any beans
2023-07-07T15:12:38.492+05:30 TRACE 10928 --- [           main] o.s.b.f.s.DefaultListableBeanFactory     : Returning cached instance of singleton bean 'autoConfigurationReport'
2023-07-07T15:12:38.492+05:30 TRACE 10928 --- [           main] a.ConfigurationClassBeanDefinitionReader : Registering bean definition for @Bean method org.springframework.boot.actuate.autoconfigure.metrics.LogbackMetricsAutoConfiguration.logbackMetrics()
2023-07-07T15:12:38.492+05:30 TRACE 10928 --- [           main] o.s.b.a.condition.OnClassCondition       : Condition OnClassCondition on org.springframework.boot.actuate.autoconfigure.metrics.SystemMetricsAutoConfiguration matched due to @ConditionalOnClass found required class 'io.micrometer.core.instrument.MeterRegistry'
2023-07-07T15:12:38.493+05:30 TRACE 10928 --- [           main] o.s.b.f.s.DefaultListableBeanFactory     : Returning cached instance of singleton bean 'autoConfigurationReport'
2023-07-07T15:12:38.493+05:30 TRACE 10928 --- [           main] o.s.b.a.condition.OnBeanCondition        : Condition OnBeanCondition on org.springframework.boot.actuate.autoconfigure.metrics.SystemMetricsAutoConfiguration matched due to @ConditionalOnBean (types: io.micrometer.core.instrument.MeterRegistry; SearchStrategy: all) found bean 'simpleMeterRegistry'
2023-07-07T15:12:38.493+05:30 TRACE 10928 --- [           main] o.s.b.f.s.DefaultListableBeanFactory     : Returning cached instance of singleton bean 'autoConfigurationReport'
2023-07-07T15:12:38.493+05:30 TRACE 10928 --- [           main] a.ConfigurationClassBeanDefinitionReader : Registered bean definition for imported class 'org.springframework.boot.actuate.autoconfigure.metrics.SystemMetricsAutoConfiguration'
2023-07-07T15:12:38.495+05:30 TRACE 10928 --- [           main] o.s.b.a.condition.OnBeanCondition        : Condition OnBeanCondition on org.springframework.boot.actuate.autoconfigure.metrics.SystemMetricsAutoConfiguration#uptimeMetrics matched due to @ConditionalOnMissingBean (types: io.micrometer.core.instrument.binder.system.UptimeMetrics; SearchStrategy: all) did not find any beans
2023-07-07T15:12:38.495+05:30 TRACE 10928 --- [           main] o.s.b.f.s.DefaultListableBeanFactory     : Returning cached instance of singleton bean 'autoConfigurationReport'
2023-07-07T15:12:38.495+05:30 TRACE 10928 --- [           main] a.ConfigurationClassBeanDefinitionReader : Registering bean definition for @Bean method org.springframework.boot.actuate.autoconfigure.metrics.SystemMetricsAutoConfiguration.uptimeMetrics()
2023-07-07T15:12:38.498+05:30 TRACE 10928 --- [           main] o.s.b.a.condition.OnBeanCondition        : Condition OnBeanCondition on org.springframework.boot.actuate.autoconfigure.metrics.SystemMetricsAutoConfiguration#processorMetrics matched due to @ConditionalOnMissingBean (types: io.micrometer.core.instrument.binder.system.ProcessorMetrics; SearchStrategy: all) did not find any beans
2023-07-07T15:12:38.498+05:30 TRACE 10928 --- [           main] o.s.b.f.s.DefaultListableBeanFactory     : Returning cached instance of singleton bean 'autoConfigurationReport'
2023-07-07T15:12:38.498+05:30 TRACE 10928 --- [           main] a.ConfigurationClassBeanDefinitionReader : Registering bean definition for @Bean method org.springframework.boot.actuate.autoconfigure.metrics.SystemMetricsAutoConfiguration.processorMetrics()
2023-07-07T15:12:38.499+05:30 TRACE 10928 --- [           main] o.s.b.a.condition.OnBeanCondition        : Condition OnBeanCondition on org.springframework.boot.actuate.autoconfigure.metrics.SystemMetricsAutoConfiguration#fileDescriptorMetrics matched due to @ConditionalOnMissingBean (types: io.micrometer.core.instrument.binder.system.FileDescriptorMetrics; SearchStrategy: all) did not find any beans
2023-07-07T15:12:38.500+05:30 TRACE 10928 --- [           main] o.s.b.f.s.DefaultListableBeanFactory     : Returning cached instance of singleton bean 'autoConfigurationReport'
2023-07-07T15:12:38.500+05:30 TRACE 10928 --- [           main] a.ConfigurationClassBeanDefinitionReader : Registering bean definition for @Bean method org.springframework.boot.actuate.autoconfigure.metrics.SystemMetricsAutoConfiguration.fileDescriptorMetrics()
2023-07-07T15:12:38.501+05:30 TRACE 10928 --- [           main] o.s.b.a.condition.OnBeanCondition        : Condition OnBeanCondition on org.springframework.boot.actuate.autoconfigure.metrics.SystemMetricsAutoConfiguration#diskSpaceMetrics matched due to @ConditionalOnMissingBean (types: org.springframework.boot.actuate.metrics.system.DiskSpaceMetricsBinder; SearchStrategy: all) did not find any beans
2023-07-07T15:12:38.501+05:30 TRACE 10928 --- [           main] o.s.b.f.s.DefaultListableBeanFactory     : Returning cached instance of singleton bean 'autoConfigurationReport'
2023-07-07T15:12:38.501+05:30 TRACE 10928 --- [           main] a.ConfigurationClassBeanDefinitionReader : Registering bean definition for @Bean method org.springframework.boot.actuate.autoconfigure.metrics.SystemMetricsAutoConfiguration.diskSpaceMetrics()
2023-07-07T15:12:38.503+05:30 TRACE 10928 --- [           main] o.s.b.a.condition.OnBeanCondition        : Condition OnBeanCondition on org.springframework.boot.actuate.autoconfigure.metrics.cache.CacheMetricsAutoConfiguration did not match due to @ConditionalOnBean (types: org.springframework.cache.CacheManager; SearchStrategy: all) did not find any beans of type org.springframework.cache.CacheManager
2023-07-07T15:12:38.503+05:30 TRACE 10928 --- [           main] o.s.b.f.s.DefaultListableBeanFactory     : Returning cached instance of singleton bean 'autoConfigurationReport'
2023-07-07T15:12:38.505+05:30 TRACE 10928 --- [           main] a.ConfigurationClassBeanDefinitionReader : Registered bean definition for imported class 'org.springframework.boot.actuate.autoconfigure.metrics.integration.IntegrationMetricsAutoConfiguration'
2023-07-07T15:12:38.506+05:30 TRACE 10928 --- [           main] o.s.b.a.condition.OnClassCondition       : Condition OnClassCondition on org.springframework.boot.actuate.autoconfigure.metrics.jdbc.DataSourcePoolMetricsAutoConfiguration matched due to @ConditionalOnClass found required classes 'javax.sql.DataSource', 'io.micrometer.core.instrument.MeterRegistry'
2023-07-07T15:12:38.506+05:30 TRACE 10928 --- [           main] o.s.b.f.s.DefaultListableBeanFactory     : Returning cached instance of singleton bean 'autoConfigurationReport'
2023-07-07T15:12:38.508+05:30 TRACE 10928 --- [           main] o.s.b.a.condition.OnBeanCondition        : Condition OnBeanCondition on org.springframework.boot.actuate.autoconfigure.metrics.jdbc.DataSourcePoolMetricsAutoConfiguration did not match due to @ConditionalOnBean (types: javax.sql.DataSource,io.micrometer.core.instrument.MeterRegistry; SearchStrategy: all) did not find any beans of type javax.sql.DataSource
2023-07-07T15:12:38.508+05:30 TRACE 10928 --- [           main] o.s.b.f.s.DefaultListableBeanFactory     : Returning cached instance of singleton bean 'autoConfigurationReport'
2023-07-07T15:12:38.508+05:30 TRACE 10928 --- [           main] o.s.b.a.condition.OnClassCondition       : Condition OnClassCondition on org.springframework.boot.actuate.autoconfigure.metrics.startup.StartupTimeMetricsListenerAutoConfiguration matched due to @ConditionalOnClass found required class 'io.micrometer.core.instrument.MeterRegistry'
2023-07-07T15:12:38.508+05:30 TRACE 10928 --- [           main] o.s.b.f.s.DefaultListableBeanFactory     : Returning cached instance of singleton bean 'autoConfigurationReport'
2023-07-07T15:12:38.508+05:30 TRACE 10928 --- [           main] o.s.b.a.condition.OnBeanCondition        : Condition OnBeanCondition on org.springframework.boot.actuate.autoconfigure.metrics.startup.StartupTimeMetricsListenerAutoConfiguration matched due to @ConditionalOnBean (types: io.micrometer.core.instrument.MeterRegistry; SearchStrategy: all) found bean 'simpleMeterRegistry'
2023-07-07T15:12:38.508+05:30 TRACE 10928 --- [           main] o.s.b.f.s.DefaultListableBeanFactory     : Returning cached instance of singleton bean 'autoConfigurationReport'
2023-07-07T15:12:38.508+05:30 TRACE 10928 --- [           main] a.ConfigurationClassBeanDefinitionReader : Registered bean definition for imported class 'org.springframework.boot.actuate.autoconfigure.metrics.startup.StartupTimeMetricsListenerAutoConfiguration'
2023-07-07T15:12:38.511+05:30 TRACE 10928 --- [           main] o.s.b.a.condition.OnBeanCondition        : Condition OnBeanCondition on org.springframework.boot.actuate.autoconfigure.metrics.startup.StartupTimeMetricsListenerAutoConfiguration#startupTimeMetrics matched due to @ConditionalOnMissingBean (types: org.springframework.boot.actuate.metrics.startup.StartupTimeMetricsListener; SearchStrategy: all) did not find any beans
2023-07-07T15:12:38.511+05:30 TRACE 10928 --- [           main] o.s.b.f.s.DefaultListableBeanFactory     : Returning cached instance of singleton bean 'autoConfigurationReport'
2023-07-07T15:12:38.512+05:30 TRACE 10928 --- [           main] a.ConfigurationClassBeanDefinitionReader : Registering bean definition for @Bean method org.springframework.boot.actuate.autoconfigure.metrics.startup.StartupTimeMetricsListenerAutoConfiguration.startupTimeMetrics()
2023-07-07T15:12:38.512+05:30 TRACE 10928 --- [           main] o.s.b.a.condition.OnClassCondition       : Condition OnClassCondition on org.springframework.boot.autoconfigure.task.TaskSchedulingAutoConfiguration matched due to @ConditionalOnClass found required class 'org.springframework.scheduling.concurrent.ThreadPoolTaskScheduler'
2023-07-07T15:12:38.512+05:30 TRACE 10928 --- [           main] o.s.b.f.s.DefaultListableBeanFactory     : Returning cached instance of singleton bean 'autoConfigurationReport'
2023-07-07T15:12:38.512+05:30 TRACE 10928 --- [           main] a.ConfigurationClassBeanDefinitionReader : Registered bean definition for imported class 'org.springframework.boot.autoconfigure.task.TaskSchedulingAutoConfiguration'
2023-07-07T15:12:38.513+05:30 TRACE 10928 --- [           main] o.s.b.a.condition.OnBeanCondition        : Condition OnBeanCondition on org.springframework.boot.autoconfigure.task.TaskSchedulingAutoConfiguration#taskScheduler did not match due to @ConditionalOnBean (names: org.springframework.context.annotation.internalScheduledAnnotationProcessor; SearchStrategy: all) did not find any beans named org.springframework.context.annotation.internalScheduledAnnotationProcessor
2023-07-07T15:12:38.513+05:30 TRACE 10928 --- [           main] o.s.b.f.s.DefaultListableBeanFactory     : Returning cached instance of singleton bean 'autoConfigurationReport'
2023-07-07T15:12:38.513+05:30 TRACE 10928 --- [           main] o.s.b.a.condition.OnBeanCondition        : Condition OnBeanCondition on org.springframework.boot.autoconfigure.task.TaskSchedulingAutoConfiguration#scheduledBeanLazyInitializationExcludeFilter did not match due to @ConditionalOnBean (names: org.springframework.context.annotation.internalScheduledAnnotationProcessor; SearchStrategy: all) did not find any beans named org.springframework.context.annotation.internalScheduledAnnotationProcessor
2023-07-07T15:12:38.513+05:30 TRACE 10928 --- [           main] o.s.b.f.s.DefaultListableBeanFactory     : Returning cached instance of singleton bean 'autoConfigurationReport'
2023-07-07T15:12:38.515+05:30 TRACE 10928 --- [           main] o.s.b.a.condition.OnBeanCondition        : Condition OnBeanCondition on org.springframework.boot.autoconfigure.task.TaskSchedulingAutoConfiguration#taskSchedulerBuilder matched due to @ConditionalOnMissingBean (types: org.springframework.boot.task.TaskSchedulerBuilder; SearchStrategy: all) did not find any beans
2023-07-07T15:12:38.515+05:30 TRACE 10928 --- [           main] o.s.b.f.s.DefaultListableBeanFactory     : Returning cached instance of singleton bean 'autoConfigurationReport'
2023-07-07T15:12:38.515+05:30 TRACE 10928 --- [           main] a.ConfigurationClassBeanDefinitionReader : Registering bean definition for @Bean method org.springframework.boot.autoconfigure.task.TaskSchedulingAutoConfiguration.taskSchedulerBuilder()
2023-07-07T15:12:38.516+05:30 TRACE 10928 --- [           main] o.s.b.a.condition.OnClassCondition       : Condition OnClassCondition on org.springframework.boot.actuate.autoconfigure.metrics.task.TaskExecutorMetricsAutoConfiguration matched due to @ConditionalOnClass found required class 'io.micrometer.core.instrument.binder.jvm.ExecutorServiceMetrics'
2023-07-07T15:12:38.516+05:30 TRACE 10928 --- [           main] o.s.b.f.s.DefaultListableBeanFactory     : Returning cached instance of singleton bean 'autoConfigurationReport'
2023-07-07T15:12:38.518+05:30 TRACE 10928 --- [           main] o.s.b.a.condition.OnBeanCondition        : Condition OnBeanCondition on org.springframework.boot.actuate.autoconfigure.metrics.task.TaskExecutorMetricsAutoConfiguration matched due to @ConditionalOnBean (types: java.util.concurrent.Executor,io.micrometer.core.instrument.MeterRegistry; SearchStrategy: all) found beans 'applicationTaskExecutor', 'simpleMeterRegistry'
2023-07-07T15:12:38.518+05:30 TRACE 10928 --- [           main] o.s.b.f.s.DefaultListableBeanFactory     : Returning cached instance of singleton bean 'autoConfigurationReport'
2023-07-07T15:12:38.519+05:30 TRACE 10928 --- [           main] a.ConfigurationClassBeanDefinitionReader : Registered bean definition for imported class 'org.springframework.boot.actuate.autoconfigure.metrics.task.TaskExecutorMetricsAutoConfiguration'
2023-07-07T15:12:38.519+05:30 TRACE 10928 --- [           main] o.s.b.a.condition.OnClassCondition       : Condition OnClassCondition on org.springframework.boot.actuate.autoconfigure.metrics.web.tomcat.TomcatMetricsAutoConfiguration matched due to @ConditionalOnClass found required classes 'io.micrometer.core.instrument.binder.tomcat.TomcatMetrics', 'org.apache.catalina.Manager'
2023-07-07T15:12:38.519+05:30 TRACE 10928 --- [           main] o.s.b.f.s.DefaultListableBeanFactory     : Returning cached instance of singleton bean 'autoConfigurationReport'
2023-07-07T15:12:38.519+05:30 TRACE 10928 --- [           main] o.s.b.a.c.OnWebApplicationCondition      : Condition OnWebApplicationCondition on org.springframework.boot.actuate.autoconfigure.metrics.web.tomcat.TomcatMetricsAutoConfiguration matched due to @ConditionalOnWebApplication (required) found 'session' scope
2023-07-07T15:12:38.519+05:30 TRACE 10928 --- [           main] o.s.b.f.s.DefaultListableBeanFactory     : Returning cached instance of singleton bean 'autoConfigurationReport'
2023-07-07T15:12:38.519+05:30 TRACE 10928 --- [           main] a.ConfigurationClassBeanDefinitionReader : Registered bean definition for imported class 'org.springframework.boot.actuate.autoconfigure.metrics.web.tomcat.TomcatMetricsAutoConfiguration'
2023-07-07T15:12:38.523+05:30 TRACE 10928 --- [           main] o.s.b.a.condition.OnBeanCondition        : Condition OnBeanCondition on org.springframework.boot.actuate.autoconfigure.metrics.web.tomcat.TomcatMetricsAutoConfiguration#tomcatMetricsBinder matched due to @ConditionalOnBean (types: io.micrometer.core.instrument.MeterRegistry; SearchStrategy: all) found bean 'simpleMeterRegistry'; @ConditionalOnMissingBean (types: io.micrometer.core.instrument.binder.tomcat.TomcatMetrics,org.springframework.boot.actuate.metrics.web.tomcat.TomcatMetricsBinder; SearchStrategy: all) did not find any beans
2023-07-07T15:12:38.523+05:30 TRACE 10928 --- [           main] o.s.b.f.s.DefaultListableBeanFactory     : Returning cached instance of singleton bean 'autoConfigurationReport'
2023-07-07T15:12:38.524+05:30 TRACE 10928 --- [           main] o.s.b.a.condition.OnBeanCondition        : Condition OnBeanCondition on org.springframework.boot.actuate.autoconfigure.metrics.web.tomcat.TomcatMetricsAutoConfiguration#tomcatMetricsBinder matched due to @ConditionalOnBean (types: io.micrometer.core.instrument.MeterRegistry; SearchStrategy: all) found bean 'simpleMeterRegistry'; @ConditionalOnMissingBean (types: io.micrometer.core.instrument.binder.tomcat.TomcatMetrics,org.springframework.boot.actuate.metrics.web.tomcat.TomcatMetricsBinder; SearchStrategy: all) did not find any beans
2023-07-07T15:12:38.524+05:30 TRACE 10928 --- [           main] o.s.b.f.s.DefaultListableBeanFactory     : Returning cached instance of singleton bean 'autoConfigurationReport'
2023-07-07T15:12:38.525+05:30 TRACE 10928 --- [           main] a.ConfigurationClassBeanDefinitionReader : Registering bean definition for @Bean method org.springframework.boot.actuate.autoconfigure.metrics.web.tomcat.TomcatMetricsAutoConfiguration.tomcatMetricsBinder()
2023-07-07T15:12:38.525+05:30 TRACE 10928 --- [           main] o.s.b.a.condition.OnClassCondition       : Condition OnClassCondition on org.springframework.boot.actuate.autoconfigure.observation.ObservationAutoConfiguration matched due to @ConditionalOnClass found required class 'io.micrometer.observation.ObservationRegistry'
2023-07-07T15:12:38.525+05:30 TRACE 10928 --- [           main] o.s.b.f.s.DefaultListableBeanFactory     : Returning cached instance of singleton bean 'autoConfigurationReport'
2023-07-07T15:12:38.529+05:30 TRACE 10928 --- [           main] o.s.b.a.condition.OnBeanCondition        : Condition OnBeanCondition on org.springframework.boot.actuate.autoconfigure.observation.ObservationAutoConfiguration$MeterObservationHandlerConfiguration matched due to @ConditionalOnBean (types: io.micrometer.core.instrument.MeterRegistry; SearchStrategy: all) found bean 'simpleMeterRegistry'; @ConditionalOnMissingBean (types: io.micrometer.core.instrument.observation.MeterObservationHandler; SearchStrategy: all) did not find any beans
2023-07-07T15:12:38.529+05:30 TRACE 10928 --- [           main] o.s.b.f.s.DefaultListableBeanFactory     : Returning cached instance of singleton bean 'autoConfigurationReport'
2023-07-07T15:12:38.530+05:30 TRACE 10928 --- [           main] o.s.b.a.condition.OnBeanCondition        : Condition OnBeanCondition on org.springframework.boot.actuate.autoconfigure.observation.ObservationAutoConfiguration$MeterObservationHandlerConfiguration matched due to @ConditionalOnBean (types: io.micrometer.core.instrument.MeterRegistry; SearchStrategy: all) found bean 'simpleMeterRegistry'; @ConditionalOnMissingBean (types: io.micrometer.core.instrument.observation.MeterObservationHandler; SearchStrategy: all) did not find any beans
2023-07-07T15:12:38.530+05:30 TRACE 10928 --- [           main] o.s.b.f.s.DefaultListableBeanFactory     : Returning cached instance of singleton bean 'autoConfigurationReport'
2023-07-07T15:12:38.532+05:30 TRACE 10928 --- [           main] o.s.b.a.condition.OnBeanCondition        : Condition OnBeanCondition on org.springframework.boot.actuate.autoconfigure.observation.ObservationAutoConfiguration$MeterObservationHandlerConfiguration$TracingAndMetricsObservationHandlerConfiguration did not match due to @ConditionalOnBean (types: io.micrometer.tracing.Tracer; SearchStrategy: all) did not find any beans of type io.micrometer.tracing.Tracer
2023-07-07T15:12:38.532+05:30 TRACE 10928 --- [           main] o.s.b.f.s.DefaultListableBeanFactory     : Returning cached instance of singleton bean 'autoConfigurationReport'
2023-07-07T15:12:38.532+05:30 TRACE 10928 --- [           main] o.s.b.a.condition.OnBeanCondition        : Condition OnBeanCondition on org.springframework.boot.actuate.autoconfigure.observation.ObservationAutoConfiguration$MeterObservationHandlerConfiguration$OnlyMetricsMeterObservationHandlerConfiguration matched due to @ConditionalOnMissingBean (types: io.micrometer.tracing.Tracer; SearchStrategy: all) did not find any beans
2023-07-07T15:12:38.533+05:30 TRACE 10928 --- [           main] o.s.b.f.s.DefaultListableBeanFactory     : Returning cached instance of singleton bean 'autoConfigurationReport'
2023-07-07T15:12:38.533+05:30 TRACE 10928 --- [           main] a.ConfigurationClassBeanDefinitionReader : Registered bean definition for imported class 'org.springframework.boot.actuate.autoconfigure.observation.ObservationAutoConfiguration$MeterObservationHandlerConfiguration$OnlyMetricsMeterObservationHandlerConfiguration'
2023-07-07T15:12:38.533+05:30 TRACE 10928 --- [           main] a.ConfigurationClassBeanDefinitionReader : Registering bean definition for @Bean method org.springframework.boot.actuate.autoconfigure.observation.ObservationAutoConfiguration$MeterObservationHandlerConfiguration$OnlyMetricsMeterObservationHandlerConfiguration.defaultMeterObservationHandler()
2023-07-07T15:12:38.533+05:30 TRACE 10928 --- [           main] a.ConfigurationClassBeanDefinitionReader : Registered bean definition for imported class 'org.springframework.boot.actuate.autoconfigure.observation.ObservationAutoConfiguration$MeterObservationHandlerConfiguration'
2023-07-07T15:12:38.534+05:30 TRACE 10928 --- [           main] o.s.b.a.condition.OnClassCondition       : Condition OnClassCondition on org.springframework.boot.actuate.autoconfigure.observation.ObservationAutoConfiguration$OnlyMetricsConfiguration matched due to @ConditionalOnClass found required class 'io.micrometer.core.instrument.MeterRegistry'; @ConditionalOnMissingClass did not find unwanted class 'io.micrometer.tracing.Tracer'
2023-07-07T15:12:38.534+05:30 TRACE 10928 --- [           main] o.s.b.f.s.DefaultListableBeanFactory     : Returning cached instance of singleton bean 'autoConfigurationReport'
2023-07-07T15:12:38.534+05:30 TRACE 10928 --- [           main] o.s.b.a.condition.OnClassCondition       : Condition OnClassCondition on org.springframework.boot.actuate.autoconfigure.observation.ObservationAutoConfiguration$OnlyMetricsConfiguration matched due to @ConditionalOnClass found required class 'io.micrometer.core.instrument.MeterRegistry'; @ConditionalOnMissingClass did not find unwanted class 'io.micrometer.tracing.Tracer'
2023-07-07T15:12:38.534+05:30 TRACE 10928 --- [           main] o.s.b.f.s.DefaultListableBeanFactory     : Returning cached instance of singleton bean 'autoConfigurationReport'
2023-07-07T15:12:38.534+05:30 TRACE 10928 --- [           main] a.ConfigurationClassBeanDefinitionReader : Registered bean definition for imported class 'org.springframework.boot.actuate.autoconfigure.observation.ObservationAutoConfiguration$OnlyMetricsConfiguration'
2023-07-07T15:12:38.535+05:30 TRACE 10928 --- [           main] a.ConfigurationClassBeanDefinitionReader : Registering bean definition for @Bean method org.springframework.boot.actuate.autoconfigure.observation.ObservationAutoConfiguration$OnlyMetricsConfiguration.metricsObservationHandlerGrouping()
2023-07-07T15:12:38.536+05:30 TRACE 10928 --- [           main] a.ConfigurationClassBeanDefinitionReader : Registered bean definition for imported class 'org.springframework.boot.actuate.autoconfigure.observation.ObservationAutoConfiguration'
2023-07-07T15:12:38.536+05:30 TRACE 10928 --- [           main] a.ConfigurationClassBeanDefinitionReader : Registering bean definition for @Bean method org.springframework.boot.actuate.autoconfigure.observation.ObservationAutoConfiguration.observationRegistryPostProcessor()
2023-07-07T15:12:38.542+05:30 TRACE 10928 --- [           main] o.s.b.a.condition.OnBeanCondition        : Condition OnBeanCondition on org.springframework.boot.actuate.autoconfigure.observation.ObservationAutoConfiguration#observationRegistry matched due to @ConditionalOnMissingBean (types: io.micrometer.observation.ObservationRegistry; SearchStrategy: all) did not find any beans
2023-07-07T15:12:38.542+05:30 TRACE 10928 --- [           main] o.s.b.f.s.DefaultListableBeanFactory     : Returning cached instance of singleton bean 'autoConfigurationReport'
2023-07-07T15:12:38.543+05:30 TRACE 10928 --- [           main] a.ConfigurationClassBeanDefinitionReader : Registering bean definition for @Bean method org.springframework.boot.actuate.autoconfigure.observation.ObservationAutoConfiguration.observationRegistry()
2023-07-07T15:12:38.544+05:30 TRACE 10928 --- [           main] o.s.b.a.condition.OnClassCondition       : Condition OnClassCondition on org.springframework.boot.autoconfigure.http.HttpMessageConvertersAutoConfiguration matched due to @ConditionalOnClass found required class 'org.springframework.http.converter.HttpMessageConverter'
2023-07-07T15:12:38.544+05:30 TRACE 10928 --- [           main] o.s.b.f.s.DefaultListableBeanFactory     : Returning cached instance of singleton bean 'autoConfigurationReport'
2023-07-07T15:12:38.544+05:30 TRACE 10928 --- [           main] o.s.b.a.condition.OnClassCondition       : Condition OnClassCondition on org.springframework.boot.autoconfigure.http.HttpMessageConvertersAutoConfiguration$StringHttpMessageConverterConfiguration matched due to @ConditionalOnClass found required class 'org.springframework.http.converter.StringHttpMessageConverter'
2023-07-07T15:12:38.544+05:30 TRACE 10928 --- [           main] o.s.b.f.s.DefaultListableBeanFactory     : Returning cached instance of singleton bean 'autoConfigurationReport'
2023-07-07T15:12:38.544+05:30 TRACE 10928 --- [           main] a.ConfigurationClassBeanDefinitionReader : Registered bean definition for imported class 'org.springframework.boot.autoconfigure.http.HttpMessageConvertersAutoConfiguration$StringHttpMessageConverterConfiguration'
2023-07-07T15:12:38.546+05:30 TRACE 10928 --- [           main] o.s.b.a.condition.OnBeanCondition        : Condition OnBeanCondition on org.springframework.boot.autoconfigure.http.HttpMessageConvertersAutoConfiguration$StringHttpMessageConverterConfiguration#stringHttpMessageConverter matched due to @ConditionalOnMissingBean (types: org.springframework.http.converter.StringHttpMessageConverter; SearchStrategy: all) did not find any beans
2023-07-07T15:12:38.546+05:30 TRACE 10928 --- [           main] o.s.b.f.s.DefaultListableBeanFactory     : Returning cached instance of singleton bean 'autoConfigurationReport'
2023-07-07T15:12:38.546+05:30 TRACE 10928 --- [           main] a.ConfigurationClassBeanDefinitionReader : Registering bean definition for @Bean method org.springframework.boot.autoconfigure.http.HttpMessageConvertersAutoConfiguration$StringHttpMessageConverterConfiguration.stringHttpMessageConverter()
2023-07-07T15:12:38.546+05:30 TRACE 10928 --- [           main] o.s.b.a.condition.OnClassCondition       : Condition OnClassCondition on org.springframework.boot.autoconfigure.http.JacksonHttpMessageConvertersConfiguration$MappingJackson2HttpMessageConverterConfiguration matched due to @ConditionalOnClass found required class 'com.fasterxml.jackson.databind.ObjectMapper'
2023-07-07T15:12:38.546+05:30 TRACE 10928 --- [           main] o.s.b.f.s.DefaultListableBeanFactory     : Returning cached instance of singleton bean 'autoConfigurationReport'
2023-07-07T15:12:38.547+05:30 TRACE 10928 --- [           main] o.s.b.a.condition.OnPropertyCondition    : Condition OnPropertyCondition on org.springframework.boot.autoconfigure.http.JacksonHttpMessageConvertersConfiguration$MappingJackson2HttpMessageConverterConfiguration matched due to @ConditionalOnProperty (spring.mvc.converters.preferred-json-mapper=jackson) matched
2023-07-07T15:12:38.547+05:30 TRACE 10928 --- [           main] o.s.b.f.s.DefaultListableBeanFactory     : Returning cached instance of singleton bean 'autoConfigurationReport'
2023-07-07T15:12:38.548+05:30 TRACE 10928 --- [           main] o.s.b.a.condition.OnBeanCondition        : Condition OnBeanCondition on org.springframework.boot.autoconfigure.http.JacksonHttpMessageConvertersConfiguration$MappingJackson2HttpMessageConverterConfiguration matched due to @ConditionalOnBean (types: com.fasterxml.jackson.databind.ObjectMapper; SearchStrategy: all) found bean 'jacksonObjectMapper'
2023-07-07T15:12:38.548+05:30 TRACE 10928 --- [           main] o.s.b.f.s.DefaultListableBeanFactory     : Returning cached instance of singleton bean 'autoConfigurationReport'
2023-07-07T15:12:38.548+05:30 TRACE 10928 --- [           main] a.ConfigurationClassBeanDefinitionReader : Registered bean definition for imported class 'org.springframework.boot.autoconfigure.http.JacksonHttpMessageConvertersConfiguration$MappingJackson2HttpMessageConverterConfiguration'
2023-07-07T15:12:38.549+05:30 TRACE 10928 --- [           main] o.s.b.a.condition.OnBeanCondition        : Condition OnBeanCondition on org.springframework.boot.autoconfigure.http.JacksonHttpMessageConvertersConfiguration$MappingJackson2HttpMessageConverterConfiguration#mappingJackson2HttpMessageConverter matched due to @ConditionalOnMissingBean (types: org.springframework.http.converter.json.MappingJackson2HttpMessageConverter ignored: org.springframework.hateoas.server.mvc.TypeConstrainedMappingJackson2HttpMessageConverter,org.springframework.data.rest.webmvc.alps.AlpsJsonHttpMessageConverter; SearchStrategy: all) did not find any beans
2023-07-07T15:12:38.549+05:30 TRACE 10928 --- [           main] o.s.b.f.s.DefaultListableBeanFactory     : Returning cached instance of singleton bean 'autoConfigurationReport'
2023-07-07T15:12:38.549+05:30 TRACE 10928 --- [           main] a.ConfigurationClassBeanDefinitionReader : Registering bean definition for @Bean method org.springframework.boot.autoconfigure.http.JacksonHttpMessageConvertersConfiguration$MappingJackson2HttpMessageConverterConfiguration.mappingJackson2HttpMessageConverter()
2023-07-07T15:12:38.550+05:30 TRACE 10928 --- [           main] a.ConfigurationClassBeanDefinitionReader : Registered bean definition for imported class 'org.springframework.boot.autoconfigure.http.JacksonHttpMessageConvertersConfiguration'
2023-07-07T15:12:38.552+05:30 TRACE 10928 --- [           main] a.ConfigurationClassBeanDefinitionReader : Registered bean definition for imported class 'org.springframework.boot.autoconfigure.http.HttpMessageConvertersAutoConfiguration'
2023-07-07T15:12:38.554+05:30 TRACE 10928 --- [           main] o.s.b.a.condition.OnBeanCondition        : Condition OnBeanCondition on org.springframework.boot.autoconfigure.http.HttpMessageConvertersAutoConfiguration#messageConverters matched due to @ConditionalOnMissingBean (types: org.springframework.boot.autoconfigure.http.HttpMessageConverters; SearchStrategy: all) did not find any beans
2023-07-07T15:12:38.554+05:30 TRACE 10928 --- [           main] o.s.b.f.s.DefaultListableBeanFactory     : Returning cached instance of singleton bean 'autoConfigurationReport'
2023-07-07T15:12:38.554+05:30 TRACE 10928 --- [           main] a.ConfigurationClassBeanDefinitionReader : Registering bean definition for @Bean method org.springframework.boot.autoconfigure.http.HttpMessageConvertersAutoConfiguration.messageConverters()
2023-07-07T15:12:38.554+05:30 TRACE 10928 --- [           main] o.s.b.a.condition.OnClassCondition       : Condition OnClassCondition on org.springframework.boot.autoconfigure.web.client.RestTemplateAutoConfiguration matched due to @ConditionalOnClass found required class 'org.springframework.web.client.RestTemplate'
2023-07-07T15:12:38.554+05:30 TRACE 10928 --- [           main] o.s.b.f.s.DefaultListableBeanFactory     : Returning cached instance of singleton bean 'autoConfigurationReport'
2023-07-07T15:12:38.554+05:30 TRACE 10928 --- [           main] a.ConfigurationClassBeanDefinitionReader : Registered bean definition for imported class 'org.springframework.boot.autoconfigure.web.client.RestTemplateAutoConfiguration'
2023-07-07T15:12:38.556+05:30 TRACE 10928 --- [           main] o.s.b.a.condition.OnBeanCondition        : Condition OnBeanCondition on org.springframework.boot.autoconfigure.web.client.RestTemplateAutoConfiguration#restTemplateBuilderConfigurer matched due to @ConditionalOnMissingBean (types: org.springframework.boot.autoconfigure.web.client.RestTemplateBuilderConfigurer; SearchStrategy: all) did not find any beans
2023-07-07T15:12:38.556+05:30 TRACE 10928 --- [           main] o.s.b.f.s.DefaultListableBeanFactory     : Returning cached instance of singleton bean 'autoConfigurationReport'
2023-07-07T15:12:38.556+05:30 TRACE 10928 --- [           main] a.ConfigurationClassBeanDefinitionReader : Registering bean definition for @Bean method org.springframework.boot.autoconfigure.web.client.RestTemplateAutoConfiguration.restTemplateBuilderConfigurer()
2023-07-07T15:12:38.556+05:30 TRACE 10928 --- [           main] o.s.b.a.condition.OnBeanCondition        : Condition OnBeanCondition on org.springframework.boot.autoconfigure.web.client.RestTemplateAutoConfiguration#restTemplateBuilder matched due to @ConditionalOnMissingBean (types: org.springframework.boot.web.client.RestTemplateBuilder; SearchStrategy: all) did not find any beans
2023-07-07T15:12:38.556+05:30 TRACE 10928 --- [           main] o.s.b.f.s.DefaultListableBeanFactory     : Returning cached instance of singleton bean 'autoConfigurationReport'
2023-07-07T15:12:38.556+05:30 TRACE 10928 --- [           main] a.ConfigurationClassBeanDefinitionReader : Registering bean definition for @Bean method org.springframework.boot.autoconfigure.web.client.RestTemplateAutoConfiguration.restTemplateBuilder()
2023-07-07T15:12:38.557+05:30 TRACE 10928 --- [           main] o.s.b.a.condition.OnClassCondition       : Condition OnClassCondition on org.springframework.boot.actuate.autoconfigure.observation.web.client.HttpClientObservationsAutoConfiguration matched due to @ConditionalOnClass found required class 'io.micrometer.observation.Observation'
2023-07-07T15:12:38.557+05:30 TRACE 10928 --- [           main] o.s.b.f.s.DefaultListableBeanFactory     : Returning cached instance of singleton bean 'autoConfigurationReport'
2023-07-07T15:12:38.557+05:30 TRACE 10928 --- [           main] o.s.b.a.condition.OnBeanCondition        : Condition OnBeanCondition on org.springframework.boot.actuate.autoconfigure.observation.web.client.HttpClientObservationsAutoConfiguration matched due to @ConditionalOnBean (types: io.micrometer.observation.ObservationRegistry; SearchStrategy: all) found bean 'observationRegistry'
2023-07-07T15:12:38.557+05:30 TRACE 10928 --- [           main] o.s.b.f.s.DefaultListableBeanFactory     : Returning cached instance of singleton bean 'autoConfigurationReport'
2023-07-07T15:12:38.557+05:30 TRACE 10928 --- [           main] o.s.b.a.condition.OnClassCondition       : Condition OnClassCondition on org.springframework.boot.actuate.autoconfigure.observation.web.client.HttpClientObservationsAutoConfiguration$MeterFilterConfiguration matched due to @ConditionalOnClass found required class 'io.micrometer.core.instrument.MeterRegistry'
2023-07-07T15:12:38.557+05:30 TRACE 10928 --- [           main] o.s.b.f.s.DefaultListableBeanFactory     : Returning cached instance of singleton bean 'autoConfigurationReport'
2023-07-07T15:12:38.557+05:30 TRACE 10928 --- [           main] o.s.b.a.condition.OnBeanCondition        : Condition OnBeanCondition on org.springframework.boot.actuate.autoconfigure.observation.web.client.HttpClientObservationsAutoConfiguration$MeterFilterConfiguration matched due to @ConditionalOnBean (types: io.micrometer.core.instrument.MeterRegistry; SearchStrategy: all) found bean 'simpleMeterRegistry'
2023-07-07T15:12:38.557+05:30 TRACE 10928 --- [           main] o.s.b.f.s.DefaultListableBeanFactory     : Returning cached instance of singleton bean 'autoConfigurationReport'
2023-07-07T15:12:38.558+05:30 TRACE 10928 --- [           main] a.ConfigurationClassBeanDefinitionReader : Registered bean definition for imported class 'org.springframework.boot.actuate.autoconfigure.observation.web.client.HttpClientObservationsAutoConfiguration$MeterFilterConfiguration'
2023-07-07T15:12:38.558+05:30 TRACE 10928 --- [           main] a.ConfigurationClassBeanDefinitionReader : Registering bean definition for @Bean method org.springframework.boot.actuate.autoconfigure.observation.web.client.HttpClientObservationsAutoConfiguration$MeterFilterConfiguration.metricsHttpClientUriTagFilter()
2023-07-07T15:12:38.558+05:30 TRACE 10928 --- [           main] o.s.b.a.condition.OnClassCondition       : Condition OnClassCondition on org.springframework.boot.actuate.autoconfigure.observation.web.client.RestTemplateObservationConfiguration matched due to @ConditionalOnClass found required class 'org.springframework.web.client.RestTemplate'
2023-07-07T15:12:38.558+05:30 TRACE 10928 --- [           main] o.s.b.f.s.DefaultListableBeanFactory     : Returning cached instance of singleton bean 'autoConfigurationReport'
2023-07-07T15:12:38.559+05:30 TRACE 10928 --- [           main] o.s.b.a.condition.OnBeanCondition        : Condition OnBeanCondition on org.springframework.boot.actuate.autoconfigure.observation.web.client.RestTemplateObservationConfiguration matched due to @ConditionalOnBean (types: org.springframework.boot.web.client.RestTemplateBuilder; SearchStrategy: all) found bean 'restTemplateBuilder'
2023-07-07T15:12:38.559+05:30 TRACE 10928 --- [           main] o.s.b.f.s.DefaultListableBeanFactory     : Returning cached instance of singleton bean 'autoConfigurationReport'
2023-07-07T15:12:38.559+05:30 TRACE 10928 --- [           main] a.ConfigurationClassBeanDefinitionReader : Registered bean definition for imported class 'org.springframework.boot.actuate.autoconfigure.observation.web.client.RestTemplateObservationConfiguration'
2023-07-07T15:12:38.559+05:30 TRACE 10928 --- [           main] a.ConfigurationClassBeanDefinitionReader : Registering bean definition for @Bean method org.springframework.boot.actuate.autoconfigure.observation.web.client.RestTemplateObservationConfiguration.observationRestTemplateCustomizer()
2023-07-07T15:12:38.561+05:30 TRACE 10928 --- [           main] a.ConfigurationClassBeanDefinitionReader : Registered bean definition for imported class 'org.springframework.boot.actuate.autoconfigure.observation.web.client.HttpClientObservationsAutoConfiguration'
2023-07-07T15:12:38.562+05:30 TRACE 10928 --- [           main] o.s.b.a.condition.OnClassCondition       : Condition OnClassCondition on org.springframework.boot.actuate.autoconfigure.observation.web.servlet.WebMvcObservationAutoConfiguration matched due to @ConditionalOnClass found required classes 'org.springframework.web.servlet.DispatcherServlet', 'io.micrometer.observation.Observation'
2023-07-07T15:12:38.562+05:30 TRACE 10928 --- [           main] o.s.b.f.s.DefaultListableBeanFactory     : Returning cached instance of singleton bean 'autoConfigurationReport'
2023-07-07T15:12:38.562+05:30 TRACE 10928 --- [           main] o.s.b.a.c.OnWebApplicationCondition      : Condition OnWebApplicationCondition on org.springframework.boot.actuate.autoconfigure.observation.web.servlet.WebMvcObservationAutoConfiguration matched due to found 'session' scope
2023-07-07T15:12:38.562+05:30 TRACE 10928 --- [           main] o.s.b.f.s.DefaultListableBeanFactory     : Returning cached instance of singleton bean 'autoConfigurationReport'
2023-07-07T15:12:38.565+05:30 TRACE 10928 --- [           main] o.s.b.a.condition.OnBeanCondition        : Condition OnBeanCondition on org.springframework.boot.actuate.autoconfigure.observation.web.servlet.WebMvcObservationAutoConfiguration matched due to @ConditionalOnBean (types: io.micrometer.observation.ObservationRegistry; SearchStrategy: all) found bean 'observationRegistry'
2023-07-07T15:12:38.565+05:30 TRACE 10928 --- [           main] o.s.b.f.s.DefaultListableBeanFactory     : Returning cached instance of singleton bean 'autoConfigurationReport'
2023-07-07T15:12:38.565+05:30 TRACE 10928 --- [           main] o.s.b.a.condition.OnClassCondition       : Condition OnClassCondition on org.springframework.boot.actuate.autoconfigure.observation.web.servlet.WebMvcObservationAutoConfiguration$MeterFilterConfiguration matched due to @ConditionalOnClass found required class 'io.micrometer.core.instrument.MeterRegistry'
2023-07-07T15:12:38.566+05:30 TRACE 10928 --- [           main] o.s.b.f.s.DefaultListableBeanFactory     : Returning cached instance of singleton bean 'autoConfigurationReport'
2023-07-07T15:12:38.566+05:30 TRACE 10928 --- [           main] o.s.b.a.condition.OnBeanCondition        : Condition OnBeanCondition on org.springframework.boot.actuate.autoconfigure.observation.web.servlet.WebMvcObservationAutoConfiguration$MeterFilterConfiguration matched due to @ConditionalOnBean (types: io.micrometer.core.instrument.MeterRegistry; SearchStrategy: all) found bean 'simpleMeterRegistry'
2023-07-07T15:12:38.566+05:30 TRACE 10928 --- [           main] o.s.b.f.s.DefaultListableBeanFactory     : Returning cached instance of singleton bean 'autoConfigurationReport'
2023-07-07T15:12:38.566+05:30 TRACE 10928 --- [           main] a.ConfigurationClassBeanDefinitionReader : Registered bean definition for imported class 'org.springframework.boot.actuate.autoconfigure.observation.web.servlet.WebMvcObservationAutoConfiguration$MeterFilterConfiguration'
2023-07-07T15:12:38.566+05:30 TRACE 10928 --- [           main] a.ConfigurationClassBeanDefinitionReader : Registering bean definition for @Bean method org.springframework.boot.actuate.autoconfigure.observation.web.servlet.WebMvcObservationAutoConfiguration$MeterFilterConfiguration.metricsHttpServerUriTagFilter()
2023-07-07T15:12:38.567+05:30 TRACE 10928 --- [           main] a.ConfigurationClassBeanDefinitionReader : Registered bean definition for imported class 'org.springframework.boot.actuate.autoconfigure.observation.web.servlet.WebMvcObservationAutoConfiguration'
2023-07-07T15:12:38.572+05:30 TRACE 10928 --- [           main] o.s.b.a.condition.OnBeanCondition        : Condition OnBeanCondition on org.springframework.boot.actuate.autoconfigure.observation.web.servlet.WebMvcObservationAutoConfiguration#webMvcObservationFilter matched due to @ConditionalOnMissingBean (types: org.springframework.web.filter.ServerHttpObservationFilter; SearchStrategy: all) did not find any beans
2023-07-07T15:12:38.572+05:30 TRACE 10928 --- [           main] o.s.b.f.s.DefaultListableBeanFactory     : Returning cached instance of singleton bean 'autoConfigurationReport'
2023-07-07T15:12:38.572+05:30 TRACE 10928 --- [           main] a.ConfigurationClassBeanDefinitionReader : Registering bean definition for @Bean method org.springframework.boot.actuate.autoconfigure.observation.web.servlet.WebMvcObservationAutoConfiguration.webMvcObservationFilter()
2023-07-07T15:12:38.572+05:30 TRACE 10928 --- [           main] o.s.b.a.c.OnWebApplicationCondition      : Condition OnWebApplicationCondition on org.springframework.boot.actuate.autoconfigure.security.servlet.ManagementWebSecurityAutoConfiguration matched due to found 'session' scope
2023-07-07T15:12:38.572+05:30 TRACE 10928 --- [           main] o.s.b.f.s.DefaultListableBeanFactory     : Returning cached instance of singleton bean 'autoConfigurationReport'
2023-07-07T15:12:38.575+05:30 TRACE 10928 --- [           main] o.s.b.a.s.DefaultWebSecurityCondition    : Condition DefaultWebSecurityCondition on org.springframework.boot.actuate.autoconfigure.security.servlet.ManagementWebSecurityAutoConfiguration did not match due to AllNestedConditions 1 matched 1 did not; NestedCondition on DefaultWebSecurityCondition.Beans @ConditionalOnMissingBean (types: org.springframework.security.web.SecurityFilterChain; SearchStrategy: all) did not find any beans; NestedCondition on DefaultWebSecurityCondition.Classes @ConditionalOnClass did not find required classes 'org.springframework.security.web.SecurityFilterChain', 'org.springframework.security.config.annotation.web.builders.HttpSecurity'
2023-07-07T15:12:38.575+05:30 TRACE 10928 --- [           main] o.s.b.f.s.DefaultListableBeanFactory     : Returning cached instance of singleton bean 'autoConfigurationReport'
2023-07-07T15:12:38.575+05:30 TRACE 10928 --- [           main] o.s.b.a.c.OnWebApplicationCondition      : Condition OnWebApplicationCondition on org.springframework.boot.actuate.autoconfigure.web.exchanges.HttpExchangesAutoConfiguration matched due to @ConditionalOnWebApplication (required) found 'session' scope
2023-07-07T15:12:38.575+05:30 TRACE 10928 --- [           main] o.s.b.f.s.DefaultListableBeanFactory     : Returning cached instance of singleton bean 'autoConfigurationReport'
2023-07-07T15:12:38.575+05:30 TRACE 10928 --- [           main] o.s.b.a.condition.OnPropertyCondition    : Condition OnPropertyCondition on org.springframework.boot.actuate.autoconfigure.web.exchanges.HttpExchangesAutoConfiguration matched due to @ConditionalOnProperty (management.httpexchanges.recording.enabled) matched
2023-07-07T15:12:38.575+05:30 TRACE 10928 --- [           main] o.s.b.f.s.DefaultListableBeanFactory     : Returning cached instance of singleton bean 'autoConfigurationReport'
2023-07-07T15:12:38.576+05:30 TRACE 10928 --- [           main] o.s.b.a.condition.OnBeanCondition        : Condition OnBeanCondition on org.springframework.boot.actuate.autoconfigure.web.exchanges.HttpExchangesAutoConfiguration did not match due to @ConditionalOnBean (types: org.springframework.boot.actuate.web.exchanges.HttpExchangeRepository; SearchStrategy: all) did not find any beans of type org.springframework.boot.actuate.web.exchanges.HttpExchangeRepository
2023-07-07T15:12:38.576+05:30 TRACE 10928 --- [           main] o.s.b.f.s.DefaultListableBeanFactory     : Returning cached instance of singleton bean 'autoConfigurationReport'
2023-07-07T15:12:38.576+05:30 TRACE 10928 --- [           main] o.s.b.a.condition.OnPropertyCondition    : Condition OnPropertyCondition on org.springframework.boot.autoconfigure.aop.AopAutoConfiguration matched due to @ConditionalOnProperty (spring.aop.auto=true) matched
2023-07-07T15:12:38.576+05:30 TRACE 10928 --- [           main] o.s.b.f.s.DefaultListableBeanFactory     : Returning cached instance of singleton bean 'autoConfigurationReport'
2023-07-07T15:12:38.576+05:30 TRACE 10928 --- [           main] o.s.b.a.condition.OnClassCondition       : Condition OnClassCondition on org.springframework.boot.autoconfigure.aop.AopAutoConfiguration$ClassProxyingConfiguration matched due to @ConditionalOnMissingClass did not find unwanted class 'org.aspectj.weaver.Advice'
2023-07-07T15:12:38.576+05:30 TRACE 10928 --- [           main] o.s.b.f.s.DefaultListableBeanFactory     : Returning cached instance of singleton bean 'autoConfigurationReport'
2023-07-07T15:12:38.576+05:30 TRACE 10928 --- [           main] o.s.b.a.condition.OnPropertyCondition    : Condition OnPropertyCondition on org.springframework.boot.autoconfigure.aop.AopAutoConfiguration$ClassProxyingConfiguration matched due to @ConditionalOnProperty (spring.aop.proxy-target-class=true) matched
2023-07-07T15:12:38.576+05:30 TRACE 10928 --- [           main] o.s.b.f.s.DefaultListableBeanFactory     : Returning cached instance of singleton bean 'autoConfigurationReport'
2023-07-07T15:12:38.576+05:30 TRACE 10928 --- [           main] a.ConfigurationClassBeanDefinitionReader : Registered bean definition for imported class 'org.springframework.boot.autoconfigure.aop.AopAutoConfiguration$ClassProxyingConfiguration'
2023-07-07T15:12:38.577+05:30 TRACE 10928 --- [           main] a.ConfigurationClassBeanDefinitionReader : Registering bean definition for @Bean method org.springframework.boot.autoconfigure.aop.AopAutoConfiguration$ClassProxyingConfiguration.forceAutoProxyCreatorToUseClassProxying()
2023-07-07T15:12:38.577+05:30 TRACE 10928 --- [           main] a.ConfigurationClassBeanDefinitionReader : Registered bean definition for imported class 'org.springframework.boot.autoconfigure.aop.AopAutoConfiguration'
2023-07-07T15:12:38.577+05:30 TRACE 10928 --- [           main] a.ConfigurationClassBeanDefinitionReader : Registered bean definition for imported class 'org.springframework.boot.autoconfigure.context.ConfigurationPropertiesAutoConfiguration'
2023-07-07T15:12:38.577+05:30 TRACE 10928 --- [           main] a.ConfigurationClassBeanDefinitionReader : Registered bean definition for imported class 'org.springframework.boot.autoconfigure.context.LifecycleAutoConfiguration'
2023-07-07T15:12:38.577+05:30 TRACE 10928 --- [           main] o.s.b.a.condition.OnBeanCondition        : Condition OnBeanCondition on org.springframework.boot.autoconfigure.context.LifecycleAutoConfiguration#defaultLifecycleProcessor matched due to @ConditionalOnMissingBean (names: lifecycleProcessor; SearchStrategy: current) did not find any beans
2023-07-07T15:12:38.577+05:30 TRACE 10928 --- [           main] o.s.b.f.s.DefaultListableBeanFactory     : Returning cached instance of singleton bean 'autoConfigurationReport'
2023-07-07T15:12:38.577+05:30 TRACE 10928 --- [           main] a.ConfigurationClassBeanDefinitionReader : Registering bean definition for @Bean method org.springframework.boot.autoconfigure.context.LifecycleAutoConfiguration.lifecycleProcessor()
2023-07-07T15:12:38.579+05:30 TRACE 10928 --- [           main] o.s.b.a.condition.OnPropertyCondition    : Condition OnPropertyCondition on org.springframework.boot.autoconfigure.sql.init.SqlInitializationAutoConfiguration matched due to @ConditionalOnProperty (spring.sql.init.enabled) matched
2023-07-07T15:12:38.579+05:30 TRACE 10928 --- [           main] o.s.b.f.s.DefaultListableBeanFactory     : Returning cached instance of singleton bean 'autoConfigurationReport'
2023-07-07T15:12:38.580+05:30 TRACE 10928 --- [           main] a.ConfigurationClassBeanDefinitionReader : Registered bean definition for imported class 'org.springframework.boot.autoconfigure.sql.init.SqlInitializationAutoConfiguration'
2023-07-07T15:12:38.582+05:30 TRACE 10928 --- [           main] o.s.b.a.condition.OnClassCondition       : Condition OnClassCondition on org.springframework.boot.autoconfigure.web.servlet.HttpEncodingAutoConfiguration matched due to @ConditionalOnClass found required class 'org.springframework.web.filter.CharacterEncodingFilter'
2023-07-07T15:12:38.582+05:30 TRACE 10928 --- [           main] o.s.b.f.s.DefaultListableBeanFactory     : Returning cached instance of singleton bean 'autoConfigurationReport'
2023-07-07T15:12:38.582+05:30 TRACE 10928 --- [           main] o.s.b.a.c.OnWebApplicationCondition      : Condition OnWebApplicationCondition on org.springframework.boot.autoconfigure.web.servlet.HttpEncodingAutoConfiguration matched due to found 'session' scope
2023-07-07T15:12:38.582+05:30 TRACE 10928 --- [           main] o.s.b.f.s.DefaultListableBeanFactory     : Returning cached instance of singleton bean 'autoConfigurationReport'
2023-07-07T15:12:38.582+05:30 TRACE 10928 --- [           main] o.s.b.a.condition.OnPropertyCondition    : Condition OnPropertyCondition on org.springframework.boot.autoconfigure.web.servlet.HttpEncodingAutoConfiguration matched due to @ConditionalOnProperty (server.servlet.encoding.enabled) matched
2023-07-07T15:12:38.582+05:30 TRACE 10928 --- [           main] o.s.b.f.s.DefaultListableBeanFactory     : Returning cached instance of singleton bean 'autoConfigurationReport'
2023-07-07T15:12:38.582+05:30 TRACE 10928 --- [           main] a.ConfigurationClassBeanDefinitionReader : Registered bean definition for imported class 'org.springframework.boot.autoconfigure.web.servlet.HttpEncodingAutoConfiguration'
2023-07-07T15:12:38.585+05:30 TRACE 10928 --- [           main] o.s.b.a.condition.OnBeanCondition        : Condition OnBeanCondition on org.springframework.boot.autoconfigure.web.servlet.HttpEncodingAutoConfiguration#characterEncodingFilter matched due to @ConditionalOnMissingBean (types: org.springframework.web.filter.CharacterEncodingFilter; SearchStrategy: all) did not find any beans
2023-07-07T15:12:38.585+05:30 TRACE 10928 --- [           main] o.s.b.f.s.DefaultListableBeanFactory     : Returning cached instance of singleton bean 'autoConfigurationReport'
2023-07-07T15:12:38.585+05:30 TRACE 10928 --- [           main] a.ConfigurationClassBeanDefinitionReader : Registering bean definition for @Bean method org.springframework.boot.autoconfigure.web.servlet.HttpEncodingAutoConfiguration.characterEncodingFilter()
2023-07-07T15:12:38.585+05:30 TRACE 10928 --- [           main] a.ConfigurationClassBeanDefinitionReader : Registering bean definition for @Bean method org.springframework.boot.autoconfigure.web.servlet.HttpEncodingAutoConfiguration.localeCharsetMappingsCustomizer()
2023-07-07T15:12:38.586+05:30 TRACE 10928 --- [           main] o.s.b.a.condition.OnClassCondition       : Condition OnClassCondition on org.springframework.boot.autoconfigure.web.servlet.MultipartAutoConfiguration matched due to @ConditionalOnClass found required classes 'jakarta.servlet.Servlet', 'org.springframework.web.multipart.support.StandardServletMultipartResolver', 'jakarta.servlet.MultipartConfigElement'
2023-07-07T15:12:38.586+05:30 TRACE 10928 --- [           main] o.s.b.f.s.DefaultListableBeanFactory     : Returning cached instance of singleton bean 'autoConfigurationReport'
2023-07-07T15:12:38.586+05:30 TRACE 10928 --- [           main] o.s.b.a.c.OnWebApplicationCondition      : Condition OnWebApplicationCondition on org.springframework.boot.autoconfigure.web.servlet.MultipartAutoConfiguration matched due to found 'session' scope
2023-07-07T15:12:38.586+05:30 TRACE 10928 --- [           main] o.s.b.f.s.DefaultListableBeanFactory     : Returning cached instance of singleton bean 'autoConfigurationReport'
2023-07-07T15:12:38.586+05:30 TRACE 10928 --- [           main] o.s.b.a.condition.OnPropertyCondition    : Condition OnPropertyCondition on org.springframework.boot.autoconfigure.web.servlet.MultipartAutoConfiguration matched due to @ConditionalOnProperty (spring.servlet.multipart.enabled) matched
2023-07-07T15:12:38.586+05:30 TRACE 10928 --- [           main] o.s.b.f.s.DefaultListableBeanFactory     : Returning cached instance of singleton bean 'autoConfigurationReport'
2023-07-07T15:12:38.587+05:30 TRACE 10928 --- [           main] a.ConfigurationClassBeanDefinitionReader : Registered bean definition for imported class 'org.springframework.boot.autoconfigure.web.servlet.MultipartAutoConfiguration'
2023-07-07T15:12:38.590+05:30 TRACE 10928 --- [           main] o.s.b.a.condition.OnBeanCondition        : Condition OnBeanCondition on org.springframework.boot.autoconfigure.web.servlet.MultipartAutoConfiguration#multipartConfigElement matched due to @ConditionalOnMissingBean (types: jakarta.servlet.MultipartConfigElement; SearchStrategy: all) did not find any beans
2023-07-07T15:12:38.590+05:30 TRACE 10928 --- [           main] o.s.b.f.s.DefaultListableBeanFactory     : Returning cached instance of singleton bean 'autoConfigurationReport'
2023-07-07T15:12:38.590+05:30 TRACE 10928 --- [           main] a.ConfigurationClassBeanDefinitionReader : Registering bean definition for @Bean method org.springframework.boot.autoconfigure.web.servlet.MultipartAutoConfiguration.multipartConfigElement()
2023-07-07T15:12:38.591+05:30 TRACE 10928 --- [           main] o.s.b.a.condition.OnBeanCondition        : Condition OnBeanCondition on org.springframework.boot.autoconfigure.web.servlet.MultipartAutoConfiguration#multipartResolver matched due to @ConditionalOnMissingBean (types: org.springframework.web.multipart.MultipartResolver; SearchStrategy: all) did not find any beans
2023-07-07T15:12:38.591+05:30 TRACE 10928 --- [           main] o.s.b.f.s.DefaultListableBeanFactory     : Returning cached instance of singleton bean 'autoConfigurationReport'
2023-07-07T15:12:38.591+05:30 TRACE 10928 --- [           main] a.ConfigurationClassBeanDefinitionReader : Registering bean definition for @Bean method org.springframework.boot.autoconfigure.web.servlet.MultipartAutoConfiguration.multipartResolver()
2023-07-07T15:12:38.592+05:30 TRACE 10928 --- [           main] o.s.b.a.a.w.s.OnManagementPortCondition  : Condition OnManagementPortCondition on org.springframework.boot.actuate.autoconfigure.web.server.ManagementContextAutoConfiguration$SameManagementContextConfiguration matched due to Management Port actual port type (SAME) matched required type
2023-07-07T15:12:38.592+05:30 TRACE 10928 --- [           main] o.s.b.f.s.DefaultListableBeanFactory     : Returning cached instance of singleton bean 'autoConfigurationReport'
2023-07-07T15:12:38.592+05:30 TRACE 10928 --- [           main] o.s.b.a.c.OnWebApplicationCondition      : Condition OnWebApplicationCondition on org.springframework.boot.actuate.autoconfigure.endpoint.web.ServletEndpointManagementContextConfiguration matched due to found 'session' scope
2023-07-07T15:12:38.592+05:30 TRACE 10928 --- [           main] o.s.b.f.s.DefaultListableBeanFactory     : Returning cached instance of singleton bean 'autoConfigurationReport'
2023-07-07T15:12:38.592+05:30 TRACE 10928 --- [           main] o.s.b.a.condition.OnClassCondition       : Condition OnClassCondition on org.springframework.boot.actuate.autoconfigure.endpoint.web.ServletEndpointManagementContextConfiguration$WebMvcServletEndpointManagementContextConfiguration matched due to @ConditionalOnClass found required class 'org.springframework.web.servlet.DispatcherServlet'
2023-07-07T15:12:38.592+05:30 TRACE 10928 --- [           main] o.s.b.f.s.DefaultListableBeanFactory     : Returning cached instance of singleton bean 'autoConfigurationReport'
2023-07-07T15:12:38.592+05:30 TRACE 10928 --- [           main] a.ConfigurationClassBeanDefinitionReader : Registered bean definition for imported class 'org.springframework.boot.actuate.autoconfigure.endpoint.web.ServletEndpointManagementContextConfiguration$WebMvcServletEndpointManagementContextConfiguration'
2023-07-07T15:12:38.592+05:30 TRACE 10928 --- [           main] a.ConfigurationClassBeanDefinitionReader : Registering bean definition for @Bean method org.springframework.boot.actuate.autoconfigure.endpoint.web.ServletEndpointManagementContextConfiguration$WebMvcServletEndpointManagementContextConfiguration.servletEndpointRegistrar()
2023-07-07T15:12:38.592+05:30 TRACE 10928 --- [           main] a.ConfigurationClassBeanDefinitionReader : Registered bean definition for imported class 'org.springframework.boot.actuate.autoconfigure.endpoint.web.ServletEndpointManagementContextConfiguration'
2023-07-07T15:12:38.593+05:30 TRACE 10928 --- [           main] a.ConfigurationClassBeanDefinitionReader : Registering bean definition for @Bean method org.springframework.boot.actuate.autoconfigure.endpoint.web.ServletEndpointManagementContextConfiguration.servletExposeExcludePropertyEndpointFilter()
2023-07-07T15:12:38.593+05:30 TRACE 10928 --- [           main] o.s.b.a.condition.OnClassCondition       : Condition OnClassCondition on org.springframework.boot.actuate.autoconfigure.endpoint.web.servlet.WebMvcEndpointManagementContextConfiguration matched due to @ConditionalOnClass found required class 'org.springframework.web.servlet.DispatcherServlet'
2023-07-07T15:12:38.593+05:30 TRACE 10928 --- [           main] o.s.b.f.s.DefaultListableBeanFactory     : Returning cached instance of singleton bean 'autoConfigurationReport'
2023-07-07T15:12:38.593+05:30 TRACE 10928 --- [           main] o.s.b.a.c.OnWebApplicationCondition      : Condition OnWebApplicationCondition on org.springframework.boot.actuate.autoconfigure.endpoint.web.servlet.WebMvcEndpointManagementContextConfiguration matched due to found 'session' scope
2023-07-07T15:12:38.593+05:30 TRACE 10928 --- [           main] o.s.b.f.s.DefaultListableBeanFactory     : Returning cached instance of singleton bean 'autoConfigurationReport'
2023-07-07T15:12:38.596+05:30 TRACE 10928 --- [           main] o.s.b.a.condition.OnBeanCondition        : Condition OnBeanCondition on org.springframework.boot.actuate.autoconfigure.endpoint.web.servlet.WebMvcEndpointManagementContextConfiguration matched due to @ConditionalOnBean (types: org.springframework.web.servlet.DispatcherServlet,org.springframework.boot.actuate.endpoint.web.WebEndpointsSupplier; SearchStrategy: all) found beans 'webEndpointDiscoverer', 'dispatcherServlet'
2023-07-07T15:12:38.596+05:30 TRACE 10928 --- [           main] o.s.b.f.s.DefaultListableBeanFactory     : Returning cached instance of singleton bean 'autoConfigurationReport'
2023-07-07T15:12:38.597+05:30 TRACE 10928 --- [           main] a.ConfigurationClassBeanDefinitionReader : Registered bean definition for imported class 'org.springframework.boot.actuate.autoconfigure.endpoint.web.servlet.WebMvcEndpointManagementContextConfiguration'
2023-07-07T15:12:38.598+05:30 TRACE 10928 --- [           main] o.s.b.a.condition.OnBeanCondition        : Condition OnBeanCondition on org.springframework.boot.actuate.autoconfigure.endpoint.web.servlet.WebMvcEndpointManagementContextConfiguration#webEndpointServletHandlerMapping matched due to @ConditionalOnMissingBean (types: org.springframework.boot.actuate.endpoint.web.servlet.WebMvcEndpointHandlerMapping; SearchStrategy: all) did not find any beans
2023-07-07T15:12:38.598+05:30 TRACE 10928 --- [           main] o.s.b.f.s.DefaultListableBeanFactory     : Returning cached instance of singleton bean 'autoConfigurationReport'
2023-07-07T15:12:38.599+05:30 TRACE 10928 --- [           main] a.ConfigurationClassBeanDefinitionReader : Registering bean definition for @Bean method org.springframework.boot.actuate.autoconfigure.endpoint.web.servlet.WebMvcEndpointManagementContextConfiguration.webEndpointServletHandlerMapping()
2023-07-07T15:12:38.599+05:30 TRACE 10928 --- [           main] o.s.b.a.a.w.s.OnManagementPortCondition  : Condition OnManagementPortCondition on org.springframework.boot.actuate.autoconfigure.endpoint.web.servlet.WebMvcEndpointManagementContextConfiguration#managementHealthEndpointWebMvcHandlerMapping did not match due to Management Port actual port type (SAME) did not match required type (DIFFERENT)
2023-07-07T15:12:38.599+05:30 TRACE 10928 --- [           main] o.s.b.f.s.DefaultListableBeanFactory     : Returning cached instance of singleton bean 'autoConfigurationReport'
2023-07-07T15:12:38.602+05:30 TRACE 10928 --- [           main] o.s.b.a.condition.OnBeanCondition        : Condition OnBeanCondition on org.springframework.boot.actuate.autoconfigure.endpoint.web.servlet.WebMvcEndpointManagementContextConfiguration#controllerEndpointHandlerMapping matched due to @ConditionalOnMissingBean (types: org.springframework.boot.actuate.endpoint.web.servlet.ControllerEndpointHandlerMapping; SearchStrategy: all) did not find any beans
2023-07-07T15:12:38.602+05:30 TRACE 10928 --- [           main] o.s.b.f.s.DefaultListableBeanFactory     : Returning cached instance of singleton bean 'autoConfigurationReport'
2023-07-07T15:12:38.602+05:30 TRACE 10928 --- [           main] a.ConfigurationClassBeanDefinitionReader : Registering bean definition for @Bean method org.springframework.boot.actuate.autoconfigure.endpoint.web.servlet.WebMvcEndpointManagementContextConfiguration.controllerEndpointHandlerMapping()
2023-07-07T15:12:38.603+05:30 TRACE 10928 --- [           main] o.s.b.a.condition.OnBeanCondition        : Condition OnBeanCondition on org.springframework.boot.actuate.autoconfigure.endpoint.web.servlet.WebMvcEndpointManagementContextConfiguration#endpointObjectMapperWebMvcConfigurer matched due to @ConditionalOnBean (types: org.springframework.boot.actuate.endpoint.jackson.EndpointObjectMapper; SearchStrategy: all) found bean 'endpointObjectMapper'
2023-07-07T15:12:38.603+05:30 TRACE 10928 --- [           main] o.s.b.f.s.DefaultListableBeanFactory     : Returning cached instance of singleton bean 'autoConfigurationReport'
2023-07-07T15:12:38.603+05:30 TRACE 10928 --- [           main] a.ConfigurationClassBeanDefinitionReader : Registering bean definition for @Bean method org.springframework.boot.actuate.autoconfigure.endpoint.web.servlet.WebMvcEndpointManagementContextConfiguration.endpointObjectMapperWebMvcConfigurer()
2023-07-07T15:12:38.604+05:30 TRACE 10928 --- [           main] a.ConfigurationClassBeanDefinitionReader : Registered bean definition for imported class 'org.springframework.boot.actuate.autoconfigure.web.server.ManagementContextAutoConfiguration$SameManagementContextConfiguration$EnableSameManagementContextConfiguration'
2023-07-07T15:12:38.604+05:30 TRACE 10928 --- [           main] a.ConfigurationClassBeanDefinitionReader : Registered bean definition for imported class 'org.springframework.boot.actuate.autoconfigure.web.server.ManagementContextAutoConfiguration$SameManagementContextConfiguration'
2023-07-07T15:12:38.604+05:30 TRACE 10928 --- [           main] a.ConfigurationClassBeanDefinitionReader : Registered bean definition for imported class 'org.springframework.boot.actuate.autoconfigure.web.server.ManagementContextAutoConfiguration'
2023-07-07T15:12:38.706+05:30 TRACE 10928 --- [           main] o.s.c.a.ConfigurationClassEnhancer       : Successfully enhanced com.udemy.learnspringboot.LearnSpringBootApplication; enhanced class name is: com.udemy.learnspringboot.LearnSpringBootApplication$$SpringCGLIB$$0
2023-07-07T15:12:38.706+05:30 TRACE 10928 --- [           main] o.s.c.a.ConfigurationClassPostProcessor  : Replacing bean definition 'learnSpringBootApplication' existing class 'com.udemy.learnspringboot.LearnSpringBootApplication' with enhanced class 'com.udemy.learnspringboot.LearnSpringBootApplication$$SpringCGLIB$$0'
2023-07-07T15:12:38.707+05:30 DEBUG 10928 --- [           main] o.s.b.f.s.DefaultListableBeanFactory     : Creating shared instance of singleton bean 'propertySourcesPlaceholderConfigurer'
2023-07-07T15:12:38.707+05:30 TRACE 10928 --- [           main] o.s.b.f.s.DefaultListableBeanFactory     : Creating instance of bean 'propertySourcesPlaceholderConfigurer'
2023-07-07T15:12:38.712+05:30 TRACE 10928 --- [           main] o.s.b.f.s.DefaultListableBeanFactory     : Finished creating instance of bean 'propertySourcesPlaceholderConfigurer'
2023-07-07T15:12:38.715+05:30 DEBUG 10928 --- [           main] o.s.b.f.s.DefaultListableBeanFactory     : Creating shared instance of singleton bean 'org.springframework.boot.test.mock.mockito.MockitoPostProcessor'
2023-07-07T15:12:38.715+05:30 TRACE 10928 --- [           main] o.s.b.f.s.DefaultListableBeanFactory     : Creating instance of bean 'org.springframework.boot.test.mock.mockito.MockitoPostProcessor'
2023-07-07T15:12:38.721+05:30 TRACE 10928 --- [           main] o.s.b.f.s.DefaultListableBeanFactory     : Finished creating instance of bean 'org.springframework.boot.test.mock.mockito.MockitoPostProcessor'
2023-07-07T15:12:38.721+05:30 DEBUG 10928 --- [           main] o.s.b.f.s.DefaultListableBeanFactory     : Creating shared instance of singleton bean 'org.springframework.boot.sql.init.dependency.DatabaseInitializationDependencyConfigurer$DependsOnDatabaseInitializationPostProcessor'
2023-07-07T15:12:38.721+05:30 TRACE 10928 --- [           main] o.s.b.f.s.DefaultListableBeanFactory     : Creating instance of bean 'org.springframework.boot.sql.init.dependency.DatabaseInitializationDependencyConfigurer$DependsOnDatabaseInitializationPostProcessor'
2023-07-07T15:12:38.722+05:30 TRACE 10928 --- [           main] o.s.b.f.s.DefaultListableBeanFactory     : Finished creating instance of bean 'org.springframework.boot.sql.init.dependency.DatabaseInitializationDependencyConfigurer$DependsOnDatabaseInitializationPostProcessor'
2023-07-07T15:12:38.722+05:30 TRACE 10928 --- [           main] o.s.c.io.support.SpringFactoriesLoader   : Loaded [org.springframework.boot.sql.init.dependency.DatabaseInitializerDetector] names: [org.springframework.boot.flyway.FlywayDatabaseInitializerDetector, org.springframework.boot.jdbc.init.DataSourceScriptDatabaseInitializerDetector, org.springframework.boot.liquibase.LiquibaseDatabaseInitializerDetector, org.springframework.boot.orm.jpa.JpaDatabaseInitializerDetector, org.springframework.boot.r2dbc.init.R2dbcScriptDatabaseInitializerDetector, org.springframework.boot.autoconfigure.flyway.FlywayMigrationInitializerDatabaseInitializerDetector]
2023-07-07T15:12:38.752+05:30 DEBUG 10928 --- [           main] o.s.b.f.s.DefaultListableBeanFactory     : Creating shared instance of singleton bean 'org.springframework.context.event.internalEventListenerProcessor'
2023-07-07T15:12:38.752+05:30 TRACE 10928 --- [           main] o.s.b.f.s.DefaultListableBeanFactory     : Creating instance of bean 'org.springframework.context.event.internalEventListenerProcessor'
2023-07-07T15:12:38.753+05:30 TRACE 10928 --- [           main] o.s.b.f.s.DefaultListableBeanFactory     : Finished creating instance of bean 'org.springframework.context.event.internalEventListenerProcessor'
2023-07-07T15:12:38.753+05:30 DEBUG 10928 --- [           main] o.s.b.f.s.DefaultListableBeanFactory     : Creating shared instance of singleton bean 'preserveErrorControllerTargetClassPostProcessor'
2023-07-07T15:12:38.753+05:30 TRACE 10928 --- [           main] o.s.b.f.s.DefaultListableBeanFactory     : Creating instance of bean 'preserveErrorControllerTargetClassPostProcessor'
2023-07-07T15:12:38.753+05:30 TRACE 10928 --- [           main] o.s.b.f.s.DefaultListableBeanFactory     : Finished creating instance of bean 'preserveErrorControllerTargetClassPostProcessor'
2023-07-07T15:12:38.753+05:30 DEBUG 10928 --- [           main] o.s.b.f.s.DefaultListableBeanFactory     : Creating shared instance of singleton bean 'forceAutoProxyCreatorToUseClassProxying'
2023-07-07T15:12:38.753+05:30 TRACE 10928 --- [           main] o.s.b.f.s.DefaultListableBeanFactory     : Creating instance of bean 'forceAutoProxyCreatorToUseClassProxying'
2023-07-07T15:12:38.754+05:30 TRACE 10928 --- [           main] o.s.b.f.s.DefaultListableBeanFactory     : Finished creating instance of bean 'forceAutoProxyCreatorToUseClassProxying'
2023-07-07T15:12:38.755+05:30 DEBUG 10928 --- [           main] o.s.b.f.s.DefaultListableBeanFactory     : Creating shared instance of singleton bean 'org.springframework.context.event.internalEventListenerFactory'
2023-07-07T15:12:38.755+05:30 TRACE 10928 --- [           main] o.s.b.f.s.DefaultListableBeanFactory     : Creating instance of bean 'org.springframework.context.event.internalEventListenerFactory'
2023-07-07T15:12:38.756+05:30 TRACE 10928 --- [           main] o.s.b.f.s.DefaultListableBeanFactory     : Finished creating instance of bean 'org.springframework.context.event.internalEventListenerFactory'
2023-07-07T15:12:38.768+05:30 DEBUG 10928 --- [           main] o.s.b.f.s.DefaultListableBeanFactory     : Creating shared instance of singleton bean 'org.springframework.boot.test.mock.mockito.MockitoPostProcessor$SpyPostProcessor'
2023-07-07T15:12:38.768+05:30 TRACE 10928 --- [           main] o.s.b.f.s.DefaultListableBeanFactory     : Creating instance of bean 'org.springframework.boot.test.mock.mockito.MockitoPostProcessor$SpyPostProcessor'
2023-07-07T15:12:38.769+05:30 TRACE 10928 --- [           main] o.s.b.f.s.DefaultListableBeanFactory     : Returning cached instance of singleton bean 'org.springframework.boot.test.mock.mockito.MockitoPostProcessor'
2023-07-07T15:12:38.771+05:30 TRACE 10928 --- [           main] o.s.b.f.s.DefaultListableBeanFactory     : Finished creating instance of bean 'org.springframework.boot.test.mock.mockito.MockitoPostProcessor$SpyPostProcessor'
2023-07-07T15:12:38.771+05:30 DEBUG 10928 --- [           main] o.s.b.f.s.DefaultListableBeanFactory     : Creating shared instance of singleton bean 'org.springframework.context.annotation.internalAutowiredAnnotationProcessor'
2023-07-07T15:12:38.771+05:30 TRACE 10928 --- [           main] o.s.b.f.s.DefaultListableBeanFactory     : Creating instance of bean 'org.springframework.context.annotation.internalAutowiredAnnotationProcessor'
2023-07-07T15:12:38.773+05:30 TRACE 10928 --- [           main] o.s.b.f.s.DefaultListableBeanFactory     : Finished creating instance of bean 'org.springframework.context.annotation.internalAutowiredAnnotationProcessor'
2023-07-07T15:12:38.773+05:30 DEBUG 10928 --- [           main] o.s.b.f.s.DefaultListableBeanFactory     : Creating shared instance of singleton bean 'org.springframework.context.annotation.internalCommonAnnotationProcessor'
2023-07-07T15:12:38.773+05:30 TRACE 10928 --- [           main] o.s.b.f.s.DefaultListableBeanFactory     : Creating instance of bean 'org.springframework.context.annotation.internalCommonAnnotationProcessor'
2023-07-07T15:12:38.778+05:30 TRACE 10928 --- [           main] o.s.b.f.s.DefaultListableBeanFactory     : Finished creating instance of bean 'org.springframework.context.annotation.internalCommonAnnotationProcessor'
2023-07-07T15:12:38.779+05:30 DEBUG 10928 --- [           main] o.s.b.f.s.DefaultListableBeanFactory     : Creating shared instance of singleton bean 'org.springframework.boot.context.properties.ConfigurationPropertiesBindingPostProcessor'
2023-07-07T15:12:38.779+05:30 TRACE 10928 --- [           main] o.s.b.f.s.DefaultListableBeanFactory     : Creating instance of bean 'org.springframework.boot.context.properties.ConfigurationPropertiesBindingPostProcessor'
2023-07-07T15:12:38.779+05:30 TRACE 10928 --- [           main] o.s.b.f.s.DefaultListableBeanFactory     : Invoking afterPropertiesSet() on bean with name 'org.springframework.boot.context.properties.ConfigurationPropertiesBindingPostProcessor'
2023-07-07T15:12:38.779+05:30 DEBUG 10928 --- [           main] o.s.b.f.s.DefaultListableBeanFactory     : Creating shared instance of singleton bean 'org.springframework.boot.context.internalConfigurationPropertiesBinder'
2023-07-07T15:12:38.779+05:30 TRACE 10928 --- [           main] o.s.b.f.s.DefaultListableBeanFactory     : Creating instance of bean 'org.springframework.boot.context.internalConfigurationPropertiesBinder'
2023-07-07T15:12:38.781+05:30 TRACE 10928 --- [           main] o.s.b.f.s.DefaultListableBeanFactory     : Returning cached instance of singleton bean 'propertySourcesPlaceholderConfigurer'
2023-07-07T15:12:38.782+05:30 TRACE 10928 --- [           main] o.s.b.f.s.DefaultListableBeanFactory     : Finished creating instance of bean 'org.springframework.boot.context.internalConfigurationPropertiesBinder'
2023-07-07T15:12:38.782+05:30 TRACE 10928 --- [           main] o.s.b.f.s.DefaultListableBeanFactory     : Finished creating instance of bean 'org.springframework.boot.context.properties.ConfigurationPropertiesBindingPostProcessor'
2023-07-07T15:12:38.782+05:30 TRACE 10928 --- [           main] o.s.b.f.s.DefaultListableBeanFactory     : Returning cached instance of singleton bean 'org.springframework.boot.test.mock.mockito.MockitoPostProcessor'
2023-07-07T15:12:38.782+05:30 DEBUG 10928 --- [           main] o.s.b.f.s.DefaultListableBeanFactory     : Creating shared instance of singleton bean 'org.springframework.aop.config.internalAutoProxyCreator'
2023-07-07T15:12:38.782+05:30 TRACE 10928 --- [           main] o.s.b.f.s.DefaultListableBeanFactory     : Creating instance of bean 'org.springframework.aop.config.internalAutoProxyCreator'
2023-07-07T15:12:38.792+05:30 TRACE 10928 --- [           main] o.s.beans.CachedIntrospectionResults     : Getting BeanInfo for class [org.springframework.aop.framework.autoproxy.InfrastructureAdvisorAutoProxyCreator]
2023-07-07T15:12:38.792+05:30 TRACE 10928 --- [           main] o.s.beans.CachedIntrospectionResults     : Caching PropertyDescriptors for class [org.springframework.aop.framework.autoproxy.InfrastructureAdvisorAutoProxyCreator]
2023-07-07T15:12:38.792+05:30 TRACE 10928 --- [           main] o.s.beans.CachedIntrospectionResults     : Found bean property 'advisorAdapterRegistry' of type [org.springframework.aop.framework.adapter.AdvisorAdapterRegistry]
2023-07-07T15:12:38.792+05:30 TRACE 10928 --- [           main] o.s.beans.CachedIntrospectionResults     : Found bean property 'applyCommonInterceptorsFirst' of type [boolean]
2023-07-07T15:12:38.792+05:30 TRACE 10928 --- [           main] o.s.beans.CachedIntrospectionResults     : Found bean property 'beanClassLoader' of type [java.lang.ClassLoader]
2023-07-07T15:12:38.792+05:30 TRACE 10928 --- [           main] o.s.beans.CachedIntrospectionResults     : Found bean property 'beanFactory' of type [org.springframework.beans.factory.BeanFactory]
2023-07-07T15:12:38.792+05:30 TRACE 10928 --- [           main] o.s.beans.CachedIntrospectionResults     : Found bean property 'class' of type [java.lang.Class]
2023-07-07T15:12:38.792+05:30 TRACE 10928 --- [           main] o.s.beans.CachedIntrospectionResults     : Found bean property 'customTargetSourceCreators' of type [[Lorg.springframework.aop.framework.autoproxy.TargetSourceCreator;]
2023-07-07T15:12:38.792+05:30 TRACE 10928 --- [           main] o.s.beans.CachedIntrospectionResults     : Found bean property 'exposeProxy' of type [boolean]
2023-07-07T15:12:38.792+05:30 TRACE 10928 --- [           main] o.s.beans.CachedIntrospectionResults     : Found bean property 'frozen' of type [boolean]
2023-07-07T15:12:38.792+05:30 TRACE 10928 --- [           main] o.s.beans.CachedIntrospectionResults     : Found bean property 'interceptorNames' of type [[Ljava.lang.String;]
2023-07-07T15:12:38.792+05:30 TRACE 10928 --- [           main] o.s.beans.CachedIntrospectionResults     : Found bean property 'opaque' of type [boolean]
2023-07-07T15:12:38.792+05:30 TRACE 10928 --- [           main] o.s.beans.CachedIntrospectionResults     : Found bean property 'optimize' of type [boolean]
2023-07-07T15:12:38.792+05:30 TRACE 10928 --- [           main] o.s.beans.CachedIntrospectionResults     : Found bean property 'order' of type [int]
2023-07-07T15:12:38.792+05:30 TRACE 10928 --- [           main] o.s.beans.CachedIntrospectionResults     : Found bean property 'proxyClassLoader' of type [java.lang.ClassLoader]
2023-07-07T15:12:38.792+05:30 TRACE 10928 --- [           main] o.s.beans.CachedIntrospectionResults     : Found bean property 'proxyTargetClass' of type [boolean]
2023-07-07T15:12:38.797+05:30 TRACE 10928 --- [           main] o.s.b.f.s.DefaultListableBeanFactory     : Finished creating instance of bean 'org.springframework.aop.config.internalAutoProxyCreator'
2023-07-07T15:12:38.797+05:30 DEBUG 10928 --- [           main] o.s.b.f.s.DefaultListableBeanFactory     : Creating shared instance of singleton bean 'webServerFactoryCustomizerBeanPostProcessor'
2023-07-07T15:12:38.798+05:30 TRACE 10928 --- [           main] o.s.b.f.s.DefaultListableBeanFactory     : Creating instance of bean 'webServerFactoryCustomizerBeanPostProcessor'
2023-07-07T15:12:38.798+05:30 TRACE 10928 --- [           main] o.s.b.f.s.DefaultListableBeanFactory     : Finished creating instance of bean 'webServerFactoryCustomizerBeanPostProcessor'
2023-07-07T15:12:38.798+05:30 DEBUG 10928 --- [           main] o.s.b.f.s.DefaultListableBeanFactory     : Creating shared instance of singleton bean 'errorPageRegistrarBeanPostProcessor'
2023-07-07T15:12:38.798+05:30 TRACE 10928 --- [           main] o.s.b.f.s.DefaultListableBeanFactory     : Creating instance of bean 'errorPageRegistrarBeanPostProcessor'
2023-07-07T15:12:38.799+05:30 TRACE 10928 --- [           main] o.s.b.f.s.DefaultListableBeanFactory     : Finished creating instance of bean 'errorPageRegistrarBeanPostProcessor'
2023-07-07T15:12:38.799+05:30 DEBUG 10928 --- [           main] o.s.b.f.s.DefaultListableBeanFactory     : Creating shared instance of singleton bean 'healthEndpointGroupsBeanPostProcessor'
2023-07-07T15:12:38.799+05:30 TRACE 10928 --- [           main] o.s.b.f.s.DefaultListableBeanFactory     : Creating instance of bean 'healthEndpointGroupsBeanPostProcessor'
2023-07-07T15:12:38.802+05:30 TRACE 10928 --- [           main] o.s.b.f.s.DefaultListableBeanFactory     : Finished creating instance of bean 'healthEndpointGroupsBeanPostProcessor'
2023-07-07T15:12:38.802+05:30 DEBUG 10928 --- [           main] o.s.b.f.s.DefaultListableBeanFactory     : Creating shared instance of singleton bean 'meterRegistryPostProcessor'
2023-07-07T15:12:38.802+05:30 TRACE 10928 --- [           main] o.s.b.f.s.DefaultListableBeanFactory     : Creating instance of bean 'meterRegistryPostProcessor'
2023-07-07T15:12:38.805+05:30 DEBUG 10928 --- [           main] o.s.b.f.s.DefaultListableBeanFactory     : Autowiring by type from bean name 'meterRegistryPostProcessor' via factory method to bean named 'org.springframework.web.context.support.GenericWebApplicationContext@50305a'
2023-07-07T15:12:38.807+05:30 TRACE 10928 --- [           main] o.s.b.f.s.DefaultListableBeanFactory     : Finished creating instance of bean 'meterRegistryPostProcessor'
2023-07-07T15:12:38.807+05:30 DEBUG 10928 --- [           main] o.s.b.f.s.DefaultListableBeanFactory     : Creating shared instance of singleton bean 'observationRegistryPostProcessor'
2023-07-07T15:12:38.807+05:30 TRACE 10928 --- [           main] o.s.b.f.s.DefaultListableBeanFactory     : Creating instance of bean 'observationRegistryPostProcessor'
2023-07-07T15:12:38.809+05:30 TRACE 10928 --- [           main] o.s.b.f.s.DefaultListableBeanFactory     : Finished creating instance of bean 'observationRegistryPostProcessor'
2023-07-07T15:12:38.809+05:30 TRACE 10928 --- [           main] o.s.b.f.s.DefaultListableBeanFactory     : Returning cached instance of singleton bean 'org.springframework.boot.test.autoconfigure.properties.PropertyMappingContextCustomizer$PropertyMappingCheckBeanPostProcessor'
2023-07-07T15:12:38.811+05:30 TRACE 10928 --- [           main] o.s.w.c.s.GenericWebApplicationContext   : No 'messageSource' bean, using [Empty MessageSource]
2023-07-07T15:12:38.811+05:30 TRACE 10928 --- [           main] o.s.w.c.s.GenericWebApplicationContext   : No 'applicationEventMulticaster' bean, using [SimpleApplicationEventMulticaster]
2023-07-07T15:12:38.813+05:30 DEBUG 10928 --- [           main] o.s.u.c.s.UiApplicationContextUtils      : Unable to locate ThemeSource with name 'themeSource': using default [org.springframework.ui.context.support.ResourceBundleThemeSource@6e7c351d]
2023-07-07T15:12:38.814+05:30 TRACE 10928 --- [           main] o.s.b.f.s.DefaultListableBeanFactory     : Pre-instantiating singletons in org.springframework.beans.factory.support.DefaultListableBeanFactory@76304b46: defining beans [org.springframework.boot.test.mock.mockito.MockitoPostProcessor$SpyPostProcessor,org.springframework.boot.test.mock.mockito.MockitoPostProcessor,org.springframework.context.annotation.internalConfigurationAnnotationProcessor,org.springframework.context.annotation.internalAutowiredAnnotationProcessor,org.springframework.context.annotation.internalCommonAnnotationProcessor,org.springframework.context.event.internalEventListenerProcessor,org.springframework.context.event.internalEventListenerFactory,learnSpringBootApplication,org.springframework.boot.autoconfigure.internalCachingMetadataReaderFactory,courseController,currencyConfigurationController,currencyServiceConfiguration,org.springframework.boot.autoconfigure.AutoConfigurationPackages,org.springframework.boot.autoconfigure.context.PropertyPlaceholderAutoConfiguration,propertySourcesPlaceholderConfigurer,org.springframework.boot.autoconfigure.ssl.SslAutoConfiguration,sslPropertiesSslBundleRegistrar,sslBundleRegistry,org.springframework.boot.context.properties.ConfigurationPropertiesBindingPostProcessor,org.springframework.boot.context.internalConfigurationPropertiesBinder,org.springframework.boot.context.properties.BoundConfigurationProperties,org.springframework.boot.context.properties.EnableConfigurationPropertiesRegistrar.methodValidationExcludeFilter,spring.ssl-org.springframework.boot.autoconfigure.ssl.SslProperties,org.springframework.boot.autoconfigure.websocket.servlet.WebSocketServletAutoConfiguration$TomcatWebSocketConfiguration,websocketServletWebServerCustomizer,org.springframework.boot.autoconfigure.websocket.servlet.WebSocketServletAutoConfiguration,org.springframework.boot.autoconfigure.web.servlet.ServletWebServerFactoryConfiguration$EmbeddedTomcat,tomcatServletWebServerFactory,org.springframework.boot.autoconfigure.web.servlet.ServletWebServerFactoryAutoConfiguration,servletWebServerFactoryCustomizer,tomcatServletWebServerFactoryCustomizer,server-org.springframework.boot.autoconfigure.web.ServerProperties,webServerFactoryCustomizerBeanPostProcessor,errorPageRegistrarBeanPostProcessor,org.springframework.boot.autoconfigure.web.servlet.DispatcherServletAutoConfiguration$DispatcherServletConfiguration,dispatcherServlet,spring.mvc-org.springframework.boot.autoconfigure.web.servlet.WebMvcProperties,org.springframework.boot.autoconfigure.web.servlet.DispatcherServletAutoConfiguration$DispatcherServletRegistrationConfiguration,dispatcherServletRegistration,org.springframework.boot.autoconfigure.web.servlet.DispatcherServletAutoConfiguration,org.springframework.boot.autoconfigure.task.TaskExecutionAutoConfiguration,taskExecutorBuilder,applicationTaskExecutor,spring.task.execution-org.springframework.boot.autoconfigure.task.TaskExecutionProperties,org.springframework.boot.autoconfigure.web.servlet.error.ErrorMvcAutoConfiguration$WhitelabelErrorViewConfiguration,error,beanNameViewResolver,org.springframework.boot.autoconfigure.web.servlet.error.ErrorMvcAutoConfiguration$DefaultErrorViewResolverConfiguration,conventionErrorViewResolver,spring.web-org.springframework.boot.autoconfigure.web.WebProperties,org.springframework.boot.autoconfigure.web.servlet.error.ErrorMvcAutoConfiguration,errorAttributes,basicErrorController,errorPageCustomizer,preserveErrorControllerTargetClassPostProcessor,org.springframework.boot.autoconfigure.web.servlet.WebMvcAutoConfiguration$EnableWebMvcConfiguration,requestMappingHandlerAdapter,welcomePageHandlerMapping,welcomePageNotAcceptableHandlerMapping,localeResolver,themeResolver,flashMapManager,mvcConversionService,mvcValidator,mvcContentNegotiationManager,requestMappingHandlerMapping,mvcPatternParser,mvcUrlPathHelper,mvcPathMatcher,viewControllerHandlerMapping,beanNameHandlerMapping,routerFunctionMapping,resourceHandlerMapping,mvcResourceUrlProvider,defaultServletHandlerMapping,handlerFunctionAdapter,mvcUriComponentsContributor,httpRequestHandlerAdapter,simpleControllerHandlerAdapter,handlerExceptionResolver,mvcViewResolver,mvcHandlerMappingIntrospector,viewNameTranslator,org.springframework.boot.autoconfigure.web.servlet.WebMvcAutoConfiguration$WebMvcAutoConfigurationAdapter,defaultViewResolver,viewResolver,requestContextFilter,org.springframework.boot.autoconfigure.web.servlet.WebMvcAutoConfiguration,formContentFilter,org.springframework.boot.autoconfigure.availability.ApplicationAvailabilityAutoConfiguration,applicationAvailability,org.springframework.boot.actuate.autoconfigure.availability.AvailabilityHealthContributorAutoConfiguration,org.springframework.boot.autoconfigure.jackson.JacksonAutoConfiguration$Jackson2ObjectMapperBuilderCustomizerConfiguration,standardJacksonObjectMapperBuilderCustomizer,spring.jackson-org.springframework.boot.autoconfigure.jackson.JacksonProperties,org.springframework.boot.autoconfigure.jackson.JacksonAutoConfiguration$JacksonObjectMapperBuilderConfiguration,jacksonObjectMapperBuilder,org.springframework.boot.autoconfigure.jackson.JacksonAutoConfiguration$ParameterNamesModuleConfiguration,parameterNamesModule,org.springframework.boot.autoconfigure.jackson.JacksonAutoConfiguration$JacksonObjectMapperConfiguration,jacksonObjectMapper,org.springframework.boot.autoconfigure.jackson.JacksonAutoConfiguration$JacksonMixinConfiguration,jsonMixinModuleEntries,jsonMixinModule,org.springframework.boot.autoconfigure.jackson.JacksonAutoConfiguration,jsonComponentModule,org.springframework.boot.actuate.autoconfigure.web.servlet.ServletManagementContextAutoConfiguration,servletWebChildContextFactory,managementServletContext,org.springframework.boot.actuate.autoconfigure.health.HealthEndpointConfiguration,healthStatusAggregator,healthHttpCodeStatusMapper,healthEndpointGroups,healthContributorRegistry,healthEndpointGroupMembershipValidator,healthEndpoint,healthEndpointGroupsBeanPostProcessor,org.springframework.boot.actuate.autoconfigure.health.HealthEndpointWebExtensionConfiguration$MvcAdditionalHealthEndpointPathsConfiguration,healthEndpointWebMvcHandlerMapping,org.springframework.boot.actuate.autoconfigure.health.HealthEndpointWebExtensionConfiguration,healthEndpointWebExtension,org.springframework.boot.actuate.autoconfigure.health.HealthEndpointAutoConfiguration,management.endpoint.health-org.springframework.boot.actuate.autoconfigure.health.HealthEndpointProperties,org.springframework.boot.autoconfigure.info.ProjectInfoAutoConfiguration,spring.info-org.springframework.boot.autoconfigure.info.ProjectInfoProperties,org.springframework.boot.actuate.autoconfigure.info.InfoContributorAutoConfiguration,management.info-org.springframework.boot.actuate.autoconfigure.info.InfoContributorProperties,org.springframework.boot.actuate.autoconfigure.endpoint.EndpointAutoConfiguration,endpointOperationParameterMapper,endpointCachingOperationInvokerAdvisor,org.springframework.boot.actuate.autoconfigure.endpoint.jackson.JacksonEndpointAutoConfiguration,endpointObjectMapper,org.springframework.boot.actuate.autoconfigure.endpoint.web.WebEndpointAutoConfiguration$WebEndpointServletConfiguration,servletEndpointDiscoverer,org.springframework.boot.actuate.autoconfigure.endpoint.web.WebEndpointAutoConfiguration,webEndpointPathMapper,endpointMediaTypes,webEndpointDiscoverer,controllerEndpointDiscoverer,pathMappedEndpoints,webExposeExcludePropertyEndpointFilter,controllerExposeExcludePropertyEndpointFilter,management.endpoints.web-org.springframework.boot.actuate.autoconfigure.endpoint.web.WebEndpointProperties,org.springframework.boot.actuate.autoconfigure.system.DiskSpaceHealthContributorAutoConfiguration,diskSpaceHealthIndicator,management.health.diskspace-org.springframework.boot.actuate.autoconfigure.system.DiskSpaceHealthIndicatorProperties,org.springframework.boot.actuate.autoconfigure.health.HealthContributorAutoConfiguration,pingHealthContributor,org.springframework.boot.actuate.autoconfigure.metrics.MetricsAutoConfiguration,micrometerClock,meterRegistryPostProcessor,propertiesMeterFilter,management.metrics-org.springframework.boot.actuate.autoconfigure.metrics.MetricsProperties,org.springframework.boot.actuate.autoconfigure.metrics.export.simple.SimpleMetricsExportAutoConfiguration,simpleMeterRegistry,simpleConfig,management.simple.metrics.export-org.springframework.boot.actuate.autoconfigure.metrics.export.simple.SimpleProperties,org.springframework.boot.actuate.autoconfigure.metrics.CompositeMeterRegistryAutoConfiguration,org.springframework.boot.actuate.autoconfigure.metrics.JvmMetricsAutoConfiguration,jvmGcMetrics,jvmHeapPressureMetrics,jvmMemoryMetrics,jvmThreadMetrics,classLoaderMetrics,jvmInfoMetrics,jvmCompilationMetrics,org.springframework.boot.actuate.autoconfigure.metrics.LogbackMetricsAutoConfiguration,logbackMetrics,org.springframework.boot.actuate.autoconfigure.metrics.SystemMetricsAutoConfiguration,uptimeMetrics,processorMetrics,fileDescriptorMetrics,diskSpaceMetrics,org.springframework.boot.actuate.autoconfigure.metrics.integration.IntegrationMetricsAutoConfiguration,org.springframework.boot.actuate.autoconfigure.metrics.startup.StartupTimeMetricsListenerAutoConfiguration,startupTimeMetrics,org.springframework.boot.autoconfigure.task.TaskSchedulingAutoConfiguration,taskSchedulerBuilder,spring.task.scheduling-org.springframework.boot.autoconfigure.task.TaskSchedulingProperties,org.springframework.boot.actuate.autoconfigure.metrics.task.TaskExecutorMetricsAutoConfiguration,org.springframework.boot.actuate.autoconfigure.metrics.web.tomcat.TomcatMetricsAutoConfiguration,tomcatMetricsBinder,org.springframework.boot.actuate.autoconfigure.observation.ObservationAutoConfiguration$MeterObservationHandlerConfiguration$OnlyMetricsMeterObservationHandlerConfiguration,defaultMeterObservationHandler,org.springframework.boot.actuate.autoconfigure.observation.ObservationAutoConfiguration$MeterObservationHandlerConfiguration,org.springframework.boot.actuate.autoconfigure.observation.ObservationAutoConfiguration$OnlyMetricsConfiguration,metricsObservationHandlerGrouping,org.springframework.boot.actuate.autoconfigure.observation.ObservationAutoConfiguration,observationRegistryPostProcessor,observationRegistry,management.observations-org.springframework.boot.actuate.autoconfigure.observation.ObservationProperties,org.springframework.boot.autoconfigure.http.HttpMessageConvertersAutoConfiguration$StringHttpMessageConverterConfiguration,stringHttpMessageConverter,org.springframework.boot.autoconfigure.http.JacksonHttpMessageConvertersConfiguration$MappingJackson2HttpMessageConverterConfiguration,mappingJackson2HttpMessageConverter,org.springframework.boot.autoconfigure.http.JacksonHttpMessageConvertersConfiguration,org.springframework.boot.autoconfigure.http.HttpMessageConvertersAutoConfiguration,messageConverters,org.springframework.boot.autoconfigure.web.client.RestTemplateAutoConfiguration,restTemplateBuilderConfigurer,restTemplateBuilder,org.springframework.boot.actuate.autoconfigure.observation.web.client.HttpClientObservationsAutoConfiguration$MeterFilterConfiguration,metricsHttpClientUriTagFilter,org.springframework.boot.actuate.autoconfigure.observation.web.client.RestTemplateObservationConfiguration,observationRestTemplateCustomizer,org.springframework.boot.actuate.autoconfigure.observation.web.client.HttpClientObservationsAutoConfiguration,org.springframework.boot.actuate.autoconfigure.observation.web.servlet.WebMvcObservationAutoConfiguration$MeterFilterConfiguration,metricsHttpServerUriTagFilter,org.springframework.boot.actuate.autoconfigure.observation.web.servlet.WebMvcObservationAutoConfiguration,webMvcObservationFilter,org.springframework.boot.autoconfigure.aop.AopAutoConfiguration$ClassProxyingConfiguration,forceAutoProxyCreatorToUseClassProxying,org.springframework.boot.autoconfigure.aop.AopAutoConfiguration,org.springframework.boot.autoconfigure.context.ConfigurationPropertiesAutoConfiguration,org.springframework.boot.autoconfigure.context.LifecycleAutoConfiguration,lifecycleProcessor,spring.lifecycle-org.springframework.boot.autoconfigure.context.LifecycleProperties,org.springframework.boot.autoconfigure.sql.init.SqlInitializationAutoConfiguration,spring.sql.init-org.springframework.boot.autoconfigure.sql.init.SqlInitializationProperties,org.springframework.boot.sql.init.dependency.DatabaseInitializationDependencyConfigurer$DependsOnDatabaseInitializationPostProcessor,org.springframework.boot.autoconfigure.web.servlet.HttpEncodingAutoConfiguration,characterEncodingFilter,localeCharsetMappingsCustomizer,org.springframework.boot.autoconfigure.web.servlet.MultipartAutoConfiguration,multipartConfigElement,multipartResolver,spring.servlet.multipart-org.springframework.boot.autoconfigure.web.servlet.MultipartProperties,org.springframework.boot.actuate.autoconfigure.endpoint.web.ServletEndpointManagementContextConfiguration$WebMvcServletEndpointManagementContextConfiguration,servletEndpointRegistrar,org.springframework.boot.actuate.autoconfigure.endpoint.web.ServletEndpointManagementContextConfiguration,servletExposeExcludePropertyEndpointFilter,org.springframework.boot.actuate.autoconfigure.endpoint.web.servlet.WebMvcEndpointManagementContextConfiguration,webEndpointServletHandlerMapping,controllerEndpointHandlerMapping,endpointObjectMapperWebMvcConfigurer,management.endpoints.web.cors-org.springframework.boot.actuate.autoconfigure.endpoint.web.CorsEndpointProperties,org.springframework.boot.actuate.autoconfigure.web.server.ManagementContextAutoConfiguration$SameManagementContextConfiguration$EnableSameManagementContextConfiguration,org.springframework.boot.actuate.autoconfigure.web.server.ManagementContextAutoConfiguration$SameManagementContextConfiguration,org.springframework.boot.actuate.autoconfigure.web.server.ManagementContextAutoConfiguration,management.server-org.springframework.boot.actuate.autoconfigure.web.server.ManagementServerProperties,org.springframework.aop.config.internalAutoProxyCreator]; root of factory hierarchy
2023-07-07T15:12:38.814+05:30 TRACE 10928 --- [           main] o.s.b.f.s.DefaultListableBeanFactory     : Returning cached instance of singleton bean 'org.springframework.boot.test.mock.mockito.MockitoPostProcessor$SpyPostProcessor'
2023-07-07T15:12:38.814+05:30 TRACE 10928 --- [           main] o.s.b.f.s.DefaultListableBeanFactory     : Returning cached instance of singleton bean 'org.springframework.boot.test.mock.mockito.MockitoPostProcessor'
2023-07-07T15:12:38.814+05:30 TRACE 10928 --- [           main] o.s.b.f.s.DefaultListableBeanFactory     : Returning cached instance of singleton bean 'org.springframework.context.annotation.internalConfigurationAnnotationProcessor'
2023-07-07T15:12:38.814+05:30 TRACE 10928 --- [           main] o.s.b.f.s.DefaultListableBeanFactory     : Returning cached instance of singleton bean 'org.springframework.context.annotation.internalAutowiredAnnotationProcessor'
2023-07-07T15:12:38.814+05:30 TRACE 10928 --- [           main] o.s.b.f.s.DefaultListableBeanFactory     : Returning cached instance of singleton bean 'org.springframework.context.annotation.internalCommonAnnotationProcessor'
2023-07-07T15:12:38.814+05:30 TRACE 10928 --- [           main] o.s.b.f.s.DefaultListableBeanFactory     : Returning cached instance of singleton bean 'org.springframework.context.event.internalEventListenerProcessor'
2023-07-07T15:12:38.814+05:30 TRACE 10928 --- [           main] o.s.b.f.s.DefaultListableBeanFactory     : Returning cached instance of singleton bean 'org.springframework.context.event.internalEventListenerFactory'
2023-07-07T15:12:38.814+05:30 DEBUG 10928 --- [           main] o.s.b.f.s.DefaultListableBeanFactory     : Creating shared instance of singleton bean 'learnSpringBootApplication'
2023-07-07T15:12:38.814+05:30 TRACE 10928 --- [           main] o.s.b.f.s.DefaultListableBeanFactory     : Creating instance of bean 'learnSpringBootApplication'
2023-07-07T15:12:38.816+05:30 TRACE 10928 --- [           main] o.s.b.f.s.DefaultListableBeanFactory     : Finished creating instance of bean 'learnSpringBootApplication'
2023-07-07T15:12:38.816+05:30 TRACE 10928 --- [           main] o.s.b.f.s.DefaultListableBeanFactory     : Returning cached instance of singleton bean 'org.springframework.boot.autoconfigure.internalCachingMetadataReaderFactory'
2023-07-07T15:12:38.817+05:30 DEBUG 10928 --- [           main] o.s.b.f.s.DefaultListableBeanFactory     : Creating shared instance of singleton bean 'courseController'
2023-07-07T15:12:38.817+05:30 TRACE 10928 --- [           main] o.s.b.f.s.DefaultListableBeanFactory     : Creating instance of bean 'courseController'
2023-07-07T15:12:38.819+05:30 TRACE 10928 --- [           main] o.s.b.f.s.DefaultListableBeanFactory     : Finished creating instance of bean 'courseController'
2023-07-07T15:12:38.820+05:30 DEBUG 10928 --- [           main] o.s.b.f.s.DefaultListableBeanFactory     : Creating shared instance of singleton bean 'currencyConfigurationController'
2023-07-07T15:12:38.820+05:30 TRACE 10928 --- [           main] o.s.b.f.s.DefaultListableBeanFactory     : Creating instance of bean 'currencyConfigurationController'
2023-07-07T15:12:38.824+05:30 DEBUG 10928 --- [           main] o.s.b.f.s.DefaultListableBeanFactory     : Creating shared instance of singleton bean 'currencyServiceConfiguration'
2023-07-07T15:12:38.824+05:30 TRACE 10928 --- [           main] o.s.b.f.s.DefaultListableBeanFactory     : Creating instance of bean 'currencyServiceConfiguration'
2023-07-07T15:12:38.825+05:30 DEBUG 10928 --- [           main] o.s.b.f.s.DefaultListableBeanFactory     : Creating shared instance of singleton bean 'org.springframework.boot.context.properties.BoundConfigurationProperties'
2023-07-07T15:12:38.825+05:30 TRACE 10928 --- [           main] o.s.b.f.s.DefaultListableBeanFactory     : Creating instance of bean 'org.springframework.boot.context.properties.BoundConfigurationProperties'
2023-07-07T15:12:38.825+05:30 TRACE 10928 --- [           main] o.s.b.f.s.DefaultListableBeanFactory     : Finished creating instance of bean 'org.springframework.boot.context.properties.BoundConfigurationProperties'
2023-07-07T15:12:38.838+05:30 TRACE 10928 --- [           main] o.s.b.f.s.DefaultListableBeanFactory     : Finished creating instance of bean 'currencyServiceConfiguration'
2023-07-07T15:12:38.838+05:30 TRACE 10928 --- [           main] f.a.AutowiredAnnotationBeanPostProcessor : Autowiring by type from bean name 'currencyConfigurationController' to bean named 'currencyServiceConfiguration'
2023-07-07T15:12:38.839+05:30 TRACE 10928 --- [           main] o.s.b.f.s.DefaultListableBeanFactory     : Finished creating instance of bean 'currencyConfigurationController'
2023-07-07T15:12:38.839+05:30 TRACE 10928 --- [           main] o.s.b.f.s.DefaultListableBeanFactory     : Returning cached instance of singleton bean 'currencyServiceConfiguration'
2023-07-07T15:12:38.839+05:30 DEBUG 10928 --- [           main] o.s.b.f.s.DefaultListableBeanFactory     : Creating shared instance of singleton bean 'org.springframework.boot.autoconfigure.AutoConfigurationPackages'
2023-07-07T15:12:38.839+05:30 TRACE 10928 --- [           main] o.s.b.f.s.DefaultListableBeanFactory     : Creating instance of bean 'org.springframework.boot.autoconfigure.AutoConfigurationPackages'
2023-07-07T15:12:38.840+05:30 TRACE 10928 --- [           main] o.s.b.f.s.DefaultListableBeanFactory     : Finished creating instance of bean 'org.springframework.boot.autoconfigure.AutoConfigurationPackages'
2023-07-07T15:12:38.840+05:30 DEBUG 10928 --- [           main] o.s.b.f.s.DefaultListableBeanFactory     : Creating shared instance of singleton bean 'org.springframework.boot.autoconfigure.context.PropertyPlaceholderAutoConfiguration'
2023-07-07T15:12:38.840+05:30 TRACE 10928 --- [           main] o.s.b.f.s.DefaultListableBeanFactory     : Creating instance of bean 'org.springframework.boot.autoconfigure.context.PropertyPlaceholderAutoConfiguration'
2023-07-07T15:12:38.840+05:30 TRACE 10928 --- [           main] o.s.b.f.s.DefaultListableBeanFactory     : Finished creating instance of bean 'org.springframework.boot.autoconfigure.context.PropertyPlaceholderAutoConfiguration'
2023-07-07T15:12:38.840+05:30 TRACE 10928 --- [           main] o.s.b.f.s.DefaultListableBeanFactory     : Returning cached instance of singleton bean 'propertySourcesPlaceholderConfigurer'
2023-07-07T15:12:38.840+05:30 DEBUG 10928 --- [           main] o.s.b.f.s.DefaultListableBeanFactory     : Creating shared instance of singleton bean 'org.springframework.boot.autoconfigure.ssl.SslAutoConfiguration'
2023-07-07T15:12:38.840+05:30 TRACE 10928 --- [           main] o.s.b.f.s.DefaultListableBeanFactory     : Creating instance of bean 'org.springframework.boot.autoconfigure.ssl.SslAutoConfiguration'
2023-07-07T15:12:38.840+05:30 TRACE 10928 --- [           main] o.s.b.f.s.DefaultListableBeanFactory     : Finished creating instance of bean 'org.springframework.boot.autoconfigure.ssl.SslAutoConfiguration'
2023-07-07T15:12:38.840+05:30 DEBUG 10928 --- [           main] o.s.b.f.s.DefaultListableBeanFactory     : Creating shared instance of singleton bean 'sslPropertiesSslBundleRegistrar'
2023-07-07T15:12:38.840+05:30 TRACE 10928 --- [           main] o.s.b.f.s.DefaultListableBeanFactory     : Creating instance of bean 'sslPropertiesSslBundleRegistrar'
2023-07-07T15:12:38.841+05:30 TRACE 10928 --- [           main] o.s.b.f.s.DefaultListableBeanFactory     : Returning cached instance of singleton bean 'org.springframework.boot.autoconfigure.ssl.SslAutoConfiguration'
2023-07-07T15:12:38.841+05:30 DEBUG 10928 --- [           main] o.s.b.f.s.DefaultListableBeanFactory     : Creating shared instance of singleton bean 'spring.ssl-org.springframework.boot.autoconfigure.ssl.SslProperties'
2023-07-07T15:12:38.841+05:30 TRACE 10928 --- [           main] o.s.b.f.s.DefaultListableBeanFactory     : Creating instance of bean 'spring.ssl-org.springframework.boot.autoconfigure.ssl.SslProperties'
2023-07-07T15:12:38.841+05:30 TRACE 10928 --- [           main] o.s.b.f.s.DefaultListableBeanFactory     : Returning cached instance of singleton bean 'org.springframework.boot.context.properties.BoundConfigurationProperties'
2023-07-07T15:12:38.842+05:30 TRACE 10928 --- [           main] o.s.b.f.s.DefaultListableBeanFactory     : Finished creating instance of bean 'spring.ssl-org.springframework.boot.autoconfigure.ssl.SslProperties'
2023-07-07T15:12:38.842+05:30 DEBUG 10928 --- [           main] o.s.b.f.s.DefaultListableBeanFactory     : Autowiring by type from bean name 'sslPropertiesSslBundleRegistrar' via factory method to bean named 'spring.ssl-org.springframework.boot.autoconfigure.ssl.SslProperties'
2023-07-07T15:12:38.843+05:30 TRACE 10928 --- [           main] o.s.b.f.s.DefaultListableBeanFactory     : Finished creating instance of bean 'sslPropertiesSslBundleRegistrar'
2023-07-07T15:12:38.843+05:30 DEBUG 10928 --- [           main] o.s.b.f.s.DefaultListableBeanFactory     : Creating shared instance of singleton bean 'sslBundleRegistry'
2023-07-07T15:12:38.843+05:30 TRACE 10928 --- [           main] o.s.b.f.s.DefaultListableBeanFactory     : Creating instance of bean 'sslBundleRegistry'
2023-07-07T15:12:38.843+05:30 TRACE 10928 --- [           main] o.s.b.f.s.DefaultListableBeanFactory     : Returning cached instance of singleton bean 'org.springframework.boot.autoconfigure.ssl.SslAutoConfiguration'
2023-07-07T15:12:38.857+05:30 TRACE 10928 --- [           main] o.s.b.f.s.DefaultListableBeanFactory     : Returning cached instance of singleton bean 'sslPropertiesSslBundleRegistrar'
2023-07-07T15:12:38.858+05:30 DEBUG 10928 --- [           main] o.s.b.f.s.DefaultListableBeanFactory     : Autowiring by type from bean name 'sslBundleRegistry' via factory method to bean named 'sslPropertiesSslBundleRegistrar'
2023-07-07T15:12:38.863+05:30 TRACE 10928 --- [           main] o.s.b.f.s.DefaultListableBeanFactory     : Finished creating instance of bean 'sslBundleRegistry'
2023-07-07T15:12:38.863+05:30 TRACE 10928 --- [           main] o.s.b.f.s.DefaultListableBeanFactory     : Returning cached instance of singleton bean 'org.springframework.boot.context.properties.ConfigurationPropertiesBindingPostProcessor'
2023-07-07T15:12:38.863+05:30 TRACE 10928 --- [           main] o.s.b.f.s.DefaultListableBeanFactory     : Returning cached instance of singleton bean 'org.springframework.boot.context.internalConfigurationPropertiesBinder'
2023-07-07T15:12:38.863+05:30 TRACE 10928 --- [           main] o.s.b.f.s.DefaultListableBeanFactory     : Returning cached instance of singleton bean 'org.springframework.boot.context.properties.BoundConfigurationProperties'
2023-07-07T15:12:38.863+05:30 DEBUG 10928 --- [           main] o.s.b.f.s.DefaultListableBeanFactory     : Creating shared instance of singleton bean 'org.springframework.boot.context.properties.EnableConfigurationPropertiesRegistrar.methodValidationExcludeFilter'
2023-07-07T15:12:38.863+05:30 TRACE 10928 --- [           main] o.s.b.f.s.DefaultListableBeanFactory     : Creating instance of bean 'org.springframework.boot.context.properties.EnableConfigurationPropertiesRegistrar.methodValidationExcludeFilter'
2023-07-07T15:12:38.866+05:30 TRACE 10928 --- [           main] o.s.b.f.s.DefaultListableBeanFactory     : Ignoring factory method [public static org.springframework.boot.validation.beanvalidation.MethodValidationExcludeFilter org.springframework.boot.validation.beanvalidation.MethodValidationExcludeFilter.byAnnotation(java.lang.Class,org.springframework.core.annotation.MergedAnnotations$SearchStrategy)] of bean 'org.springframework.boot.context.properties.EnableConfigurationPropertiesRegistrar.methodValidationExcludeFilter': org.springframework.beans.factory.UnsatisfiedDependencyException: Error creating bean with name 'org.springframework.boot.context.properties.EnableConfigurationPropertiesRegistrar.methodValidationExcludeFilter': Unsatisfied dependency expressed through method 'byAnnotation' parameter 1: Ambiguous argument values for parameter of type [org.springframework.core.annotation.MergedAnnotations$SearchStrategy] - did you specify the correct bean references as arguments?
2023-07-07T15:12:38.867+05:30 TRACE 10928 --- [           main] o.s.b.f.s.DefaultListableBeanFactory     : Finished creating instance of bean 'org.springframework.boot.context.properties.EnableConfigurationPropertiesRegistrar.methodValidationExcludeFilter'
2023-07-07T15:12:38.867+05:30 TRACE 10928 --- [           main] o.s.b.f.s.DefaultListableBeanFactory     : Returning cached instance of singleton bean 'spring.ssl-org.springframework.boot.autoconfigure.ssl.SslProperties'
2023-07-07T15:12:38.867+05:30 DEBUG 10928 --- [           main] o.s.b.f.s.DefaultListableBeanFactory     : Creating shared instance of singleton bean 'org.springframework.boot.autoconfigure.websocket.servlet.WebSocketServletAutoConfiguration$TomcatWebSocketConfiguration'
2023-07-07T15:12:38.867+05:30 TRACE 10928 --- [           main] o.s.b.f.s.DefaultListableBeanFactory     : Creating instance of bean 'org.springframework.boot.autoconfigure.websocket.servlet.WebSocketServletAutoConfiguration$TomcatWebSocketConfiguration'
2023-07-07T15:12:38.868+05:30 TRACE 10928 --- [           main] o.s.b.f.s.DefaultListableBeanFactory     : Finished creating instance of bean 'org.springframework.boot.autoconfigure.websocket.servlet.WebSocketServletAutoConfiguration$TomcatWebSocketConfiguration'
2023-07-07T15:12:38.868+05:30 DEBUG 10928 --- [           main] o.s.b.f.s.DefaultListableBeanFactory     : Creating shared instance of singleton bean 'websocketServletWebServerCustomizer'
2023-07-07T15:12:38.868+05:30 TRACE 10928 --- [           main] o.s.b.f.s.DefaultListableBeanFactory     : Creating instance of bean 'websocketServletWebServerCustomizer'
2023-07-07T15:12:38.868+05:30 TRACE 10928 --- [           main] o.s.b.f.s.DefaultListableBeanFactory     : Returning cached instance of singleton bean 'org.springframework.boot.autoconfigure.websocket.servlet.WebSocketServletAutoConfiguration$TomcatWebSocketConfiguration'
2023-07-07T15:12:38.872+05:30 TRACE 10928 --- [           main] o.s.b.f.s.DefaultListableBeanFactory     : Finished creating instance of bean 'websocketServletWebServerCustomizer'
2023-07-07T15:12:38.872+05:30 DEBUG 10928 --- [           main] o.s.b.f.s.DefaultListableBeanFactory     : Creating shared instance of singleton bean 'org.springframework.boot.autoconfigure.websocket.servlet.WebSocketServletAutoConfiguration'
2023-07-07T15:12:38.872+05:30 TRACE 10928 --- [           main] o.s.b.f.s.DefaultListableBeanFactory     : Creating instance of bean 'org.springframework.boot.autoconfigure.websocket.servlet.WebSocketServletAutoConfiguration'
2023-07-07T15:12:38.872+05:30 TRACE 10928 --- [           main] o.s.b.f.s.DefaultListableBeanFactory     : Finished creating instance of bean 'org.springframework.boot.autoconfigure.websocket.servlet.WebSocketServletAutoConfiguration'
2023-07-07T15:12:38.872+05:30 DEBUG 10928 --- [           main] o.s.b.f.s.DefaultListableBeanFactory     : Creating shared instance of singleton bean 'org.springframework.boot.autoconfigure.web.servlet.ServletWebServerFactoryConfiguration$EmbeddedTomcat'
2023-07-07T15:12:38.872+05:30 TRACE 10928 --- [           main] o.s.b.f.s.DefaultListableBeanFactory     : Creating instance of bean 'org.springframework.boot.autoconfigure.web.servlet.ServletWebServerFactoryConfiguration$EmbeddedTomcat'
2023-07-07T15:12:38.872+05:30 TRACE 10928 --- [           main] o.s.b.f.s.DefaultListableBeanFactory     : Finished creating instance of bean 'org.springframework.boot.autoconfigure.web.servlet.ServletWebServerFactoryConfiguration$EmbeddedTomcat'
2023-07-07T15:12:38.872+05:30 DEBUG 10928 --- [           main] o.s.b.f.s.DefaultListableBeanFactory     : Creating shared instance of singleton bean 'tomcatServletWebServerFactory'
2023-07-07T15:12:38.872+05:30 TRACE 10928 --- [           main] o.s.b.f.s.DefaultListableBeanFactory     : Creating instance of bean 'tomcatServletWebServerFactory'
2023-07-07T15:12:38.873+05:30 TRACE 10928 --- [           main] o.s.b.f.s.DefaultListableBeanFactory     : Returning cached instance of singleton bean 'org.springframework.boot.autoconfigure.web.servlet.ServletWebServerFactoryConfiguration$EmbeddedTomcat'
2023-07-07T15:12:38.935+05:30 TRACE 10928 --- [           main] o.s.b.f.s.DefaultListableBeanFactory     : Returning cached instance of singleton bean 'websocketServletWebServerCustomizer'
2023-07-07T15:12:38.935+05:30 DEBUG 10928 --- [           main] o.s.b.f.s.DefaultListableBeanFactory     : Creating shared instance of singleton bean 'servletWebServerFactoryCustomizer'
2023-07-07T15:12:38.935+05:30 TRACE 10928 --- [           main] o.s.b.f.s.DefaultListableBeanFactory     : Creating instance of bean 'servletWebServerFactoryCustomizer'
2023-07-07T15:12:38.935+05:30 DEBUG 10928 --- [           main] o.s.b.f.s.DefaultListableBeanFactory     : Creating shared instance of singleton bean 'org.springframework.boot.autoconfigure.web.servlet.ServletWebServerFactoryAutoConfiguration'
2023-07-07T15:12:38.935+05:30 TRACE 10928 --- [           main] o.s.b.f.s.DefaultListableBeanFactory     : Creating instance of bean 'org.springframework.boot.autoconfigure.web.servlet.ServletWebServerFactoryAutoConfiguration'
2023-07-07T15:12:38.935+05:30 TRACE 10928 --- [           main] o.s.b.f.s.DefaultListableBeanFactory     : Finished creating instance of bean 'org.springframework.boot.autoconfigure.web.servlet.ServletWebServerFactoryAutoConfiguration'
2023-07-07T15:12:38.936+05:30 DEBUG 10928 --- [           main] o.s.b.f.s.DefaultListableBeanFactory     : Creating shared instance of singleton bean 'server-org.springframework.boot.autoconfigure.web.ServerProperties'
2023-07-07T15:12:38.936+05:30 TRACE 10928 --- [           main] o.s.b.f.s.DefaultListableBeanFactory     : Creating instance of bean 'server-org.springframework.boot.autoconfigure.web.ServerProperties'
2023-07-07T15:12:38.946+05:30 TRACE 10928 --- [           main] o.s.b.f.s.DefaultListableBeanFactory     : Returning cached instance of singleton bean 'org.springframework.boot.context.properties.BoundConfigurationProperties'
2023-07-07T15:12:38.950+05:30 TRACE 10928 --- [           main] o.s.b.f.s.DefaultListableBeanFactory     : Finished creating instance of bean 'server-org.springframework.boot.autoconfigure.web.ServerProperties'
2023-07-07T15:12:38.950+05:30 DEBUG 10928 --- [           main] o.s.b.f.s.DefaultListableBeanFactory     : Autowiring by type from bean name 'servletWebServerFactoryCustomizer' via factory method to bean named 'server-org.springframework.boot.autoconfigure.web.ServerProperties'
2023-07-07T15:12:38.952+05:30 TRACE 10928 --- [           main] o.s.b.f.s.DefaultListableBeanFactory     : Returning cached instance of singleton bean 'sslBundleRegistry'
2023-07-07T15:12:38.953+05:30 TRACE 10928 --- [           main] o.s.b.f.s.DefaultListableBeanFactory     : Finished creating instance of bean 'servletWebServerFactoryCustomizer'
2023-07-07T15:12:38.953+05:30 DEBUG 10928 --- [           main] o.s.b.f.s.DefaultListableBeanFactory     : Creating shared instance of singleton bean 'tomcatServletWebServerFactoryCustomizer'
2023-07-07T15:12:38.953+05:30 TRACE 10928 --- [           main] o.s.b.f.s.DefaultListableBeanFactory     : Creating instance of bean 'tomcatServletWebServerFactoryCustomizer'
2023-07-07T15:12:38.953+05:30 TRACE 10928 --- [           main] o.s.b.f.s.DefaultListableBeanFactory     : Returning cached instance of singleton bean 'org.springframework.boot.autoconfigure.web.servlet.ServletWebServerFactoryAutoConfiguration'
2023-07-07T15:12:38.953+05:30 TRACE 10928 --- [           main] o.s.b.f.s.DefaultListableBeanFactory     : Returning cached instance of singleton bean 'server-org.springframework.boot.autoconfigure.web.ServerProperties'
2023-07-07T15:12:38.953+05:30 DEBUG 10928 --- [           main] o.s.b.f.s.DefaultListableBeanFactory     : Autowiring by type from bean name 'tomcatServletWebServerFactoryCustomizer' via factory method to bean named 'server-org.springframework.boot.autoconfigure.web.ServerProperties'
2023-07-07T15:12:38.953+05:30 TRACE 10928 --- [           main] o.s.b.f.s.DefaultListableBeanFactory     : Finished creating instance of bean 'tomcatServletWebServerFactoryCustomizer'
2023-07-07T15:12:38.953+05:30 DEBUG 10928 --- [           main] o.s.b.f.s.DefaultListableBeanFactory     : Creating shared instance of singleton bean 'localeCharsetMappingsCustomizer'
2023-07-07T15:12:38.953+05:30 TRACE 10928 --- [           main] o.s.b.f.s.DefaultListableBeanFactory     : Creating instance of bean 'localeCharsetMappingsCustomizer'
2023-07-07T15:12:38.953+05:30 DEBUG 10928 --- [           main] o.s.b.f.s.DefaultListableBeanFactory     : Creating shared instance of singleton bean 'org.springframework.boot.autoconfigure.web.servlet.HttpEncodingAutoConfiguration'
2023-07-07T15:12:38.954+05:30 TRACE 10928 --- [           main] o.s.b.f.s.DefaultListableBeanFactory     : Creating instance of bean 'org.springframework.boot.autoconfigure.web.servlet.HttpEncodingAutoConfiguration'
2023-07-07T15:12:38.954+05:30 TRACE 10928 --- [           main] o.s.b.f.s.DefaultListableBeanFactory     : Returning cached instance of singleton bean 'server-org.springframework.boot.autoconfigure.web.ServerProperties'
2023-07-07T15:12:38.954+05:30 DEBUG 10928 --- [           main] o.s.b.f.s.DefaultListableBeanFactory     : Autowiring by type from bean name 'org.springframework.boot.autoconfigure.web.servlet.HttpEncodingAutoConfiguration' via constructor to bean named 'server-org.springframework.boot.autoconfigure.web.ServerProperties'
2023-07-07T15:12:38.954+05:30 TRACE 10928 --- [           main] o.s.b.f.s.DefaultListableBeanFactory     : Finished creating instance of bean 'org.springframework.boot.autoconfigure.web.servlet.HttpEncodingAutoConfiguration'
2023-07-07T15:12:38.955+05:30 TRACE 10928 --- [           main] o.s.b.f.s.DefaultListableBeanFactory     : Finished creating instance of bean 'localeCharsetMappingsCustomizer'
2023-07-07T15:12:38.969+05:30 DEBUG 10928 --- [           main] o.s.b.f.s.DefaultListableBeanFactory     : Creating shared instance of singleton bean 'errorPageCustomizer'
2023-07-07T15:12:38.969+05:30 TRACE 10928 --- [           main] o.s.b.f.s.DefaultListableBeanFactory     : Creating instance of bean 'errorPageCustomizer'
2023-07-07T15:12:38.969+05:30 DEBUG 10928 --- [           main] o.s.b.f.s.DefaultListableBeanFactory     : Creating shared instance of singleton bean 'org.springframework.boot.autoconfigure.web.servlet.error.ErrorMvcAutoConfiguration'
2023-07-07T15:12:38.969+05:30 TRACE 10928 --- [           main] o.s.b.f.s.DefaultListableBeanFactory     : Creating instance of bean 'org.springframework.boot.autoconfigure.web.servlet.error.ErrorMvcAutoConfiguration'
2023-07-07T15:12:38.969+05:30 TRACE 10928 --- [           main] o.s.b.f.s.DefaultListableBeanFactory     : Returning cached instance of singleton bean 'server-org.springframework.boot.autoconfigure.web.ServerProperties'
2023-07-07T15:12:38.969+05:30 DEBUG 10928 --- [           main] o.s.b.f.s.DefaultListableBeanFactory     : Autowiring by type from bean name 'org.springframework.boot.autoconfigure.web.servlet.error.ErrorMvcAutoConfiguration' via constructor to bean named 'server-org.springframework.boot.autoconfigure.web.ServerProperties'
2023-07-07T15:12:38.970+05:30 TRACE 10928 --- [           main] o.s.b.f.s.DefaultListableBeanFactory     : Finished creating instance of bean 'org.springframework.boot.autoconfigure.web.servlet.error.ErrorMvcAutoConfiguration'
2023-07-07T15:12:38.970+05:30 DEBUG 10928 --- [           main] o.s.b.f.s.DefaultListableBeanFactory     : Creating shared instance of singleton bean 'dispatcherServletRegistration'
2023-07-07T15:12:38.970+05:30 TRACE 10928 --- [           main] o.s.b.f.s.DefaultListableBeanFactory     : Creating instance of bean 'dispatcherServletRegistration'
2023-07-07T15:12:38.970+05:30 DEBUG 10928 --- [           main] o.s.b.f.s.DefaultListableBeanFactory     : Creating shared instance of singleton bean 'org.springframework.boot.autoconfigure.web.servlet.DispatcherServletAutoConfiguration$DispatcherServletRegistrationConfiguration'
2023-07-07T15:12:38.970+05:30 TRACE 10928 --- [           main] o.s.b.f.s.DefaultListableBeanFactory     : Creating instance of bean 'org.springframework.boot.autoconfigure.web.servlet.DispatcherServletAutoConfiguration$DispatcherServletRegistrationConfiguration'
2023-07-07T15:12:38.970+05:30 TRACE 10928 --- [           main] o.s.b.f.s.DefaultListableBeanFactory     : Finished creating instance of bean 'org.springframework.boot.autoconfigure.web.servlet.DispatcherServletAutoConfiguration$DispatcherServletRegistrationConfiguration'
2023-07-07T15:12:38.971+05:30 DEBUG 10928 --- [           main] o.s.b.f.s.DefaultListableBeanFactory     : Creating shared instance of singleton bean 'dispatcherServlet'
2023-07-07T15:12:38.971+05:30 TRACE 10928 --- [           main] o.s.b.f.s.DefaultListableBeanFactory     : Creating instance of bean 'dispatcherServlet'
2023-07-07T15:12:38.971+05:30 DEBUG 10928 --- [           main] o.s.b.f.s.DefaultListableBeanFactory     : Creating shared instance of singleton bean 'org.springframework.boot.autoconfigure.web.servlet.DispatcherServletAutoConfiguration$DispatcherServletConfiguration'
2023-07-07T15:12:38.971+05:30 TRACE 10928 --- [           main] o.s.b.f.s.DefaultListableBeanFactory     : Creating instance of bean 'org.springframework.boot.autoconfigure.web.servlet.DispatcherServletAutoConfiguration$DispatcherServletConfiguration'
2023-07-07T15:12:38.971+05:30 TRACE 10928 --- [           main] o.s.b.f.s.DefaultListableBeanFactory     : Finished creating instance of bean 'org.springframework.boot.autoconfigure.web.servlet.DispatcherServletAutoConfiguration$DispatcherServletConfiguration'
2023-07-07T15:12:38.972+05:30 DEBUG 10928 --- [           main] o.s.b.f.s.DefaultListableBeanFactory     : Creating shared instance of singleton bean 'spring.mvc-org.springframework.boot.autoconfigure.web.servlet.WebMvcProperties'
2023-07-07T15:12:38.972+05:30 TRACE 10928 --- [           main] o.s.b.f.s.DefaultListableBeanFactory     : Creating instance of bean 'spring.mvc-org.springframework.boot.autoconfigure.web.servlet.WebMvcProperties'
2023-07-07T15:12:38.973+05:30 TRACE 10928 --- [           main] o.s.b.f.s.DefaultListableBeanFactory     : Returning cached instance of singleton bean 'org.springframework.boot.context.properties.BoundConfigurationProperties'
2023-07-07T15:12:38.977+05:30 TRACE 10928 --- [           main] o.s.b.f.s.DefaultListableBeanFactory     : Finished creating instance of bean 'spring.mvc-org.springframework.boot.autoconfigure.web.servlet.WebMvcProperties'
2023-07-07T15:12:38.977+05:30 DEBUG 10928 --- [           main] o.s.b.f.s.DefaultListableBeanFactory     : Autowiring by type from bean name 'dispatcherServlet' via factory method to bean named 'spring.mvc-org.springframework.boot.autoconfigure.web.servlet.WebMvcProperties'
2023-07-07T15:12:38.988+05:30 TRACE 10928 --- [           main] o.s.b.f.s.DefaultListableBeanFactory     : Finished creating instance of bean 'dispatcherServlet'
2023-07-07T15:12:38.988+05:30 TRACE 10928 --- [           main] o.s.b.f.s.DefaultListableBeanFactory     : Returning cached instance of singleton bean 'spring.mvc-org.springframework.boot.autoconfigure.web.servlet.WebMvcProperties'
2023-07-07T15:12:38.988+05:30 DEBUG 10928 --- [           main] o.s.b.f.s.DefaultListableBeanFactory     : Autowiring by type from bean name 'dispatcherServletRegistration' via factory method to bean named 'dispatcherServlet'
2023-07-07T15:12:38.988+05:30 DEBUG 10928 --- [           main] o.s.b.f.s.DefaultListableBeanFactory     : Autowiring by type from bean name 'dispatcherServletRegistration' via factory method to bean named 'spring.mvc-org.springframework.boot.autoconfigure.web.servlet.WebMvcProperties'
2023-07-07T15:12:38.992+05:30 DEBUG 10928 --- [           main] o.s.b.f.s.DefaultListableBeanFactory     : Creating shared instance of singleton bean 'multipartConfigElement'
2023-07-07T15:12:38.992+05:30 TRACE 10928 --- [           main] o.s.b.f.s.DefaultListableBeanFactory     : Creating instance of bean 'multipartConfigElement'
2023-07-07T15:12:38.992+05:30 DEBUG 10928 --- [           main] o.s.b.f.s.DefaultListableBeanFactory     : Creating shared instance of singleton bean 'org.springframework.boot.autoconfigure.web.servlet.MultipartAutoConfiguration'
2023-07-07T15:12:38.992+05:30 TRACE 10928 --- [           main] o.s.b.f.s.DefaultListableBeanFactory     : Creating instance of bean 'org.springframework.boot.autoconfigure.web.servlet.MultipartAutoConfiguration'
2023-07-07T15:12:38.994+05:30 DEBUG 10928 --- [           main] o.s.b.f.s.DefaultListableBeanFactory     : Creating shared instance of singleton bean 'spring.servlet.multipart-org.springframework.boot.autoconfigure.web.servlet.MultipartProperties'
2023-07-07T15:12:38.994+05:30 TRACE 10928 --- [           main] o.s.b.f.s.DefaultListableBeanFactory     : Creating instance of bean 'spring.servlet.multipart-org.springframework.boot.autoconfigure.web.servlet.MultipartProperties'
2023-07-07T15:12:38.994+05:30 TRACE 10928 --- [           main] o.s.b.f.s.DefaultListableBeanFactory     : Returning cached instance of singleton bean 'org.springframework.boot.context.properties.BoundConfigurationProperties'
2023-07-07T15:12:38.997+05:30 TRACE 10928 --- [           main] o.s.b.f.s.DefaultListableBeanFactory     : Finished creating instance of bean 'spring.servlet.multipart-org.springframework.boot.autoconfigure.web.servlet.MultipartProperties'
2023-07-07T15:12:38.997+05:30 DEBUG 10928 --- [           main] o.s.b.f.s.DefaultListableBeanFactory     : Autowiring by type from bean name 'org.springframework.boot.autoconfigure.web.servlet.MultipartAutoConfiguration' via constructor to bean named 'spring.servlet.multipart-org.springframework.boot.autoconfigure.web.servlet.MultipartProperties'
2023-07-07T15:12:38.998+05:30 TRACE 10928 --- [           main] o.s.b.f.s.DefaultListableBeanFactory     : Finished creating instance of bean 'org.springframework.boot.autoconfigure.web.servlet.MultipartAutoConfiguration'
2023-07-07T15:12:39.000+05:30 TRACE 10928 --- [           main] o.s.b.f.s.DefaultListableBeanFactory     : Finished creating instance of bean 'multipartConfigElement'
2023-07-07T15:12:39.005+05:30 TRACE 10928 --- [           main] o.s.b.f.s.DefaultListableBeanFactory     : Finished creating instance of bean 'dispatcherServletRegistration'
2023-07-07T15:12:39.005+05:30 DEBUG 10928 --- [           main] o.s.b.f.s.DefaultListableBeanFactory     : Autowiring by type from bean name 'errorPageCustomizer' via factory method to bean named 'dispatcherServletRegistration'
2023-07-07T15:12:39.006+05:30 TRACE 10928 --- [           main] o.s.b.f.s.DefaultListableBeanFactory     : Finished creating instance of bean 'errorPageCustomizer'
2023-07-07T15:12:39.006+05:30 TRACE 10928 --- [           main] o.s.b.f.s.DefaultListableBeanFactory     : Finished creating instance of bean 'tomcatServletWebServerFactory'
2023-07-07T15:12:39.006+05:30 TRACE 10928 --- [           main] o.s.b.f.s.DefaultListableBeanFactory     : Returning cached instance of singleton bean 'org.springframework.boot.autoconfigure.web.servlet.ServletWebServerFactoryAutoConfiguration'
2023-07-07T15:12:39.006+05:30 TRACE 10928 --- [           main] o.s.b.f.s.DefaultListableBeanFactory     : Returning cached instance of singleton bean 'servletWebServerFactoryCustomizer'
2023-07-07T15:12:39.006+05:30 TRACE 10928 --- [           main] o.s.b.f.s.DefaultListableBeanFactory     : Returning cached instance of singleton bean 'tomcatServletWebServerFactoryCustomizer'
2023-07-07T15:12:39.006+05:30 TRACE 10928 --- [           main] o.s.b.f.s.DefaultListableBeanFactory     : Returning cached instance of singleton bean 'server-org.springframework.boot.autoconfigure.web.ServerProperties'
2023-07-07T15:12:39.006+05:30 TRACE 10928 --- [           main] o.s.b.f.s.DefaultListableBeanFactory     : Returning cached instance of singleton bean 'webServerFactoryCustomizerBeanPostProcessor'
2023-07-07T15:12:39.006+05:30 TRACE 10928 --- [           main] o.s.b.f.s.DefaultListableBeanFactory     : Returning cached instance of singleton bean 'errorPageRegistrarBeanPostProcessor'
2023-07-07T15:12:39.006+05:30 TRACE 10928 --- [           main] o.s.b.f.s.DefaultListableBeanFactory     : Returning cached instance of singleton bean 'org.springframework.boot.autoconfigure.web.servlet.DispatcherServletAutoConfiguration$DispatcherServletConfiguration'
2023-07-07T15:12:39.006+05:30 TRACE 10928 --- [           main] o.s.b.f.s.DefaultListableBeanFactory     : Returning cached instance of singleton bean 'dispatcherServlet'
2023-07-07T15:12:39.006+05:30 TRACE 10928 --- [           main] o.s.b.f.s.DefaultListableBeanFactory     : Returning cached instance of singleton bean 'spring.mvc-org.springframework.boot.autoconfigure.web.servlet.WebMvcProperties'
2023-07-07T15:12:39.006+05:30 TRACE 10928 --- [           main] o.s.b.f.s.DefaultListableBeanFactory     : Returning cached instance of singleton bean 'org.springframework.boot.autoconfigure.web.servlet.DispatcherServletAutoConfiguration$DispatcherServletRegistrationConfiguration'
2023-07-07T15:12:39.006+05:30 TRACE 10928 --- [           main] o.s.b.f.s.DefaultListableBeanFactory     : Returning cached instance of singleton bean 'dispatcherServletRegistration'
2023-07-07T15:12:39.006+05:30 DEBUG 10928 --- [           main] o.s.b.f.s.DefaultListableBeanFactory     : Creating shared instance of singleton bean 'org.springframework.boot.autoconfigure.web.servlet.DispatcherServletAutoConfiguration'
2023-07-07T15:12:39.006+05:30 TRACE 10928 --- [           main] o.s.b.f.s.DefaultListableBeanFactory     : Creating instance of bean 'org.springframework.boot.autoconfigure.web.servlet.DispatcherServletAutoConfiguration'
2023-07-07T15:12:39.007+05:30 TRACE 10928 --- [           main] o.s.b.f.s.DefaultListableBeanFactory     : Finished creating instance of bean 'org.springframework.boot.autoconfigure.web.servlet.DispatcherServletAutoConfiguration'
2023-07-07T15:12:39.007+05:30 DEBUG 10928 --- [           main] o.s.b.f.s.DefaultListableBeanFactory     : Creating shared instance of singleton bean 'org.springframework.boot.autoconfigure.task.TaskExecutionAutoConfiguration'
2023-07-07T15:12:39.007+05:30 TRACE 10928 --- [           main] o.s.b.f.s.DefaultListableBeanFactory     : Creating instance of bean 'org.springframework.boot.autoconfigure.task.TaskExecutionAutoConfiguration'
2023-07-07T15:12:39.007+05:30 TRACE 10928 --- [           main] o.s.b.f.s.DefaultListableBeanFactory     : Finished creating instance of bean 'org.springframework.boot.autoconfigure.task.TaskExecutionAutoConfiguration'
2023-07-07T15:12:39.008+05:30 DEBUG 10928 --- [           main] o.s.b.f.s.DefaultListableBeanFactory     : Creating shared instance of singleton bean 'taskExecutorBuilder'
2023-07-07T15:12:39.008+05:30 TRACE 10928 --- [           main] o.s.b.f.s.DefaultListableBeanFactory     : Creating instance of bean 'taskExecutorBuilder'
2023-07-07T15:12:39.008+05:30 TRACE 10928 --- [           main] o.s.b.f.s.DefaultListableBeanFactory     : Returning cached instance of singleton bean 'org.springframework.boot.autoconfigure.task.TaskExecutionAutoConfiguration'
2023-07-07T15:12:39.009+05:30 DEBUG 10928 --- [           main] o.s.b.f.s.DefaultListableBeanFactory     : Creating shared instance of singleton bean 'spring.task.execution-org.springframework.boot.autoconfigure.task.TaskExecutionProperties'
2023-07-07T15:12:39.009+05:30 TRACE 10928 --- [           main] o.s.b.f.s.DefaultListableBeanFactory     : Creating instance of bean 'spring.task.execution-org.springframework.boot.autoconfigure.task.TaskExecutionProperties'
2023-07-07T15:12:39.009+05:30 TRACE 10928 --- [           main] o.s.b.f.s.DefaultListableBeanFactory     : Returning cached instance of singleton bean 'org.springframework.boot.context.properties.BoundConfigurationProperties'
2023-07-07T15:12:39.011+05:30 TRACE 10928 --- [           main] o.s.b.f.s.DefaultListableBeanFactory     : Finished creating instance of bean 'spring.task.execution-org.springframework.boot.autoconfigure.task.TaskExecutionProperties'
2023-07-07T15:12:39.011+05:30 DEBUG 10928 --- [           main] o.s.b.f.s.DefaultListableBeanFactory     : Autowiring by type from bean name 'taskExecutorBuilder' via factory method to bean named 'spring.task.execution-org.springframework.boot.autoconfigure.task.TaskExecutionProperties'
2023-07-07T15:12:39.014+05:30 TRACE 10928 --- [           main] o.s.b.f.s.DefaultListableBeanFactory     : Finished creating instance of bean 'taskExecutorBuilder'
2023-07-07T15:12:39.014+05:30 TRACE 10928 --- [           main] o.s.b.f.s.DefaultListableBeanFactory     : Returning cached instance of singleton bean 'spring.task.execution-org.springframework.boot.autoconfigure.task.TaskExecutionProperties'
2023-07-07T15:12:39.014+05:30 DEBUG 10928 --- [           main] o.s.b.f.s.DefaultListableBeanFactory     : Creating shared instance of singleton bean 'org.springframework.boot.autoconfigure.web.servlet.error.ErrorMvcAutoConfiguration$WhitelabelErrorViewConfiguration'
2023-07-07T15:12:39.014+05:30 TRACE 10928 --- [           main] o.s.b.f.s.DefaultListableBeanFactory     : Creating instance of bean 'org.springframework.boot.autoconfigure.web.servlet.error.ErrorMvcAutoConfiguration$WhitelabelErrorViewConfiguration'
2023-07-07T15:12:39.015+05:30 TRACE 10928 --- [           main] o.s.b.f.s.DefaultListableBeanFactory     : Finished creating instance of bean 'org.springframework.boot.autoconfigure.web.servlet.error.ErrorMvcAutoConfiguration$WhitelabelErrorViewConfiguration'
2023-07-07T15:12:39.015+05:30 DEBUG 10928 --- [           main] o.s.b.f.s.DefaultListableBeanFactory     : Creating shared instance of singleton bean 'error'
2023-07-07T15:12:39.015+05:30 TRACE 10928 --- [           main] o.s.b.f.s.DefaultListableBeanFactory     : Creating instance of bean 'error'
2023-07-07T15:12:39.015+05:30 TRACE 10928 --- [           main] o.s.b.f.s.DefaultListableBeanFactory     : Returning cached instance of singleton bean 'org.springframework.boot.autoconfigure.web.servlet.error.ErrorMvcAutoConfiguration$WhitelabelErrorViewConfiguration'
2023-07-07T15:12:39.015+05:30 TRACE 10928 --- [           main] o.s.b.f.s.DefaultListableBeanFactory     : Finished creating instance of bean 'error'
2023-07-07T15:12:39.015+05:30 DEBUG 10928 --- [           main] o.s.b.f.s.DefaultListableBeanFactory     : Creating shared instance of singleton bean 'beanNameViewResolver'
2023-07-07T15:12:39.015+05:30 TRACE 10928 --- [           main] o.s.b.f.s.DefaultListableBeanFactory     : Creating instance of bean 'beanNameViewResolver'
2023-07-07T15:12:39.015+05:30 TRACE 10928 --- [           main] o.s.b.f.s.DefaultListableBeanFactory     : Returning cached instance of singleton bean 'org.springframework.boot.autoconfigure.web.servlet.error.ErrorMvcAutoConfiguration$WhitelabelErrorViewConfiguration'
2023-07-07T15:12:39.017+05:30 TRACE 10928 --- [           main] o.s.b.f.s.DefaultListableBeanFactory     : Finished creating instance of bean 'beanNameViewResolver'
2023-07-07T15:12:39.018+05:30 DEBUG 10928 --- [           main] o.s.b.f.s.DefaultListableBeanFactory     : Creating shared instance of singleton bean 'org.springframework.boot.autoconfigure.web.servlet.error.ErrorMvcAutoConfiguration$DefaultErrorViewResolverConfiguration'
2023-07-07T15:12:39.018+05:30 TRACE 10928 --- [           main] o.s.b.f.s.DefaultListableBeanFactory     : Creating instance of bean 'org.springframework.boot.autoconfigure.web.servlet.error.ErrorMvcAutoConfiguration$DefaultErrorViewResolverConfiguration'
2023-07-07T15:12:39.019+05:30 DEBUG 10928 --- [           main] o.s.b.f.s.DefaultListableBeanFactory     : Creating shared instance of singleton bean 'spring.web-org.springframework.boot.autoconfigure.web.WebProperties'
2023-07-07T15:12:39.019+05:30 TRACE 10928 --- [           main] o.s.b.f.s.DefaultListableBeanFactory     : Creating instance of bean 'spring.web-org.springframework.boot.autoconfigure.web.WebProperties'
2023-07-07T15:12:39.022+05:30 TRACE 10928 --- [           main] o.s.b.f.s.DefaultListableBeanFactory     : Returning cached instance of singleton bean 'org.springframework.boot.context.properties.BoundConfigurationProperties'
2023-07-07T15:12:39.023+05:30 TRACE 10928 --- [           main] o.s.b.f.s.DefaultListableBeanFactory     : Finished creating instance of bean 'spring.web-org.springframework.boot.autoconfigure.web.WebProperties'
2023-07-07T15:12:39.023+05:30 DEBUG 10928 --- [           main] o.s.b.f.s.DefaultListableBeanFactory     : Autowiring by type from bean name 'org.springframework.boot.autoconfigure.web.servlet.error.ErrorMvcAutoConfiguration$DefaultErrorViewResolverConfiguration' via constructor to bean named 'org.springframework.web.context.support.GenericWebApplicationContext@50305a'
2023-07-07T15:12:39.023+05:30 DEBUG 10928 --- [           main] o.s.b.f.s.DefaultListableBeanFactory     : Autowiring by type from bean name 'org.springframework.boot.autoconfigure.web.servlet.error.ErrorMvcAutoConfiguration$DefaultErrorViewResolverConfiguration' via constructor to bean named 'spring.web-org.springframework.boot.autoconfigure.web.WebProperties'
2023-07-07T15:12:39.024+05:30 TRACE 10928 --- [           main] o.s.b.f.s.DefaultListableBeanFactory     : Finished creating instance of bean 'org.springframework.boot.autoconfigure.web.servlet.error.ErrorMvcAutoConfiguration$DefaultErrorViewResolverConfiguration'
2023-07-07T15:12:39.024+05:30 DEBUG 10928 --- [           main] o.s.b.f.s.DefaultListableBeanFactory     : Creating shared instance of singleton bean 'conventionErrorViewResolver'
2023-07-07T15:12:39.024+05:30 TRACE 10928 --- [           main] o.s.b.f.s.DefaultListableBeanFactory     : Creating instance of bean 'conventionErrorViewResolver'
2023-07-07T15:12:39.024+05:30 TRACE 10928 --- [           main] o.s.b.f.s.DefaultListableBeanFactory     : Returning cached instance of singleton bean 'org.springframework.boot.autoconfigure.web.servlet.error.ErrorMvcAutoConfiguration$DefaultErrorViewResolverConfiguration'
2023-07-07T15:12:39.026+05:30 TRACE 10928 --- [           main] o.s.c.io.support.SpringFactoriesLoader   : Loaded [org.springframework.boot.autoconfigure.template.TemplateAvailabilityProvider] names: [org.springframework.boot.autoconfigure.freemarker.FreeMarkerTemplateAvailabilityProvider, org.springframework.boot.autoconfigure.mustache.MustacheTemplateAvailabilityProvider, org.springframework.boot.autoconfigure.groovy.template.GroovyTemplateAvailabilityProvider, org.springframework.boot.autoconfigure.thymeleaf.ThymeleafTemplateAvailabilityProvider, org.springframework.boot.autoconfigure.web.servlet.JspTemplateAvailabilityProvider]
2023-07-07T15:12:39.026+05:30 TRACE 10928 --- [           main] o.s.b.f.s.DefaultListableBeanFactory     : Finished creating instance of bean 'conventionErrorViewResolver'
2023-07-07T15:12:39.027+05:30 TRACE 10928 --- [           main] o.s.b.f.s.DefaultListableBeanFactory     : Returning cached instance of singleton bean 'spring.web-org.springframework.boot.autoconfigure.web.WebProperties'
2023-07-07T15:12:39.027+05:30 TRACE 10928 --- [           main] o.s.b.f.s.DefaultListableBeanFactory     : Returning cached instance of singleton bean 'org.springframework.boot.autoconfigure.web.servlet.error.ErrorMvcAutoConfiguration'
2023-07-07T15:12:39.027+05:30 DEBUG 10928 --- [           main] o.s.b.f.s.DefaultListableBeanFactory     : Creating shared instance of singleton bean 'errorAttributes'
2023-07-07T15:12:39.027+05:30 TRACE 10928 --- [           main] o.s.b.f.s.DefaultListableBeanFactory     : Creating instance of bean 'errorAttributes'
2023-07-07T15:12:39.027+05:30 TRACE 10928 --- [           main] o.s.b.f.s.DefaultListableBeanFactory     : Returning cached instance of singleton bean 'org.springframework.boot.autoconfigure.web.servlet.error.ErrorMvcAutoConfiguration'
2023-07-07T15:12:39.029+05:30 TRACE 10928 --- [           main] o.s.b.f.s.DefaultListableBeanFactory     : Finished creating instance of bean 'errorAttributes'
2023-07-07T15:12:39.029+05:30 DEBUG 10928 --- [           main] o.s.b.f.s.DefaultListableBeanFactory     : Creating shared instance of singleton bean 'basicErrorController'
2023-07-07T15:12:39.029+05:30 TRACE 10928 --- [           main] o.s.b.f.s.DefaultListableBeanFactory     : Creating instance of bean 'basicErrorController'
2023-07-07T15:12:39.029+05:30 TRACE 10928 --- [           main] o.s.b.f.s.DefaultListableBeanFactory     : Returning cached instance of singleton bean 'org.springframework.boot.autoconfigure.web.servlet.error.ErrorMvcAutoConfiguration'
2023-07-07T15:12:39.029+05:30 TRACE 10928 --- [           main] o.s.b.f.s.DefaultListableBeanFactory     : Returning cached instance of singleton bean 'errorAttributes'
2023-07-07T15:12:39.029+05:30 DEBUG 10928 --- [           main] o.s.b.f.s.DefaultListableBeanFactory     : Autowiring by type from bean name 'basicErrorController' via factory method to bean named 'errorAttributes'
2023-07-07T15:12:39.032+05:30 TRACE 10928 --- [           main] o.s.b.f.s.DefaultListableBeanFactory     : Returning cached instance of singleton bean 'conventionErrorViewResolver'
2023-07-07T15:12:39.032+05:30 TRACE 10928 --- [           main] o.s.b.f.s.DefaultListableBeanFactory     : Returning cached instance of singleton bean 'conventionErrorViewResolver'
2023-07-07T15:12:39.037+05:30 TRACE 10928 --- [           main] o.s.b.f.s.DefaultListableBeanFactory     : Finished creating instance of bean 'basicErrorController'
2023-07-07T15:12:39.037+05:30 TRACE 10928 --- [           main] o.s.b.f.s.DefaultListableBeanFactory     : Returning cached instance of singleton bean 'errorPageCustomizer'
2023-07-07T15:12:39.037+05:30 TRACE 10928 --- [           main] o.s.b.f.s.DefaultListableBeanFactory     : Returning cached instance of singleton bean 'preserveErrorControllerTargetClassPostProcessor'
2023-07-07T15:12:39.037+05:30 DEBUG 10928 --- [           main] o.s.b.f.s.DefaultListableBeanFactory     : Creating shared instance of singleton bean 'org.springframework.boot.autoconfigure.web.servlet.WebMvcAutoConfiguration$EnableWebMvcConfiguration'
2023-07-07T15:12:39.037+05:30 TRACE 10928 --- [           main] o.s.b.f.s.DefaultListableBeanFactory     : Creating instance of bean 'org.springframework.boot.autoconfigure.web.servlet.WebMvcAutoConfiguration$EnableWebMvcConfiguration'
2023-07-07T15:12:39.037+05:30 TRACE 10928 --- [           main] o.s.b.f.s.DefaultListableBeanFactory     : Returning cached instance of singleton bean 'spring.mvc-org.springframework.boot.autoconfigure.web.servlet.WebMvcProperties'
2023-07-07T15:12:39.038+05:30 TRACE 10928 --- [           main] o.s.b.f.s.DefaultListableBeanFactory     : Returning cached instance of singleton bean 'spring.web-org.springframework.boot.autoconfigure.web.WebProperties'
2023-07-07T15:12:39.038+05:30 DEBUG 10928 --- [           main] o.s.b.f.s.DefaultListableBeanFactory     : Autowiring by type from bean name 'org.springframework.boot.autoconfigure.web.servlet.WebMvcAutoConfiguration$EnableWebMvcConfiguration' via constructor to bean named 'spring.mvc-org.springframework.boot.autoconfigure.web.servlet.WebMvcProperties'
2023-07-07T15:12:39.038+05:30 DEBUG 10928 --- [           main] o.s.b.f.s.DefaultListableBeanFactory     : Autowiring by type from bean name 'org.springframework.boot.autoconfigure.web.servlet.WebMvcAutoConfiguration$EnableWebMvcConfiguration' via constructor to bean named 'spring.web-org.springframework.boot.autoconfigure.web.WebProperties'
2023-07-07T15:12:39.038+05:30 DEBUG 10928 --- [           main] o.s.b.f.s.DefaultListableBeanFactory     : Autowiring by type from bean name 'org.springframework.boot.autoconfigure.web.servlet.WebMvcAutoConfiguration$EnableWebMvcConfiguration' via constructor to bean named 'org.springframework.beans.factory.support.DefaultListableBeanFactory@76304b46'
2023-07-07T15:12:39.041+05:30 TRACE 10928 --- [           main] o.s.beans.CachedIntrospectionResults     : Getting BeanInfo for class [org.springframework.boot.autoconfigure.web.servlet.WebMvcAutoConfiguration$EnableWebMvcConfiguration]
2023-07-07T15:12:39.041+05:30 TRACE 10928 --- [           main] o.s.beans.CachedIntrospectionResults     : Caching PropertyDescriptors for class [org.springframework.boot.autoconfigure.web.servlet.WebMvcAutoConfiguration$EnableWebMvcConfiguration]
2023-07-07T15:12:39.041+05:30 TRACE 10928 --- [           main] o.s.beans.CachedIntrospectionResults     : Found bean property 'applicationContext' of type [org.springframework.context.ApplicationContext]
2023-07-07T15:12:39.041+05:30 TRACE 10928 --- [           main] o.s.beans.CachedIntrospectionResults     : Found bean property 'class' of type [java.lang.Class]
2023-07-07T15:12:39.043+05:30 TRACE 10928 --- [           main] o.s.beans.CachedIntrospectionResults     : Found bean property 'configurers' of type [java.util.List]
2023-07-07T15:12:39.043+05:30 TRACE 10928 --- [           main] o.s.beans.CachedIntrospectionResults     : Found bean property 'resourceLoader' of type [org.springframework.core.io.ResourceLoader]
2023-07-07T15:12:39.043+05:30 TRACE 10928 --- [           main] o.s.beans.CachedIntrospectionResults     : Found bean property 'servletContext' of type [jakarta.servlet.ServletContext]
2023-07-07T15:12:39.045+05:30 DEBUG 10928 --- [           main] o.s.b.f.s.DefaultListableBeanFactory     : Creating shared instance of singleton bean 'org.springframework.boot.autoconfigure.web.servlet.WebMvcAutoConfiguration$WebMvcAutoConfigurationAdapter'
2023-07-07T15:12:39.045+05:30 TRACE 10928 --- [           main] o.s.b.f.s.DefaultListableBeanFactory     : Creating instance of bean 'org.springframework.boot.autoconfigure.web.servlet.WebMvcAutoConfiguration$WebMvcAutoConfigurationAdapter'
2023-07-07T15:12:39.046+05:30 TRACE 10928 --- [           main] o.s.b.f.s.DefaultListableBeanFactory     : Returning cached instance of singleton bean 'spring.web-org.springframework.boot.autoconfigure.web.WebProperties'
2023-07-07T15:12:39.046+05:30 TRACE 10928 --- [           main] o.s.b.f.s.DefaultListableBeanFactory     : Returning cached instance of singleton bean 'spring.mvc-org.springframework.boot.autoconfigure.web.servlet.WebMvcProperties'
2023-07-07T15:12:39.046+05:30 DEBUG 10928 --- [           main] o.s.b.f.s.DefaultListableBeanFactory     : Autowiring by type from bean name 'org.springframework.boot.autoconfigure.web.servlet.WebMvcAutoConfiguration$WebMvcAutoConfigurationAdapter' via constructor to bean named 'spring.web-org.springframework.boot.autoconfigure.web.WebProperties'
2023-07-07T15:12:39.046+05:30 DEBUG 10928 --- [           main] o.s.b.f.s.DefaultListableBeanFactory     : Autowiring by type from bean name 'org.springframework.boot.autoconfigure.web.servlet.WebMvcAutoConfiguration$WebMvcAutoConfigurationAdapter' via constructor to bean named 'spring.mvc-org.springframework.boot.autoconfigure.web.servlet.WebMvcProperties'
2023-07-07T15:12:39.046+05:30 DEBUG 10928 --- [           main] o.s.b.f.s.DefaultListableBeanFactory     : Autowiring by type from bean name 'org.springframework.boot.autoconfigure.web.servlet.WebMvcAutoConfiguration$WebMvcAutoConfigurationAdapter' via constructor to bean named 'org.springframework.beans.factory.support.DefaultListableBeanFactory@76304b46'
2023-07-07T15:12:39.050+05:30 TRACE 10928 --- [           main] o.s.b.f.s.DefaultListableBeanFactory     : Finished creating instance of bean 'org.springframework.boot.autoconfigure.web.servlet.WebMvcAutoConfiguration$WebMvcAutoConfigurationAdapter'
2023-07-07T15:12:39.051+05:30 DEBUG 10928 --- [           main] o.s.b.f.s.DefaultListableBeanFactory     : Creating shared instance of singleton bean 'endpointObjectMapperWebMvcConfigurer'
2023-07-07T15:12:39.051+05:30 TRACE 10928 --- [           main] o.s.b.f.s.DefaultListableBeanFactory     : Creating instance of bean 'endpointObjectMapperWebMvcConfigurer'
2023-07-07T15:12:39.051+05:30 DEBUG 10928 --- [           main] o.s.b.f.s.DefaultListableBeanFactory     : Creating shared instance of singleton bean 'endpointObjectMapper'
2023-07-07T15:12:39.051+05:30 TRACE 10928 --- [           main] o.s.b.f.s.DefaultListableBeanFactory     : Creating instance of bean 'endpointObjectMapper'
2023-07-07T15:12:39.051+05:30 DEBUG 10928 --- [           main] o.s.b.f.s.DefaultListableBeanFactory     : Creating shared instance of singleton bean 'org.springframework.boot.actuate.autoconfigure.endpoint.jackson.JacksonEndpointAutoConfiguration'
2023-07-07T15:12:39.051+05:30 TRACE 10928 --- [           main] o.s.b.f.s.DefaultListableBeanFactory     : Creating instance of bean 'org.springframework.boot.actuate.autoconfigure.endpoint.jackson.JacksonEndpointAutoConfiguration'
2023-07-07T15:12:39.052+05:30 TRACE 10928 --- [           main] o.s.b.f.s.DefaultListableBeanFactory     : Finished creating instance of bean 'org.springframework.boot.actuate.autoconfigure.endpoint.jackson.JacksonEndpointAutoConfiguration'
2023-07-07T15:12:39.053+05:30 TRACE 10928 --- [           main] o.s.b.f.s.DefaultListableBeanFactory     : Finished creating instance of bean 'endpointObjectMapper'
2023-07-07T15:12:39.053+05:30 DEBUG 10928 --- [           main] o.s.b.f.s.DefaultListableBeanFactory     : Autowiring by type from bean name 'endpointObjectMapperWebMvcConfigurer' via factory method to bean named 'endpointObjectMapper'
2023-07-07T15:12:39.054+05:30 TRACE 10928 --- [           main] o.s.b.f.s.DefaultListableBeanFactory     : Finished creating instance of bean 'endpointObjectMapperWebMvcConfigurer'
2023-07-07T15:12:39.054+05:30 TRACE 10928 --- [           main] f.a.AutowiredAnnotationBeanPostProcessor : Autowiring by type from bean name 'org.springframework.boot.autoconfigure.web.servlet.WebMvcAutoConfiguration$EnableWebMvcConfiguration' to bean named 'org.springframework.boot.autoconfigure.web.servlet.WebMvcAutoConfiguration$WebMvcAutoConfigurationAdapter'
2023-07-07T15:12:39.054+05:30 TRACE 10928 --- [           main] f.a.AutowiredAnnotationBeanPostProcessor : Autowiring by type from bean name 'org.springframework.boot.autoconfigure.web.servlet.WebMvcAutoConfiguration$EnableWebMvcConfiguration' to bean named 'endpointObjectMapperWebMvcConfigurer'
2023-07-07T15:12:39.054+05:30 TRACE 10928 --- [           main] o.s.b.f.s.DefaultListableBeanFactory     : Finished creating instance of bean 'org.springframework.boot.autoconfigure.web.servlet.WebMvcAutoConfiguration$EnableWebMvcConfiguration'
2023-07-07T15:12:39.054+05:30 DEBUG 10928 --- [           main] o.s.b.f.s.DefaultListableBeanFactory     : Creating shared instance of singleton bean 'requestMappingHandlerAdapter'
2023-07-07T15:12:39.054+05:30 TRACE 10928 --- [           main] o.s.b.f.s.DefaultListableBeanFactory     : Creating instance of bean 'requestMappingHandlerAdapter'
2023-07-07T15:12:39.054+05:30 TRACE 10928 --- [           main] o.s.b.f.s.DefaultListableBeanFactory     : Returning cached instance of singleton bean 'org.springframework.boot.autoconfigure.web.servlet.WebMvcAutoConfiguration$EnableWebMvcConfiguration'
2023-07-07T15:12:39.058+05:30 DEBUG 10928 --- [           main] o.s.b.f.s.DefaultListableBeanFactory     : Creating shared instance of singleton bean 'mvcContentNegotiationManager'
2023-07-07T15:12:39.058+05:30 TRACE 10928 --- [           main] o.s.b.f.s.DefaultListableBeanFactory     : Creating instance of bean 'mvcContentNegotiationManager'
2023-07-07T15:12:39.058+05:30 TRACE 10928 --- [           main] o.s.b.f.s.DefaultListableBeanFactory     : Returning cached instance of singleton bean 'org.springframework.boot.autoconfigure.web.servlet.WebMvcAutoConfiguration$EnableWebMvcConfiguration'
2023-07-07T15:12:39.063+05:30 TRACE 10928 --- [           main] o.s.b.f.s.DefaultListableBeanFactory     : Finished creating instance of bean 'mvcContentNegotiationManager'
2023-07-07T15:12:39.064+05:30 DEBUG 10928 --- [           main] o.s.b.f.s.DefaultListableBeanFactory     : Creating shared instance of singleton bean 'mvcConversionService'
2023-07-07T15:12:39.064+05:30 TRACE 10928 --- [           main] o.s.b.f.s.DefaultListableBeanFactory     : Creating instance of bean 'mvcConversionService'
2023-07-07T15:12:39.064+05:30 TRACE 10928 --- [           main] o.s.b.f.s.DefaultListableBeanFactory     : Returning cached instance of singleton bean 'org.springframework.boot.autoconfigure.web.servlet.WebMvcAutoConfiguration$EnableWebMvcConfiguration'
2023-07-07T15:12:39.067+05:30 TRACE 10928 --- [           main] o.s.b.f.s.DefaultListableBeanFactory     : Finished creating instance of bean 'mvcConversionService'
2023-07-07T15:12:39.067+05:30 DEBUG 10928 --- [           main] o.s.b.f.s.DefaultListableBeanFactory     : Creating shared instance of singleton bean 'mvcValidator'
2023-07-07T15:12:39.067+05:30 TRACE 10928 --- [           main] o.s.b.f.s.DefaultListableBeanFactory     : Creating instance of bean 'mvcValidator'
2023-07-07T15:12:39.067+05:30 TRACE 10928 --- [           main] o.s.b.f.s.DefaultListableBeanFactory     : Returning cached instance of singleton bean 'org.springframework.boot.autoconfigure.web.servlet.WebMvcAutoConfiguration$EnableWebMvcConfiguration'
2023-07-07T15:12:39.069+05:30 TRACE 10928 --- [           main] o.s.b.f.s.DefaultListableBeanFactory     : Finished creating instance of bean 'mvcValidator'
2023-07-07T15:12:39.069+05:30 DEBUG 10928 --- [           main] o.s.b.f.s.DefaultListableBeanFactory     : Autowiring by type from bean name 'requestMappingHandlerAdapter' via factory method to bean named 'mvcContentNegotiationManager'
2023-07-07T15:12:39.069+05:30 DEBUG 10928 --- [           main] o.s.b.f.s.DefaultListableBeanFactory     : Autowiring by type from bean name 'requestMappingHandlerAdapter' via factory method to bean named 'mvcConversionService'
2023-07-07T15:12:39.069+05:30 DEBUG 10928 --- [           main] o.s.b.f.s.DefaultListableBeanFactory     : Autowiring by type from bean name 'requestMappingHandlerAdapter' via factory method to bean named 'mvcValidator'
2023-07-07T15:12:39.079+05:30 DEBUG 10928 --- [           main] o.s.b.f.s.DefaultListableBeanFactory     : Creating shared instance of singleton bean 'messageConverters'
2023-07-07T15:12:39.079+05:30 TRACE 10928 --- [           main] o.s.b.f.s.DefaultListableBeanFactory     : Creating instance of bean 'messageConverters'
2023-07-07T15:12:39.079+05:30 DEBUG 10928 --- [           main] o.s.b.f.s.DefaultListableBeanFactory     : Creating shared instance of singleton bean 'org.springframework.boot.autoconfigure.http.HttpMessageConvertersAutoConfiguration'
2023-07-07T15:12:39.079+05:30 TRACE 10928 --- [           main] o.s.b.f.s.DefaultListableBeanFactory     : Creating instance of bean 'org.springframework.boot.autoconfigure.http.HttpMessageConvertersAutoConfiguration'
2023-07-07T15:12:39.080+05:30 TRACE 10928 --- [           main] o.s.b.f.s.DefaultListableBeanFactory     : Finished creating instance of bean 'org.springframework.boot.autoconfigure.http.HttpMessageConvertersAutoConfiguration'
2023-07-07T15:12:39.083+05:30 DEBUG 10928 --- [           main] o.s.b.f.s.DefaultListableBeanFactory     : Creating shared instance of singleton bean 'stringHttpMessageConverter'
2023-07-07T15:12:39.083+05:30 TRACE 10928 --- [           main] o.s.b.f.s.DefaultListableBeanFactory     : Creating instance of bean 'stringHttpMessageConverter'
2023-07-07T15:12:39.083+05:30 DEBUG 10928 --- [           main] o.s.b.f.s.DefaultListableBeanFactory     : Creating shared instance of singleton bean 'org.springframework.boot.autoconfigure.http.HttpMessageConvertersAutoConfiguration$StringHttpMessageConverterConfiguration'
2023-07-07T15:12:39.083+05:30 TRACE 10928 --- [           main] o.s.b.f.s.DefaultListableBeanFactory     : Creating instance of bean 'org.springframework.boot.autoconfigure.http.HttpMessageConvertersAutoConfiguration$StringHttpMessageConverterConfiguration'
2023-07-07T15:12:39.084+05:30 TRACE 10928 --- [           main] o.s.b.f.s.DefaultListableBeanFactory     : Finished creating instance of bean 'org.springframework.boot.autoconfigure.http.HttpMessageConvertersAutoConfiguration$StringHttpMessageConverterConfiguration'
2023-07-07T15:12:39.084+05:30 TRACE 10928 --- [           main] o.s.b.f.s.DefaultListableBeanFactory     : Returning cached instance of singleton bean 'environment'
2023-07-07T15:12:39.084+05:30 DEBUG 10928 --- [           main] o.s.b.f.s.DefaultListableBeanFactory     : Autowiring by type from bean name 'stringHttpMessageConverter' via factory method to bean named 'environment'
2023-07-07T15:12:39.091+05:30 TRACE 10928 --- [           main] o.s.b.f.s.DefaultListableBeanFactory     : Finished creating instance of bean 'stringHttpMessageConverter'
2023-07-07T15:12:39.092+05:30 DEBUG 10928 --- [           main] o.s.b.f.s.DefaultListableBeanFactory     : Creating shared instance of singleton bean 'mappingJackson2HttpMessageConverter'
2023-07-07T15:12:39.092+05:30 TRACE 10928 --- [           main] o.s.b.f.s.DefaultListableBeanFactory     : Creating instance of bean 'mappingJackson2HttpMessageConverter'
2023-07-07T15:12:39.092+05:30 DEBUG 10928 --- [           main] o.s.b.f.s.DefaultListableBeanFactory     : Creating shared instance of singleton bean 'org.springframework.boot.autoconfigure.http.JacksonHttpMessageConvertersConfiguration$MappingJackson2HttpMessageConverterConfiguration'
2023-07-07T15:12:39.092+05:30 TRACE 10928 --- [           main] o.s.b.f.s.DefaultListableBeanFactory     : Creating instance of bean 'org.springframework.boot.autoconfigure.http.JacksonHttpMessageConvertersConfiguration$MappingJackson2HttpMessageConverterConfiguration'
2023-07-07T15:12:39.092+05:30 TRACE 10928 --- [           main] o.s.b.f.s.DefaultListableBeanFactory     : Finished creating instance of bean 'org.springframework.boot.autoconfigure.http.JacksonHttpMessageConvertersConfiguration$MappingJackson2HttpMessageConverterConfiguration'
2023-07-07T15:12:39.093+05:30 DEBUG 10928 --- [           main] o.s.b.f.s.DefaultListableBeanFactory     : Creating shared instance of singleton bean 'jacksonObjectMapper'
2023-07-07T15:12:39.093+05:30 TRACE 10928 --- [           main] o.s.b.f.s.DefaultListableBeanFactory     : Creating instance of bean 'jacksonObjectMapper'
2023-07-07T15:12:39.093+05:30 DEBUG 10928 --- [           main] o.s.b.f.s.DefaultListableBeanFactory     : Creating shared instance of singleton bean 'org.springframework.boot.autoconfigure.jackson.JacksonAutoConfiguration$JacksonObjectMapperConfiguration'
2023-07-07T15:12:39.093+05:30 TRACE 10928 --- [           main] o.s.b.f.s.DefaultListableBeanFactory     : Creating instance of bean 'org.springframework.boot.autoconfigure.jackson.JacksonAutoConfiguration$JacksonObjectMapperConfiguration'
2023-07-07T15:12:39.094+05:30 TRACE 10928 --- [           main] o.s.b.f.s.DefaultListableBeanFactory     : Finished creating instance of bean 'org.springframework.boot.autoconfigure.jackson.JacksonAutoConfiguration$JacksonObjectMapperConfiguration'
2023-07-07T15:12:39.094+05:30 TRACE 10928 --- [           main] o.s.b.f.s.DefaultListableBeanFactory     : Creating instance of bean 'jacksonObjectMapperBuilder'
2023-07-07T15:12:39.094+05:30 DEBUG 10928 --- [           main] o.s.b.f.s.DefaultListableBeanFactory     : Creating shared instance of singleton bean 'org.springframework.boot.autoconfigure.jackson.JacksonAutoConfiguration$JacksonObjectMapperBuilderConfiguration'
2023-07-07T15:12:39.094+05:30 TRACE 10928 --- [           main] o.s.b.f.s.DefaultListableBeanFactory     : Creating instance of bean 'org.springframework.boot.autoconfigure.jackson.JacksonAutoConfiguration$JacksonObjectMapperBuilderConfiguration'
2023-07-07T15:12:39.094+05:30 TRACE 10928 --- [           main] o.s.b.f.s.DefaultListableBeanFactory     : Finished creating instance of bean 'org.springframework.boot.autoconfigure.jackson.JacksonAutoConfiguration$JacksonObjectMapperBuilderConfiguration'
2023-07-07T15:12:39.095+05:30 DEBUG 10928 --- [           main] o.s.b.f.s.DefaultListableBeanFactory     : Creating shared instance of singleton bean 'standardJacksonObjectMapperBuilderCustomizer'
2023-07-07T15:12:39.095+05:30 TRACE 10928 --- [           main] o.s.b.f.s.DefaultListableBeanFactory     : Creating instance of bean 'standardJacksonObjectMapperBuilderCustomizer'
2023-07-07T15:12:39.095+05:30 DEBUG 10928 --- [           main] o.s.b.f.s.DefaultListableBeanFactory     : Creating shared instance of singleton bean 'org.springframework.boot.autoconfigure.jackson.JacksonAutoConfiguration$Jackson2ObjectMapperBuilderCustomizerConfiguration'
2023-07-07T15:12:39.095+05:30 TRACE 10928 --- [           main] o.s.b.f.s.DefaultListableBeanFactory     : Creating instance of bean 'org.springframework.boot.autoconfigure.jackson.JacksonAutoConfiguration$Jackson2ObjectMapperBuilderCustomizerConfiguration'
2023-07-07T15:12:39.097+05:30 TRACE 10928 --- [           main] o.s.b.f.s.DefaultListableBeanFactory     : Finished creating instance of bean 'org.springframework.boot.autoconfigure.jackson.JacksonAutoConfiguration$Jackson2ObjectMapperBuilderCustomizerConfiguration'
2023-07-07T15:12:39.097+05:30 DEBUG 10928 --- [           main] o.s.b.f.s.DefaultListableBeanFactory     : Creating shared instance of singleton bean 'spring.jackson-org.springframework.boot.autoconfigure.jackson.JacksonProperties'
2023-07-07T15:12:39.097+05:30 TRACE 10928 --- [           main] o.s.b.f.s.DefaultListableBeanFactory     : Creating instance of bean 'spring.jackson-org.springframework.boot.autoconfigure.jackson.JacksonProperties'
2023-07-07T15:12:39.098+05:30 TRACE 10928 --- [           main] o.s.b.f.s.DefaultListableBeanFactory     : Returning cached instance of singleton bean 'org.springframework.boot.context.properties.BoundConfigurationProperties'
2023-07-07T15:12:39.103+05:30 TRACE 10928 --- [           main] o.s.b.f.s.DefaultListableBeanFactory     : Finished creating instance of bean 'spring.jackson-org.springframework.boot.autoconfigure.jackson.JacksonProperties'
2023-07-07T15:12:39.103+05:30 DEBUG 10928 --- [           main] o.s.b.f.s.DefaultListableBeanFactory     : Autowiring by type from bean name 'standardJacksonObjectMapperBuilderCustomizer' via factory method to bean named 'spring.jackson-org.springframework.boot.autoconfigure.jackson.JacksonProperties'
2023-07-07T15:12:39.104+05:30 DEBUG 10928 --- [           main] o.s.b.f.s.DefaultListableBeanFactory     : Creating shared instance of singleton bean 'parameterNamesModule'
2023-07-07T15:12:39.105+05:30 TRACE 10928 --- [           main] o.s.b.f.s.DefaultListableBeanFactory     : Creating instance of bean 'parameterNamesModule'
2023-07-07T15:12:39.105+05:30 DEBUG 10928 --- [           main] o.s.b.f.s.DefaultListableBeanFactory     : Creating shared instance of singleton bean 'org.springframework.boot.autoconfigure.jackson.JacksonAutoConfiguration$ParameterNamesModuleConfiguration'
2023-07-07T15:12:39.105+05:30 TRACE 10928 --- [           main] o.s.b.f.s.DefaultListableBeanFactory     : Creating instance of bean 'org.springframework.boot.autoconfigure.jackson.JacksonAutoConfiguration$ParameterNamesModuleConfiguration'
2023-07-07T15:12:39.105+05:30 TRACE 10928 --- [           main] o.s.b.f.s.DefaultListableBeanFactory     : Finished creating instance of bean 'org.springframework.boot.autoconfigure.jackson.JacksonAutoConfiguration$ParameterNamesModuleConfiguration'
2023-07-07T15:12:39.109+05:30 TRACE 10928 --- [           main] o.s.b.f.s.DefaultListableBeanFactory     : Finished creating instance of bean 'parameterNamesModule'
2023-07-07T15:12:39.109+05:30 DEBUG 10928 --- [           main] o.s.b.f.s.DefaultListableBeanFactory     : Creating shared instance of singleton bean 'jsonMixinModule'
2023-07-07T15:12:39.109+05:30 TRACE 10928 --- [           main] o.s.b.f.s.DefaultListableBeanFactory     : Creating instance of bean 'jsonMixinModule'
2023-07-07T15:12:39.109+05:30 DEBUG 10928 --- [           main] o.s.b.f.s.DefaultListableBeanFactory     : Creating shared instance of singleton bean 'org.springframework.boot.autoconfigure.jackson.JacksonAutoConfiguration$JacksonMixinConfiguration'
2023-07-07T15:12:39.109+05:30 TRACE 10928 --- [           main] o.s.b.f.s.DefaultListableBeanFactory     : Creating instance of bean 'org.springframework.boot.autoconfigure.jackson.JacksonAutoConfiguration$JacksonMixinConfiguration'
2023-07-07T15:12:39.109+05:30 TRACE 10928 --- [           main] o.s.b.f.s.DefaultListableBeanFactory     : Finished creating instance of bean 'org.springframework.boot.autoconfigure.jackson.JacksonAutoConfiguration$JacksonMixinConfiguration'
2023-07-07T15:12:39.110+05:30 DEBUG 10928 --- [           main] o.s.b.f.s.DefaultListableBeanFactory     : Creating shared instance of singleton bean 'jsonMixinModuleEntries'
2023-07-07T15:12:39.110+05:30 TRACE 10928 --- [           main] o.s.b.f.s.DefaultListableBeanFactory     : Creating instance of bean 'jsonMixinModuleEntries'
2023-07-07T15:12:39.110+05:30 DEBUG 10928 --- [           main] o.s.b.f.s.DefaultListableBeanFactory     : Autowiring by type from bean name 'jsonMixinModuleEntries' via factory method to bean named 'org.springframework.web.context.support.GenericWebApplicationContext@50305a'
2023-07-07T15:12:39.110+05:30 TRACE 10928 --- [           main] o.s.b.f.s.DefaultListableBeanFactory     : Returning cached instance of singleton bean 'org.springframework.boot.autoconfigure.AutoConfigurationPackages'
2023-07-07T15:12:39.111+05:30 DEBUG 10928 --- [           main] o.s.b.a.AutoConfigurationPackages        : @EnableAutoConfiguration was declared on a class in the package 'com.udemy.learnspringboot'. Automatic @Repository and @Entity scanning is enabled.
2023-07-07T15:12:39.111+05:30 TRACE 10928 --- [           main] o.s.b.f.s.DefaultListableBeanFactory     : Returning cached instance of singleton bean 'org.springframework.boot.autoconfigure.AutoConfigurationPackages'
2023-07-07T15:12:39.115+05:30 TRACE 10928 --- [           main] .i.s.PathMatchingResourcePatternResolver : Resolved module-path location pattern [com/udemy/learnspringboot/**/*.class] to resources []
2023-07-07T15:12:39.115+05:30 TRACE 10928 --- [           main] .i.s.PathMatchingResourcePatternResolver : Resolved module-path location pattern [com/udemy/learnspringboot/] to resources []
2023-07-07T15:12:39.116+05:30 TRACE 10928 --- [           main] .i.s.PathMatchingResourcePatternResolver : Resolved classpath location [com/udemy/learnspringboot/] to resources [file [D:\nithin\SPRING BOOT COURSE\Spring-Boot Project WS\learn-spring-boot\target\test-classes\com\udemy\learnspringboot], file [D:\nithin\SPRING BOOT COURSE\Spring-Boot Project WS\learn-spring-boot\target\classes\com\udemy\learnspringboot]]
2023-07-07T15:12:39.116+05:30 TRACE 10928 --- [           main] .i.s.PathMatchingResourcePatternResolver : Searching directory [D:\nithin\SPRING BOOT COURSE\Spring-Boot Project WS\learn-spring-boot\target\test-classes\com\udemy\learnspringboot] for files matching pattern [**/*.class]
2023-07-07T15:12:39.117+05:30 TRACE 10928 --- [           main] .i.s.PathMatchingResourcePatternResolver : Searching directory [D:\nithin\SPRING BOOT COURSE\Spring-Boot Project WS\learn-spring-boot\target\classes\com\udemy\learnspringboot] for files matching pattern [**/*.class]
2023-07-07T15:12:39.118+05:30 TRACE 10928 --- [           main] .i.s.PathMatchingResourcePatternResolver : Resolved location pattern [classpath*:com/udemy/learnspringboot/**/*.class] to resources [file [D:\nithin\SPRING BOOT COURSE\Spring-Boot Project WS\learn-spring-boot\target\test-classes\com\udemy\learnspringboot\LearnSpringBootApplicationTests.class], file [D:\nithin\SPRING BOOT COURSE\Spring-Boot Project WS\learn-spring-boot\target\classes\com\udemy\learnspringboot\Course.class], file [D:\nithin\SPRING BOOT COURSE\Spring-Boot Project WS\learn-spring-boot\target\classes\com\udemy\learnspringboot\CourseController.class], file [D:\nithin\SPRING BOOT COURSE\Spring-Boot Project WS\learn-spring-boot\target\classes\com\udemy\learnspringboot\CurrencyConfigurationController.class], file [D:\nithin\SPRING BOOT COURSE\Spring-Boot Project WS\learn-spring-boot\target\classes\com\udemy\learnspringboot\CurrencyServiceConfiguration.class], file [D:\nithin\SPRING BOOT COURSE\Spring-Boot Project WS\learn-spring-boot\target\classes\com\udemy\learnspringboot\LearnSpringBootApplication.class]]
2023-07-07T15:12:39.118+05:30 TRACE 10928 --- [           main] nModuleEntries$JsonMixinComponentScanner : Scanning file [D:\nithin\SPRING BOOT COURSE\Spring-Boot Project WS\learn-spring-boot\target\test-classes\com\udemy\learnspringboot\LearnSpringBootApplicationTests.class]
2023-07-07T15:12:39.118+05:30 TRACE 10928 --- [           main] nModuleEntries$JsonMixinComponentScanner : Ignored because not matching any filter: file [D:\nithin\SPRING BOOT COURSE\Spring-Boot Project WS\learn-spring-boot\target\test-classes\com\udemy\learnspringboot\LearnSpringBootApplicationTests.class]
2023-07-07T15:12:39.118+05:30 TRACE 10928 --- [           main] nModuleEntries$JsonMixinComponentScanner : Scanning file [D:\nithin\SPRING BOOT COURSE\Spring-Boot Project WS\learn-spring-boot\target\classes\com\udemy\learnspringboot\Course.class]
2023-07-07T15:12:39.118+05:30 TRACE 10928 --- [           main] nModuleEntries$JsonMixinComponentScanner : Ignored because not matching any filter: file [D:\nithin\SPRING BOOT COURSE\Spring-Boot Project WS\learn-spring-boot\target\classes\com\udemy\learnspringboot\Course.class]
2023-07-07T15:12:39.118+05:30 TRACE 10928 --- [           main] nModuleEntries$JsonMixinComponentScanner : Scanning file [D:\nithin\SPRING BOOT COURSE\Spring-Boot Project WS\learn-spring-boot\target\classes\com\udemy\learnspringboot\CourseController.class]
2023-07-07T15:12:39.118+05:30 TRACE 10928 --- [           main] nModuleEntries$JsonMixinComponentScanner : Ignored because not matching any filter: file [D:\nithin\SPRING BOOT COURSE\Spring-Boot Project WS\learn-spring-boot\target\classes\com\udemy\learnspringboot\CourseController.class]
2023-07-07T15:12:39.118+05:30 TRACE 10928 --- [           main] nModuleEntries$JsonMixinComponentScanner : Scanning file [D:\nithin\SPRING BOOT COURSE\Spring-Boot Project WS\learn-spring-boot\target\classes\com\udemy\learnspringboot\CurrencyConfigurationController.class]
2023-07-07T15:12:39.118+05:30 TRACE 10928 --- [           main] nModuleEntries$JsonMixinComponentScanner : Ignored because not matching any filter: file [D:\nithin\SPRING BOOT COURSE\Spring-Boot Project WS\learn-spring-boot\target\classes\com\udemy\learnspringboot\CurrencyConfigurationController.class]
2023-07-07T15:12:39.118+05:30 TRACE 10928 --- [           main] nModuleEntries$JsonMixinComponentScanner : Scanning file [D:\nithin\SPRING BOOT COURSE\Spring-Boot Project WS\learn-spring-boot\target\classes\com\udemy\learnspringboot\CurrencyServiceConfiguration.class]
2023-07-07T15:12:39.118+05:30 TRACE 10928 --- [           main] nModuleEntries$JsonMixinComponentScanner : Ignored because not matching any filter: file [D:\nithin\SPRING BOOT COURSE\Spring-Boot Project WS\learn-spring-boot\target\classes\com\udemy\learnspringboot\CurrencyServiceConfiguration.class]
2023-07-07T15:12:39.118+05:30 TRACE 10928 --- [           main] nModuleEntries$JsonMixinComponentScanner : Scanning file [D:\nithin\SPRING BOOT COURSE\Spring-Boot Project WS\learn-spring-boot\target\classes\com\udemy\learnspringboot\LearnSpringBootApplication.class]
2023-07-07T15:12:39.118+05:30 TRACE 10928 --- [           main] nModuleEntries$JsonMixinComponentScanner : Ignored because not matching any filter: file [D:\nithin\SPRING BOOT COURSE\Spring-Boot Project WS\learn-spring-boot\target\classes\com\udemy\learnspringboot\LearnSpringBootApplication.class]
2023-07-07T15:12:39.119+05:30 TRACE 10928 --- [           main] o.s.b.f.s.DefaultListableBeanFactory     : Finished creating instance of bean 'jsonMixinModuleEntries'
2023-07-07T15:12:39.119+05:30 DEBUG 10928 --- [           main] o.s.b.f.s.DefaultListableBeanFactory     : Autowiring by type from bean name 'jsonMixinModule' via factory method to bean named 'org.springframework.web.context.support.GenericWebApplicationContext@50305a'
2023-07-07T15:12:39.119+05:30 DEBUG 10928 --- [           main] o.s.b.f.s.DefaultListableBeanFactory     : Autowiring by type from bean name 'jsonMixinModule' via factory method to bean named 'jsonMixinModuleEntries'
2023-07-07T15:12:39.120+05:30 TRACE 10928 --- [           main] o.s.b.f.s.DefaultListableBeanFactory     : Finished creating instance of bean 'jsonMixinModule'
2023-07-07T15:12:39.120+05:30 DEBUG 10928 --- [           main] o.s.b.f.s.DefaultListableBeanFactory     : Creating shared instance of singleton bean 'jsonComponentModule'
2023-07-07T15:12:39.121+05:30 TRACE 10928 --- [           main] o.s.b.f.s.DefaultListableBeanFactory     : Creating instance of bean 'jsonComponentModule'
2023-07-07T15:12:39.121+05:30 DEBUG 10928 --- [           main] o.s.b.f.s.DefaultListableBeanFactory     : Creating shared instance of singleton bean 'org.springframework.boot.autoconfigure.jackson.JacksonAutoConfiguration'
2023-07-07T15:12:39.121+05:30 TRACE 10928 --- [           main] o.s.b.f.s.DefaultListableBeanFactory     : Creating instance of bean 'org.springframework.boot.autoconfigure.jackson.JacksonAutoConfiguration'
2023-07-07T15:12:39.121+05:30 TRACE 10928 --- [           main] o.s.b.f.s.DefaultListableBeanFactory     : Finished creating instance of bean 'org.springframework.boot.autoconfigure.jackson.JacksonAutoConfiguration'
2023-07-07T15:12:39.123+05:30 TRACE 10928 --- [           main] o.s.b.f.s.DefaultListableBeanFactory     : Invoking afterPropertiesSet() on bean with name 'jsonComponentModule'
2023-07-07T15:12:39.135+05:30 TRACE 10928 --- [           main] o.s.b.f.s.DefaultListableBeanFactory     : Finished creating instance of bean 'jsonComponentModule'
2023-07-07T15:12:39.136+05:30 TRACE 10928 --- [           main] o.s.b.f.s.DefaultListableBeanFactory     : Finished creating instance of bean 'standardJacksonObjectMapperBuilderCustomizer'
2023-07-07T15:12:39.136+05:30 DEBUG 10928 --- [           main] o.s.b.f.s.DefaultListableBeanFactory     : Autowiring by type from bean name 'jacksonObjectMapperBuilder' via factory method to bean named 'org.springframework.web.context.support.GenericWebApplicationContext@50305a'
2023-07-07T15:12:39.136+05:30 DEBUG 10928 --- [           main] o.s.b.f.s.DefaultListableBeanFactory     : Autowiring by type from bean name 'jacksonObjectMapperBuilder' via factory method to bean named 'standardJacksonObjectMapperBuilderCustomizer'
2023-07-07T15:12:39.140+05:30 TRACE 10928 --- [           main] o.s.b.f.s.DefaultListableBeanFactory     : Finished creating instance of bean 'jacksonObjectMapperBuilder'
2023-07-07T15:12:39.140+05:30 DEBUG 10928 --- [           main] o.s.b.f.s.DefaultListableBeanFactory     : Autowiring by type from bean name 'jacksonObjectMapper' via factory method to bean named 'jacksonObjectMapperBuilder'
2023-07-07T15:12:39.155+05:30 TRACE 10928 --- [           main] o.s.b.f.s.DefaultListableBeanFactory     : Finished creating instance of bean 'jacksonObjectMapper'
2023-07-07T15:12:39.155+05:30 DEBUG 10928 --- [           main] o.s.b.f.s.DefaultListableBeanFactory     : Autowiring by type from bean name 'mappingJackson2HttpMessageConverter' via factory method to bean named 'jacksonObjectMapper'
2023-07-07T15:12:39.156+05:30 TRACE 10928 --- [           main] o.s.b.f.s.DefaultListableBeanFactory     : Finished creating instance of bean 'mappingJackson2HttpMessageConverter'
2023-07-07T15:12:39.156+05:30 TRACE 10928 --- [           main] o.s.b.f.s.DefaultListableBeanFactory     : Returning cached instance of singleton bean 'stringHttpMessageConverter'
2023-07-07T15:12:39.156+05:30 TRACE 10928 --- [           main] o.s.b.f.s.DefaultListableBeanFactory     : Returning cached instance of singleton bean 'mappingJackson2HttpMessageConverter'
2023-07-07T15:12:39.161+05:30 TRACE 10928 --- [           main] o.s.b.f.s.DefaultListableBeanFactory     : Finished creating instance of bean 'messageConverters'
2023-07-07T15:12:39.165+05:30 DEBUG 10928 --- [           main] o.s.b.f.s.DefaultListableBeanFactory     : Creating shared instance of singleton bean 'applicationTaskExecutor'
2023-07-07T15:12:39.165+05:30 TRACE 10928 --- [           main] o.s.b.f.s.DefaultListableBeanFactory     : Creating instance of bean 'applicationTaskExecutor'
2023-07-07T15:12:39.165+05:30 TRACE 10928 --- [           main] o.s.b.f.s.DefaultListableBeanFactory     : Returning cached instance of singleton bean 'org.springframework.boot.autoconfigure.task.TaskExecutionAutoConfiguration'
2023-07-07T15:12:39.165+05:30 TRACE 10928 --- [           main] o.s.b.f.s.DefaultListableBeanFactory     : Returning cached instance of singleton bean 'taskExecutorBuilder'
2023-07-07T15:12:39.166+05:30 DEBUG 10928 --- [           main] o.s.b.f.s.DefaultListableBeanFactory     : Autowiring by type from bean name 'applicationTaskExecutor' via factory method to bean named 'taskExecutorBuilder'
2023-07-07T15:12:39.171+05:30 TRACE 10928 --- [           main] o.s.b.f.s.DefaultListableBeanFactory     : Invoking afterPropertiesSet() on bean with name 'applicationTaskExecutor'
2023-07-07T15:12:39.172+05:30 DEBUG 10928 --- [           main] o.s.s.concurrent.ThreadPoolTaskExecutor  : Initializing ExecutorService 'applicationTaskExecutor'
2023-07-07T15:12:39.172+05:30 TRACE 10928 --- [           main] o.s.b.f.s.DefaultListableBeanFactory     : Finished creating instance of bean 'applicationTaskExecutor'
2023-07-07T15:12:39.178+05:30 TRACE 10928 --- [           main] o.s.b.f.s.DefaultListableBeanFactory     : Invoking afterPropertiesSet() on bean with name 'requestMappingHandlerAdapter'
2023-07-07T15:12:39.184+05:30 DEBUG 10928 --- [           main] s.w.s.m.m.a.RequestMappingHandlerAdapter : ControllerAdvice beans: 0 @ModelAttribute, 0 @InitBinder, 1 RequestBodyAdvice, 1 ResponseBodyAdvice
2023-07-07T15:12:39.222+05:30 TRACE 10928 --- [           main] o.s.b.f.s.DefaultListableBeanFactory     : Finished creating instance of bean 'requestMappingHandlerAdapter'
2023-07-07T15:12:39.222+05:30 DEBUG 10928 --- [           main] o.s.b.f.s.DefaultListableBeanFactory     : Creating shared instance of singleton bean 'welcomePageHandlerMapping'
2023-07-07T15:12:39.222+05:30 TRACE 10928 --- [           main] o.s.b.f.s.DefaultListableBeanFactory     : Creating instance of bean 'welcomePageHandlerMapping'
2023-07-07T15:12:39.222+05:30 TRACE 10928 --- [           main] o.s.b.f.s.DefaultListableBeanFactory     : Returning cached instance of singleton bean 'org.springframework.boot.autoconfigure.web.servlet.WebMvcAutoConfiguration$EnableWebMvcConfiguration'
2023-07-07T15:12:39.223+05:30 TRACE 10928 --- [           main] o.s.b.f.s.DefaultListableBeanFactory     : Returning cached instance of singleton bean 'mvcConversionService'
2023-07-07T15:12:39.223+05:30 DEBUG 10928 --- [           main] o.s.b.f.s.DefaultListableBeanFactory     : Creating shared instance of singleton bean 'mvcResourceUrlProvider'
2023-07-07T15:12:39.223+05:30 TRACE 10928 --- [           main] o.s.b.f.s.DefaultListableBeanFactory     : Creating instance of bean 'mvcResourceUrlProvider'
2023-07-07T15:12:39.223+05:30 TRACE 10928 --- [           main] o.s.b.f.s.DefaultListableBeanFactory     : Returning cached instance of singleton bean 'org.springframework.boot.autoconfigure.web.servlet.WebMvcAutoConfiguration$EnableWebMvcConfiguration'
2023-07-07T15:12:39.225+05:30 TRACE 10928 --- [           main] o.s.b.f.s.DefaultListableBeanFactory     : Finished creating instance of bean 'mvcResourceUrlProvider'
2023-07-07T15:12:39.225+05:30 DEBUG 10928 --- [           main] o.s.b.f.s.DefaultListableBeanFactory     : Autowiring by type from bean name 'welcomePageHandlerMapping' via factory method to bean named 'org.springframework.web.context.support.GenericWebApplicationContext@50305a'
2023-07-07T15:12:39.225+05:30 DEBUG 10928 --- [           main] o.s.b.f.s.DefaultListableBeanFactory     : Autowiring by type from bean name 'welcomePageHandlerMapping' via factory method to bean named 'mvcConversionService'
2023-07-07T15:12:39.225+05:30 DEBUG 10928 --- [           main] o.s.b.f.s.DefaultListableBeanFactory     : Autowiring by type from bean name 'welcomePageHandlerMapping' via factory method to bean named 'mvcResourceUrlProvider'
2023-07-07T15:12:39.227+05:30 TRACE 10928 --- [           main] o.s.c.io.support.SpringFactoriesLoader   : Loaded [org.springframework.boot.autoconfigure.template.TemplateAvailabilityProvider] names: [org.springframework.boot.autoconfigure.freemarker.FreeMarkerTemplateAvailabilityProvider, org.springframework.boot.autoconfigure.mustache.MustacheTemplateAvailabilityProvider, org.springframework.boot.autoconfigure.groovy.template.GroovyTemplateAvailabilityProvider, org.springframework.boot.autoconfigure.thymeleaf.ThymeleafTemplateAvailabilityProvider, org.springframework.boot.autoconfigure.web.servlet.JspTemplateAvailabilityProvider]
2023-07-07T15:12:39.241+05:30 TRACE 10928 --- [           main] o.s.b.f.s.DefaultListableBeanFactory     : Finished creating instance of bean 'welcomePageHandlerMapping'
2023-07-07T15:12:39.241+05:30 DEBUG 10928 --- [           main] o.s.b.f.s.DefaultListableBeanFactory     : Creating shared instance of singleton bean 'welcomePageNotAcceptableHandlerMapping'
2023-07-07T15:12:39.241+05:30 TRACE 10928 --- [           main] o.s.b.f.s.DefaultListableBeanFactory     : Creating instance of bean 'welcomePageNotAcceptableHandlerMapping'
2023-07-07T15:12:39.241+05:30 TRACE 10928 --- [           main] o.s.b.f.s.DefaultListableBeanFactory     : Returning cached instance of singleton bean 'org.springframework.boot.autoconfigure.web.servlet.WebMvcAutoConfiguration$EnableWebMvcConfiguration'
2023-07-07T15:12:39.241+05:30 TRACE 10928 --- [           main] o.s.b.f.s.DefaultListableBeanFactory     : Returning cached instance of singleton bean 'mvcConversionService'
2023-07-07T15:12:39.241+05:30 TRACE 10928 --- [           main] o.s.b.f.s.DefaultListableBeanFactory     : Returning cached instance of singleton bean 'mvcResourceUrlProvider'
2023-07-07T15:12:39.241+05:30 DEBUG 10928 --- [           main] o.s.b.f.s.DefaultListableBeanFactory     : Autowiring by type from bean name 'welcomePageNotAcceptableHandlerMapping' via factory method to bean named 'org.springframework.web.context.support.GenericWebApplicationContext@50305a'
2023-07-07T15:12:39.241+05:30 DEBUG 10928 --- [           main] o.s.b.f.s.DefaultListableBeanFactory     : Autowiring by type from bean name 'welcomePageNotAcceptableHandlerMapping' via factory method to bean named 'mvcConversionService'
2023-07-07T15:12:39.241+05:30 DEBUG 10928 --- [           main] o.s.b.f.s.DefaultListableBeanFactory     : Autowiring by type from bean name 'welcomePageNotAcceptableHandlerMapping' via factory method to bean named 'mvcResourceUrlProvider'
2023-07-07T15:12:39.242+05:30 TRACE 10928 --- [           main] o.s.c.io.support.SpringFactoriesLoader   : Loaded [org.springframework.boot.autoconfigure.template.TemplateAvailabilityProvider] names: [org.springframework.boot.autoconfigure.freemarker.FreeMarkerTemplateAvailabilityProvider, org.springframework.boot.autoconfigure.mustache.MustacheTemplateAvailabilityProvider, org.springframework.boot.autoconfigure.groovy.template.GroovyTemplateAvailabilityProvider, org.springframework.boot.autoconfigure.thymeleaf.ThymeleafTemplateAvailabilityProvider, org.springframework.boot.autoconfigure.web.servlet.JspTemplateAvailabilityProvider]
2023-07-07T15:12:39.246+05:30 TRACE 10928 --- [           main] o.s.b.f.s.DefaultListableBeanFactory     : Finished creating instance of bean 'welcomePageNotAcceptableHandlerMapping'
2023-07-07T15:12:39.246+05:30 DEBUG 10928 --- [           main] o.s.b.f.s.DefaultListableBeanFactory     : Creating shared instance of singleton bean 'localeResolver'
2023-07-07T15:12:39.246+05:30 TRACE 10928 --- [           main] o.s.b.f.s.DefaultListableBeanFactory     : Creating instance of bean 'localeResolver'
2023-07-07T15:12:39.246+05:30 TRACE 10928 --- [           main] o.s.b.f.s.DefaultListableBeanFactory     : Returning cached instance of singleton bean 'org.springframework.boot.autoconfigure.web.servlet.WebMvcAutoConfiguration$EnableWebMvcConfiguration'
2023-07-07T15:12:39.248+05:30 TRACE 10928 --- [           main] o.s.b.f.s.DefaultListableBeanFactory     : Finished creating instance of bean 'localeResolver'
2023-07-07T15:12:39.248+05:30 DEBUG 10928 --- [           main] o.s.b.f.s.DefaultListableBeanFactory     : Creating shared instance of singleton bean 'themeResolver'
2023-07-07T15:12:39.248+05:30 TRACE 10928 --- [           main] o.s.b.f.s.DefaultListableBeanFactory     : Creating instance of bean 'themeResolver'
2023-07-07T15:12:39.248+05:30 TRACE 10928 --- [           main] o.s.b.f.s.DefaultListableBeanFactory     : Returning cached instance of singleton bean 'org.springframework.boot.autoconfigure.web.servlet.WebMvcAutoConfiguration$EnableWebMvcConfiguration'
2023-07-07T15:12:39.249+05:30 TRACE 10928 --- [           main] o.s.b.f.s.DefaultListableBeanFactory     : Finished creating instance of bean 'themeResolver'
2023-07-07T15:12:39.249+05:30 DEBUG 10928 --- [           main] o.s.b.f.s.DefaultListableBeanFactory     : Creating shared instance of singleton bean 'flashMapManager'
2023-07-07T15:12:39.249+05:30 TRACE 10928 --- [           main] o.s.b.f.s.DefaultListableBeanFactory     : Creating instance of bean 'flashMapManager'
2023-07-07T15:12:39.249+05:30 TRACE 10928 --- [           main] o.s.b.f.s.DefaultListableBeanFactory     : Returning cached instance of singleton bean 'org.springframework.boot.autoconfigure.web.servlet.WebMvcAutoConfiguration$EnableWebMvcConfiguration'
2023-07-07T15:12:39.253+05:30 TRACE 10928 --- [           main] o.s.b.f.s.DefaultListableBeanFactory     : Finished creating instance of bean 'flashMapManager'
2023-07-07T15:12:39.253+05:30 TRACE 10928 --- [           main] o.s.b.f.s.DefaultListableBeanFactory     : Returning cached instance of singleton bean 'mvcConversionService'
2023-07-07T15:12:39.253+05:30 TRACE 10928 --- [           main] o.s.b.f.s.DefaultListableBeanFactory     : Returning cached instance of singleton bean 'mvcValidator'
2023-07-07T15:12:39.253+05:30 TRACE 10928 --- [           main] o.s.b.f.s.DefaultListableBeanFactory     : Returning cached instance of singleton bean 'mvcContentNegotiationManager'
2023-07-07T15:12:39.253+05:30 DEBUG 10928 --- [           main] o.s.b.f.s.DefaultListableBeanFactory     : Creating shared instance of singleton bean 'requestMappingHandlerMapping'
2023-07-07T15:12:39.253+05:30 TRACE 10928 --- [           main] o.s.b.f.s.DefaultListableBeanFactory     : Creating instance of bean 'requestMappingHandlerMapping'
2023-07-07T15:12:39.253+05:30 TRACE 10928 --- [           main] o.s.b.f.s.DefaultListableBeanFactory     : Returning cached instance of singleton bean 'org.springframework.boot.autoconfigure.web.servlet.WebMvcAutoConfiguration$EnableWebMvcConfiguration'
2023-07-07T15:12:39.254+05:30 TRACE 10928 --- [           main] o.s.b.f.s.DefaultListableBeanFactory     : Returning cached instance of singleton bean 'mvcContentNegotiationManager'
2023-07-07T15:12:39.254+05:30 TRACE 10928 --- [           main] o.s.b.f.s.DefaultListableBeanFactory     : Returning cached instance of singleton bean 'mvcConversionService'
2023-07-07T15:12:39.254+05:30 TRACE 10928 --- [           main] o.s.b.f.s.DefaultListableBeanFactory     : Returning cached instance of singleton bean 'mvcResourceUrlProvider'
2023-07-07T15:12:39.254+05:30 DEBUG 10928 --- [           main] o.s.b.f.s.DefaultListableBeanFactory     : Autowiring by type from bean name 'requestMappingHandlerMapping' via factory method to bean named 'mvcContentNegotiationManager'
2023-07-07T15:12:39.254+05:30 DEBUG 10928 --- [           main] o.s.b.f.s.DefaultListableBeanFactory     : Autowiring by type from bean name 'requestMappingHandlerMapping' via factory method to bean named 'mvcConversionService'
2023-07-07T15:12:39.254+05:30 DEBUG 10928 --- [           main] o.s.b.f.s.DefaultListableBeanFactory     : Autowiring by type from bean name 'requestMappingHandlerMapping' via factory method to bean named 'mvcResourceUrlProvider'
2023-07-07T15:12:39.268+05:30 TRACE 10928 --- [           main] o.s.b.f.s.DefaultListableBeanFactory     : Invoking afterPropertiesSet() on bean with name 'requestMappingHandlerMapping'
2023-07-07T15:12:39.301+05:30 TRACE 10928 --- [           main] s.w.s.m.m.a.RequestMappingHandlerMapping : 
	c.u.l.CourseController:
	{ [/course]}: retrieveAllCourse()
2023-07-07T15:12:39.302+05:30 TRACE 10928 --- [           main] s.w.s.m.m.a.RequestMappingHandlerMapping : 
	c.u.l.CurrencyConfigurationController:
	{ [/currency-service]}: retrieveAllCourse()
2023-07-07T15:12:39.303+05:30 TRACE 10928 --- [           main] o.s.c.e.PropertySourcesPropertyResolver  : Searching for key 'error.path:/error' in PropertySource 'environmentProperties'
2023-07-07T15:12:39.303+05:30 TRACE 10928 --- [           main] ySourcesPropertyResolver$DefaultResolver : Searching for key 'error.path:/error' in PropertySource 'configurationProperties'
2023-07-07T15:12:39.303+05:30 TRACE 10928 --- [           main] ySourcesPropertyResolver$DefaultResolver : Searching for key 'error.path:/error' in PropertySource 'test'
2023-07-07T15:12:39.303+05:30 TRACE 10928 --- [           main] ySourcesPropertyResolver$DefaultResolver : Searching for key 'error.path:/error' in PropertySource 'Inlined Test Properties'
2023-07-07T15:12:39.303+05:30 TRACE 10928 --- [           main] ySourcesPropertyResolver$DefaultResolver : Searching for key 'error.path:/error' in PropertySource 'servletConfigInitParams'
2023-07-07T15:12:39.303+05:30 TRACE 10928 --- [           main] ySourcesPropertyResolver$DefaultResolver : Searching for key 'error.path:/error' in PropertySource 'servletContextInitParams'
2023-07-07T15:12:39.303+05:30 TRACE 10928 --- [           main] ySourcesPropertyResolver$DefaultResolver : Searching for key 'error.path:/error' in PropertySource 'systemProperties'
2023-07-07T15:12:39.303+05:30 TRACE 10928 --- [           main] ySourcesPropertyResolver$DefaultResolver : Searching for key 'error.path:/error' in PropertySource 'systemEnvironment'
2023-07-07T15:12:39.303+05:30 TRACE 10928 --- [           main] ySourcesPropertyResolver$DefaultResolver : Searching for key 'error.path:/error' in PropertySource 'random'
2023-07-07T15:12:39.303+05:30 TRACE 10928 --- [           main] ySourcesPropertyResolver$DefaultResolver : Searching for key 'error.path:/error' in PropertySource 'Config resource 'class path resource [application-dev.properties]' via location 'optional:classpath:/''
2023-07-07T15:12:39.303+05:30 TRACE 10928 --- [           main] ySourcesPropertyResolver$DefaultResolver : Searching for key 'error.path:/error' in PropertySource 'Config resource 'class path resource [application.properties]' via location 'optional:classpath:/''
2023-07-07T15:12:39.303+05:30 TRACE 10928 --- [           main] ySourcesPropertyResolver$DefaultResolver : Could not find key 'error.path:/error' in any property source
2023-07-07T15:12:39.303+05:30 TRACE 10928 --- [           main] o.s.c.e.PropertySourcesPropertyResolver  : Searching for key 'error.path:/error' in PropertySource 'localProperties'
2023-07-07T15:12:39.303+05:30 TRACE 10928 --- [           main] o.s.c.e.PropertySourcesPropertyResolver  : Could not find key 'error.path:/error' in any property source
2023-07-07T15:12:39.303+05:30 TRACE 10928 --- [           main] o.s.c.e.PropertySourcesPropertyResolver  : Searching for key 'error.path' in PropertySource 'environmentProperties'
2023-07-07T15:12:39.304+05:30 TRACE 10928 --- [           main] o.s.c.e.PropertySourcesPropertyResolver  : Searching for key 'error.path' in PropertySource 'localProperties'
2023-07-07T15:12:39.304+05:30 TRACE 10928 --- [           main] o.s.c.e.PropertySourcesPropertyResolver  : Could not find key 'error.path' in any property source
2023-07-07T15:12:39.304+05:30 TRACE 10928 --- [           main] o.s.util.PropertyPlaceholderHelper       : Resolved placeholder 'error.path:/error'
2023-07-07T15:12:39.304+05:30 TRACE 10928 --- [           main] o.s.c.e.PropertySourcesPropertyResolver  : Searching for key 'server.error.path:/error' in PropertySource 'environmentProperties'
2023-07-07T15:12:39.304+05:30 TRACE 10928 --- [           main] ySourcesPropertyResolver$DefaultResolver : Searching for key 'server.error.path:/error' in PropertySource 'configurationProperties'
2023-07-07T15:12:39.304+05:30 TRACE 10928 --- [           main] ySourcesPropertyResolver$DefaultResolver : Searching for key 'server.error.path:/error' in PropertySource 'test'
2023-07-07T15:12:39.304+05:30 TRACE 10928 --- [           main] ySourcesPropertyResolver$DefaultResolver : Searching for key 'server.error.path:/error' in PropertySource 'Inlined Test Properties'
2023-07-07T15:12:39.304+05:30 TRACE 10928 --- [           main] ySourcesPropertyResolver$DefaultResolver : Searching for key 'server.error.path:/error' in PropertySource 'servletConfigInitParams'
2023-07-07T15:12:39.304+05:30 TRACE 10928 --- [           main] ySourcesPropertyResolver$DefaultResolver : Searching for key 'server.error.path:/error' in PropertySource 'servletContextInitParams'
2023-07-07T15:12:39.304+05:30 TRACE 10928 --- [           main] ySourcesPropertyResolver$DefaultResolver : Searching for key 'server.error.path:/error' in PropertySource 'systemProperties'
2023-07-07T15:12:39.304+05:30 TRACE 10928 --- [           main] ySourcesPropertyResolver$DefaultResolver : Searching for key 'server.error.path:/error' in PropertySource 'systemEnvironment'
2023-07-07T15:12:39.304+05:30 TRACE 10928 --- [           main] ySourcesPropertyResolver$DefaultResolver : Searching for key 'server.error.path:/error' in PropertySource 'random'
2023-07-07T15:12:39.304+05:30 TRACE 10928 --- [           main] ySourcesPropertyResolver$DefaultResolver : Searching for key 'server.error.path:/error' in PropertySource 'Config resource 'class path resource [application-dev.properties]' via location 'optional:classpath:/''
2023-07-07T15:12:39.304+05:30 TRACE 10928 --- [           main] ySourcesPropertyResolver$DefaultResolver : Searching for key 'server.error.path:/error' in PropertySource 'Config resource 'class path resource [application.properties]' via location 'optional:classpath:/''
2023-07-07T15:12:39.304+05:30 TRACE 10928 --- [           main] ySourcesPropertyResolver$DefaultResolver : Could not find key 'server.error.path:/error' in any property source
2023-07-07T15:12:39.304+05:30 TRACE 10928 --- [           main] o.s.c.e.PropertySourcesPropertyResolver  : Searching for key 'server.error.path:/error' in PropertySource 'localProperties'
2023-07-07T15:12:39.304+05:30 TRACE 10928 --- [           main] o.s.c.e.PropertySourcesPropertyResolver  : Could not find key 'server.error.path:/error' in any property source
2023-07-07T15:12:39.304+05:30 TRACE 10928 --- [           main] o.s.c.e.PropertySourcesPropertyResolver  : Searching for key 'server.error.path' in PropertySource 'environmentProperties'
2023-07-07T15:12:39.304+05:30 TRACE 10928 --- [           main] o.s.c.e.PropertySourcesPropertyResolver  : Searching for key 'server.error.path' in PropertySource 'localProperties'
2023-07-07T15:12:39.304+05:30 TRACE 10928 --- [           main] o.s.c.e.PropertySourcesPropertyResolver  : Could not find key 'server.error.path' in any property source
2023-07-07T15:12:39.304+05:30 TRACE 10928 --- [           main] o.s.util.PropertyPlaceholderHelper       : Resolved placeholder 'server.error.path:/error'
2023-07-07T15:12:39.304+05:30 TRACE 10928 --- [           main] o.s.c.e.PropertySourcesPropertyResolver  : Searching for key 'error.path:/error' in PropertySource 'environmentProperties'
2023-07-07T15:12:39.304+05:30 TRACE 10928 --- [           main] ySourcesPropertyResolver$DefaultResolver : Searching for key 'error.path:/error' in PropertySource 'configurationProperties'
2023-07-07T15:12:39.304+05:30 TRACE 10928 --- [           main] ySourcesPropertyResolver$DefaultResolver : Searching for key 'error.path:/error' in PropertySource 'test'
2023-07-07T15:12:39.304+05:30 TRACE 10928 --- [           main] ySourcesPropertyResolver$DefaultResolver : Searching for key 'error.path:/error' in PropertySource 'Inlined Test Properties'
2023-07-07T15:12:39.304+05:30 TRACE 10928 --- [           main] ySourcesPropertyResolver$DefaultResolver : Searching for key 'error.path:/error' in PropertySource 'servletConfigInitParams'
2023-07-07T15:12:39.304+05:30 TRACE 10928 --- [           main] ySourcesPropertyResolver$DefaultResolver : Searching for key 'error.path:/error' in PropertySource 'servletContextInitParams'
2023-07-07T15:12:39.304+05:30 TRACE 10928 --- [           main] ySourcesPropertyResolver$DefaultResolver : Searching for key 'error.path:/error' in PropertySource 'systemProperties'
2023-07-07T15:12:39.304+05:30 TRACE 10928 --- [           main] ySourcesPropertyResolver$DefaultResolver : Searching for key 'error.path:/error' in PropertySource 'systemEnvironment'
2023-07-07T15:12:39.304+05:30 TRACE 10928 --- [           main] ySourcesPropertyResolver$DefaultResolver : Searching for key 'error.path:/error' in PropertySource 'random'
2023-07-07T15:12:39.304+05:30 TRACE 10928 --- [           main] ySourcesPropertyResolver$DefaultResolver : Searching for key 'error.path:/error' in PropertySource 'Config resource 'class path resource [application-dev.properties]' via location 'optional:classpath:/''
2023-07-07T15:12:39.304+05:30 TRACE 10928 --- [           main] ySourcesPropertyResolver$DefaultResolver : Searching for key 'error.path:/error' in PropertySource 'Config resource 'class path resource [application.properties]' via location 'optional:classpath:/''
2023-07-07T15:12:39.304+05:30 TRACE 10928 --- [           main] ySourcesPropertyResolver$DefaultResolver : Could not find key 'error.path:/error' in any property source
2023-07-07T15:12:39.304+05:30 TRACE 10928 --- [           main] o.s.c.e.PropertySourcesPropertyResolver  : Searching for key 'error.path:/error' in PropertySource 'localProperties'
2023-07-07T15:12:39.304+05:30 TRACE 10928 --- [           main] o.s.c.e.PropertySourcesPropertyResolver  : Could not find key 'error.path:/error' in any property source
2023-07-07T15:12:39.304+05:30 TRACE 10928 --- [           main] o.s.c.e.PropertySourcesPropertyResolver  : Searching for key 'error.path' in PropertySource 'environmentProperties'
2023-07-07T15:12:39.304+05:30 TRACE 10928 --- [           main] o.s.c.e.PropertySourcesPropertyResolver  : Searching for key 'error.path' in PropertySource 'localProperties'
2023-07-07T15:12:39.306+05:30 TRACE 10928 --- [           main] o.s.c.e.PropertySourcesPropertyResolver  : Could not find key 'error.path' in any property source
2023-07-07T15:12:39.306+05:30 TRACE 10928 --- [           main] o.s.util.PropertyPlaceholderHelper       : Resolved placeholder 'error.path:/error'
2023-07-07T15:12:39.306+05:30 TRACE 10928 --- [           main] o.s.c.e.PropertySourcesPropertyResolver  : Searching for key 'server.error.path:/error' in PropertySource 'environmentProperties'
2023-07-07T15:12:39.306+05:30 TRACE 10928 --- [           main] ySourcesPropertyResolver$DefaultResolver : Searching for key 'server.error.path:/error' in PropertySource 'configurationProperties'
2023-07-07T15:12:39.306+05:30 TRACE 10928 --- [           main] ySourcesPropertyResolver$DefaultResolver : Searching for key 'server.error.path:/error' in PropertySource 'test'
2023-07-07T15:12:39.306+05:30 TRACE 10928 --- [           main] ySourcesPropertyResolver$DefaultResolver : Searching for key 'server.error.path:/error' in PropertySource 'Inlined Test Properties'
2023-07-07T15:12:39.306+05:30 TRACE 10928 --- [           main] ySourcesPropertyResolver$DefaultResolver : Searching for key 'server.error.path:/error' in PropertySource 'servletConfigInitParams'
2023-07-07T15:12:39.306+05:30 TRACE 10928 --- [           main] ySourcesPropertyResolver$DefaultResolver : Searching for key 'server.error.path:/error' in PropertySource 'servletContextInitParams'
2023-07-07T15:12:39.306+05:30 TRACE 10928 --- [           main] ySourcesPropertyResolver$DefaultResolver : Searching for key 'server.error.path:/error' in PropertySource 'systemProperties'
2023-07-07T15:12:39.306+05:30 TRACE 10928 --- [           main] ySourcesPropertyResolver$DefaultResolver : Searching for key 'server.error.path:/error' in PropertySource 'systemEnvironment'
2023-07-07T15:12:39.306+05:30 TRACE 10928 --- [           main] ySourcesPropertyResolver$DefaultResolver : Searching for key 'server.error.path:/error' in PropertySource 'random'
2023-07-07T15:12:39.306+05:30 TRACE 10928 --- [           main] ySourcesPropertyResolver$DefaultResolver : Searching for key 'server.error.path:/error' in PropertySource 'Config resource 'class path resource [application-dev.properties]' via location 'optional:classpath:/''
2023-07-07T15:12:39.306+05:30 TRACE 10928 --- [           main] ySourcesPropertyResolver$DefaultResolver : Searching for key 'server.error.path:/error' in PropertySource 'Config resource 'class path resource [application.properties]' via location 'optional:classpath:/''
2023-07-07T15:12:39.306+05:30 TRACE 10928 --- [           main] ySourcesPropertyResolver$DefaultResolver : Could not find key 'server.error.path:/error' in any property source
2023-07-07T15:12:39.306+05:30 TRACE 10928 --- [           main] o.s.c.e.PropertySourcesPropertyResolver  : Searching for key 'server.error.path:/error' in PropertySource 'localProperties'
2023-07-07T15:12:39.306+05:30 TRACE 10928 --- [           main] o.s.c.e.PropertySourcesPropertyResolver  : Could not find key 'server.error.path:/error' in any property source
2023-07-07T15:12:39.306+05:30 TRACE 10928 --- [           main] o.s.c.e.PropertySourcesPropertyResolver  : Searching for key 'server.error.path' in PropertySource 'environmentProperties'
2023-07-07T15:12:39.306+05:30 TRACE 10928 --- [           main] o.s.c.e.PropertySourcesPropertyResolver  : Searching for key 'server.error.path' in PropertySource 'localProperties'
2023-07-07T15:12:39.306+05:30 TRACE 10928 --- [           main] o.s.c.e.PropertySourcesPropertyResolver  : Could not find key 'server.error.path' in any property source
2023-07-07T15:12:39.306+05:30 TRACE 10928 --- [           main] o.s.util.PropertyPlaceholderHelper       : Resolved placeholder 'server.error.path:/error'
2023-07-07T15:12:39.307+05:30 TRACE 10928 --- [           main] s.w.s.m.m.a.RequestMappingHandlerMapping : 
	o.s.b.a.w.s.e.BasicErrorController:
	{ [/error]}: error(HttpServletRequest)
	{ [/error], produces [text/html]}: errorHtml(HttpServletRequest,HttpServletResponse)
2023-07-07T15:12:39.312+05:30 DEBUG 10928 --- [           main] s.w.s.m.m.a.RequestMappingHandlerMapping : 4 mappings in 'requestMappingHandlerMapping'
2023-07-07T15:12:39.312+05:30 TRACE 10928 --- [           main] o.s.b.f.s.DefaultListableBeanFactory     : Finished creating instance of bean 'requestMappingHandlerMapping'
2023-07-07T15:12:39.312+05:30 DEBUG 10928 --- [           main] o.s.b.f.s.DefaultListableBeanFactory     : Creating shared instance of singleton bean 'mvcPatternParser'
2023-07-07T15:12:39.312+05:30 TRACE 10928 --- [           main] o.s.b.f.s.DefaultListableBeanFactory     : Creating instance of bean 'mvcPatternParser'
2023-07-07T15:12:39.312+05:30 TRACE 10928 --- [           main] o.s.b.f.s.DefaultListableBeanFactory     : Returning cached instance of singleton bean 'org.springframework.boot.autoconfigure.web.servlet.WebMvcAutoConfiguration$EnableWebMvcConfiguration'
2023-07-07T15:12:39.313+05:30 TRACE 10928 --- [           main] o.s.b.f.s.DefaultListableBeanFactory     : Finished creating instance of bean 'mvcPatternParser'
2023-07-07T15:12:39.313+05:30 DEBUG 10928 --- [           main] o.s.b.f.s.DefaultListableBeanFactory     : Creating shared instance of singleton bean 'mvcUrlPathHelper'
2023-07-07T15:12:39.313+05:30 TRACE 10928 --- [           main] o.s.b.f.s.DefaultListableBeanFactory     : Creating instance of bean 'mvcUrlPathHelper'
2023-07-07T15:12:39.313+05:30 TRACE 10928 --- [           main] o.s.b.f.s.DefaultListableBeanFactory     : Returning cached instance of singleton bean 'org.springframework.boot.autoconfigure.web.servlet.WebMvcAutoConfiguration$EnableWebMvcConfiguration'
2023-07-07T15:12:39.314+05:30 TRACE 10928 --- [           main] o.s.b.f.s.DefaultListableBeanFactory     : Finished creating instance of bean 'mvcUrlPathHelper'
2023-07-07T15:12:39.314+05:30 DEBUG 10928 --- [           main] o.s.b.f.s.DefaultListableBeanFactory     : Creating shared instance of singleton bean 'mvcPathMatcher'
2023-07-07T15:12:39.314+05:30 TRACE 10928 --- [           main] o.s.b.f.s.DefaultListableBeanFactory     : Creating instance of bean 'mvcPathMatcher'
2023-07-07T15:12:39.314+05:30 TRACE 10928 --- [           main] o.s.b.f.s.DefaultListableBeanFactory     : Returning cached instance of singleton bean 'org.springframework.boot.autoconfigure.web.servlet.WebMvcAutoConfiguration$EnableWebMvcConfiguration'
2023-07-07T15:12:39.314+05:30 TRACE 10928 --- [           main] o.s.b.f.s.DefaultListableBeanFactory     : Finished creating instance of bean 'mvcPathMatcher'
2023-07-07T15:12:39.314+05:30 DEBUG 10928 --- [           main] o.s.b.f.s.DefaultListableBeanFactory     : Creating shared instance of singleton bean 'viewControllerHandlerMapping'
2023-07-07T15:12:39.314+05:30 TRACE 10928 --- [           main] o.s.b.f.s.DefaultListableBeanFactory     : Creating instance of bean 'viewControllerHandlerMapping'
2023-07-07T15:12:39.315+05:30 TRACE 10928 --- [           main] o.s.b.f.s.DefaultListableBeanFactory     : Returning cached instance of singleton bean 'org.springframework.boot.autoconfigure.web.servlet.WebMvcAutoConfiguration$EnableWebMvcConfiguration'
2023-07-07T15:12:39.315+05:30 TRACE 10928 --- [           main] o.s.b.f.s.DefaultListableBeanFactory     : Returning cached instance of singleton bean 'mvcConversionService'
2023-07-07T15:12:39.315+05:30 TRACE 10928 --- [           main] o.s.b.f.s.DefaultListableBeanFactory     : Returning cached instance of singleton bean 'mvcResourceUrlProvider'
2023-07-07T15:12:39.315+05:30 DEBUG 10928 --- [           main] o.s.b.f.s.DefaultListableBeanFactory     : Autowiring by type from bean name 'viewControllerHandlerMapping' via factory method to bean named 'mvcConversionService'
2023-07-07T15:12:39.315+05:30 DEBUG 10928 --- [           main] o.s.b.f.s.DefaultListableBeanFactory     : Autowiring by type from bean name 'viewControllerHandlerMapping' via factory method to bean named 'mvcResourceUrlProvider'
2023-07-07T15:12:39.316+05:30 TRACE 10928 --- [           main] o.s.b.f.s.DefaultListableBeanFactory     : Finished creating instance of bean 'viewControllerHandlerMapping'
2023-07-07T15:12:39.316+05:30 DEBUG 10928 --- [           main] o.s.b.f.s.DefaultListableBeanFactory     : Creating shared instance of singleton bean 'beanNameHandlerMapping'
2023-07-07T15:12:39.316+05:30 TRACE 10928 --- [           main] o.s.b.f.s.DefaultListableBeanFactory     : Creating instance of bean 'beanNameHandlerMapping'
2023-07-07T15:12:39.316+05:30 TRACE 10928 --- [           main] o.s.b.f.s.DefaultListableBeanFactory     : Returning cached instance of singleton bean 'org.springframework.boot.autoconfigure.web.servlet.WebMvcAutoConfiguration$EnableWebMvcConfiguration'
2023-07-07T15:12:39.316+05:30 TRACE 10928 --- [           main] o.s.b.f.s.DefaultListableBeanFactory     : Returning cached instance of singleton bean 'mvcConversionService'
2023-07-07T15:12:39.316+05:30 TRACE 10928 --- [           main] o.s.b.f.s.DefaultListableBeanFactory     : Returning cached instance of singleton bean 'mvcResourceUrlProvider'
2023-07-07T15:12:39.316+05:30 DEBUG 10928 --- [           main] o.s.b.f.s.DefaultListableBeanFactory     : Autowiring by type from bean name 'beanNameHandlerMapping' via factory method to bean named 'mvcConversionService'
2023-07-07T15:12:39.316+05:30 DEBUG 10928 --- [           main] o.s.b.f.s.DefaultListableBeanFactory     : Autowiring by type from bean name 'beanNameHandlerMapping' via factory method to bean named 'mvcResourceUrlProvider'
2023-07-07T15:12:39.318+05:30 DEBUG 10928 --- [           main] o.s.w.s.h.BeanNameUrlHandlerMapping      : Detected 0 mappings in 'beanNameHandlerMapping'
2023-07-07T15:12:39.319+05:30 TRACE 10928 --- [           main] o.s.b.f.s.DefaultListableBeanFactory     : Finished creating instance of bean 'beanNameHandlerMapping'
2023-07-07T15:12:39.319+05:30 DEBUG 10928 --- [           main] o.s.b.f.s.DefaultListableBeanFactory     : Creating shared instance of singleton bean 'routerFunctionMapping'
2023-07-07T15:12:39.319+05:30 TRACE 10928 --- [           main] o.s.b.f.s.DefaultListableBeanFactory     : Creating instance of bean 'routerFunctionMapping'
2023-07-07T15:12:39.319+05:30 TRACE 10928 --- [           main] o.s.b.f.s.DefaultListableBeanFactory     : Returning cached instance of singleton bean 'org.springframework.boot.autoconfigure.web.servlet.WebMvcAutoConfiguration$EnableWebMvcConfiguration'
2023-07-07T15:12:39.319+05:30 TRACE 10928 --- [           main] o.s.b.f.s.DefaultListableBeanFactory     : Returning cached instance of singleton bean 'mvcConversionService'
2023-07-07T15:12:39.319+05:30 TRACE 10928 --- [           main] o.s.b.f.s.DefaultListableBeanFactory     : Returning cached instance of singleton bean 'mvcResourceUrlProvider'
2023-07-07T15:12:39.319+05:30 DEBUG 10928 --- [           main] o.s.b.f.s.DefaultListableBeanFactory     : Autowiring by type from bean name 'routerFunctionMapping' via factory method to bean named 'mvcConversionService'
2023-07-07T15:12:39.319+05:30 DEBUG 10928 --- [           main] o.s.b.f.s.DefaultListableBeanFactory     : Autowiring by type from bean name 'routerFunctionMapping' via factory method to bean named 'mvcResourceUrlProvider'
2023-07-07T15:12:39.322+05:30 TRACE 10928 --- [           main] o.s.b.f.s.DefaultListableBeanFactory     : Invoking afterPropertiesSet() on bean with name 'routerFunctionMapping'
2023-07-07T15:12:39.323+05:30 TRACE 10928 --- [           main] o.s.w.s.f.support.RouterFunctionMapping  : 0 RouterFunction(s) in 'routerFunctionMapping'
2023-07-07T15:12:39.323+05:30 TRACE 10928 --- [           main] o.s.b.f.s.DefaultListableBeanFactory     : Finished creating instance of bean 'routerFunctionMapping'
2023-07-07T15:12:39.323+05:30 DEBUG 10928 --- [           main] o.s.b.f.s.DefaultListableBeanFactory     : Creating shared instance of singleton bean 'resourceHandlerMapping'
2023-07-07T15:12:39.323+05:30 TRACE 10928 --- [           main] o.s.b.f.s.DefaultListableBeanFactory     : Creating instance of bean 'resourceHandlerMapping'
2023-07-07T15:12:39.325+05:30 TRACE 10928 --- [           main] o.s.b.f.s.DefaultListableBeanFactory     : Returning cached instance of singleton bean 'org.springframework.boot.autoconfigure.web.servlet.WebMvcAutoConfiguration$EnableWebMvcConfiguration'
2023-07-07T15:12:39.325+05:30 TRACE 10928 --- [           main] o.s.b.f.s.DefaultListableBeanFactory     : Returning cached instance of singleton bean 'mvcContentNegotiationManager'
2023-07-07T15:12:39.325+05:30 TRACE 10928 --- [           main] o.s.b.f.s.DefaultListableBeanFactory     : Returning cached instance of singleton bean 'mvcConversionService'
2023-07-07T15:12:39.326+05:30 TRACE 10928 --- [           main] o.s.b.f.s.DefaultListableBeanFactory     : Returning cached instance of singleton bean 'mvcResourceUrlProvider'
2023-07-07T15:12:39.326+05:30 DEBUG 10928 --- [           main] o.s.b.f.s.DefaultListableBeanFactory     : Autowiring by type from bean name 'resourceHandlerMapping' via factory method to bean named 'mvcContentNegotiationManager'
2023-07-07T15:12:39.326+05:30 DEBUG 10928 --- [           main] o.s.b.f.s.DefaultListableBeanFactory     : Autowiring by type from bean name 'resourceHandlerMapping' via factory method to bean named 'mvcConversionService'
2023-07-07T15:12:39.326+05:30 DEBUG 10928 --- [           main] o.s.b.f.s.DefaultListableBeanFactory     : Autowiring by type from bean name 'resourceHandlerMapping' via factory method to bean named 'mvcResourceUrlProvider'
2023-07-07T15:12:39.339+05:30 TRACE 10928 --- [           main] o.s.w.s.handler.SimpleUrlHandlerMapping  : Mapped [/webjars/**] onto ResourceHttpRequestHandler [classpath [META-INF/resources/webjars/]]
2023-07-07T15:12:39.339+05:30 TRACE 10928 --- [           main] o.s.w.s.handler.SimpleUrlHandlerMapping  : Mapped [/**] onto ResourceHttpRequestHandler [classpath [META-INF/resources/], classpath [resources/], classpath [static/], classpath [public/], ServletContext [/]]
2023-07-07T15:12:39.340+05:30 DEBUG 10928 --- [           main] o.s.w.s.handler.SimpleUrlHandlerMapping  : Patterns [/webjars/**, /**] in 'resourceHandlerMapping'
2023-07-07T15:12:39.340+05:30 TRACE 10928 --- [           main] o.s.b.f.s.DefaultListableBeanFactory     : Finished creating instance of bean 'resourceHandlerMapping'
2023-07-07T15:12:39.340+05:30 TRACE 10928 --- [           main] o.s.b.f.s.DefaultListableBeanFactory     : Returning cached instance of singleton bean 'mvcResourceUrlProvider'
2023-07-07T15:12:39.340+05:30 DEBUG 10928 --- [           main] o.s.b.f.s.DefaultListableBeanFactory     : Creating shared instance of singleton bean 'defaultServletHandlerMapping'
2023-07-07T15:12:39.340+05:30 TRACE 10928 --- [           main] o.s.b.f.s.DefaultListableBeanFactory     : Creating instance of bean 'defaultServletHandlerMapping'
2023-07-07T15:12:39.340+05:30 TRACE 10928 --- [           main] o.s.b.f.s.DefaultListableBeanFactory     : Returning cached instance of singleton bean 'org.springframework.boot.autoconfigure.web.servlet.WebMvcAutoConfiguration$EnableWebMvcConfiguration'
2023-07-07T15:12:39.341+05:30 TRACE 10928 --- [           main] o.s.b.f.s.DefaultListableBeanFactory     : Finished creating instance of bean 'defaultServletHandlerMapping'
2023-07-07T15:12:39.341+05:30 DEBUG 10928 --- [           main] o.s.b.f.s.DefaultListableBeanFactory     : Creating shared instance of singleton bean 'handlerFunctionAdapter'
2023-07-07T15:12:39.341+05:30 TRACE 10928 --- [           main] o.s.b.f.s.DefaultListableBeanFactory     : Creating instance of bean 'handlerFunctionAdapter'
2023-07-07T15:12:39.341+05:30 TRACE 10928 --- [           main] o.s.b.f.s.DefaultListableBeanFactory     : Returning cached instance of singleton bean 'org.springframework.boot.autoconfigure.web.servlet.WebMvcAutoConfiguration$EnableWebMvcConfiguration'
2023-07-07T15:12:39.343+05:30 TRACE 10928 --- [           main] o.s.b.f.s.DefaultListableBeanFactory     : Finished creating instance of bean 'handlerFunctionAdapter'
2023-07-07T15:12:39.343+05:30 DEBUG 10928 --- [           main] o.s.b.f.s.DefaultListableBeanFactory     : Creating shared instance of singleton bean 'mvcUriComponentsContributor'
2023-07-07T15:12:39.343+05:30 TRACE 10928 --- [           main] o.s.b.f.s.DefaultListableBeanFactory     : Creating instance of bean 'mvcUriComponentsContributor'
2023-07-07T15:12:39.343+05:30 TRACE 10928 --- [           main] o.s.b.f.s.DefaultListableBeanFactory     : Returning cached instance of singleton bean 'org.springframework.boot.autoconfigure.web.servlet.WebMvcAutoConfiguration$EnableWebMvcConfiguration'
2023-07-07T15:12:39.344+05:30 TRACE 10928 --- [           main] o.s.b.f.s.DefaultListableBeanFactory     : Returning cached instance of singleton bean 'mvcConversionService'
2023-07-07T15:12:39.344+05:30 TRACE 10928 --- [           main] o.s.b.f.s.DefaultListableBeanFactory     : Returning cached instance of singleton bean 'requestMappingHandlerAdapter'
2023-07-07T15:12:39.345+05:30 DEBUG 10928 --- [           main] o.s.b.f.s.DefaultListableBeanFactory     : Autowiring by type from bean name 'mvcUriComponentsContributor' via factory method to bean named 'mvcConversionService'
2023-07-07T15:12:39.345+05:30 DEBUG 10928 --- [           main] o.s.b.f.s.DefaultListableBeanFactory     : Autowiring by type from bean name 'mvcUriComponentsContributor' via factory method to bean named 'requestMappingHandlerAdapter'
2023-07-07T15:12:39.347+05:30 TRACE 10928 --- [           main] o.s.b.f.s.DefaultListableBeanFactory     : Finished creating instance of bean 'mvcUriComponentsContributor'
2023-07-07T15:12:39.348+05:30 DEBUG 10928 --- [           main] o.s.b.f.s.DefaultListableBeanFactory     : Creating shared instance of singleton bean 'httpRequestHandlerAdapter'
2023-07-07T15:12:39.348+05:30 TRACE 10928 --- [           main] o.s.b.f.s.DefaultListableBeanFactory     : Creating instance of bean 'httpRequestHandlerAdapter'
2023-07-07T15:12:39.348+05:30 TRACE 10928 --- [           main] o.s.b.f.s.DefaultListableBeanFactory     : Returning cached instance of singleton bean 'org.springframework.boot.autoconfigure.web.servlet.WebMvcAutoConfiguration$EnableWebMvcConfiguration'
2023-07-07T15:12:39.348+05:30 TRACE 10928 --- [           main] o.s.b.f.s.DefaultListableBeanFactory     : Finished creating instance of bean 'httpRequestHandlerAdapter'
2023-07-07T15:12:39.349+05:30 DEBUG 10928 --- [           main] o.s.b.f.s.DefaultListableBeanFactory     : Creating shared instance of singleton bean 'simpleControllerHandlerAdapter'
2023-07-07T15:12:39.349+05:30 TRACE 10928 --- [           main] o.s.b.f.s.DefaultListableBeanFactory     : Creating instance of bean 'simpleControllerHandlerAdapter'
2023-07-07T15:12:39.349+05:30 TRACE 10928 --- [           main] o.s.b.f.s.DefaultListableBeanFactory     : Returning cached instance of singleton bean 'org.springframework.boot.autoconfigure.web.servlet.WebMvcAutoConfiguration$EnableWebMvcConfiguration'
2023-07-07T15:12:39.350+05:30 TRACE 10928 --- [           main] o.s.b.f.s.DefaultListableBeanFactory     : Finished creating instance of bean 'simpleControllerHandlerAdapter'
2023-07-07T15:12:39.350+05:30 DEBUG 10928 --- [           main] o.s.b.f.s.DefaultListableBeanFactory     : Creating shared instance of singleton bean 'handlerExceptionResolver'
2023-07-07T15:12:39.350+05:30 TRACE 10928 --- [           main] o.s.b.f.s.DefaultListableBeanFactory     : Creating instance of bean 'handlerExceptionResolver'
2023-07-07T15:12:39.350+05:30 TRACE 10928 --- [           main] o.s.b.f.s.DefaultListableBeanFactory     : Returning cached instance of singleton bean 'org.springframework.boot.autoconfigure.web.servlet.WebMvcAutoConfiguration$EnableWebMvcConfiguration'
2023-07-07T15:12:39.351+05:30 TRACE 10928 --- [           main] o.s.b.f.s.DefaultListableBeanFactory     : Returning cached instance of singleton bean 'mvcContentNegotiationManager'
2023-07-07T15:12:39.351+05:30 DEBUG 10928 --- [           main] o.s.b.f.s.DefaultListableBeanFactory     : Autowiring by type from bean name 'handlerExceptionResolver' via factory method to bean named 'mvcContentNegotiationManager'
2023-07-07T15:12:39.354+05:30 DEBUG 10928 --- [           main] .m.m.a.ExceptionHandlerExceptionResolver : ControllerAdvice beans: 0 @ExceptionHandler, 1 ResponseBodyAdvice
2023-07-07T15:12:39.358+05:30 TRACE 10928 --- [           main] o.s.b.f.s.DefaultListableBeanFactory     : Finished creating instance of bean 'handlerExceptionResolver'
2023-07-07T15:12:39.358+05:30 DEBUG 10928 --- [           main] o.s.b.f.s.DefaultListableBeanFactory     : Creating shared instance of singleton bean 'mvcViewResolver'
2023-07-07T15:12:39.358+05:30 TRACE 10928 --- [           main] o.s.b.f.s.DefaultListableBeanFactory     : Creating instance of bean 'mvcViewResolver'
2023-07-07T15:12:39.358+05:30 TRACE 10928 --- [           main] o.s.b.f.s.DefaultListableBeanFactory     : Returning cached instance of singleton bean 'org.springframework.boot.autoconfigure.web.servlet.WebMvcAutoConfiguration$EnableWebMvcConfiguration'
2023-07-07T15:12:39.358+05:30 TRACE 10928 --- [           main] o.s.b.f.s.DefaultListableBeanFactory     : Returning cached instance of singleton bean 'mvcContentNegotiationManager'
2023-07-07T15:12:39.358+05:30 DEBUG 10928 --- [           main] o.s.b.f.s.DefaultListableBeanFactory     : Autowiring by type from bean name 'mvcViewResolver' via factory method to bean named 'mvcContentNegotiationManager'
2023-07-07T15:12:39.363+05:30 TRACE 10928 --- [           main] o.s.b.f.s.DefaultListableBeanFactory     : Invoking afterPropertiesSet() on bean with name 'mvcViewResolver'
2023-07-07T15:12:39.363+05:30 TRACE 10928 --- [           main] o.s.b.f.s.DefaultListableBeanFactory     : Finished creating instance of bean 'mvcViewResolver'
2023-07-07T15:12:39.363+05:30 DEBUG 10928 --- [           main] o.s.b.f.s.DefaultListableBeanFactory     : Creating shared instance of singleton bean 'viewNameTranslator'
2023-07-07T15:12:39.363+05:30 TRACE 10928 --- [           main] o.s.b.f.s.DefaultListableBeanFactory     : Creating instance of bean 'viewNameTranslator'
2023-07-07T15:12:39.363+05:30 TRACE 10928 --- [           main] o.s.b.f.s.DefaultListableBeanFactory     : Returning cached instance of singleton bean 'org.springframework.boot.autoconfigure.web.servlet.WebMvcAutoConfiguration$EnableWebMvcConfiguration'
2023-07-07T15:12:39.365+05:30 TRACE 10928 --- [           main] o.s.b.f.s.DefaultListableBeanFactory     : Finished creating instance of bean 'viewNameTranslator'
2023-07-07T15:12:39.377+05:30 TRACE 10928 --- [           main] o.s.b.f.s.DefaultListableBeanFactory     : Returning cached instance of singleton bean 'org.springframework.boot.autoconfigure.web.servlet.WebMvcAutoConfiguration$WebMvcAutoConfigurationAdapter'
2023-07-07T15:12:39.377+05:30 DEBUG 10928 --- [           main] o.s.b.f.s.DefaultListableBeanFactory     : Creating shared instance of singleton bean 'defaultViewResolver'
2023-07-07T15:12:39.377+05:30 TRACE 10928 --- [           main] o.s.b.f.s.DefaultListableBeanFactory     : Creating instance of bean 'defaultViewResolver'
2023-07-07T15:12:39.377+05:30 TRACE 10928 --- [           main] o.s.b.f.s.DefaultListableBeanFactory     : Returning cached instance of singleton bean 'org.springframework.boot.autoconfigure.web.servlet.WebMvcAutoConfiguration$WebMvcAutoConfigurationAdapter'
2023-07-07T15:12:39.384+05:30 TRACE 10928 --- [           main] o.s.b.f.s.DefaultListableBeanFactory     : Finished creating instance of bean 'defaultViewResolver'
2023-07-07T15:12:39.384+05:30 DEBUG 10928 --- [           main] o.s.b.f.s.DefaultListableBeanFactory     : Creating shared instance of singleton bean 'viewResolver'
2023-07-07T15:12:39.384+05:30 TRACE 10928 --- [           main] o.s.b.f.s.DefaultListableBeanFactory     : Creating instance of bean 'viewResolver'
2023-07-07T15:12:39.385+05:30 TRACE 10928 --- [           main] o.s.b.f.s.DefaultListableBeanFactory     : Returning cached instance of singleton bean 'org.springframework.boot.autoconfigure.web.servlet.WebMvcAutoConfiguration$WebMvcAutoConfigurationAdapter'
2023-07-07T15:12:39.385+05:30 DEBUG 10928 --- [           main] o.s.b.f.s.DefaultListableBeanFactory     : Autowiring by type from bean name 'viewResolver' via factory method to bean named 'org.springframework.beans.factory.support.DefaultListableBeanFactory@76304b46'
2023-07-07T15:12:39.386+05:30 TRACE 10928 --- [           main] o.s.b.f.s.DefaultListableBeanFactory     : Returning cached instance of singleton bean 'mvcContentNegotiationManager'
2023-07-07T15:12:39.388+05:30 TRACE 10928 --- [           main] o.s.b.f.s.DefaultListableBeanFactory     : Returning cached instance of singleton bean 'beanNameViewResolver'
2023-07-07T15:12:39.388+05:30 TRACE 10928 --- [           main] o.s.b.f.s.DefaultListableBeanFactory     : Returning cached instance of singleton bean 'mvcViewResolver'
2023-07-07T15:12:39.388+05:30 TRACE 10928 --- [           main] o.s.b.f.s.DefaultListableBeanFactory     : Returning cached instance of singleton bean 'defaultViewResolver'
2023-07-07T15:12:39.388+05:30 DEBUG 10928 --- [           main] o.s.b.f.s.DefaultListableBeanFactory     : Creating shared instance of singleton bean 'viewResolver'
2023-07-07T15:12:39.389+05:30 TRACE 10928 --- [           main] o.s.b.f.s.DefaultListableBeanFactory     : Ignoring match to currently created bean 'viewResolver': Error creating bean with name 'viewResolver': Requested bean is currently in creation: Is there an unresolvable circular reference?
2023-07-07T15:12:39.389+05:30 TRACE 10928 --- [           main] o.s.b.f.s.DefaultListableBeanFactory     : Invoking afterPropertiesSet() on bean with name 'viewResolver'
2023-07-07T15:12:39.389+05:30 TRACE 10928 --- [           main] o.s.b.f.s.DefaultListableBeanFactory     : Finished creating instance of bean 'viewResolver'
2023-07-07T15:12:39.390+05:30 DEBUG 10928 --- [           main] o.s.b.f.s.DefaultListableBeanFactory     : Creating shared instance of singleton bean 'requestContextFilter'
2023-07-07T15:12:39.390+05:30 TRACE 10928 --- [           main] o.s.b.f.s.DefaultListableBeanFactory     : Creating instance of bean 'requestContextFilter'
2023-07-07T15:12:39.392+05:30 TRACE 10928 --- [           main] o.s.b.f.s.DefaultListableBeanFactory     : Invoking afterPropertiesSet() on bean with name 'requestContextFilter'
2023-07-07T15:12:39.393+05:30 TRACE 10928 --- [           main] o.s.b.f.s.DefaultListableBeanFactory     : Finished creating instance of bean 'requestContextFilter'
2023-07-07T15:12:39.393+05:30 DEBUG 10928 --- [           main] o.s.b.f.s.DefaultListableBeanFactory     : Creating shared instance of singleton bean 'org.springframework.boot.autoconfigure.web.servlet.WebMvcAutoConfiguration'
2023-07-07T15:12:39.393+05:30 TRACE 10928 --- [           main] o.s.b.f.s.DefaultListableBeanFactory     : Creating instance of bean 'org.springframework.boot.autoconfigure.web.servlet.WebMvcAutoConfiguration'
2023-07-07T15:12:39.393+05:30 TRACE 10928 --- [           main] o.s.b.f.s.DefaultListableBeanFactory     : Finished creating instance of bean 'org.springframework.boot.autoconfigure.web.servlet.WebMvcAutoConfiguration'
2023-07-07T15:12:39.393+05:30 DEBUG 10928 --- [           main] o.s.b.f.s.DefaultListableBeanFactory     : Creating shared instance of singleton bean 'formContentFilter'
2023-07-07T15:12:39.393+05:30 TRACE 10928 --- [           main] o.s.b.f.s.DefaultListableBeanFactory     : Creating instance of bean 'formContentFilter'
2023-07-07T15:12:39.394+05:30 TRACE 10928 --- [           main] o.s.b.f.s.DefaultListableBeanFactory     : Returning cached instance of singleton bean 'org.springframework.boot.autoconfigure.web.servlet.WebMvcAutoConfiguration'
2023-07-07T15:12:39.395+05:30 TRACE 10928 --- [           main] o.s.b.f.s.DefaultListableBeanFactory     : Invoking afterPropertiesSet() on bean with name 'formContentFilter'
2023-07-07T15:12:39.395+05:30 TRACE 10928 --- [           main] o.s.b.f.s.DefaultListableBeanFactory     : Finished creating instance of bean 'formContentFilter'
2023-07-07T15:12:39.395+05:30 DEBUG 10928 --- [           main] o.s.b.f.s.DefaultListableBeanFactory     : Creating shared instance of singleton bean 'org.springframework.boot.autoconfigure.availability.ApplicationAvailabilityAutoConfiguration'
2023-07-07T15:12:39.395+05:30 TRACE 10928 --- [           main] o.s.b.f.s.DefaultListableBeanFactory     : Creating instance of bean 'org.springframework.boot.autoconfigure.availability.ApplicationAvailabilityAutoConfiguration'
2023-07-07T15:12:39.396+05:30 TRACE 10928 --- [           main] o.s.b.f.s.DefaultListableBeanFactory     : Finished creating instance of bean 'org.springframework.boot.autoconfigure.availability.ApplicationAvailabilityAutoConfiguration'
2023-07-07T15:12:39.396+05:30 DEBUG 10928 --- [           main] o.s.b.f.s.DefaultListableBeanFactory     : Creating shared instance of singleton bean 'applicationAvailability'
2023-07-07T15:12:39.396+05:30 TRACE 10928 --- [           main] o.s.b.f.s.DefaultListableBeanFactory     : Creating instance of bean 'applicationAvailability'
2023-07-07T15:12:39.396+05:30 TRACE 10928 --- [           main] o.s.b.f.s.DefaultListableBeanFactory     : Returning cached instance of singleton bean 'org.springframework.boot.autoconfigure.availability.ApplicationAvailabilityAutoConfiguration'
2023-07-07T15:12:39.398+05:30 TRACE 10928 --- [           main] o.s.b.f.s.DefaultListableBeanFactory     : Finished creating instance of bean 'applicationAvailability'
2023-07-07T15:12:39.398+05:30 DEBUG 10928 --- [           main] o.s.b.f.s.DefaultListableBeanFactory     : Creating shared instance of singleton bean 'org.springframework.boot.actuate.autoconfigure.availability.AvailabilityHealthContributorAutoConfiguration'
2023-07-07T15:12:39.398+05:30 TRACE 10928 --- [           main] o.s.b.f.s.DefaultListableBeanFactory     : Creating instance of bean 'org.springframework.boot.actuate.autoconfigure.availability.AvailabilityHealthContributorAutoConfiguration'
2023-07-07T15:12:39.400+05:30 TRACE 10928 --- [           main] o.s.b.f.s.DefaultListableBeanFactory     : Finished creating instance of bean 'org.springframework.boot.actuate.autoconfigure.availability.AvailabilityHealthContributorAutoConfiguration'
2023-07-07T15:12:39.401+05:30 TRACE 10928 --- [           main] o.s.b.f.s.DefaultListableBeanFactory     : Returning cached instance of singleton bean 'org.springframework.boot.autoconfigure.jackson.JacksonAutoConfiguration$Jackson2ObjectMapperBuilderCustomizerConfiguration'
2023-07-07T15:12:39.401+05:30 TRACE 10928 --- [           main] o.s.b.f.s.DefaultListableBeanFactory     : Returning cached instance of singleton bean 'standardJacksonObjectMapperBuilderCustomizer'
2023-07-07T15:12:39.401+05:30 TRACE 10928 --- [           main] o.s.b.f.s.DefaultListableBeanFactory     : Returning cached instance of singleton bean 'spring.jackson-org.springframework.boot.autoconfigure.jackson.JacksonProperties'
2023-07-07T15:12:39.401+05:30 TRACE 10928 --- [           main] o.s.b.f.s.DefaultListableBeanFactory     : Returning cached instance of singleton bean 'org.springframework.boot.autoconfigure.jackson.JacksonAutoConfiguration$JacksonObjectMapperBuilderConfiguration'
2023-07-07T15:12:39.401+05:30 TRACE 10928 --- [           main] o.s.b.f.s.DefaultListableBeanFactory     : Returning cached instance of singleton bean 'org.springframework.boot.autoconfigure.jackson.JacksonAutoConfiguration$ParameterNamesModuleConfiguration'
2023-07-07T15:12:39.401+05:30 TRACE 10928 --- [           main] o.s.b.f.s.DefaultListableBeanFactory     : Returning cached instance of singleton bean 'parameterNamesModule'
2023-07-07T15:12:39.401+05:30 TRACE 10928 --- [           main] o.s.b.f.s.DefaultListableBeanFactory     : Returning cached instance of singleton bean 'org.springframework.boot.autoconfigure.jackson.JacksonAutoConfiguration$JacksonObjectMapperConfiguration'
2023-07-07T15:12:39.401+05:30 TRACE 10928 --- [           main] o.s.b.f.s.DefaultListableBeanFactory     : Returning cached instance of singleton bean 'jacksonObjectMapper'
2023-07-07T15:12:39.401+05:30 TRACE 10928 --- [           main] o.s.b.f.s.DefaultListableBeanFactory     : Returning cached instance of singleton bean 'org.springframework.boot.autoconfigure.jackson.JacksonAutoConfiguration$JacksonMixinConfiguration'
2023-07-07T15:12:39.401+05:30 TRACE 10928 --- [           main] o.s.b.f.s.DefaultListableBeanFactory     : Returning cached instance of singleton bean 'jsonMixinModuleEntries'
2023-07-07T15:12:39.401+05:30 TRACE 10928 --- [           main] o.s.b.f.s.DefaultListableBeanFactory     : Returning cached instance of singleton bean 'jsonMixinModule'
2023-07-07T15:12:39.401+05:30 TRACE 10928 --- [           main] o.s.b.f.s.DefaultListableBeanFactory     : Returning cached instance of singleton bean 'org.springframework.boot.autoconfigure.jackson.JacksonAutoConfiguration'
2023-07-07T15:12:39.401+05:30 TRACE 10928 --- [           main] o.s.b.f.s.DefaultListableBeanFactory     : Returning cached instance of singleton bean 'jsonComponentModule'
2023-07-07T15:12:39.401+05:30 DEBUG 10928 --- [           main] o.s.b.f.s.DefaultListableBeanFactory     : Creating shared instance of singleton bean 'org.springframework.boot.actuate.autoconfigure.web.servlet.ServletManagementContextAutoConfiguration'
2023-07-07T15:12:39.401+05:30 TRACE 10928 --- [           main] o.s.b.f.s.DefaultListableBeanFactory     : Creating instance of bean 'org.springframework.boot.actuate.autoconfigure.web.servlet.ServletManagementContextAutoConfiguration'
2023-07-07T15:12:39.401+05:30 TRACE 10928 --- [           main] o.s.b.f.s.DefaultListableBeanFactory     : Finished creating instance of bean 'org.springframework.boot.actuate.autoconfigure.web.servlet.ServletManagementContextAutoConfiguration'
2023-07-07T15:12:39.401+05:30 DEBUG 10928 --- [           main] o.s.b.f.s.DefaultListableBeanFactory     : Creating shared instance of singleton bean 'servletWebChildContextFactory'
2023-07-07T15:12:39.401+05:30 TRACE 10928 --- [           main] o.s.b.f.s.DefaultListableBeanFactory     : Creating instance of bean 'servletWebChildContextFactory'
2023-07-07T15:12:39.403+05:30 TRACE 10928 --- [           main] o.s.b.f.s.DefaultListableBeanFactory     : Finished creating instance of bean 'servletWebChildContextFactory'
2023-07-07T15:12:39.403+05:30 DEBUG 10928 --- [           main] o.s.b.f.s.DefaultListableBeanFactory     : Creating shared instance of singleton bean 'managementServletContext'
2023-07-07T15:12:39.403+05:30 TRACE 10928 --- [           main] o.s.b.f.s.DefaultListableBeanFactory     : Creating instance of bean 'managementServletContext'
2023-07-07T15:12:39.403+05:30 TRACE 10928 --- [           main] o.s.b.f.s.DefaultListableBeanFactory     : Returning cached instance of singleton bean 'org.springframework.boot.actuate.autoconfigure.web.servlet.ServletManagementContextAutoConfiguration'
2023-07-07T15:12:39.404+05:30 DEBUG 10928 --- [           main] o.s.b.f.s.DefaultListableBeanFactory     : Creating shared instance of singleton bean 'management.endpoints.web-org.springframework.boot.actuate.autoconfigure.endpoint.web.WebEndpointProperties'
2023-07-07T15:12:39.404+05:30 TRACE 10928 --- [           main] o.s.b.f.s.DefaultListableBeanFactory     : Creating instance of bean 'management.endpoints.web-org.springframework.boot.actuate.autoconfigure.endpoint.web.WebEndpointProperties'
2023-07-07T15:12:39.405+05:30 TRACE 10928 --- [           main] o.s.b.f.s.DefaultListableBeanFactory     : Returning cached instance of singleton bean 'org.springframework.boot.context.properties.BoundConfigurationProperties'
2023-07-07T15:12:39.406+05:30 TRACE 10928 --- [           main] o.s.b.f.s.DefaultListableBeanFactory     : Finished creating instance of bean 'management.endpoints.web-org.springframework.boot.actuate.autoconfigure.endpoint.web.WebEndpointProperties'
2023-07-07T15:12:39.406+05:30 DEBUG 10928 --- [           main] o.s.b.f.s.DefaultListableBeanFactory     : Autowiring by type from bean name 'managementServletContext' via factory method to bean named 'management.endpoints.web-org.springframework.boot.actuate.autoconfigure.endpoint.web.WebEndpointProperties'
2023-07-07T15:12:39.408+05:30 TRACE 10928 --- [           main] o.s.b.f.s.DefaultListableBeanFactory     : Finished creating instance of bean 'managementServletContext'
2023-07-07T15:12:39.408+05:30 DEBUG 10928 --- [           main] o.s.b.f.s.DefaultListableBeanFactory     : Creating shared instance of singleton bean 'org.springframework.boot.actuate.autoconfigure.health.HealthEndpointConfiguration'
2023-07-07T15:12:39.408+05:30 TRACE 10928 --- [           main] o.s.b.f.s.DefaultListableBeanFactory     : Creating instance of bean 'org.springframework.boot.actuate.autoconfigure.health.HealthEndpointConfiguration'
2023-07-07T15:12:39.409+05:30 TRACE 10928 --- [           main] o.s.b.f.s.DefaultListableBeanFactory     : Finished creating instance of bean 'org.springframework.boot.actuate.autoconfigure.health.HealthEndpointConfiguration'
2023-07-07T15:12:39.409+05:30 DEBUG 10928 --- [           main] o.s.b.f.s.DefaultListableBeanFactory     : Creating shared instance of singleton bean 'healthStatusAggregator'
2023-07-07T15:12:39.409+05:30 TRACE 10928 --- [           main] o.s.b.f.s.DefaultListableBeanFactory     : Creating instance of bean 'healthStatusAggregator'
2023-07-07T15:12:39.409+05:30 TRACE 10928 --- [           main] o.s.b.f.s.DefaultListableBeanFactory     : Returning cached instance of singleton bean 'org.springframework.boot.actuate.autoconfigure.health.HealthEndpointConfiguration'
2023-07-07T15:12:39.410+05:30 DEBUG 10928 --- [           main] o.s.b.f.s.DefaultListableBeanFactory     : Creating shared instance of singleton bean 'management.endpoint.health-org.springframework.boot.actuate.autoconfigure.health.HealthEndpointProperties'
2023-07-07T15:12:39.410+05:30 TRACE 10928 --- [           main] o.s.b.f.s.DefaultListableBeanFactory     : Creating instance of bean 'management.endpoint.health-org.springframework.boot.actuate.autoconfigure.health.HealthEndpointProperties'
2023-07-07T15:12:39.411+05:30 TRACE 10928 --- [           main] o.s.b.f.s.DefaultListableBeanFactory     : Returning cached instance of singleton bean 'org.springframework.boot.context.properties.BoundConfigurationProperties'
2023-07-07T15:12:39.414+05:30 TRACE 10928 --- [           main] o.s.b.f.s.DefaultListableBeanFactory     : Finished creating instance of bean 'management.endpoint.health-org.springframework.boot.actuate.autoconfigure.health.HealthEndpointProperties'
2023-07-07T15:12:39.414+05:30 DEBUG 10928 --- [           main] o.s.b.f.s.DefaultListableBeanFactory     : Autowiring by type from bean name 'healthStatusAggregator' via factory method to bean named 'management.endpoint.health-org.springframework.boot.actuate.autoconfigure.health.HealthEndpointProperties'
2023-07-07T15:12:39.417+05:30 TRACE 10928 --- [           main] o.s.b.f.s.DefaultListableBeanFactory     : Finished creating instance of bean 'healthStatusAggregator'
2023-07-07T15:12:39.418+05:30 DEBUG 10928 --- [           main] o.s.b.f.s.DefaultListableBeanFactory     : Creating shared instance of singleton bean 'healthHttpCodeStatusMapper'
2023-07-07T15:12:39.418+05:30 TRACE 10928 --- [           main] o.s.b.f.s.DefaultListableBeanFactory     : Creating instance of bean 'healthHttpCodeStatusMapper'
2023-07-07T15:12:39.418+05:30 TRACE 10928 --- [           main] o.s.b.f.s.DefaultListableBeanFactory     : Returning cached instance of singleton bean 'org.springframework.boot.actuate.autoconfigure.health.HealthEndpointConfiguration'
2023-07-07T15:12:39.418+05:30 TRACE 10928 --- [           main] o.s.b.f.s.DefaultListableBeanFactory     : Returning cached instance of singleton bean 'management.endpoint.health-org.springframework.boot.actuate.autoconfigure.health.HealthEndpointProperties'
2023-07-07T15:12:39.418+05:30 DEBUG 10928 --- [           main] o.s.b.f.s.DefaultListableBeanFactory     : Autowiring by type from bean name 'healthHttpCodeStatusMapper' via factory method to bean named 'management.endpoint.health-org.springframework.boot.actuate.autoconfigure.health.HealthEndpointProperties'
2023-07-07T15:12:39.419+05:30 TRACE 10928 --- [           main] o.s.b.f.s.DefaultListableBeanFactory     : Finished creating instance of bean 'healthHttpCodeStatusMapper'
2023-07-07T15:12:39.419+05:30 DEBUG 10928 --- [           main] o.s.b.f.s.DefaultListableBeanFactory     : Creating shared instance of singleton bean 'healthEndpointGroups'
2023-07-07T15:12:39.420+05:30 TRACE 10928 --- [           main] o.s.b.f.s.DefaultListableBeanFactory     : Creating instance of bean 'healthEndpointGroups'
2023-07-07T15:12:39.420+05:30 TRACE 10928 --- [           main] o.s.b.f.s.DefaultListableBeanFactory     : Returning cached instance of singleton bean 'org.springframework.boot.actuate.autoconfigure.health.HealthEndpointConfiguration'
2023-07-07T15:12:39.420+05:30 TRACE 10928 --- [           main] o.s.b.f.s.DefaultListableBeanFactory     : Returning cached instance of singleton bean 'management.endpoint.health-org.springframework.boot.actuate.autoconfigure.health.HealthEndpointProperties'
2023-07-07T15:12:39.420+05:30 DEBUG 10928 --- [           main] o.s.b.f.s.DefaultListableBeanFactory     : Autowiring by type from bean name 'healthEndpointGroups' via factory method to bean named 'org.springframework.web.context.support.GenericWebApplicationContext@50305a'
2023-07-07T15:12:39.420+05:30 DEBUG 10928 --- [           main] o.s.b.f.s.DefaultListableBeanFactory     : Autowiring by type from bean name 'healthEndpointGroups' via factory method to bean named 'management.endpoint.health-org.springframework.boot.actuate.autoconfigure.health.HealthEndpointProperties'
2023-07-07T15:12:39.423+05:30 TRACE 10928 --- [           main] o.s.b.f.s.DefaultListableBeanFactory     : Returning cached instance of singleton bean 'healthStatusAggregator'
2023-07-07T15:12:39.423+05:30 TRACE 10928 --- [           main] o.s.b.f.s.DefaultListableBeanFactory     : Returning cached instance of singleton bean 'healthHttpCodeStatusMapper'
2023-07-07T15:12:39.428+05:30 TRACE 10928 --- [           main] o.s.b.f.s.DefaultListableBeanFactory     : Finished creating instance of bean 'healthEndpointGroups'
2023-07-07T15:12:39.428+05:30 DEBUG 10928 --- [           main] o.s.b.f.s.DefaultListableBeanFactory     : Creating shared instance of singleton bean 'healthContributorRegistry'
2023-07-07T15:12:39.428+05:30 TRACE 10928 --- [           main] o.s.b.f.s.DefaultListableBeanFactory     : Creating instance of bean 'healthContributorRegistry'
2023-07-07T15:12:39.428+05:30 TRACE 10928 --- [           main] o.s.b.f.s.DefaultListableBeanFactory     : Returning cached instance of singleton bean 'org.springframework.boot.actuate.autoconfigure.health.HealthEndpointConfiguration'
2023-07-07T15:12:39.429+05:30 TRACE 10928 --- [           main] o.s.b.f.s.DefaultListableBeanFactory     : Returning cached instance of singleton bean 'healthEndpointGroups'
2023-07-07T15:12:39.429+05:30 DEBUG 10928 --- [           main] o.s.b.f.s.DefaultListableBeanFactory     : Creating shared instance of singleton bean 'diskSpaceHealthIndicator'
2023-07-07T15:12:39.429+05:30 TRACE 10928 --- [           main] o.s.b.f.s.DefaultListableBeanFactory     : Creating instance of bean 'diskSpaceHealthIndicator'
2023-07-07T15:12:39.429+05:30 DEBUG 10928 --- [           main] o.s.b.f.s.DefaultListableBeanFactory     : Creating shared instance of singleton bean 'org.springframework.boot.actuate.autoconfigure.system.DiskSpaceHealthContributorAutoConfiguration'
2023-07-07T15:12:39.429+05:30 TRACE 10928 --- [           main] o.s.b.f.s.DefaultListableBeanFactory     : Creating instance of bean 'org.springframework.boot.actuate.autoconfigure.system.DiskSpaceHealthContributorAutoConfiguration'
2023-07-07T15:12:39.431+05:30 TRACE 10928 --- [           main] o.s.b.f.s.DefaultListableBeanFactory     : Finished creating instance of bean 'org.springframework.boot.actuate.autoconfigure.system.DiskSpaceHealthContributorAutoConfiguration'
2023-07-07T15:12:39.431+05:30 DEBUG 10928 --- [           main] o.s.b.f.s.DefaultListableBeanFactory     : Creating shared instance of singleton bean 'management.health.diskspace-org.springframework.boot.actuate.autoconfigure.system.DiskSpaceHealthIndicatorProperties'
2023-07-07T15:12:39.431+05:30 TRACE 10928 --- [           main] o.s.b.f.s.DefaultListableBeanFactory     : Creating instance of bean 'management.health.diskspace-org.springframework.boot.actuate.autoconfigure.system.DiskSpaceHealthIndicatorProperties'
2023-07-07T15:12:39.431+05:30 TRACE 10928 --- [           main] o.s.b.f.s.DefaultListableBeanFactory     : Returning cached instance of singleton bean 'org.springframework.boot.context.properties.BoundConfigurationProperties'
2023-07-07T15:12:39.432+05:30 TRACE 10928 --- [           main] o.s.b.f.s.DefaultListableBeanFactory     : Finished creating instance of bean 'management.health.diskspace-org.springframework.boot.actuate.autoconfigure.system.DiskSpaceHealthIndicatorProperties'
2023-07-07T15:12:39.432+05:30 DEBUG 10928 --- [           main] o.s.b.f.s.DefaultListableBeanFactory     : Autowiring by type from bean name 'diskSpaceHealthIndicator' via factory method to bean named 'management.health.diskspace-org.springframework.boot.actuate.autoconfigure.system.DiskSpaceHealthIndicatorProperties'
2023-07-07T15:12:39.434+05:30 TRACE 10928 --- [           main] o.s.b.f.s.DefaultListableBeanFactory     : Finished creating instance of bean 'diskSpaceHealthIndicator'
2023-07-07T15:12:39.434+05:30 DEBUG 10928 --- [           main] o.s.b.f.s.DefaultListableBeanFactory     : Creating shared instance of singleton bean 'pingHealthContributor'
2023-07-07T15:12:39.434+05:30 TRACE 10928 --- [           main] o.s.b.f.s.DefaultListableBeanFactory     : Creating instance of bean 'pingHealthContributor'
2023-07-07T15:12:39.434+05:30 DEBUG 10928 --- [           main] o.s.b.f.s.DefaultListableBeanFactory     : Creating shared instance of singleton bean 'org.springframework.boot.actuate.autoconfigure.health.HealthContributorAutoConfiguration'
2023-07-07T15:12:39.434+05:30 TRACE 10928 --- [           main] o.s.b.f.s.DefaultListableBeanFactory     : Creating instance of bean 'org.springframework.boot.actuate.autoconfigure.health.HealthContributorAutoConfiguration'
2023-07-07T15:12:39.435+05:30 TRACE 10928 --- [           main] o.s.b.f.s.DefaultListableBeanFactory     : Finished creating instance of bean 'org.springframework.boot.actuate.autoconfigure.health.HealthContributorAutoConfiguration'
2023-07-07T15:12:39.435+05:30 TRACE 10928 --- [           main] o.s.b.f.s.DefaultListableBeanFactory     : Finished creating instance of bean 'pingHealthContributor'
2023-07-07T15:12:39.438+05:30 DEBUG 10928 --- [           main] o.s.b.f.s.DefaultListableBeanFactory     : Autowiring by type from bean name 'healthContributorRegistry' via factory method to bean named 'org.springframework.web.context.support.GenericWebApplicationContext@50305a'
2023-07-07T15:12:39.438+05:30 DEBUG 10928 --- [           main] o.s.b.f.s.DefaultListableBeanFactory     : Autowiring by type from bean name 'healthContributorRegistry' via factory method to bean named 'healthEndpointGroups'
2023-07-07T15:12:39.438+05:30 DEBUG 10928 --- [           main] o.s.b.f.s.DefaultListableBeanFactory     : Autowiring by type from bean name 'healthContributorRegistry' via factory method to bean named 'diskSpaceHealthIndicator'
2023-07-07T15:12:39.438+05:30 DEBUG 10928 --- [           main] o.s.b.f.s.DefaultListableBeanFactory     : Autowiring by type from bean name 'healthContributorRegistry' via factory method to bean named 'pingHealthContributor'
2023-07-07T15:12:39.446+05:30 TRACE 10928 --- [           main] o.s.b.f.s.DefaultListableBeanFactory     : Finished creating instance of bean 'healthContributorRegistry'
2023-07-07T15:12:39.446+05:30 DEBUG 10928 --- [           main] o.s.b.f.s.DefaultListableBeanFactory     : Creating shared instance of singleton bean 'healthEndpointGroupMembershipValidator'
2023-07-07T15:12:39.446+05:30 TRACE 10928 --- [           main] o.s.b.f.s.DefaultListableBeanFactory     : Creating instance of bean 'healthEndpointGroupMembershipValidator'
2023-07-07T15:12:39.447+05:30 TRACE 10928 --- [           main] o.s.b.f.s.DefaultListableBeanFactory     : Returning cached instance of singleton bean 'org.springframework.boot.actuate.autoconfigure.health.HealthEndpointConfiguration'
2023-07-07T15:12:39.447+05:30 TRACE 10928 --- [           main] o.s.b.f.s.DefaultListableBeanFactory     : Returning cached instance of singleton bean 'management.endpoint.health-org.springframework.boot.actuate.autoconfigure.health.HealthEndpointProperties'
2023-07-07T15:12:39.448+05:30 TRACE 10928 --- [           main] o.s.b.f.s.DefaultListableBeanFactory     : Returning cached instance of singleton bean 'healthContributorRegistry'
2023-07-07T15:12:39.448+05:30 DEBUG 10928 --- [           main] o.s.b.f.s.DefaultListableBeanFactory     : Autowiring by type from bean name 'healthEndpointGroupMembershipValidator' via factory method to bean named 'management.endpoint.health-org.springframework.boot.actuate.autoconfigure.health.HealthEndpointProperties'
2023-07-07T15:12:39.448+05:30 DEBUG 10928 --- [           main] o.s.b.f.s.DefaultListableBeanFactory     : Autowiring by type from bean name 'healthEndpointGroupMembershipValidator' via factory method to bean named 'healthContributorRegistry'
2023-07-07T15:12:39.450+05:30 TRACE 10928 --- [           main] o.s.b.f.s.DefaultListableBeanFactory     : Finished creating instance of bean 'healthEndpointGroupMembershipValidator'
2023-07-07T15:12:39.450+05:30 DEBUG 10928 --- [           main] o.s.b.f.s.DefaultListableBeanFactory     : Creating shared instance of singleton bean 'healthEndpoint'
2023-07-07T15:12:39.450+05:30 TRACE 10928 --- [           main] o.s.b.f.s.DefaultListableBeanFactory     : Creating instance of bean 'healthEndpoint'
2023-07-07T15:12:39.450+05:30 TRACE 10928 --- [           main] o.s.b.f.s.DefaultListableBeanFactory     : Returning cached instance of singleton bean 'org.springframework.boot.actuate.autoconfigure.health.HealthEndpointConfiguration'
2023-07-07T15:12:39.451+05:30 TRACE 10928 --- [           main] o.s.b.f.s.DefaultListableBeanFactory     : Returning cached instance of singleton bean 'healthContributorRegistry'
2023-07-07T15:12:39.451+05:30 TRACE 10928 --- [           main] o.s.b.f.s.DefaultListableBeanFactory     : Returning cached instance of singleton bean 'healthEndpointGroups'
2023-07-07T15:12:39.451+05:30 TRACE 10928 --- [           main] o.s.b.f.s.DefaultListableBeanFactory     : Returning cached instance of singleton bean 'management.endpoint.health-org.springframework.boot.actuate.autoconfigure.health.HealthEndpointProperties'
2023-07-07T15:12:39.451+05:30 DEBUG 10928 --- [           main] o.s.b.f.s.DefaultListableBeanFactory     : Autowiring by type from bean name 'healthEndpoint' via factory method to bean named 'healthContributorRegistry'
2023-07-07T15:12:39.451+05:30 DEBUG 10928 --- [           main] o.s.b.f.s.DefaultListableBeanFactory     : Autowiring by type from bean name 'healthEndpoint' via factory method to bean named 'healthEndpointGroups'
2023-07-07T15:12:39.451+05:30 DEBUG 10928 --- [           main] o.s.b.f.s.DefaultListableBeanFactory     : Autowiring by type from bean name 'healthEndpoint' via factory method to bean named 'management.endpoint.health-org.springframework.boot.actuate.autoconfigure.health.HealthEndpointProperties'
2023-07-07T15:12:39.460+05:30 TRACE 10928 --- [           main] o.s.b.f.s.DefaultListableBeanFactory     : Finished creating instance of bean 'healthEndpoint'
2023-07-07T15:12:39.460+05:30 TRACE 10928 --- [           main] o.s.b.f.s.DefaultListableBeanFactory     : Returning cached instance of singleton bean 'healthEndpointGroupsBeanPostProcessor'
2023-07-07T15:12:39.460+05:30 DEBUG 10928 --- [           main] o.s.b.f.s.DefaultListableBeanFactory     : Creating shared instance of singleton bean 'org.springframework.boot.actuate.autoconfigure.health.HealthEndpointWebExtensionConfiguration$MvcAdditionalHealthEndpointPathsConfiguration'
2023-07-07T15:12:39.460+05:30 TRACE 10928 --- [           main] o.s.b.f.s.DefaultListableBeanFactory     : Creating instance of bean 'org.springframework.boot.actuate.autoconfigure.health.HealthEndpointWebExtensionConfiguration$MvcAdditionalHealthEndpointPathsConfiguration'
2023-07-07T15:12:39.460+05:30 TRACE 10928 --- [           main] o.s.b.f.s.DefaultListableBeanFactory     : Finished creating instance of bean 'org.springframework.boot.actuate.autoconfigure.health.HealthEndpointWebExtensionConfiguration$MvcAdditionalHealthEndpointPathsConfiguration'
2023-07-07T15:12:39.460+05:30 DEBUG 10928 --- [           main] o.s.b.f.s.DefaultListableBeanFactory     : Creating shared instance of singleton bean 'healthEndpointWebMvcHandlerMapping'
2023-07-07T15:12:39.460+05:30 TRACE 10928 --- [           main] o.s.b.f.s.DefaultListableBeanFactory     : Creating instance of bean 'healthEndpointWebMvcHandlerMapping'
2023-07-07T15:12:39.460+05:30 TRACE 10928 --- [           main] o.s.b.f.s.DefaultListableBeanFactory     : Returning cached instance of singleton bean 'org.springframework.boot.actuate.autoconfigure.health.HealthEndpointWebExtensionConfiguration$MvcAdditionalHealthEndpointPathsConfiguration'
2023-07-07T15:12:39.461+05:30 DEBUG 10928 --- [           main] o.s.b.f.s.DefaultListableBeanFactory     : Creating shared instance of singleton bean 'webEndpointDiscoverer'
2023-07-07T15:12:39.461+05:30 TRACE 10928 --- [           main] o.s.b.f.s.DefaultListableBeanFactory     : Creating instance of bean 'webEndpointDiscoverer'
2023-07-07T15:12:39.461+05:30 DEBUG 10928 --- [           main] o.s.b.f.s.DefaultListableBeanFactory     : Creating shared instance of singleton bean 'org.springframework.boot.actuate.autoconfigure.endpoint.web.WebEndpointAutoConfiguration'
2023-07-07T15:12:39.461+05:30 TRACE 10928 --- [           main] o.s.b.f.s.DefaultListableBeanFactory     : Creating instance of bean 'org.springframework.boot.actuate.autoconfigure.endpoint.web.WebEndpointAutoConfiguration'
2023-07-07T15:12:39.462+05:30 TRACE 10928 --- [           main] o.s.b.f.s.DefaultListableBeanFactory     : Returning cached instance of singleton bean 'management.endpoints.web-org.springframework.boot.actuate.autoconfigure.endpoint.web.WebEndpointProperties'
2023-07-07T15:12:39.462+05:30 DEBUG 10928 --- [           main] o.s.b.f.s.DefaultListableBeanFactory     : Autowiring by type from bean name 'org.springframework.boot.actuate.autoconfigure.endpoint.web.WebEndpointAutoConfiguration' via constructor to bean named 'org.springframework.web.context.support.GenericWebApplicationContext@50305a'
2023-07-07T15:12:39.462+05:30 DEBUG 10928 --- [           main] o.s.b.f.s.DefaultListableBeanFactory     : Autowiring by type from bean name 'org.springframework.boot.actuate.autoconfigure.endpoint.web.WebEndpointAutoConfiguration' via constructor to bean named 'management.endpoints.web-org.springframework.boot.actuate.autoconfigure.endpoint.web.WebEndpointProperties'
2023-07-07T15:12:39.462+05:30 TRACE 10928 --- [           main] o.s.b.f.s.DefaultListableBeanFactory     : Finished creating instance of bean 'org.springframework.boot.actuate.autoconfigure.endpoint.web.WebEndpointAutoConfiguration'
2023-07-07T15:12:39.463+05:30 DEBUG 10928 --- [           main] o.s.b.f.s.DefaultListableBeanFactory     : Creating shared instance of singleton bean 'endpointOperationParameterMapper'
2023-07-07T15:12:39.463+05:30 TRACE 10928 --- [           main] o.s.b.f.s.DefaultListableBeanFactory     : Creating instance of bean 'endpointOperationParameterMapper'
2023-07-07T15:12:39.463+05:30 DEBUG 10928 --- [           main] o.s.b.f.s.DefaultListableBeanFactory     : Creating shared instance of singleton bean 'org.springframework.boot.actuate.autoconfigure.endpoint.EndpointAutoConfiguration'
2023-07-07T15:12:39.463+05:30 TRACE 10928 --- [           main] o.s.b.f.s.DefaultListableBeanFactory     : Creating instance of bean 'org.springframework.boot.actuate.autoconfigure.endpoint.EndpointAutoConfiguration'
2023-07-07T15:12:39.464+05:30 TRACE 10928 --- [           main] o.s.b.f.s.DefaultListableBeanFactory     : Finished creating instance of bean 'org.springframework.boot.actuate.autoconfigure.endpoint.EndpointAutoConfiguration'
2023-07-07T15:12:39.469+05:30 TRACE 10928 --- [           main] o.s.b.f.s.DefaultListableBeanFactory     : Finished creating instance of bean 'endpointOperationParameterMapper'
2023-07-07T15:12:39.470+05:30 DEBUG 10928 --- [           main] o.s.b.f.s.DefaultListableBeanFactory     : Creating shared instance of singleton bean 'endpointMediaTypes'
2023-07-07T15:12:39.470+05:30 TRACE 10928 --- [           main] o.s.b.f.s.DefaultListableBeanFactory     : Creating instance of bean 'endpointMediaTypes'
2023-07-07T15:12:39.470+05:30 TRACE 10928 --- [           main] o.s.b.f.s.DefaultListableBeanFactory     : Returning cached instance of singleton bean 'org.springframework.boot.actuate.autoconfigure.endpoint.web.WebEndpointAutoConfiguration'
2023-07-07T15:12:39.471+05:30 TRACE 10928 --- [           main] o.s.b.f.s.DefaultListableBeanFactory     : Finished creating instance of bean 'endpointMediaTypes'
2023-07-07T15:12:39.471+05:30 DEBUG 10928 --- [           main] o.s.b.f.s.DefaultListableBeanFactory     : Autowiring by type from bean name 'webEndpointDiscoverer' via factory method to bean named 'endpointOperationParameterMapper'
2023-07-07T15:12:39.471+05:30 DEBUG 10928 --- [           main] o.s.b.f.s.DefaultListableBeanFactory     : Autowiring by type from bean name 'webEndpointDiscoverer' via factory method to bean named 'endpointMediaTypes'
2023-07-07T15:12:39.476+05:30 DEBUG 10928 --- [           main] o.s.b.f.s.DefaultListableBeanFactory     : Creating shared instance of singleton bean 'webEndpointPathMapper'
2023-07-07T15:12:39.476+05:30 TRACE 10928 --- [           main] o.s.b.f.s.DefaultListableBeanFactory     : Creating instance of bean 'webEndpointPathMapper'
2023-07-07T15:12:39.476+05:30 TRACE 10928 --- [           main] o.s.b.f.s.DefaultListableBeanFactory     : Returning cached instance of singleton bean 'org.springframework.boot.actuate.autoconfigure.endpoint.web.WebEndpointAutoConfiguration'
2023-07-07T15:12:39.477+05:30 TRACE 10928 --- [           main] o.s.b.f.s.DefaultListableBeanFactory     : Finished creating instance of bean 'webEndpointPathMapper'
2023-07-07T15:12:39.478+05:30 TRACE 10928 --- [           main] o.s.b.f.s.DefaultListableBeanFactory     : Returning cached instance of singleton bean 'webEndpointPathMapper'
2023-07-07T15:12:39.478+05:30 DEBUG 10928 --- [           main] o.s.b.f.s.DefaultListableBeanFactory     : Creating shared instance of singleton bean 'endpointCachingOperationInvokerAdvisor'
2023-07-07T15:12:39.478+05:30 TRACE 10928 --- [           main] o.s.b.f.s.DefaultListableBeanFactory     : Creating instance of bean 'endpointCachingOperationInvokerAdvisor'
2023-07-07T15:12:39.478+05:30 TRACE 10928 --- [           main] o.s.b.f.s.DefaultListableBeanFactory     : Returning cached instance of singleton bean 'org.springframework.boot.actuate.autoconfigure.endpoint.EndpointAutoConfiguration'
2023-07-07T15:12:39.479+05:30 TRACE 10928 --- [           main] o.s.b.f.s.DefaultListableBeanFactory     : Returning cached instance of singleton bean 'environment'
2023-07-07T15:12:39.479+05:30 DEBUG 10928 --- [           main] o.s.b.f.s.DefaultListableBeanFactory     : Autowiring by type from bean name 'endpointCachingOperationInvokerAdvisor' via factory method to bean named 'environment'
2023-07-07T15:12:39.481+05:30 TRACE 10928 --- [           main] o.s.b.f.s.DefaultListableBeanFactory     : Finished creating instance of bean 'endpointCachingOperationInvokerAdvisor'
2023-07-07T15:12:39.481+05:30 TRACE 10928 --- [           main] o.s.b.f.s.DefaultListableBeanFactory     : Returning cached instance of singleton bean 'endpointCachingOperationInvokerAdvisor'
2023-07-07T15:12:39.482+05:30 DEBUG 10928 --- [           main] o.s.b.f.s.DefaultListableBeanFactory     : Creating shared instance of singleton bean 'webExposeExcludePropertyEndpointFilter'
2023-07-07T15:12:39.482+05:30 TRACE 10928 --- [           main] o.s.b.f.s.DefaultListableBeanFactory     : Creating instance of bean 'webExposeExcludePropertyEndpointFilter'
2023-07-07T15:12:39.482+05:30 TRACE 10928 --- [           main] o.s.b.f.s.DefaultListableBeanFactory     : Returning cached instance of singleton bean 'org.springframework.boot.actuate.autoconfigure.endpoint.web.WebEndpointAutoConfiguration'
2023-07-07T15:12:39.482+05:30 TRACE 10928 --- [           main] o.s.b.f.s.DefaultListableBeanFactory     : Finished creating instance of bean 'webExposeExcludePropertyEndpointFilter'
2023-07-07T15:12:39.483+05:30 TRACE 10928 --- [           main] o.s.b.f.s.DefaultListableBeanFactory     : Returning cached instance of singleton bean 'webExposeExcludePropertyEndpointFilter'
2023-07-07T15:12:39.489+05:30 TRACE 10928 --- [           main] o.s.b.f.s.DefaultListableBeanFactory     : Finished creating instance of bean 'webEndpointDiscoverer'
2023-07-07T15:12:39.489+05:30 TRACE 10928 --- [           main] o.s.b.f.s.DefaultListableBeanFactory     : Returning cached instance of singleton bean 'healthEndpointGroups'
2023-07-07T15:12:39.489+05:30 DEBUG 10928 --- [           main] o.s.b.f.s.DefaultListableBeanFactory     : Autowiring by type from bean name 'healthEndpointWebMvcHandlerMapping' via factory method to bean named 'webEndpointDiscoverer'
2023-07-07T15:12:39.489+05:30 DEBUG 10928 --- [           main] o.s.b.f.s.DefaultListableBeanFactory     : Autowiring by type from bean name 'healthEndpointWebMvcHandlerMapping' via factory method to bean named 'healthEndpointGroups'
2023-07-07T15:12:39.501+05:30 TRACE 10928 --- [           main] o.s.b.f.s.DefaultListableBeanFactory     : Returning cached instance of singleton bean 'healthEndpoint'
2023-07-07T15:12:39.505+05:30 TRACE 10928 --- [           main] o.s.b.f.s.DefaultListableBeanFactory     : Returning cached instance of singleton bean 'healthEndpoint'
2023-07-07T15:12:39.524+05:30 DEBUG 10928 --- [           main] o.s.b.f.s.DefaultListableBeanFactory     : Creating shared instance of singleton bean 'healthEndpointWebExtension'
2023-07-07T15:12:39.524+05:30 TRACE 10928 --- [           main] o.s.b.f.s.DefaultListableBeanFactory     : Creating instance of bean 'healthEndpointWebExtension'
2023-07-07T15:12:39.524+05:30 DEBUG 10928 --- [           main] o.s.b.f.s.DefaultListableBeanFactory     : Creating shared instance of singleton bean 'org.springframework.boot.actuate.autoconfigure.health.HealthEndpointWebExtensionConfiguration'
2023-07-07T15:12:39.524+05:30 TRACE 10928 --- [           main] o.s.b.f.s.DefaultListableBeanFactory     : Creating instance of bean 'org.springframework.boot.actuate.autoconfigure.health.HealthEndpointWebExtensionConfiguration'
2023-07-07T15:12:39.525+05:30 TRACE 10928 --- [           main] o.s.b.f.s.DefaultListableBeanFactory     : Finished creating instance of bean 'org.springframework.boot.actuate.autoconfigure.health.HealthEndpointWebExtensionConfiguration'
2023-07-07T15:12:39.525+05:30 TRACE 10928 --- [           main] o.s.b.f.s.DefaultListableBeanFactory     : Returning cached instance of singleton bean 'healthContributorRegistry'
2023-07-07T15:12:39.525+05:30 TRACE 10928 --- [           main] o.s.b.f.s.DefaultListableBeanFactory     : Returning cached instance of singleton bean 'healthEndpointGroups'
2023-07-07T15:12:39.525+05:30 TRACE 10928 --- [           main] o.s.b.f.s.DefaultListableBeanFactory     : Returning cached instance of singleton bean 'management.endpoint.health-org.springframework.boot.actuate.autoconfigure.health.HealthEndpointProperties'
2023-07-07T15:12:39.525+05:30 DEBUG 10928 --- [           main] o.s.b.f.s.DefaultListableBeanFactory     : Autowiring by type from bean name 'healthEndpointWebExtension' via factory method to bean named 'healthContributorRegistry'
2023-07-07T15:12:39.525+05:30 DEBUG 10928 --- [           main] o.s.b.f.s.DefaultListableBeanFactory     : Autowiring by type from bean name 'healthEndpointWebExtension' via factory method to bean named 'healthEndpointGroups'
2023-07-07T15:12:39.525+05:30 DEBUG 10928 --- [           main] o.s.b.f.s.DefaultListableBeanFactory     : Autowiring by type from bean name 'healthEndpointWebExtension' via factory method to bean named 'management.endpoint.health-org.springframework.boot.actuate.autoconfigure.health.HealthEndpointProperties'
2023-07-07T15:12:39.527+05:30 TRACE 10928 --- [           main] o.s.b.f.s.DefaultListableBeanFactory     : Finished creating instance of bean 'healthEndpointWebExtension'
2023-07-07T15:12:39.533+05:30 TRACE 10928 --- [           main] o.s.b.f.s.DefaultListableBeanFactory     : Returning cached instance of singleton bean 'healthEndpoint'
2023-07-07T15:12:39.540+05:30 TRACE 10928 --- [           main] o.s.b.f.s.DefaultListableBeanFactory     : Invoking afterPropertiesSet() on bean with name 'healthEndpointWebMvcHandlerMapping'
2023-07-07T15:12:39.540+05:30 TRACE 10928 --- [           main] o.s.b.f.s.DefaultListableBeanFactory     : Finished creating instance of bean 'healthEndpointWebMvcHandlerMapping'
2023-07-07T15:12:39.540+05:30 TRACE 10928 --- [           main] o.s.b.f.s.DefaultListableBeanFactory     : Returning cached instance of singleton bean 'org.springframework.boot.actuate.autoconfigure.health.HealthEndpointWebExtensionConfiguration'
2023-07-07T15:12:39.540+05:30 TRACE 10928 --- [           main] o.s.b.f.s.DefaultListableBeanFactory     : Returning cached instance of singleton bean 'healthEndpointWebExtension'
2023-07-07T15:12:39.540+05:30 DEBUG 10928 --- [           main] o.s.b.f.s.DefaultListableBeanFactory     : Creating shared instance of singleton bean 'org.springframework.boot.actuate.autoconfigure.health.HealthEndpointAutoConfiguration'
2023-07-07T15:12:39.540+05:30 TRACE 10928 --- [           main] o.s.b.f.s.DefaultListableBeanFactory     : Creating instance of bean 'org.springframework.boot.actuate.autoconfigure.health.HealthEndpointAutoConfiguration'
2023-07-07T15:12:39.540+05:30 TRACE 10928 --- [           main] o.s.b.f.s.DefaultListableBeanFactory     : Finished creating instance of bean 'org.springframework.boot.actuate.autoconfigure.health.HealthEndpointAutoConfiguration'
2023-07-07T15:12:39.540+05:30 TRACE 10928 --- [           main] o.s.b.f.s.DefaultListableBeanFactory     : Returning cached instance of singleton bean 'management.endpoint.health-org.springframework.boot.actuate.autoconfigure.health.HealthEndpointProperties'
2023-07-07T15:12:39.541+05:30 DEBUG 10928 --- [           main] o.s.b.f.s.DefaultListableBeanFactory     : Creating shared instance of singleton bean 'org.springframework.boot.autoconfigure.info.ProjectInfoAutoConfiguration'
2023-07-07T15:12:39.541+05:30 TRACE 10928 --- [           main] o.s.b.f.s.DefaultListableBeanFactory     : Creating instance of bean 'org.springframework.boot.autoconfigure.info.ProjectInfoAutoConfiguration'
2023-07-07T15:12:39.543+05:30 DEBUG 10928 --- [           main] o.s.b.f.s.DefaultListableBeanFactory     : Creating shared instance of singleton bean 'spring.info-org.springframework.boot.autoconfigure.info.ProjectInfoProperties'
2023-07-07T15:12:39.544+05:30 TRACE 10928 --- [           main] o.s.b.f.s.DefaultListableBeanFactory     : Creating instance of bean 'spring.info-org.springframework.boot.autoconfigure.info.ProjectInfoProperties'
2023-07-07T15:12:39.544+05:30 TRACE 10928 --- [           main] o.s.b.f.s.DefaultListableBeanFactory     : Returning cached instance of singleton bean 'org.springframework.boot.context.properties.BoundConfigurationProperties'
2023-07-07T15:12:39.546+05:30 TRACE 10928 --- [           main] o.s.b.f.s.DefaultListableBeanFactory     : Finished creating instance of bean 'spring.info-org.springframework.boot.autoconfigure.info.ProjectInfoProperties'
2023-07-07T15:12:39.546+05:30 DEBUG 10928 --- [           main] o.s.b.f.s.DefaultListableBeanFactory     : Autowiring by type from bean name 'org.springframework.boot.autoconfigure.info.ProjectInfoAutoConfiguration' via constructor to bean named 'spring.info-org.springframework.boot.autoconfigure.info.ProjectInfoProperties'
2023-07-07T15:12:39.547+05:30 TRACE 10928 --- [           main] o.s.b.f.s.DefaultListableBeanFactory     : Finished creating instance of bean 'org.springframework.boot.autoconfigure.info.ProjectInfoAutoConfiguration'
2023-07-07T15:12:39.547+05:30 TRACE 10928 --- [           main] o.s.b.f.s.DefaultListableBeanFactory     : Returning cached instance of singleton bean 'spring.info-org.springframework.boot.autoconfigure.info.ProjectInfoProperties'
2023-07-07T15:12:39.547+05:30 DEBUG 10928 --- [           main] o.s.b.f.s.DefaultListableBeanFactory     : Creating shared instance of singleton bean 'org.springframework.boot.actuate.autoconfigure.info.InfoContributorAutoConfiguration'
2023-07-07T15:12:39.547+05:30 TRACE 10928 --- [           main] o.s.b.f.s.DefaultListableBeanFactory     : Creating instance of bean 'org.springframework.boot.actuate.autoconfigure.info.InfoContributorAutoConfiguration'
2023-07-07T15:12:39.554+05:30 TRACE 10928 --- [           main] o.s.b.f.s.DefaultListableBeanFactory     : Finished creating instance of bean 'org.springframework.boot.actuate.autoconfigure.info.InfoContributorAutoConfiguration'
2023-07-07T15:12:39.554+05:30 DEBUG 10928 --- [           main] o.s.b.f.s.DefaultListableBeanFactory     : Creating shared instance of singleton bean 'management.info-org.springframework.boot.actuate.autoconfigure.info.InfoContributorProperties'
2023-07-07T15:12:39.554+05:30 TRACE 10928 --- [           main] o.s.b.f.s.DefaultListableBeanFactory     : Creating instance of bean 'management.info-org.springframework.boot.actuate.autoconfigure.info.InfoContributorProperties'
2023-07-07T15:12:39.555+05:30 TRACE 10928 --- [           main] o.s.b.f.s.DefaultListableBeanFactory     : Returning cached instance of singleton bean 'org.springframework.boot.context.properties.BoundConfigurationProperties'
2023-07-07T15:12:39.556+05:30 TRACE 10928 --- [           main] o.s.b.f.s.DefaultListableBeanFactory     : Finished creating instance of bean 'management.info-org.springframework.boot.actuate.autoconfigure.info.InfoContributorProperties'
2023-07-07T15:12:39.556+05:30 TRACE 10928 --- [           main] o.s.b.f.s.DefaultListableBeanFactory     : Returning cached instance of singleton bean 'org.springframework.boot.actuate.autoconfigure.endpoint.EndpointAutoConfiguration'
2023-07-07T15:12:39.556+05:30 TRACE 10928 --- [           main] o.s.b.f.s.DefaultListableBeanFactory     : Returning cached instance of singleton bean 'endpointOperationParameterMapper'
2023-07-07T15:12:39.556+05:30 TRACE 10928 --- [           main] o.s.b.f.s.DefaultListableBeanFactory     : Returning cached instance of singleton bean 'endpointCachingOperationInvokerAdvisor'
2023-07-07T15:12:39.556+05:30 TRACE 10928 --- [           main] o.s.b.f.s.DefaultListableBeanFactory     : Returning cached instance of singleton bean 'org.springframework.boot.actuate.autoconfigure.endpoint.jackson.JacksonEndpointAutoConfiguration'
2023-07-07T15:12:39.556+05:30 TRACE 10928 --- [           main] o.s.b.f.s.DefaultListableBeanFactory     : Returning cached instance of singleton bean 'endpointObjectMapper'
2023-07-07T15:12:39.556+05:30 DEBUG 10928 --- [           main] o.s.b.f.s.DefaultListableBeanFactory     : Creating shared instance of singleton bean 'org.springframework.boot.actuate.autoconfigure.endpoint.web.WebEndpointAutoConfiguration$WebEndpointServletConfiguration'
2023-07-07T15:12:39.556+05:30 TRACE 10928 --- [           main] o.s.b.f.s.DefaultListableBeanFactory     : Creating instance of bean 'org.springframework.boot.actuate.autoconfigure.endpoint.web.WebEndpointAutoConfiguration$WebEndpointServletConfiguration'
2023-07-07T15:12:39.556+05:30 TRACE 10928 --- [           main] o.s.b.f.s.DefaultListableBeanFactory     : Finished creating instance of bean 'org.springframework.boot.actuate.autoconfigure.endpoint.web.WebEndpointAutoConfiguration$WebEndpointServletConfiguration'
2023-07-07T15:12:39.556+05:30 DEBUG 10928 --- [           main] o.s.b.f.s.DefaultListableBeanFactory     : Creating shared instance of singleton bean 'servletEndpointDiscoverer'
2023-07-07T15:12:39.556+05:30 TRACE 10928 --- [           main] o.s.b.f.s.DefaultListableBeanFactory     : Creating instance of bean 'servletEndpointDiscoverer'
2023-07-07T15:12:39.556+05:30 TRACE 10928 --- [           main] o.s.b.f.s.DefaultListableBeanFactory     : Returning cached instance of singleton bean 'org.springframework.boot.actuate.autoconfigure.endpoint.web.WebEndpointAutoConfiguration$WebEndpointServletConfiguration'
2023-07-07T15:12:39.556+05:30 DEBUG 10928 --- [           main] o.s.b.f.s.DefaultListableBeanFactory     : Autowiring by type from bean name 'servletEndpointDiscoverer' via factory method to bean named 'org.springframework.web.context.support.GenericWebApplicationContext@50305a'
2023-07-07T15:12:39.557+05:30 TRACE 10928 --- [           main] o.s.b.f.s.DefaultListableBeanFactory     : Returning cached instance of singleton bean 'webEndpointPathMapper'
2023-07-07T15:12:39.557+05:30 TRACE 10928 --- [           main] o.s.b.f.s.DefaultListableBeanFactory     : Returning cached instance of singleton bean 'webEndpointPathMapper'
2023-07-07T15:12:39.558+05:30 DEBUG 10928 --- [           main] o.s.b.f.s.DefaultListableBeanFactory     : Creating shared instance of singleton bean 'servletExposeExcludePropertyEndpointFilter'
2023-07-07T15:12:39.558+05:30 TRACE 10928 --- [           main] o.s.b.f.s.DefaultListableBeanFactory     : Creating instance of bean 'servletExposeExcludePropertyEndpointFilter'
2023-07-07T15:12:39.558+05:30 DEBUG 10928 --- [           main] o.s.b.f.s.DefaultListableBeanFactory     : Creating shared instance of singleton bean 'org.springframework.boot.actuate.autoconfigure.endpoint.web.ServletEndpointManagementContextConfiguration'
2023-07-07T15:12:39.558+05:30 TRACE 10928 --- [           main] o.s.b.f.s.DefaultListableBeanFactory     : Creating instance of bean 'org.springframework.boot.actuate.autoconfigure.endpoint.web.ServletEndpointManagementContextConfiguration'
2023-07-07T15:12:39.559+05:30 TRACE 10928 --- [           main] o.s.b.f.s.DefaultListableBeanFactory     : Finished creating instance of bean 'org.springframework.boot.actuate.autoconfigure.endpoint.web.ServletEndpointManagementContextConfiguration'
2023-07-07T15:12:39.559+05:30 TRACE 10928 --- [           main] o.s.b.f.s.DefaultListableBeanFactory     : Returning cached instance of singleton bean 'management.endpoints.web-org.springframework.boot.actuate.autoconfigure.endpoint.web.WebEndpointProperties'
2023-07-07T15:12:39.559+05:30 DEBUG 10928 --- [           main] o.s.b.f.s.DefaultListableBeanFactory     : Autowiring by type from bean name 'servletExposeExcludePropertyEndpointFilter' via factory method to bean named 'management.endpoints.web-org.springframework.boot.actuate.autoconfigure.endpoint.web.WebEndpointProperties'
2023-07-07T15:12:39.560+05:30 TRACE 10928 --- [           main] o.s.b.f.s.DefaultListableBeanFactory     : Finished creating instance of bean 'servletExposeExcludePropertyEndpointFilter'
2023-07-07T15:12:39.560+05:30 TRACE 10928 --- [           main] o.s.b.f.s.DefaultListableBeanFactory     : Returning cached instance of singleton bean 'servletExposeExcludePropertyEndpointFilter'
2023-07-07T15:12:39.561+05:30 TRACE 10928 --- [           main] o.s.b.f.s.DefaultListableBeanFactory     : Finished creating instance of bean 'servletEndpointDiscoverer'
2023-07-07T15:12:39.561+05:30 TRACE 10928 --- [           main] o.s.b.f.s.DefaultListableBeanFactory     : Returning cached instance of singleton bean 'org.springframework.boot.actuate.autoconfigure.endpoint.web.WebEndpointAutoConfiguration'
2023-07-07T15:12:39.561+05:30 TRACE 10928 --- [           main] o.s.b.f.s.DefaultListableBeanFactory     : Returning cached instance of singleton bean 'webEndpointPathMapper'
2023-07-07T15:12:39.561+05:30 TRACE 10928 --- [           main] o.s.b.f.s.DefaultListableBeanFactory     : Returning cached instance of singleton bean 'endpointMediaTypes'
2023-07-07T15:12:39.561+05:30 TRACE 10928 --- [           main] o.s.b.f.s.DefaultListableBeanFactory     : Returning cached instance of singleton bean 'webEndpointDiscoverer'
2023-07-07T15:12:39.561+05:30 DEBUG 10928 --- [           main] o.s.b.f.s.DefaultListableBeanFactory     : Creating shared instance of singleton bean 'controllerEndpointDiscoverer'
2023-07-07T15:12:39.561+05:30 TRACE 10928 --- [           main] o.s.b.f.s.DefaultListableBeanFactory     : Creating instance of bean 'controllerEndpointDiscoverer'
2023-07-07T15:12:39.561+05:30 TRACE 10928 --- [           main] o.s.b.f.s.DefaultListableBeanFactory     : Returning cached instance of singleton bean 'org.springframework.boot.actuate.autoconfigure.endpoint.web.WebEndpointAutoConfiguration'
2023-07-07T15:12:39.563+05:30 TRACE 10928 --- [           main] o.s.b.f.s.DefaultListableBeanFactory     : Returning cached instance of singleton bean 'webEndpointPathMapper'
2023-07-07T15:12:39.563+05:30 TRACE 10928 --- [           main] o.s.b.f.s.DefaultListableBeanFactory     : Returning cached instance of singleton bean 'webEndpointPathMapper'
2023-07-07T15:12:39.564+05:30 DEBUG 10928 --- [           main] o.s.b.f.s.DefaultListableBeanFactory     : Creating shared instance of singleton bean 'controllerExposeExcludePropertyEndpointFilter'
2023-07-07T15:12:39.564+05:30 TRACE 10928 --- [           main] o.s.b.f.s.DefaultListableBeanFactory     : Creating instance of bean 'controllerExposeExcludePropertyEndpointFilter'
2023-07-07T15:12:39.564+05:30 TRACE 10928 --- [           main] o.s.b.f.s.DefaultListableBeanFactory     : Returning cached instance of singleton bean 'org.springframework.boot.actuate.autoconfigure.endpoint.web.WebEndpointAutoConfiguration'
2023-07-07T15:12:39.565+05:30 TRACE 10928 --- [           main] o.s.b.f.s.DefaultListableBeanFactory     : Finished creating instance of bean 'controllerExposeExcludePropertyEndpointFilter'
2023-07-07T15:12:39.566+05:30 TRACE 10928 --- [           main] o.s.b.f.s.DefaultListableBeanFactory     : Finished creating instance of bean 'controllerEndpointDiscoverer'
2023-07-07T15:12:39.566+05:30 DEBUG 10928 --- [           main] o.s.b.f.s.DefaultListableBeanFactory     : Creating shared instance of singleton bean 'pathMappedEndpoints'
2023-07-07T15:12:39.566+05:30 TRACE 10928 --- [           main] o.s.b.f.s.DefaultListableBeanFactory     : Creating instance of bean 'pathMappedEndpoints'
2023-07-07T15:12:39.566+05:30 TRACE 10928 --- [           main] o.s.b.f.s.DefaultListableBeanFactory     : Returning cached instance of singleton bean 'org.springframework.boot.actuate.autoconfigure.endpoint.web.WebEndpointAutoConfiguration'
2023-07-07T15:12:39.568+05:30 TRACE 10928 --- [           main] o.s.b.f.s.DefaultListableBeanFactory     : Returning cached instance of singleton bean 'servletEndpointDiscoverer'
2023-07-07T15:12:39.568+05:30 TRACE 10928 --- [           main] o.s.b.f.s.DefaultListableBeanFactory     : Returning cached instance of singleton bean 'webEndpointDiscoverer'
2023-07-07T15:12:39.568+05:30 TRACE 10928 --- [           main] o.s.b.f.s.DefaultListableBeanFactory     : Returning cached instance of singleton bean 'controllerEndpointDiscoverer'
2023-07-07T15:12:39.568+05:30 DEBUG 10928 --- [           main] o.s.b.f.s.DefaultListableBeanFactory     : Autowiring by type from bean name 'pathMappedEndpoints' via factory method to bean named 'servletEndpointDiscoverer'
2023-07-07T15:12:39.568+05:30 DEBUG 10928 --- [           main] o.s.b.f.s.DefaultListableBeanFactory     : Autowiring by type from bean name 'pathMappedEndpoints' via factory method to bean named 'webEndpointDiscoverer'
2023-07-07T15:12:39.568+05:30 DEBUG 10928 --- [           main] o.s.b.f.s.DefaultListableBeanFactory     : Autowiring by type from bean name 'pathMappedEndpoints' via factory method to bean named 'controllerEndpointDiscoverer'
2023-07-07T15:12:39.587+05:30 TRACE 10928 --- [           main] o.s.b.f.s.DefaultListableBeanFactory     : Finished creating instance of bean 'pathMappedEndpoints'
2023-07-07T15:12:39.587+05:30 TRACE 10928 --- [           main] o.s.b.f.s.DefaultListableBeanFactory     : Returning cached instance of singleton bean 'webExposeExcludePropertyEndpointFilter'
2023-07-07T15:12:39.587+05:30 TRACE 10928 --- [           main] o.s.b.f.s.DefaultListableBeanFactory     : Returning cached instance of singleton bean 'controllerExposeExcludePropertyEndpointFilter'
2023-07-07T15:12:39.587+05:30 TRACE 10928 --- [           main] o.s.b.f.s.DefaultListableBeanFactory     : Returning cached instance of singleton bean 'management.endpoints.web-org.springframework.boot.actuate.autoconfigure.endpoint.web.WebEndpointProperties'
2023-07-07T15:12:39.587+05:30 TRACE 10928 --- [           main] o.s.b.f.s.DefaultListableBeanFactory     : Returning cached instance of singleton bean 'org.springframework.boot.actuate.autoconfigure.system.DiskSpaceHealthContributorAutoConfiguration'
2023-07-07T15:12:39.587+05:30 TRACE 10928 --- [           main] o.s.b.f.s.DefaultListableBeanFactory     : Returning cached instance of singleton bean 'diskSpaceHealthIndicator'
2023-07-07T15:12:39.587+05:30 TRACE 10928 --- [           main] o.s.b.f.s.DefaultListableBeanFactory     : Returning cached instance of singleton bean 'management.health.diskspace-org.springframework.boot.actuate.autoconfigure.system.DiskSpaceHealthIndicatorProperties'
2023-07-07T15:12:39.587+05:30 TRACE 10928 --- [           main] o.s.b.f.s.DefaultListableBeanFactory     : Returning cached instance of singleton bean 'org.springframework.boot.actuate.autoconfigure.health.HealthContributorAutoConfiguration'
2023-07-07T15:12:39.587+05:30 TRACE 10928 --- [           main] o.s.b.f.s.DefaultListableBeanFactory     : Returning cached instance of singleton bean 'pingHealthContributor'
2023-07-07T15:12:39.587+05:30 DEBUG 10928 --- [           main] o.s.b.f.s.DefaultListableBeanFactory     : Creating shared instance of singleton bean 'org.springframework.boot.actuate.autoconfigure.metrics.MetricsAutoConfiguration'
2023-07-07T15:12:39.587+05:30 TRACE 10928 --- [           main] o.s.b.f.s.DefaultListableBeanFactory     : Creating instance of bean 'org.springframework.boot.actuate.autoconfigure.metrics.MetricsAutoConfiguration'
2023-07-07T15:12:39.588+05:30 TRACE 10928 --- [           main] o.s.b.f.s.DefaultListableBeanFactory     : Finished creating instance of bean 'org.springframework.boot.actuate.autoconfigure.metrics.MetricsAutoConfiguration'
2023-07-07T15:12:39.588+05:30 DEBUG 10928 --- [           main] o.s.b.f.s.DefaultListableBeanFactory     : Creating shared instance of singleton bean 'micrometerClock'
2023-07-07T15:12:39.588+05:30 TRACE 10928 --- [           main] o.s.b.f.s.DefaultListableBeanFactory     : Creating instance of bean 'micrometerClock'
2023-07-07T15:12:39.588+05:30 TRACE 10928 --- [           main] o.s.b.f.s.DefaultListableBeanFactory     : Returning cached instance of singleton bean 'org.springframework.boot.actuate.autoconfigure.metrics.MetricsAutoConfiguration'
2023-07-07T15:12:39.589+05:30 TRACE 10928 --- [           main] o.s.b.f.s.DefaultListableBeanFactory     : Finished creating instance of bean 'micrometerClock'
2023-07-07T15:12:39.589+05:30 TRACE 10928 --- [           main] o.s.b.f.s.DefaultListableBeanFactory     : Returning cached instance of singleton bean 'meterRegistryPostProcessor'
2023-07-07T15:12:39.589+05:30 DEBUG 10928 --- [           main] o.s.b.f.s.DefaultListableBeanFactory     : Creating shared instance of singleton bean 'propertiesMeterFilter'
2023-07-07T15:12:39.589+05:30 TRACE 10928 --- [           main] o.s.b.f.s.DefaultListableBeanFactory     : Creating instance of bean 'propertiesMeterFilter'
2023-07-07T15:12:39.589+05:30 TRACE 10928 --- [           main] o.s.b.f.s.DefaultListableBeanFactory     : Returning cached instance of singleton bean 'org.springframework.boot.actuate.autoconfigure.metrics.MetricsAutoConfiguration'
2023-07-07T15:12:39.590+05:30 DEBUG 10928 --- [           main] o.s.b.f.s.DefaultListableBeanFactory     : Creating shared instance of singleton bean 'management.metrics-org.springframework.boot.actuate.autoconfigure.metrics.MetricsProperties'
2023-07-07T15:12:39.590+05:30 TRACE 10928 --- [           main] o.s.b.f.s.DefaultListableBeanFactory     : Creating instance of bean 'management.metrics-org.springframework.boot.actuate.autoconfigure.metrics.MetricsProperties'
2023-07-07T15:12:39.594+05:30 TRACE 10928 --- [           main] o.s.b.f.s.DefaultListableBeanFactory     : Returning cached instance of singleton bean 'org.springframework.boot.context.properties.BoundConfigurationProperties'
2023-07-07T15:12:39.597+05:30 TRACE 10928 --- [           main] o.s.b.f.s.DefaultListableBeanFactory     : Finished creating instance of bean 'management.metrics-org.springframework.boot.actuate.autoconfigure.metrics.MetricsProperties'
2023-07-07T15:12:39.597+05:30 DEBUG 10928 --- [           main] o.s.b.f.s.DefaultListableBeanFactory     : Autowiring by type from bean name 'propertiesMeterFilter' via factory method to bean named 'management.metrics-org.springframework.boot.actuate.autoconfigure.metrics.MetricsProperties'
2023-07-07T15:12:39.606+05:30 TRACE 10928 --- [           main] o.s.b.f.s.DefaultListableBeanFactory     : Finished creating instance of bean 'propertiesMeterFilter'
2023-07-07T15:12:39.606+05:30 TRACE 10928 --- [           main] o.s.b.f.s.DefaultListableBeanFactory     : Returning cached instance of singleton bean 'management.metrics-org.springframework.boot.actuate.autoconfigure.metrics.MetricsProperties'
2023-07-07T15:12:39.606+05:30 DEBUG 10928 --- [           main] o.s.b.f.s.DefaultListableBeanFactory     : Creating shared instance of singleton bean 'org.springframework.boot.actuate.autoconfigure.metrics.export.simple.SimpleMetricsExportAutoConfiguration'
2023-07-07T15:12:39.606+05:30 TRACE 10928 --- [           main] o.s.b.f.s.DefaultListableBeanFactory     : Creating instance of bean 'org.springframework.boot.actuate.autoconfigure.metrics.export.simple.SimpleMetricsExportAutoConfiguration'
2023-07-07T15:12:39.606+05:30 TRACE 10928 --- [           main] o.s.b.f.s.DefaultListableBeanFactory     : Finished creating instance of bean 'org.springframework.boot.actuate.autoconfigure.metrics.export.simple.SimpleMetricsExportAutoConfiguration'
2023-07-07T15:12:39.606+05:30 DEBUG 10928 --- [           main] o.s.b.f.s.DefaultListableBeanFactory     : Creating shared instance of singleton bean 'simpleMeterRegistry'
2023-07-07T15:12:39.606+05:30 TRACE 10928 --- [           main] o.s.b.f.s.DefaultListableBeanFactory     : Creating instance of bean 'simpleMeterRegistry'
2023-07-07T15:12:39.606+05:30 TRACE 10928 --- [           main] o.s.b.f.s.DefaultListableBeanFactory     : Returning cached instance of singleton bean 'org.springframework.boot.actuate.autoconfigure.metrics.export.simple.SimpleMetricsExportAutoConfiguration'
2023-07-07T15:12:39.607+05:30 DEBUG 10928 --- [           main] o.s.b.f.s.DefaultListableBeanFactory     : Creating shared instance of singleton bean 'simpleConfig'
2023-07-07T15:12:39.607+05:30 TRACE 10928 --- [           main] o.s.b.f.s.DefaultListableBeanFactory     : Creating instance of bean 'simpleConfig'
2023-07-07T15:12:39.607+05:30 TRACE 10928 --- [           main] o.s.b.f.s.DefaultListableBeanFactory     : Returning cached instance of singleton bean 'org.springframework.boot.actuate.autoconfigure.metrics.export.simple.SimpleMetricsExportAutoConfiguration'
2023-07-07T15:12:39.607+05:30 DEBUG 10928 --- [           main] o.s.b.f.s.DefaultListableBeanFactory     : Creating shared instance of singleton bean 'management.simple.metrics.export-org.springframework.boot.actuate.autoconfigure.metrics.export.simple.SimpleProperties'
2023-07-07T15:12:39.607+05:30 TRACE 10928 --- [           main] o.s.b.f.s.DefaultListableBeanFactory     : Creating instance of bean 'management.simple.metrics.export-org.springframework.boot.actuate.autoconfigure.metrics.export.simple.SimpleProperties'
2023-07-07T15:12:39.608+05:30 TRACE 10928 --- [           main] o.s.b.f.s.DefaultListableBeanFactory     : Returning cached instance of singleton bean 'org.springframework.boot.context.properties.BoundConfigurationProperties'
2023-07-07T15:12:39.613+05:30 TRACE 10928 --- [           main] o.s.b.f.s.DefaultListableBeanFactory     : Finished creating instance of bean 'management.simple.metrics.export-org.springframework.boot.actuate.autoconfigure.metrics.export.simple.SimpleProperties'
2023-07-07T15:12:39.613+05:30 DEBUG 10928 --- [           main] o.s.b.f.s.DefaultListableBeanFactory     : Autowiring by type from bean name 'simpleConfig' via factory method to bean named 'management.simple.metrics.export-org.springframework.boot.actuate.autoconfigure.metrics.export.simple.SimpleProperties'
2023-07-07T15:12:39.620+05:30 TRACE 10928 --- [           main] o.s.b.f.s.DefaultListableBeanFactory     : Finished creating instance of bean 'simpleConfig'
2023-07-07T15:12:39.620+05:30 TRACE 10928 --- [           main] o.s.b.f.s.DefaultListableBeanFactory     : Returning cached instance of singleton bean 'micrometerClock'
2023-07-07T15:12:39.620+05:30 DEBUG 10928 --- [           main] o.s.b.f.s.DefaultListableBeanFactory     : Autowiring by type from bean name 'simpleMeterRegistry' via factory method to bean named 'simpleConfig'
2023-07-07T15:12:39.620+05:30 DEBUG 10928 --- [           main] o.s.b.f.s.DefaultListableBeanFactory     : Autowiring by type from bean name 'simpleMeterRegistry' via factory method to bean named 'micrometerClock'
2023-07-07T15:12:39.645+05:30 TRACE 10928 --- [           main] o.s.b.f.s.DefaultListableBeanFactory     : Returning cached instance of singleton bean 'propertiesMeterFilter'
2023-07-07T15:12:39.645+05:30 DEBUG 10928 --- [           main] o.s.b.f.s.DefaultListableBeanFactory     : Creating shared instance of singleton bean 'metricsHttpClientUriTagFilter'
2023-07-07T15:12:39.645+05:30 TRACE 10928 --- [           main] o.s.b.f.s.DefaultListableBeanFactory     : Creating instance of bean 'metricsHttpClientUriTagFilter'
2023-07-07T15:12:39.647+05:30 DEBUG 10928 --- [           main] o.s.b.f.s.DefaultListableBeanFactory     : Creating shared instance of singleton bean 'org.springframework.boot.actuate.autoconfigure.observation.web.client.HttpClientObservationsAutoConfiguration$MeterFilterConfiguration'
2023-07-07T15:12:39.647+05:30 TRACE 10928 --- [           main] o.s.b.f.s.DefaultListableBeanFactory     : Creating instance of bean 'org.springframework.boot.actuate.autoconfigure.observation.web.client.HttpClientObservationsAutoConfiguration$MeterFilterConfiguration'
2023-07-07T15:12:39.647+05:30 TRACE 10928 --- [           main] o.s.b.f.s.DefaultListableBeanFactory     : Finished creating instance of bean 'org.springframework.boot.actuate.autoconfigure.observation.web.client.HttpClientObservationsAutoConfiguration$MeterFilterConfiguration'
2023-07-07T15:12:39.647+05:30 DEBUG 10928 --- [           main] o.s.b.f.s.DefaultListableBeanFactory     : Creating shared instance of singleton bean 'management.observations-org.springframework.boot.actuate.autoconfigure.observation.ObservationProperties'
2023-07-07T15:12:39.647+05:30 TRACE 10928 --- [           main] o.s.b.f.s.DefaultListableBeanFactory     : Creating instance of bean 'management.observations-org.springframework.boot.actuate.autoconfigure.observation.ObservationProperties'
2023-07-07T15:12:39.649+05:30 TRACE 10928 --- [           main] o.s.b.f.s.DefaultListableBeanFactory     : Returning cached instance of singleton bean 'org.springframework.boot.context.properties.BoundConfigurationProperties'
2023-07-07T15:12:39.650+05:30 TRACE 10928 --- [           main] o.s.b.f.s.DefaultListableBeanFactory     : Finished creating instance of bean 'management.observations-org.springframework.boot.actuate.autoconfigure.observation.ObservationProperties'
2023-07-07T15:12:39.650+05:30 TRACE 10928 --- [           main] o.s.b.f.s.DefaultListableBeanFactory     : Returning cached instance of singleton bean 'management.metrics-org.springframework.boot.actuate.autoconfigure.metrics.MetricsProperties'
2023-07-07T15:12:39.650+05:30 DEBUG 10928 --- [           main] o.s.b.f.s.DefaultListableBeanFactory     : Autowiring by type from bean name 'metricsHttpClientUriTagFilter' via factory method to bean named 'management.observations-org.springframework.boot.actuate.autoconfigure.observation.ObservationProperties'
2023-07-07T15:12:39.650+05:30 DEBUG 10928 --- [           main] o.s.b.f.s.DefaultListableBeanFactory     : Autowiring by type from bean name 'metricsHttpClientUriTagFilter' via factory method to bean named 'management.metrics-org.springframework.boot.actuate.autoconfigure.metrics.MetricsProperties'
2023-07-07T15:12:39.652+05:30 TRACE 10928 --- [           main] o.s.b.f.s.DefaultListableBeanFactory     : Finished creating instance of bean 'metricsHttpClientUriTagFilter'
2023-07-07T15:12:39.652+05:30 DEBUG 10928 --- [           main] o.s.b.f.s.DefaultListableBeanFactory     : Creating shared instance of singleton bean 'metricsHttpServerUriTagFilter'
2023-07-07T15:12:39.652+05:30 TRACE 10928 --- [           main] o.s.b.f.s.DefaultListableBeanFactory     : Creating instance of bean 'metricsHttpServerUriTagFilter'
2023-07-07T15:12:39.652+05:30 DEBUG 10928 --- [           main] o.s.b.f.s.DefaultListableBeanFactory     : Creating shared instance of singleton bean 'org.springframework.boot.actuate.autoconfigure.observation.web.servlet.WebMvcObservationAutoConfiguration$MeterFilterConfiguration'
2023-07-07T15:12:39.652+05:30 TRACE 10928 --- [           main] o.s.b.f.s.DefaultListableBeanFactory     : Creating instance of bean 'org.springframework.boot.actuate.autoconfigure.observation.web.servlet.WebMvcObservationAutoConfiguration$MeterFilterConfiguration'
2023-07-07T15:12:39.653+05:30 TRACE 10928 --- [           main] o.s.b.f.s.DefaultListableBeanFactory     : Finished creating instance of bean 'org.springframework.boot.actuate.autoconfigure.observation.web.servlet.WebMvcObservationAutoConfiguration$MeterFilterConfiguration'
2023-07-07T15:12:39.653+05:30 TRACE 10928 --- [           main] o.s.b.f.s.DefaultListableBeanFactory     : Returning cached instance of singleton bean 'management.metrics-org.springframework.boot.actuate.autoconfigure.metrics.MetricsProperties'
2023-07-07T15:12:39.653+05:30 TRACE 10928 --- [           main] o.s.b.f.s.DefaultListableBeanFactory     : Returning cached instance of singleton bean 'management.observations-org.springframework.boot.actuate.autoconfigure.observation.ObservationProperties'
2023-07-07T15:12:39.653+05:30 DEBUG 10928 --- [           main] o.s.b.f.s.DefaultListableBeanFactory     : Autowiring by type from bean name 'metricsHttpServerUriTagFilter' via factory method to bean named 'management.metrics-org.springframework.boot.actuate.autoconfigure.metrics.MetricsProperties'
2023-07-07T15:12:39.653+05:30 DEBUG 10928 --- [           main] o.s.b.f.s.DefaultListableBeanFactory     : Autowiring by type from bean name 'metricsHttpServerUriTagFilter' via factory method to bean named 'management.observations-org.springframework.boot.actuate.autoconfigure.observation.ObservationProperties'
2023-07-07T15:12:39.656+05:30 TRACE 10928 --- [           main] o.s.b.f.s.DefaultListableBeanFactory     : Finished creating instance of bean 'metricsHttpServerUriTagFilter'
2023-07-07T15:12:39.656+05:30 TRACE 10928 --- [           main] o.s.b.f.s.DefaultListableBeanFactory     : Returning cached instance of singleton bean 'propertiesMeterFilter'
2023-07-07T15:12:39.656+05:30 TRACE 10928 --- [           main] o.s.b.f.s.DefaultListableBeanFactory     : Returning cached instance of singleton bean 'metricsHttpClientUriTagFilter'
2023-07-07T15:12:39.656+05:30 TRACE 10928 --- [           main] o.s.b.f.s.DefaultListableBeanFactory     : Returning cached instance of singleton bean 'metricsHttpServerUriTagFilter'
2023-07-07T15:12:39.657+05:30 TRACE 10928 --- [           main] o.s.b.f.s.DefaultListableBeanFactory     : Returning cached instance of singleton bean 'management.metrics-org.springframework.boot.actuate.autoconfigure.metrics.MetricsProperties'
2023-07-07T15:12:39.661+05:30 TRACE 10928 --- [           main] o.s.b.f.s.DefaultListableBeanFactory     : Finished creating instance of bean 'simpleMeterRegistry'
2023-07-07T15:12:39.661+05:30 TRACE 10928 --- [           main] o.s.b.f.s.DefaultListableBeanFactory     : Returning cached instance of singleton bean 'simpleConfig'
2023-07-07T15:12:39.661+05:30 TRACE 10928 --- [           main] o.s.b.f.s.DefaultListableBeanFactory     : Returning cached instance of singleton bean 'management.simple.metrics.export-org.springframework.boot.actuate.autoconfigure.metrics.export.simple.SimpleProperties'
2023-07-07T15:12:39.661+05:30 DEBUG 10928 --- [           main] o.s.b.f.s.DefaultListableBeanFactory     : Creating shared instance of singleton bean 'org.springframework.boot.actuate.autoconfigure.metrics.CompositeMeterRegistryAutoConfiguration'
2023-07-07T15:12:39.661+05:30 TRACE 10928 --- [           main] o.s.b.f.s.DefaultListableBeanFactory     : Creating instance of bean 'org.springframework.boot.actuate.autoconfigure.metrics.CompositeMeterRegistryAutoConfiguration'
2023-07-07T15:12:39.662+05:30 TRACE 10928 --- [           main] o.s.b.f.s.DefaultListableBeanFactory     : Finished creating instance of bean 'org.springframework.boot.actuate.autoconfigure.metrics.CompositeMeterRegistryAutoConfiguration'
2023-07-07T15:12:39.662+05:30 DEBUG 10928 --- [           main] o.s.b.f.s.DefaultListableBeanFactory     : Creating shared instance of singleton bean 'org.springframework.boot.actuate.autoconfigure.metrics.JvmMetricsAutoConfiguration'
2023-07-07T15:12:39.662+05:30 TRACE 10928 --- [           main] o.s.b.f.s.DefaultListableBeanFactory     : Creating instance of bean 'org.springframework.boot.actuate.autoconfigure.metrics.JvmMetricsAutoConfiguration'
2023-07-07T15:12:39.663+05:30 TRACE 10928 --- [           main] o.s.b.f.s.DefaultListableBeanFactory     : Finished creating instance of bean 'org.springframework.boot.actuate.autoconfigure.metrics.JvmMetricsAutoConfiguration'
2023-07-07T15:12:39.663+05:30 DEBUG 10928 --- [           main] o.s.b.f.s.DefaultListableBeanFactory     : Creating shared instance of singleton bean 'jvmGcMetrics'
2023-07-07T15:12:39.663+05:30 TRACE 10928 --- [           main] o.s.b.f.s.DefaultListableBeanFactory     : Creating instance of bean 'jvmGcMetrics'
2023-07-07T15:12:39.663+05:30 TRACE 10928 --- [           main] o.s.b.f.s.DefaultListableBeanFactory     : Returning cached instance of singleton bean 'org.springframework.boot.actuate.autoconfigure.metrics.JvmMetricsAutoConfiguration'
2023-07-07T15:12:39.680+05:30 TRACE 10928 --- [           main] o.s.b.f.s.DefaultListableBeanFactory     : Finished creating instance of bean 'jvmGcMetrics'
2023-07-07T15:12:39.680+05:30 DEBUG 10928 --- [           main] o.s.b.f.s.DefaultListableBeanFactory     : Creating shared instance of singleton bean 'jvmHeapPressureMetrics'
2023-07-07T15:12:39.680+05:30 TRACE 10928 --- [           main] o.s.b.f.s.DefaultListableBeanFactory     : Creating instance of bean 'jvmHeapPressureMetrics'
2023-07-07T15:12:39.680+05:30 TRACE 10928 --- [           main] o.s.b.f.s.DefaultListableBeanFactory     : Returning cached instance of singleton bean 'org.springframework.boot.actuate.autoconfigure.metrics.JvmMetricsAutoConfiguration'
2023-07-07T15:12:39.691+05:30 TRACE 10928 --- [           main] o.s.b.f.s.DefaultListableBeanFactory     : Finished creating instance of bean 'jvmHeapPressureMetrics'
2023-07-07T15:12:39.691+05:30 DEBUG 10928 --- [           main] o.s.b.f.s.DefaultListableBeanFactory     : Creating shared instance of singleton bean 'jvmMemoryMetrics'
2023-07-07T15:12:39.691+05:30 TRACE 10928 --- [           main] o.s.b.f.s.DefaultListableBeanFactory     : Creating instance of bean 'jvmMemoryMetrics'
2023-07-07T15:12:39.691+05:30 TRACE 10928 --- [           main] o.s.b.f.s.DefaultListableBeanFactory     : Returning cached instance of singleton bean 'org.springframework.boot.actuate.autoconfigure.metrics.JvmMetricsAutoConfiguration'
2023-07-07T15:12:39.692+05:30 TRACE 10928 --- [           main] o.s.b.f.s.DefaultListableBeanFactory     : Finished creating instance of bean 'jvmMemoryMetrics'
2023-07-07T15:12:39.692+05:30 DEBUG 10928 --- [           main] o.s.b.f.s.DefaultListableBeanFactory     : Creating shared instance of singleton bean 'jvmThreadMetrics'
2023-07-07T15:12:39.692+05:30 TRACE 10928 --- [           main] o.s.b.f.s.DefaultListableBeanFactory     : Creating instance of bean 'jvmThreadMetrics'
2023-07-07T15:12:39.692+05:30 TRACE 10928 --- [           main] o.s.b.f.s.DefaultListableBeanFactory     : Returning cached instance of singleton bean 'org.springframework.boot.actuate.autoconfigure.metrics.JvmMetricsAutoConfiguration'
2023-07-07T15:12:39.693+05:30 TRACE 10928 --- [           main] o.s.b.f.s.DefaultListableBeanFactory     : Finished creating instance of bean 'jvmThreadMetrics'
2023-07-07T15:12:39.693+05:30 DEBUG 10928 --- [           main] o.s.b.f.s.DefaultListableBeanFactory     : Creating shared instance of singleton bean 'classLoaderMetrics'
2023-07-07T15:12:39.693+05:30 TRACE 10928 --- [           main] o.s.b.f.s.DefaultListableBeanFactory     : Creating instance of bean 'classLoaderMetrics'
2023-07-07T15:12:39.693+05:30 TRACE 10928 --- [           main] o.s.b.f.s.DefaultListableBeanFactory     : Returning cached instance of singleton bean 'org.springframework.boot.actuate.autoconfigure.metrics.JvmMetricsAutoConfiguration'
2023-07-07T15:12:39.694+05:30 TRACE 10928 --- [           main] o.s.b.f.s.DefaultListableBeanFactory     : Finished creating instance of bean 'classLoaderMetrics'
2023-07-07T15:12:39.694+05:30 DEBUG 10928 --- [           main] o.s.b.f.s.DefaultListableBeanFactory     : Creating shared instance of singleton bean 'jvmInfoMetrics'
2023-07-07T15:12:39.694+05:30 TRACE 10928 --- [           main] o.s.b.f.s.DefaultListableBeanFactory     : Creating instance of bean 'jvmInfoMetrics'
2023-07-07T15:12:39.694+05:30 TRACE 10928 --- [           main] o.s.b.f.s.DefaultListableBeanFactory     : Returning cached instance of singleton bean 'org.springframework.boot.actuate.autoconfigure.metrics.JvmMetricsAutoConfiguration'
2023-07-07T15:12:39.695+05:30 TRACE 10928 --- [           main] o.s.b.f.s.DefaultListableBeanFactory     : Finished creating instance of bean 'jvmInfoMetrics'
2023-07-07T15:12:39.695+05:30 DEBUG 10928 --- [           main] o.s.b.f.s.DefaultListableBeanFactory     : Creating shared instance of singleton bean 'jvmCompilationMetrics'
2023-07-07T15:12:39.695+05:30 TRACE 10928 --- [           main] o.s.b.f.s.DefaultListableBeanFactory     : Creating instance of bean 'jvmCompilationMetrics'
2023-07-07T15:12:39.695+05:30 TRACE 10928 --- [           main] o.s.b.f.s.DefaultListableBeanFactory     : Returning cached instance of singleton bean 'org.springframework.boot.actuate.autoconfigure.metrics.JvmMetricsAutoConfiguration'
2023-07-07T15:12:39.697+05:30 TRACE 10928 --- [           main] o.s.b.f.s.DefaultListableBeanFactory     : Finished creating instance of bean 'jvmCompilationMetrics'
2023-07-07T15:12:39.697+05:30 DEBUG 10928 --- [           main] o.s.b.f.s.DefaultListableBeanFactory     : Creating shared instance of singleton bean 'org.springframework.boot.actuate.autoconfigure.metrics.LogbackMetricsAutoConfiguration'
2023-07-07T15:12:39.697+05:30 TRACE 10928 --- [           main] o.s.b.f.s.DefaultListableBeanFactory     : Creating instance of bean 'org.springframework.boot.actuate.autoconfigure.metrics.LogbackMetricsAutoConfiguration'
2023-07-07T15:12:39.697+05:30 TRACE 10928 --- [           main] o.s.b.f.s.DefaultListableBeanFactory     : Finished creating instance of bean 'org.springframework.boot.actuate.autoconfigure.metrics.LogbackMetricsAutoConfiguration'
2023-07-07T15:12:39.697+05:30 DEBUG 10928 --- [           main] o.s.b.f.s.DefaultListableBeanFactory     : Creating shared instance of singleton bean 'logbackMetrics'
2023-07-07T15:12:39.697+05:30 TRACE 10928 --- [           main] o.s.b.f.s.DefaultListableBeanFactory     : Creating instance of bean 'logbackMetrics'
2023-07-07T15:12:39.697+05:30 TRACE 10928 --- [           main] o.s.b.f.s.DefaultListableBeanFactory     : Returning cached instance of singleton bean 'org.springframework.boot.actuate.autoconfigure.metrics.LogbackMetricsAutoConfiguration'
2023-07-07T15:12:39.699+05:30 TRACE 10928 --- [           main] o.s.b.f.s.DefaultListableBeanFactory     : Finished creating instance of bean 'logbackMetrics'
2023-07-07T15:12:39.699+05:30 DEBUG 10928 --- [           main] o.s.b.f.s.DefaultListableBeanFactory     : Creating shared instance of singleton bean 'org.springframework.boot.actuate.autoconfigure.metrics.SystemMetricsAutoConfiguration'
2023-07-07T15:12:39.699+05:30 TRACE 10928 --- [           main] o.s.b.f.s.DefaultListableBeanFactory     : Creating instance of bean 'org.springframework.boot.actuate.autoconfigure.metrics.SystemMetricsAutoConfiguration'
2023-07-07T15:12:39.700+05:30 TRACE 10928 --- [           main] o.s.b.f.s.DefaultListableBeanFactory     : Finished creating instance of bean 'org.springframework.boot.actuate.autoconfigure.metrics.SystemMetricsAutoConfiguration'
2023-07-07T15:12:39.700+05:30 DEBUG 10928 --- [           main] o.s.b.f.s.DefaultListableBeanFactory     : Creating shared instance of singleton bean 'uptimeMetrics'
2023-07-07T15:12:39.700+05:30 TRACE 10928 --- [           main] o.s.b.f.s.DefaultListableBeanFactory     : Creating instance of bean 'uptimeMetrics'
2023-07-07T15:12:39.700+05:30 TRACE 10928 --- [           main] o.s.b.f.s.DefaultListableBeanFactory     : Returning cached instance of singleton bean 'org.springframework.boot.actuate.autoconfigure.metrics.SystemMetricsAutoConfiguration'
2023-07-07T15:12:39.701+05:30 TRACE 10928 --- [           main] o.s.b.f.s.DefaultListableBeanFactory     : Finished creating instance of bean 'uptimeMetrics'
2023-07-07T15:12:39.701+05:30 DEBUG 10928 --- [           main] o.s.b.f.s.DefaultListableBeanFactory     : Creating shared instance of singleton bean 'processorMetrics'
2023-07-07T15:12:39.701+05:30 TRACE 10928 --- [           main] o.s.b.f.s.DefaultListableBeanFactory     : Creating instance of bean 'processorMetrics'
2023-07-07T15:12:39.701+05:30 TRACE 10928 --- [           main] o.s.b.f.s.DefaultListableBeanFactory     : Returning cached instance of singleton bean 'org.springframework.boot.actuate.autoconfigure.metrics.SystemMetricsAutoConfiguration'
2023-07-07T15:12:39.704+05:30 TRACE 10928 --- [           main] o.s.b.f.s.DefaultListableBeanFactory     : Finished creating instance of bean 'processorMetrics'
2023-07-07T15:12:39.704+05:30 DEBUG 10928 --- [           main] o.s.b.f.s.DefaultListableBeanFactory     : Creating shared instance of singleton bean 'fileDescriptorMetrics'
2023-07-07T15:12:39.704+05:30 TRACE 10928 --- [           main] o.s.b.f.s.DefaultListableBeanFactory     : Creating instance of bean 'fileDescriptorMetrics'
2023-07-07T15:12:39.704+05:30 TRACE 10928 --- [           main] o.s.b.f.s.DefaultListableBeanFactory     : Returning cached instance of singleton bean 'org.springframework.boot.actuate.autoconfigure.metrics.SystemMetricsAutoConfiguration'
2023-07-07T15:12:39.706+05:30 TRACE 10928 --- [           main] o.s.b.f.s.DefaultListableBeanFactory     : Finished creating instance of bean 'fileDescriptorMetrics'
2023-07-07T15:12:39.706+05:30 DEBUG 10928 --- [           main] o.s.b.f.s.DefaultListableBeanFactory     : Creating shared instance of singleton bean 'diskSpaceMetrics'
2023-07-07T15:12:39.706+05:30 TRACE 10928 --- [           main] o.s.b.f.s.DefaultListableBeanFactory     : Creating instance of bean 'diskSpaceMetrics'
2023-07-07T15:12:39.706+05:30 TRACE 10928 --- [           main] o.s.b.f.s.DefaultListableBeanFactory     : Returning cached instance of singleton bean 'org.springframework.boot.actuate.autoconfigure.metrics.SystemMetricsAutoConfiguration'
2023-07-07T15:12:39.706+05:30 TRACE 10928 --- [           main] o.s.b.f.s.DefaultListableBeanFactory     : Returning cached instance of singleton bean 'management.metrics-org.springframework.boot.actuate.autoconfigure.metrics.MetricsProperties'
2023-07-07T15:12:39.706+05:30 DEBUG 10928 --- [           main] o.s.b.f.s.DefaultListableBeanFactory     : Autowiring by type from bean name 'diskSpaceMetrics' via factory method to bean named 'management.metrics-org.springframework.boot.actuate.autoconfigure.metrics.MetricsProperties'
2023-07-07T15:12:39.708+05:30 TRACE 10928 --- [           main] o.s.b.f.s.DefaultListableBeanFactory     : Finished creating instance of bean 'diskSpaceMetrics'
2023-07-07T15:12:39.708+05:30 DEBUG 10928 --- [           main] o.s.b.f.s.DefaultListableBeanFactory     : Creating shared instance of singleton bean 'org.springframework.boot.actuate.autoconfigure.metrics.integration.IntegrationMetricsAutoConfiguration'
2023-07-07T15:12:39.708+05:30 TRACE 10928 --- [           main] o.s.b.f.s.DefaultListableBeanFactory     : Creating instance of bean 'org.springframework.boot.actuate.autoconfigure.metrics.integration.IntegrationMetricsAutoConfiguration'
2023-07-07T15:12:39.709+05:30 TRACE 10928 --- [           main] o.s.b.f.s.DefaultListableBeanFactory     : Finished creating instance of bean 'org.springframework.boot.actuate.autoconfigure.metrics.integration.IntegrationMetricsAutoConfiguration'
2023-07-07T15:12:39.709+05:30 DEBUG 10928 --- [           main] o.s.b.f.s.DefaultListableBeanFactory     : Creating shared instance of singleton bean 'org.springframework.boot.actuate.autoconfigure.metrics.startup.StartupTimeMetricsListenerAutoConfiguration'
2023-07-07T15:12:39.709+05:30 TRACE 10928 --- [           main] o.s.b.f.s.DefaultListableBeanFactory     : Creating instance of bean 'org.springframework.boot.actuate.autoconfigure.metrics.startup.StartupTimeMetricsListenerAutoConfiguration'
2023-07-07T15:12:39.709+05:30 TRACE 10928 --- [           main] o.s.b.f.s.DefaultListableBeanFactory     : Finished creating instance of bean 'org.springframework.boot.actuate.autoconfigure.metrics.startup.StartupTimeMetricsListenerAutoConfiguration'
2023-07-07T15:12:39.709+05:30 DEBUG 10928 --- [           main] o.s.b.f.s.DefaultListableBeanFactory     : Creating shared instance of singleton bean 'startupTimeMetrics'
2023-07-07T15:12:39.709+05:30 TRACE 10928 --- [           main] o.s.b.f.s.DefaultListableBeanFactory     : Creating instance of bean 'startupTimeMetrics'
2023-07-07T15:12:39.709+05:30 TRACE 10928 --- [           main] o.s.b.f.s.DefaultListableBeanFactory     : Returning cached instance of singleton bean 'org.springframework.boot.actuate.autoconfigure.metrics.startup.StartupTimeMetricsListenerAutoConfiguration'
2023-07-07T15:12:39.710+05:30 TRACE 10928 --- [           main] o.s.b.f.s.DefaultListableBeanFactory     : Returning cached instance of singleton bean 'simpleMeterRegistry'
2023-07-07T15:12:39.710+05:30 DEBUG 10928 --- [           main] o.s.b.f.s.DefaultListableBeanFactory     : Autowiring by type from bean name 'startupTimeMetrics' via factory method to bean named 'simpleMeterRegistry'
2023-07-07T15:12:39.711+05:30 TRACE 10928 --- [           main] o.s.b.f.s.DefaultListableBeanFactory     : Finished creating instance of bean 'startupTimeMetrics'
2023-07-07T15:12:39.711+05:30 DEBUG 10928 --- [           main] o.s.b.f.s.DefaultListableBeanFactory     : Creating shared instance of singleton bean 'org.springframework.boot.autoconfigure.task.TaskSchedulingAutoConfiguration'
2023-07-07T15:12:39.711+05:30 TRACE 10928 --- [           main] o.s.b.f.s.DefaultListableBeanFactory     : Creating instance of bean 'org.springframework.boot.autoconfigure.task.TaskSchedulingAutoConfiguration'
2023-07-07T15:12:39.711+05:30 TRACE 10928 --- [           main] o.s.b.f.s.DefaultListableBeanFactory     : Finished creating instance of bean 'org.springframework.boot.autoconfigure.task.TaskSchedulingAutoConfiguration'
2023-07-07T15:12:39.711+05:30 DEBUG 10928 --- [           main] o.s.b.f.s.DefaultListableBeanFactory     : Creating shared instance of singleton bean 'taskSchedulerBuilder'
2023-07-07T15:12:39.711+05:30 TRACE 10928 --- [           main] o.s.b.f.s.DefaultListableBeanFactory     : Creating instance of bean 'taskSchedulerBuilder'
2023-07-07T15:12:39.711+05:30 TRACE 10928 --- [           main] o.s.b.f.s.DefaultListableBeanFactory     : Returning cached instance of singleton bean 'org.springframework.boot.autoconfigure.task.TaskSchedulingAutoConfiguration'
2023-07-07T15:12:39.713+05:30 DEBUG 10928 --- [           main] o.s.b.f.s.DefaultListableBeanFactory     : Creating shared instance of singleton bean 'spring.task.scheduling-org.springframework.boot.autoconfigure.task.TaskSchedulingProperties'
2023-07-07T15:12:39.713+05:30 TRACE 10928 --- [           main] o.s.b.f.s.DefaultListableBeanFactory     : Creating instance of bean 'spring.task.scheduling-org.springframework.boot.autoconfigure.task.TaskSchedulingProperties'
2023-07-07T15:12:39.714+05:30 TRACE 10928 --- [           main] o.s.b.f.s.DefaultListableBeanFactory     : Returning cached instance of singleton bean 'org.springframework.boot.context.properties.BoundConfigurationProperties'
2023-07-07T15:12:39.714+05:30 TRACE 10928 --- [           main] o.s.b.f.s.DefaultListableBeanFactory     : Finished creating instance of bean 'spring.task.scheduling-org.springframework.boot.autoconfigure.task.TaskSchedulingProperties'
2023-07-07T15:12:39.715+05:30 DEBUG 10928 --- [           main] o.s.b.f.s.DefaultListableBeanFactory     : Autowiring by type from bean name 'taskSchedulerBuilder' via factory method to bean named 'spring.task.scheduling-org.springframework.boot.autoconfigure.task.TaskSchedulingProperties'
2023-07-07T15:12:39.716+05:30 TRACE 10928 --- [           main] o.s.b.f.s.DefaultListableBeanFactory     : Finished creating instance of bean 'taskSchedulerBuilder'
2023-07-07T15:12:39.716+05:30 TRACE 10928 --- [           main] o.s.b.f.s.DefaultListableBeanFactory     : Returning cached instance of singleton bean 'spring.task.scheduling-org.springframework.boot.autoconfigure.task.TaskSchedulingProperties'
2023-07-07T15:12:39.716+05:30 DEBUG 10928 --- [           main] o.s.b.f.s.DefaultListableBeanFactory     : Creating shared instance of singleton bean 'org.springframework.boot.actuate.autoconfigure.metrics.task.TaskExecutorMetricsAutoConfiguration'
2023-07-07T15:12:39.716+05:30 TRACE 10928 --- [           main] o.s.b.f.s.DefaultListableBeanFactory     : Creating instance of bean 'org.springframework.boot.actuate.autoconfigure.metrics.task.TaskExecutorMetricsAutoConfiguration'
2023-07-07T15:12:39.716+05:30 TRACE 10928 --- [           main] o.s.beans.CachedIntrospectionResults     : Getting BeanInfo for class [org.springframework.boot.actuate.autoconfigure.metrics.task.TaskExecutorMetricsAutoConfiguration]
2023-07-07T15:12:39.716+05:30 TRACE 10928 --- [           main] o.s.beans.CachedIntrospectionResults     : Caching PropertyDescriptors for class [org.springframework.boot.actuate.autoconfigure.metrics.task.TaskExecutorMetricsAutoConfiguration]
2023-07-07T15:12:39.716+05:30 TRACE 10928 --- [           main] o.s.beans.CachedIntrospectionResults     : Found bean property 'class' of type [java.lang.Class]
2023-07-07T15:12:39.717+05:30 TRACE 10928 --- [           main] o.s.b.f.s.DefaultListableBeanFactory     : Returning cached instance of singleton bean 'applicationTaskExecutor'
2023-07-07T15:12:39.717+05:30 TRACE 10928 --- [           main] o.s.b.f.s.DefaultListableBeanFactory     : Returning cached instance of singleton bean 'simpleMeterRegistry'
2023-07-07T15:12:39.717+05:30 TRACE 10928 --- [           main] f.a.AutowiredAnnotationBeanPostProcessor : Autowiring by type from bean name 'org.springframework.boot.actuate.autoconfigure.metrics.task.TaskExecutorMetricsAutoConfiguration' to bean named 'applicationTaskExecutor'
2023-07-07T15:12:39.717+05:30 TRACE 10928 --- [           main] f.a.AutowiredAnnotationBeanPostProcessor : Autowiring by type from bean name 'org.springframework.boot.actuate.autoconfigure.metrics.task.TaskExecutorMetricsAutoConfiguration' to bean named 'simpleMeterRegistry'
2023-07-07T15:12:39.731+05:30 TRACE 10928 --- [           main] o.s.b.f.s.DefaultListableBeanFactory     : Finished creating instance of bean 'org.springframework.boot.actuate.autoconfigure.metrics.task.TaskExecutorMetricsAutoConfiguration'
2023-07-07T15:12:39.731+05:30 DEBUG 10928 --- [           main] o.s.b.f.s.DefaultListableBeanFactory     : Creating shared instance of singleton bean 'org.springframework.boot.actuate.autoconfigure.metrics.web.tomcat.TomcatMetricsAutoConfiguration'
2023-07-07T15:12:39.731+05:30 TRACE 10928 --- [           main] o.s.b.f.s.DefaultListableBeanFactory     : Creating instance of bean 'org.springframework.boot.actuate.autoconfigure.metrics.web.tomcat.TomcatMetricsAutoConfiguration'
2023-07-07T15:12:39.731+05:30 TRACE 10928 --- [           main] o.s.b.f.s.DefaultListableBeanFactory     : Finished creating instance of bean 'org.springframework.boot.actuate.autoconfigure.metrics.web.tomcat.TomcatMetricsAutoConfiguration'
2023-07-07T15:12:39.731+05:30 DEBUG 10928 --- [           main] o.s.b.f.s.DefaultListableBeanFactory     : Creating shared instance of singleton bean 'tomcatMetricsBinder'
2023-07-07T15:12:39.731+05:30 TRACE 10928 --- [           main] o.s.b.f.s.DefaultListableBeanFactory     : Creating instance of bean 'tomcatMetricsBinder'
2023-07-07T15:12:39.731+05:30 TRACE 10928 --- [           main] o.s.b.f.s.DefaultListableBeanFactory     : Returning cached instance of singleton bean 'org.springframework.boot.actuate.autoconfigure.metrics.web.tomcat.TomcatMetricsAutoConfiguration'
2023-07-07T15:12:39.732+05:30 TRACE 10928 --- [           main] o.s.b.f.s.DefaultListableBeanFactory     : Returning cached instance of singleton bean 'simpleMeterRegistry'
2023-07-07T15:12:39.732+05:30 DEBUG 10928 --- [           main] o.s.b.f.s.DefaultListableBeanFactory     : Autowiring by type from bean name 'tomcatMetricsBinder' via factory method to bean named 'simpleMeterRegistry'
2023-07-07T15:12:39.732+05:30 TRACE 10928 --- [           main] o.s.b.f.s.DefaultListableBeanFactory     : Finished creating instance of bean 'tomcatMetricsBinder'
2023-07-07T15:12:39.732+05:30 DEBUG 10928 --- [           main] o.s.b.f.s.DefaultListableBeanFactory     : Creating shared instance of singleton bean 'org.springframework.boot.actuate.autoconfigure.observation.ObservationAutoConfiguration$MeterObservationHandlerConfiguration$OnlyMetricsMeterObservationHandlerConfiguration'
2023-07-07T15:12:39.732+05:30 TRACE 10928 --- [           main] o.s.b.f.s.DefaultListableBeanFactory     : Creating instance of bean 'org.springframework.boot.actuate.autoconfigure.observation.ObservationAutoConfiguration$MeterObservationHandlerConfiguration$OnlyMetricsMeterObservationHandlerConfiguration'
2023-07-07T15:12:39.733+05:30 TRACE 10928 --- [           main] o.s.b.f.s.DefaultListableBeanFactory     : Finished creating instance of bean 'org.springframework.boot.actuate.autoconfigure.observation.ObservationAutoConfiguration$MeterObservationHandlerConfiguration$OnlyMetricsMeterObservationHandlerConfiguration'
2023-07-07T15:12:39.733+05:30 DEBUG 10928 --- [           main] o.s.b.f.s.DefaultListableBeanFactory     : Creating shared instance of singleton bean 'defaultMeterObservationHandler'
2023-07-07T15:12:39.733+05:30 TRACE 10928 --- [           main] o.s.b.f.s.DefaultListableBeanFactory     : Creating instance of bean 'defaultMeterObservationHandler'
2023-07-07T15:12:39.733+05:30 TRACE 10928 --- [           main] o.s.b.f.s.DefaultListableBeanFactory     : Returning cached instance of singleton bean 'org.springframework.boot.actuate.autoconfigure.observation.ObservationAutoConfiguration$MeterObservationHandlerConfiguration$OnlyMetricsMeterObservationHandlerConfiguration'
2023-07-07T15:12:39.733+05:30 TRACE 10928 --- [           main] o.s.b.f.s.DefaultListableBeanFactory     : Returning cached instance of singleton bean 'simpleMeterRegistry'
2023-07-07T15:12:39.733+05:30 DEBUG 10928 --- [           main] o.s.b.f.s.DefaultListableBeanFactory     : Autowiring by type from bean name 'defaultMeterObservationHandler' via factory method to bean named 'simpleMeterRegistry'
2023-07-07T15:12:39.735+05:30 TRACE 10928 --- [           main] o.s.b.f.s.DefaultListableBeanFactory     : Finished creating instance of bean 'defaultMeterObservationHandler'
2023-07-07T15:12:39.736+05:30 DEBUG 10928 --- [           main] o.s.b.f.s.DefaultListableBeanFactory     : Creating shared instance of singleton bean 'org.springframework.boot.actuate.autoconfigure.observation.ObservationAutoConfiguration$MeterObservationHandlerConfiguration'
2023-07-07T15:12:39.736+05:30 TRACE 10928 --- [           main] o.s.b.f.s.DefaultListableBeanFactory     : Creating instance of bean 'org.springframework.boot.actuate.autoconfigure.observation.ObservationAutoConfiguration$MeterObservationHandlerConfiguration'
2023-07-07T15:12:39.736+05:30 TRACE 10928 --- [           main] o.s.b.f.s.DefaultListableBeanFactory     : Finished creating instance of bean 'org.springframework.boot.actuate.autoconfigure.observation.ObservationAutoConfiguration$MeterObservationHandlerConfiguration'
2023-07-07T15:12:39.736+05:30 DEBUG 10928 --- [           main] o.s.b.f.s.DefaultListableBeanFactory     : Creating shared instance of singleton bean 'org.springframework.boot.actuate.autoconfigure.observation.ObservationAutoConfiguration$OnlyMetricsConfiguration'
2023-07-07T15:12:39.736+05:30 TRACE 10928 --- [           main] o.s.b.f.s.DefaultListableBeanFactory     : Creating instance of bean 'org.springframework.boot.actuate.autoconfigure.observation.ObservationAutoConfiguration$OnlyMetricsConfiguration'
2023-07-07T15:12:39.736+05:30 TRACE 10928 --- [           main] o.s.b.f.s.DefaultListableBeanFactory     : Finished creating instance of bean 'org.springframework.boot.actuate.autoconfigure.observation.ObservationAutoConfiguration$OnlyMetricsConfiguration'
2023-07-07T15:12:39.736+05:30 DEBUG 10928 --- [           main] o.s.b.f.s.DefaultListableBeanFactory     : Creating shared instance of singleton bean 'metricsObservationHandlerGrouping'
2023-07-07T15:12:39.736+05:30 TRACE 10928 --- [           main] o.s.b.f.s.DefaultListableBeanFactory     : Creating instance of bean 'metricsObservationHandlerGrouping'
2023-07-07T15:12:39.736+05:30 TRACE 10928 --- [           main] o.s.b.f.s.DefaultListableBeanFactory     : Returning cached instance of singleton bean 'org.springframework.boot.actuate.autoconfigure.observation.ObservationAutoConfiguration$OnlyMetricsConfiguration'
2023-07-07T15:12:39.738+05:30 TRACE 10928 --- [           main] o.s.b.f.s.DefaultListableBeanFactory     : Finished creating instance of bean 'metricsObservationHandlerGrouping'
2023-07-07T15:12:39.738+05:30 DEBUG 10928 --- [           main] o.s.b.f.s.DefaultListableBeanFactory     : Creating shared instance of singleton bean 'org.springframework.boot.actuate.autoconfigure.observation.ObservationAutoConfiguration'
2023-07-07T15:12:39.738+05:30 TRACE 10928 --- [           main] o.s.b.f.s.DefaultListableBeanFactory     : Creating instance of bean 'org.springframework.boot.actuate.autoconfigure.observation.ObservationAutoConfiguration'
2023-07-07T15:12:39.738+05:30 TRACE 10928 --- [           main] o.s.b.f.s.DefaultListableBeanFactory     : Finished creating instance of bean 'org.springframework.boot.actuate.autoconfigure.observation.ObservationAutoConfiguration'
2023-07-07T15:12:39.738+05:30 TRACE 10928 --- [           main] o.s.b.f.s.DefaultListableBeanFactory     : Returning cached instance of singleton bean 'observationRegistryPostProcessor'
2023-07-07T15:12:39.738+05:30 DEBUG 10928 --- [           main] o.s.b.f.s.DefaultListableBeanFactory     : Creating shared instance of singleton bean 'observationRegistry'
2023-07-07T15:12:39.738+05:30 TRACE 10928 --- [           main] o.s.b.f.s.DefaultListableBeanFactory     : Creating instance of bean 'observationRegistry'
2023-07-07T15:12:39.738+05:30 TRACE 10928 --- [           main] o.s.b.f.s.DefaultListableBeanFactory     : Returning cached instance of singleton bean 'org.springframework.boot.actuate.autoconfigure.observation.ObservationAutoConfiguration'
2023-07-07T15:12:39.743+05:30 TRACE 10928 --- [           main] o.s.b.f.s.DefaultListableBeanFactory     : Returning cached instance of singleton bean 'metricsObservationHandlerGrouping'
2023-07-07T15:12:39.744+05:30 TRACE 10928 --- [           main] o.s.b.f.s.DefaultListableBeanFactory     : Returning cached instance of singleton bean 'defaultMeterObservationHandler'
2023-07-07T15:12:39.744+05:30 TRACE 10928 --- [           main] o.s.b.f.s.DefaultListableBeanFactory     : Returning cached instance of singleton bean 'defaultMeterObservationHandler'
2023-07-07T15:12:39.746+05:30 TRACE 10928 --- [           main] o.s.b.f.s.DefaultListableBeanFactory     : Finished creating instance of bean 'observationRegistry'
2023-07-07T15:12:39.746+05:30 TRACE 10928 --- [           main] o.s.b.f.s.DefaultListableBeanFactory     : Returning cached instance of singleton bean 'management.observations-org.springframework.boot.actuate.autoconfigure.observation.ObservationProperties'
2023-07-07T15:12:39.746+05:30 TRACE 10928 --- [           main] o.s.b.f.s.DefaultListableBeanFactory     : Returning cached instance of singleton bean 'org.springframework.boot.autoconfigure.http.HttpMessageConvertersAutoConfiguration$StringHttpMessageConverterConfiguration'
2023-07-07T15:12:39.746+05:30 TRACE 10928 --- [           main] o.s.b.f.s.DefaultListableBeanFactory     : Returning cached instance of singleton bean 'stringHttpMessageConverter'
2023-07-07T15:12:39.746+05:30 TRACE 10928 --- [           main] o.s.b.f.s.DefaultListableBeanFactory     : Returning cached instance of singleton bean 'org.springframework.boot.autoconfigure.http.JacksonHttpMessageConvertersConfiguration$MappingJackson2HttpMessageConverterConfiguration'
2023-07-07T15:12:39.746+05:30 TRACE 10928 --- [           main] o.s.b.f.s.DefaultListableBeanFactory     : Returning cached instance of singleton bean 'mappingJackson2HttpMessageConverter'
2023-07-07T15:12:39.746+05:30 DEBUG 10928 --- [           main] o.s.b.f.s.DefaultListableBeanFactory     : Creating shared instance of singleton bean 'org.springframework.boot.autoconfigure.http.JacksonHttpMessageConvertersConfiguration'
2023-07-07T15:12:39.746+05:30 TRACE 10928 --- [           main] o.s.b.f.s.DefaultListableBeanFactory     : Creating instance of bean 'org.springframework.boot.autoconfigure.http.JacksonHttpMessageConvertersConfiguration'
2023-07-07T15:12:39.747+05:30 TRACE 10928 --- [           main] o.s.b.f.s.DefaultListableBeanFactory     : Finished creating instance of bean 'org.springframework.boot.autoconfigure.http.JacksonHttpMessageConvertersConfiguration'
2023-07-07T15:12:39.747+05:30 TRACE 10928 --- [           main] o.s.b.f.s.DefaultListableBeanFactory     : Returning cached instance of singleton bean 'org.springframework.boot.autoconfigure.http.HttpMessageConvertersAutoConfiguration'
2023-07-07T15:12:39.747+05:30 TRACE 10928 --- [           main] o.s.b.f.s.DefaultListableBeanFactory     : Returning cached instance of singleton bean 'messageConverters'
2023-07-07T15:12:39.747+05:30 DEBUG 10928 --- [           main] o.s.b.f.s.DefaultListableBeanFactory     : Creating shared instance of singleton bean 'org.springframework.boot.autoconfigure.web.client.RestTemplateAutoConfiguration'
2023-07-07T15:12:39.747+05:30 TRACE 10928 --- [           main] o.s.b.f.s.DefaultListableBeanFactory     : Creating instance of bean 'org.springframework.boot.autoconfigure.web.client.RestTemplateAutoConfiguration'
2023-07-07T15:12:39.747+05:30 TRACE 10928 --- [           main] o.s.b.f.s.DefaultListableBeanFactory     : Finished creating instance of bean 'org.springframework.boot.autoconfigure.web.client.RestTemplateAutoConfiguration'
2023-07-07T15:12:39.747+05:30 TRACE 10928 --- [           main] o.s.b.f.s.DefaultListableBeanFactory     : Returning cached instance of singleton bean 'org.springframework.boot.actuate.autoconfigure.observation.web.client.HttpClientObservationsAutoConfiguration$MeterFilterConfiguration'
2023-07-07T15:12:39.747+05:30 TRACE 10928 --- [           main] o.s.b.f.s.DefaultListableBeanFactory     : Returning cached instance of singleton bean 'metricsHttpClientUriTagFilter'
2023-07-07T15:12:39.747+05:30 DEBUG 10928 --- [           main] o.s.b.f.s.DefaultListableBeanFactory     : Creating shared instance of singleton bean 'org.springframework.boot.actuate.autoconfigure.observation.web.client.RestTemplateObservationConfiguration'
2023-07-07T15:12:39.747+05:30 TRACE 10928 --- [           main] o.s.b.f.s.DefaultListableBeanFactory     : Creating instance of bean 'org.springframework.boot.actuate.autoconfigure.observation.web.client.RestTemplateObservationConfiguration'
2023-07-07T15:12:39.748+05:30 TRACE 10928 --- [           main] o.s.b.f.s.DefaultListableBeanFactory     : Finished creating instance of bean 'org.springframework.boot.actuate.autoconfigure.observation.web.client.RestTemplateObservationConfiguration'
2023-07-07T15:12:39.748+05:30 DEBUG 10928 --- [           main] o.s.b.f.s.DefaultListableBeanFactory     : Creating shared instance of singleton bean 'observationRestTemplateCustomizer'
2023-07-07T15:12:39.748+05:30 TRACE 10928 --- [           main] o.s.b.f.s.DefaultListableBeanFactory     : Creating instance of bean 'observationRestTemplateCustomizer'
2023-07-07T15:12:39.748+05:30 TRACE 10928 --- [           main] o.s.b.f.s.DefaultListableBeanFactory     : Returning cached instance of singleton bean 'org.springframework.boot.actuate.autoconfigure.observation.web.client.RestTemplateObservationConfiguration'
2023-07-07T15:12:39.748+05:30 TRACE 10928 --- [           main] o.s.b.f.s.DefaultListableBeanFactory     : Returning cached instance of singleton bean 'observationRegistry'
2023-07-07T15:12:39.748+05:30 TRACE 10928 --- [           main] o.s.b.f.s.DefaultListableBeanFactory     : Returning cached instance of singleton bean 'management.observations-org.springframework.boot.actuate.autoconfigure.observation.ObservationProperties'
2023-07-07T15:12:39.748+05:30 TRACE 10928 --- [           main] o.s.b.f.s.DefaultListableBeanFactory     : Returning cached instance of singleton bean 'management.metrics-org.springframework.boot.actuate.autoconfigure.metrics.MetricsProperties'
2023-07-07T15:12:39.748+05:30 DEBUG 10928 --- [           main] o.s.b.f.s.DefaultListableBeanFactory     : Autowiring by type from bean name 'observationRestTemplateCustomizer' via factory method to bean named 'observationRegistry'
2023-07-07T15:12:39.748+05:30 DEBUG 10928 --- [           main] o.s.b.f.s.DefaultListableBeanFactory     : Autowiring by type from bean name 'observationRestTemplateCustomizer' via factory method to bean named 'management.observations-org.springframework.boot.actuate.autoconfigure.observation.ObservationProperties'
2023-07-07T15:12:39.748+05:30 DEBUG 10928 --- [           main] o.s.b.f.s.DefaultListableBeanFactory     : Autowiring by type from bean name 'observationRestTemplateCustomizer' via factory method to bean named 'management.metrics-org.springframework.boot.actuate.autoconfigure.metrics.MetricsProperties'
2023-07-07T15:12:39.757+05:30 TRACE 10928 --- [           main] o.s.b.f.s.DefaultListableBeanFactory     : Finished creating instance of bean 'observationRestTemplateCustomizer'
2023-07-07T15:12:39.757+05:30 DEBUG 10928 --- [           main] o.s.b.f.s.DefaultListableBeanFactory     : Creating shared instance of singleton bean 'org.springframework.boot.actuate.autoconfigure.observation.web.client.HttpClientObservationsAutoConfiguration'
2023-07-07T15:12:39.757+05:30 TRACE 10928 --- [           main] o.s.b.f.s.DefaultListableBeanFactory     : Creating instance of bean 'org.springframework.boot.actuate.autoconfigure.observation.web.client.HttpClientObservationsAutoConfiguration'
2023-07-07T15:12:39.757+05:30 TRACE 10928 --- [           main] o.s.b.f.s.DefaultListableBeanFactory     : Finished creating instance of bean 'org.springframework.boot.actuate.autoconfigure.observation.web.client.HttpClientObservationsAutoConfiguration'
2023-07-07T15:12:39.757+05:30 TRACE 10928 --- [           main] o.s.b.f.s.DefaultListableBeanFactory     : Returning cached instance of singleton bean 'org.springframework.boot.actuate.autoconfigure.observation.web.servlet.WebMvcObservationAutoConfiguration$MeterFilterConfiguration'
2023-07-07T15:12:39.757+05:30 TRACE 10928 --- [           main] o.s.b.f.s.DefaultListableBeanFactory     : Returning cached instance of singleton bean 'metricsHttpServerUriTagFilter'
2023-07-07T15:12:39.757+05:30 DEBUG 10928 --- [           main] o.s.b.f.s.DefaultListableBeanFactory     : Creating shared instance of singleton bean 'org.springframework.boot.actuate.autoconfigure.observation.web.servlet.WebMvcObservationAutoConfiguration'
2023-07-07T15:12:39.757+05:30 TRACE 10928 --- [           main] o.s.b.f.s.DefaultListableBeanFactory     : Creating instance of bean 'org.springframework.boot.actuate.autoconfigure.observation.web.servlet.WebMvcObservationAutoConfiguration'
2023-07-07T15:12:39.757+05:30 TRACE 10928 --- [           main] o.s.b.f.s.DefaultListableBeanFactory     : Returning cached instance of singleton bean 'management.observations-org.springframework.boot.actuate.autoconfigure.observation.ObservationProperties'
2023-07-07T15:12:39.759+05:30 TRACE 10928 --- [           main] o.s.b.f.s.DefaultListableBeanFactory     : Returning cached instance of singleton bean 'management.metrics-org.springframework.boot.actuate.autoconfigure.metrics.MetricsProperties'
2023-07-07T15:12:39.759+05:30 DEBUG 10928 --- [           main] o.s.b.f.s.DefaultListableBeanFactory     : Autowiring by type from bean name 'org.springframework.boot.actuate.autoconfigure.observation.web.servlet.WebMvcObservationAutoConfiguration' via constructor to bean named 'management.observations-org.springframework.boot.actuate.autoconfigure.observation.ObservationProperties'
2023-07-07T15:12:39.759+05:30 DEBUG 10928 --- [           main] o.s.b.f.s.DefaultListableBeanFactory     : Autowiring by type from bean name 'org.springframework.boot.actuate.autoconfigure.observation.web.servlet.WebMvcObservationAutoConfiguration' via constructor to bean named 'management.metrics-org.springframework.boot.actuate.autoconfigure.metrics.MetricsProperties'
2023-07-07T15:12:39.759+05:30 TRACE 10928 --- [           main] o.s.b.f.s.DefaultListableBeanFactory     : Finished creating instance of bean 'org.springframework.boot.actuate.autoconfigure.observation.web.servlet.WebMvcObservationAutoConfiguration'
2023-07-07T15:12:39.759+05:30 DEBUG 10928 --- [           main] o.s.b.f.s.DefaultListableBeanFactory     : Creating shared instance of singleton bean 'webMvcObservationFilter'
2023-07-07T15:12:39.759+05:30 TRACE 10928 --- [           main] o.s.b.f.s.DefaultListableBeanFactory     : Creating instance of bean 'webMvcObservationFilter'
2023-07-07T15:12:39.759+05:30 TRACE 10928 --- [           main] o.s.b.f.s.DefaultListableBeanFactory     : Returning cached instance of singleton bean 'org.springframework.boot.actuate.autoconfigure.observation.web.servlet.WebMvcObservationAutoConfiguration'
2023-07-07T15:12:39.760+05:30 TRACE 10928 --- [           main] o.s.b.f.s.DefaultListableBeanFactory     : Returning cached instance of singleton bean 'observationRegistry'
2023-07-07T15:12:39.760+05:30 DEBUG 10928 --- [           main] o.s.b.f.s.DefaultListableBeanFactory     : Autowiring by type from bean name 'webMvcObservationFilter' via factory method to bean named 'observationRegistry'
2023-07-07T15:12:39.769+05:30 TRACE 10928 --- [           main] o.s.b.f.s.DefaultListableBeanFactory     : Finished creating instance of bean 'webMvcObservationFilter'
2023-07-07T15:12:39.769+05:30 DEBUG 10928 --- [           main] o.s.b.f.s.DefaultListableBeanFactory     : Creating shared instance of singleton bean 'org.springframework.boot.autoconfigure.aop.AopAutoConfiguration$ClassProxyingConfiguration'
2023-07-07T15:12:39.769+05:30 TRACE 10928 --- [           main] o.s.b.f.s.DefaultListableBeanFactory     : Creating instance of bean 'org.springframework.boot.autoconfigure.aop.AopAutoConfiguration$ClassProxyingConfiguration'
2023-07-07T15:12:39.769+05:30 TRACE 10928 --- [           main] o.s.b.f.s.DefaultListableBeanFactory     : Finished creating instance of bean 'org.springframework.boot.autoconfigure.aop.AopAutoConfiguration$ClassProxyingConfiguration'
2023-07-07T15:12:39.769+05:30 TRACE 10928 --- [           main] o.s.b.f.s.DefaultListableBeanFactory     : Returning cached instance of singleton bean 'forceAutoProxyCreatorToUseClassProxying'
2023-07-07T15:12:39.769+05:30 DEBUG 10928 --- [           main] o.s.b.f.s.DefaultListableBeanFactory     : Creating shared instance of singleton bean 'org.springframework.boot.autoconfigure.aop.AopAutoConfiguration'
2023-07-07T15:12:39.769+05:30 TRACE 10928 --- [           main] o.s.b.f.s.DefaultListableBeanFactory     : Creating instance of bean 'org.springframework.boot.autoconfigure.aop.AopAutoConfiguration'
2023-07-07T15:12:39.770+05:30 TRACE 10928 --- [           main] o.s.b.f.s.DefaultListableBeanFactory     : Finished creating instance of bean 'org.springframework.boot.autoconfigure.aop.AopAutoConfiguration'
2023-07-07T15:12:39.770+05:30 DEBUG 10928 --- [           main] o.s.b.f.s.DefaultListableBeanFactory     : Creating shared instance of singleton bean 'org.springframework.boot.autoconfigure.context.ConfigurationPropertiesAutoConfiguration'
2023-07-07T15:12:39.770+05:30 TRACE 10928 --- [           main] o.s.b.f.s.DefaultListableBeanFactory     : Creating instance of bean 'org.springframework.boot.autoconfigure.context.ConfigurationPropertiesAutoConfiguration'
2023-07-07T15:12:39.770+05:30 TRACE 10928 --- [           main] o.s.b.f.s.DefaultListableBeanFactory     : Finished creating instance of bean 'org.springframework.boot.autoconfigure.context.ConfigurationPropertiesAutoConfiguration'
2023-07-07T15:12:39.770+05:30 DEBUG 10928 --- [           main] o.s.b.f.s.DefaultListableBeanFactory     : Creating shared instance of singleton bean 'org.springframework.boot.autoconfigure.context.LifecycleAutoConfiguration'
2023-07-07T15:12:39.770+05:30 TRACE 10928 --- [           main] o.s.b.f.s.DefaultListableBeanFactory     : Creating instance of bean 'org.springframework.boot.autoconfigure.context.LifecycleAutoConfiguration'
2023-07-07T15:12:39.770+05:30 TRACE 10928 --- [           main] o.s.b.f.s.DefaultListableBeanFactory     : Finished creating instance of bean 'org.springframework.boot.autoconfigure.context.LifecycleAutoConfiguration'
2023-07-07T15:12:39.771+05:30 DEBUG 10928 --- [           main] o.s.b.f.s.DefaultListableBeanFactory     : Creating shared instance of singleton bean 'lifecycleProcessor'
2023-07-07T15:12:39.771+05:30 TRACE 10928 --- [           main] o.s.b.f.s.DefaultListableBeanFactory     : Creating instance of bean 'lifecycleProcessor'
2023-07-07T15:12:39.771+05:30 TRACE 10928 --- [           main] o.s.b.f.s.DefaultListableBeanFactory     : Returning cached instance of singleton bean 'org.springframework.boot.autoconfigure.context.LifecycleAutoConfiguration'
2023-07-07T15:12:39.772+05:30 DEBUG 10928 --- [           main] o.s.b.f.s.DefaultListableBeanFactory     : Creating shared instance of singleton bean 'spring.lifecycle-org.springframework.boot.autoconfigure.context.LifecycleProperties'
2023-07-07T15:12:39.772+05:30 TRACE 10928 --- [           main] o.s.b.f.s.DefaultListableBeanFactory     : Creating instance of bean 'spring.lifecycle-org.springframework.boot.autoconfigure.context.LifecycleProperties'
2023-07-07T15:12:39.773+05:30 TRACE 10928 --- [           main] o.s.b.f.s.DefaultListableBeanFactory     : Returning cached instance of singleton bean 'org.springframework.boot.context.properties.BoundConfigurationProperties'
2023-07-07T15:12:39.774+05:30 TRACE 10928 --- [           main] o.s.b.f.s.DefaultListableBeanFactory     : Finished creating instance of bean 'spring.lifecycle-org.springframework.boot.autoconfigure.context.LifecycleProperties'
2023-07-07T15:12:39.774+05:30 DEBUG 10928 --- [           main] o.s.b.f.s.DefaultListableBeanFactory     : Autowiring by type from bean name 'lifecycleProcessor' via factory method to bean named 'spring.lifecycle-org.springframework.boot.autoconfigure.context.LifecycleProperties'
2023-07-07T15:12:39.776+05:30 TRACE 10928 --- [           main] o.s.b.f.s.DefaultListableBeanFactory     : Finished creating instance of bean 'lifecycleProcessor'
2023-07-07T15:12:39.776+05:30 TRACE 10928 --- [           main] o.s.b.f.s.DefaultListableBeanFactory     : Returning cached instance of singleton bean 'spring.lifecycle-org.springframework.boot.autoconfigure.context.LifecycleProperties'
2023-07-07T15:12:39.776+05:30 DEBUG 10928 --- [           main] o.s.b.f.s.DefaultListableBeanFactory     : Creating shared instance of singleton bean 'org.springframework.boot.autoconfigure.sql.init.SqlInitializationAutoConfiguration'
2023-07-07T15:12:39.776+05:30 TRACE 10928 --- [           main] o.s.b.f.s.DefaultListableBeanFactory     : Creating instance of bean 'org.springframework.boot.autoconfigure.sql.init.SqlInitializationAutoConfiguration'
2023-07-07T15:12:39.778+05:30 TRACE 10928 --- [           main] o.s.b.f.s.DefaultListableBeanFactory     : Finished creating instance of bean 'org.springframework.boot.autoconfigure.sql.init.SqlInitializationAutoConfiguration'
2023-07-07T15:12:39.778+05:30 DEBUG 10928 --- [           main] o.s.b.f.s.DefaultListableBeanFactory     : Creating shared instance of singleton bean 'spring.sql.init-org.springframework.boot.autoconfigure.sql.init.SqlInitializationProperties'
2023-07-07T15:12:39.778+05:30 TRACE 10928 --- [           main] o.s.b.f.s.DefaultListableBeanFactory     : Creating instance of bean 'spring.sql.init-org.springframework.boot.autoconfigure.sql.init.SqlInitializationProperties'
2023-07-07T15:12:39.780+05:30 TRACE 10928 --- [           main] o.s.b.f.s.DefaultListableBeanFactory     : Returning cached instance of singleton bean 'org.springframework.boot.context.properties.BoundConfigurationProperties'
2023-07-07T15:12:39.784+05:30 TRACE 10928 --- [           main] o.s.b.f.s.DefaultListableBeanFactory     : Finished creating instance of bean 'spring.sql.init-org.springframework.boot.autoconfigure.sql.init.SqlInitializationProperties'
2023-07-07T15:12:39.784+05:30 TRACE 10928 --- [           main] o.s.b.f.s.DefaultListableBeanFactory     : Returning cached instance of singleton bean 'org.springframework.boot.sql.init.dependency.DatabaseInitializationDependencyConfigurer$DependsOnDatabaseInitializationPostProcessor'
2023-07-07T15:12:39.784+05:30 TRACE 10928 --- [           main] o.s.b.f.s.DefaultListableBeanFactory     : Returning cached instance of singleton bean 'org.springframework.boot.autoconfigure.web.servlet.HttpEncodingAutoConfiguration'
2023-07-07T15:12:39.784+05:30 DEBUG 10928 --- [           main] o.s.b.f.s.DefaultListableBeanFactory     : Creating shared instance of singleton bean 'characterEncodingFilter'
2023-07-07T15:12:39.784+05:30 TRACE 10928 --- [           main] o.s.b.f.s.DefaultListableBeanFactory     : Creating instance of bean 'characterEncodingFilter'
2023-07-07T15:12:39.785+05:30 TRACE 10928 --- [           main] o.s.b.f.s.DefaultListableBeanFactory     : Returning cached instance of singleton bean 'org.springframework.boot.autoconfigure.web.servlet.HttpEncodingAutoConfiguration'
2023-07-07T15:12:39.786+05:30 TRACE 10928 --- [           main] o.s.b.f.s.DefaultListableBeanFactory     : Invoking afterPropertiesSet() on bean with name 'characterEncodingFilter'
2023-07-07T15:12:39.786+05:30 TRACE 10928 --- [           main] o.s.b.f.s.DefaultListableBeanFactory     : Finished creating instance of bean 'characterEncodingFilter'
2023-07-07T15:12:39.786+05:30 TRACE 10928 --- [           main] o.s.b.f.s.DefaultListableBeanFactory     : Returning cached instance of singleton bean 'localeCharsetMappingsCustomizer'
2023-07-07T15:12:39.786+05:30 TRACE 10928 --- [           main] o.s.b.f.s.DefaultListableBeanFactory     : Returning cached instance of singleton bean 'org.springframework.boot.autoconfigure.web.servlet.MultipartAutoConfiguration'
2023-07-07T15:12:39.786+05:30 TRACE 10928 --- [           main] o.s.b.f.s.DefaultListableBeanFactory     : Returning cached instance of singleton bean 'multipartConfigElement'
2023-07-07T15:12:39.786+05:30 DEBUG 10928 --- [           main] o.s.b.f.s.DefaultListableBeanFactory     : Creating shared instance of singleton bean 'multipartResolver'
2023-07-07T15:12:39.786+05:30 TRACE 10928 --- [           main] o.s.b.f.s.DefaultListableBeanFactory     : Creating instance of bean 'multipartResolver'
2023-07-07T15:12:39.786+05:30 TRACE 10928 --- [           main] o.s.b.f.s.DefaultListableBeanFactory     : Returning cached instance of singleton bean 'org.springframework.boot.autoconfigure.web.servlet.MultipartAutoConfiguration'
2023-07-07T15:12:39.797+05:30 TRACE 10928 --- [           main] o.s.b.f.s.DefaultListableBeanFactory     : Finished creating instance of bean 'multipartResolver'
2023-07-07T15:12:39.798+05:30 TRACE 10928 --- [           main] o.s.b.f.s.DefaultListableBeanFactory     : Returning cached instance of singleton bean 'spring.servlet.multipart-org.springframework.boot.autoconfigure.web.servlet.MultipartProperties'
2023-07-07T15:12:39.798+05:30 DEBUG 10928 --- [           main] o.s.b.f.s.DefaultListableBeanFactory     : Creating shared instance of singleton bean 'org.springframework.boot.actuate.autoconfigure.endpoint.web.ServletEndpointManagementContextConfiguration$WebMvcServletEndpointManagementContextConfiguration'
2023-07-07T15:12:39.798+05:30 TRACE 10928 --- [           main] o.s.b.f.s.DefaultListableBeanFactory     : Creating instance of bean 'org.springframework.boot.actuate.autoconfigure.endpoint.web.ServletEndpointManagementContextConfiguration$WebMvcServletEndpointManagementContextConfiguration'
2023-07-07T15:12:39.800+05:30 TRACE 10928 --- [           main] o.s.b.f.s.DefaultListableBeanFactory     : Finished creating instance of bean 'org.springframework.boot.actuate.autoconfigure.endpoint.web.ServletEndpointManagementContextConfiguration$WebMvcServletEndpointManagementContextConfiguration'
2023-07-07T15:12:39.800+05:30 DEBUG 10928 --- [           main] o.s.b.f.s.DefaultListableBeanFactory     : Creating shared instance of singleton bean 'servletEndpointRegistrar'
2023-07-07T15:12:39.800+05:30 TRACE 10928 --- [           main] o.s.b.f.s.DefaultListableBeanFactory     : Creating instance of bean 'servletEndpointRegistrar'
2023-07-07T15:12:39.800+05:30 TRACE 10928 --- [           main] o.s.b.f.s.DefaultListableBeanFactory     : Returning cached instance of singleton bean 'org.springframework.boot.actuate.autoconfigure.endpoint.web.ServletEndpointManagementContextConfiguration$WebMvcServletEndpointManagementContextConfiguration'
2023-07-07T15:12:39.801+05:30 TRACE 10928 --- [           main] o.s.b.f.s.DefaultListableBeanFactory     : Returning cached instance of singleton bean 'management.endpoints.web-org.springframework.boot.actuate.autoconfigure.endpoint.web.WebEndpointProperties'
2023-07-07T15:12:39.801+05:30 TRACE 10928 --- [           main] o.s.b.f.s.DefaultListableBeanFactory     : Returning cached instance of singleton bean 'servletEndpointDiscoverer'
2023-07-07T15:12:39.801+05:30 TRACE 10928 --- [           main] o.s.b.f.s.DefaultListableBeanFactory     : Returning cached instance of singleton bean 'dispatcherServletRegistration'
2023-07-07T15:12:39.801+05:30 DEBUG 10928 --- [           main] o.s.b.f.s.DefaultListableBeanFactory     : Autowiring by type from bean name 'servletEndpointRegistrar' via factory method to bean named 'management.endpoints.web-org.springframework.boot.actuate.autoconfigure.endpoint.web.WebEndpointProperties'
2023-07-07T15:12:39.801+05:30 DEBUG 10928 --- [           main] o.s.b.f.s.DefaultListableBeanFactory     : Autowiring by type from bean name 'servletEndpointRegistrar' via factory method to bean named 'servletEndpointDiscoverer'
2023-07-07T15:12:39.801+05:30 DEBUG 10928 --- [           main] o.s.b.f.s.DefaultListableBeanFactory     : Autowiring by type from bean name 'servletEndpointRegistrar' via factory method to bean named 'dispatcherServletRegistration'
2023-07-07T15:12:39.804+05:30 TRACE 10928 --- [           main] o.s.b.f.s.DefaultListableBeanFactory     : Finished creating instance of bean 'servletEndpointRegistrar'
2023-07-07T15:12:39.805+05:30 TRACE 10928 --- [           main] o.s.b.f.s.DefaultListableBeanFactory     : Returning cached instance of singleton bean 'org.springframework.boot.actuate.autoconfigure.endpoint.web.ServletEndpointManagementContextConfiguration'
2023-07-07T15:12:39.805+05:30 TRACE 10928 --- [           main] o.s.b.f.s.DefaultListableBeanFactory     : Returning cached instance of singleton bean 'servletExposeExcludePropertyEndpointFilter'
2023-07-07T15:12:39.805+05:30 DEBUG 10928 --- [           main] o.s.b.f.s.DefaultListableBeanFactory     : Creating shared instance of singleton bean 'org.springframework.boot.actuate.autoconfigure.endpoint.web.servlet.WebMvcEndpointManagementContextConfiguration'
2023-07-07T15:12:39.805+05:30 TRACE 10928 --- [           main] o.s.b.f.s.DefaultListableBeanFactory     : Creating instance of bean 'org.springframework.boot.actuate.autoconfigure.endpoint.web.servlet.WebMvcEndpointManagementContextConfiguration'
2023-07-07T15:12:39.805+05:30 TRACE 10928 --- [           main] o.s.b.f.s.DefaultListableBeanFactory     : Finished creating instance of bean 'org.springframework.boot.actuate.autoconfigure.endpoint.web.servlet.WebMvcEndpointManagementContextConfiguration'
2023-07-07T15:12:39.805+05:30 DEBUG 10928 --- [           main] o.s.b.f.s.DefaultListableBeanFactory     : Creating shared instance of singleton bean 'webEndpointServletHandlerMapping'
2023-07-07T15:12:39.805+05:30 TRACE 10928 --- [           main] o.s.b.f.s.DefaultListableBeanFactory     : Creating instance of bean 'webEndpointServletHandlerMapping'
2023-07-07T15:12:39.806+05:30 TRACE 10928 --- [           main] o.s.b.f.s.DefaultListableBeanFactory     : Returning cached instance of singleton bean 'org.springframework.boot.actuate.autoconfigure.endpoint.web.servlet.WebMvcEndpointManagementContextConfiguration'
2023-07-07T15:12:39.806+05:30 TRACE 10928 --- [           main] o.s.b.f.s.DefaultListableBeanFactory     : Returning cached instance of singleton bean 'webEndpointDiscoverer'
2023-07-07T15:12:39.806+05:30 TRACE 10928 --- [           main] o.s.b.f.s.DefaultListableBeanFactory     : Returning cached instance of singleton bean 'servletEndpointDiscoverer'
2023-07-07T15:12:39.807+05:30 TRACE 10928 --- [           main] o.s.b.f.s.DefaultListableBeanFactory     : Returning cached instance of singleton bean 'controllerEndpointDiscoverer'
2023-07-07T15:12:39.807+05:30 TRACE 10928 --- [           main] o.s.b.f.s.DefaultListableBeanFactory     : Returning cached instance of singleton bean 'endpointMediaTypes'
2023-07-07T15:12:39.807+05:30 DEBUG 10928 --- [           main] o.s.b.f.s.DefaultListableBeanFactory     : Creating shared instance of singleton bean 'management.endpoints.web.cors-org.springframework.boot.actuate.autoconfigure.endpoint.web.CorsEndpointProperties'
2023-07-07T15:12:39.807+05:30 TRACE 10928 --- [           main] o.s.b.f.s.DefaultListableBeanFactory     : Creating instance of bean 'management.endpoints.web.cors-org.springframework.boot.actuate.autoconfigure.endpoint.web.CorsEndpointProperties'
2023-07-07T15:12:39.810+05:30 TRACE 10928 --- [           main] o.s.b.f.s.DefaultListableBeanFactory     : Returning cached instance of singleton bean 'org.springframework.boot.context.properties.BoundConfigurationProperties'
2023-07-07T15:12:39.813+05:30 TRACE 10928 --- [           main] o.s.b.f.s.DefaultListableBeanFactory     : Finished creating instance of bean 'management.endpoints.web.cors-org.springframework.boot.actuate.autoconfigure.endpoint.web.CorsEndpointProperties'
2023-07-07T15:12:39.813+05:30 TRACE 10928 --- [           main] o.s.b.f.s.DefaultListableBeanFactory     : Returning cached instance of singleton bean 'management.endpoints.web-org.springframework.boot.actuate.autoconfigure.endpoint.web.WebEndpointProperties'
2023-07-07T15:12:39.813+05:30 TRACE 10928 --- [           main] o.s.b.f.s.DefaultListableBeanFactory     : Returning cached instance of singleton bean 'environment'
2023-07-07T15:12:39.813+05:30 DEBUG 10928 --- [           main] o.s.b.f.s.DefaultListableBeanFactory     : Autowiring by type from bean name 'webEndpointServletHandlerMapping' via factory method to bean named 'webEndpointDiscoverer'
2023-07-07T15:12:39.813+05:30 DEBUG 10928 --- [           main] o.s.b.f.s.DefaultListableBeanFactory     : Autowiring by type from bean name 'webEndpointServletHandlerMapping' via factory method to bean named 'servletEndpointDiscoverer'
2023-07-07T15:12:39.813+05:30 DEBUG 10928 --- [           main] o.s.b.f.s.DefaultListableBeanFactory     : Autowiring by type from bean name 'webEndpointServletHandlerMapping' via factory method to bean named 'controllerEndpointDiscoverer'
2023-07-07T15:12:39.813+05:30 DEBUG 10928 --- [           main] o.s.b.f.s.DefaultListableBeanFactory     : Autowiring by type from bean name 'webEndpointServletHandlerMapping' via factory method to bean named 'endpointMediaTypes'
2023-07-07T15:12:39.813+05:30 DEBUG 10928 --- [           main] o.s.b.f.s.DefaultListableBeanFactory     : Autowiring by type from bean name 'webEndpointServletHandlerMapping' via factory method to bean named 'management.endpoints.web.cors-org.springframework.boot.actuate.autoconfigure.endpoint.web.CorsEndpointProperties'
2023-07-07T15:12:39.813+05:30 DEBUG 10928 --- [           main] o.s.b.f.s.DefaultListableBeanFactory     : Autowiring by type from bean name 'webEndpointServletHandlerMapping' via factory method to bean named 'management.endpoints.web-org.springframework.boot.actuate.autoconfigure.endpoint.web.WebEndpointProperties'
2023-07-07T15:12:39.813+05:30 DEBUG 10928 --- [           main] o.s.b.f.s.DefaultListableBeanFactory     : Autowiring by type from bean name 'webEndpointServletHandlerMapping' via factory method to bean named 'environment'
2023-07-07T15:12:39.821+05:30  INFO 10928 --- [           main] o.s.b.a.e.web.EndpointLinksResolver      : Exposing 1 endpoint(s) beneath base path '/actuator'
2023-07-07T15:12:39.823+05:30 TRACE 10928 --- [           main] o.s.b.f.s.DefaultListableBeanFactory     : Invoking afterPropertiesSet() on bean with name 'webEndpointServletHandlerMapping'
2023-07-07T15:12:39.827+05:30 TRACE 10928 --- [           main] s.b.a.e.w.s.WebMvcEndpointHandlerMapping : Register "{GET [/actuator/health], produces [application/vnd.spring-boot.actuator.v3+json || application/vnd.spring-boot.actuator.v2+json || application/json]}" to java.lang.Object org.springframework.boot.actuate.endpoint.web.servlet.AbstractWebMvcEndpointHandlerMapping$OperationHandler.handle(jakarta.servlet.http.HttpServletRequest,java.util.Map<java.lang.String, java.lang.String>)
2023-07-07T15:12:39.829+05:30 TRACE 10928 --- [           main] s.b.a.e.w.s.WebMvcEndpointHandlerMapping : Register "{GET [/actuator/health/**], produces [application/vnd.spring-boot.actuator.v3+json || application/vnd.spring-boot.actuator.v2+json || application/json]}" to java.lang.Object org.springframework.boot.actuate.endpoint.web.servlet.AbstractWebMvcEndpointHandlerMapping$OperationHandler.handle(jakarta.servlet.http.HttpServletRequest,java.util.Map<java.lang.String, java.lang.String>)
2023-07-07T15:12:39.831+05:30 TRACE 10928 --- [           main] s.b.a.e.w.s.WebMvcEndpointHandlerMapping : Register "{GET [/actuator], produces [application/vnd.spring-boot.actuator.v3+json || application/vnd.spring-boot.actuator.v2+json || application/json]}" to public java.util.Map<java.lang.String, java.util.Map<java.lang.String, org.springframework.boot.actuate.endpoint.web.Link>> org.springframework.boot.actuate.endpoint.web.servlet.WebMvcEndpointHandlerMapping$WebMvcLinksHandler.links(jakarta.servlet.http.HttpServletRequest,jakarta.servlet.http.HttpServletResponse)
2023-07-07T15:12:39.831+05:30 TRACE 10928 --- [           main] o.s.b.f.s.DefaultListableBeanFactory     : Finished creating instance of bean 'webEndpointServletHandlerMapping'
2023-07-07T15:12:39.831+05:30 DEBUG 10928 --- [           main] o.s.b.f.s.DefaultListableBeanFactory     : Creating shared instance of singleton bean 'controllerEndpointHandlerMapping'
2023-07-07T15:12:39.831+05:30 TRACE 10928 --- [           main] o.s.b.f.s.DefaultListableBeanFactory     : Creating instance of bean 'controllerEndpointHandlerMapping'
2023-07-07T15:12:39.831+05:30 TRACE 10928 --- [           main] o.s.b.f.s.DefaultListableBeanFactory     : Returning cached instance of singleton bean 'org.springframework.boot.actuate.autoconfigure.endpoint.web.servlet.WebMvcEndpointManagementContextConfiguration'
2023-07-07T15:12:39.832+05:30 TRACE 10928 --- [           main] o.s.b.f.s.DefaultListableBeanFactory     : Returning cached instance of singleton bean 'controllerEndpointDiscoverer'
2023-07-07T15:12:39.832+05:30 TRACE 10928 --- [           main] o.s.b.f.s.DefaultListableBeanFactory     : Returning cached instance of singleton bean 'management.endpoints.web.cors-org.springframework.boot.actuate.autoconfigure.endpoint.web.CorsEndpointProperties'
2023-07-07T15:12:39.832+05:30 TRACE 10928 --- [           main] o.s.b.f.s.DefaultListableBeanFactory     : Returning cached instance of singleton bean 'management.endpoints.web-org.springframework.boot.actuate.autoconfigure.endpoint.web.WebEndpointProperties'
2023-07-07T15:12:39.832+05:30 DEBUG 10928 --- [           main] o.s.b.f.s.DefaultListableBeanFactory     : Autowiring by type from bean name 'controllerEndpointHandlerMapping' via factory method to bean named 'controllerEndpointDiscoverer'
2023-07-07T15:12:39.832+05:30 DEBUG 10928 --- [           main] o.s.b.f.s.DefaultListableBeanFactory     : Autowiring by type from bean name 'controllerEndpointHandlerMapping' via factory method to bean named 'management.endpoints.web.cors-org.springframework.boot.actuate.autoconfigure.endpoint.web.CorsEndpointProperties'
2023-07-07T15:12:39.832+05:30 DEBUG 10928 --- [           main] o.s.b.f.s.DefaultListableBeanFactory     : Autowiring by type from bean name 'controllerEndpointHandlerMapping' via factory method to bean named 'management.endpoints.web-org.springframework.boot.actuate.autoconfigure.endpoint.web.WebEndpointProperties'
2023-07-07T15:12:39.836+05:30 TRACE 10928 --- [           main] o.s.b.f.s.DefaultListableBeanFactory     : Invoking afterPropertiesSet() on bean with name 'controllerEndpointHandlerMapping'
2023-07-07T15:12:39.837+05:30 TRACE 10928 --- [           main] o.s.b.f.s.DefaultListableBeanFactory     : Finished creating instance of bean 'controllerEndpointHandlerMapping'
2023-07-07T15:12:39.837+05:30 TRACE 10928 --- [           main] o.s.b.f.s.DefaultListableBeanFactory     : Returning cached instance of singleton bean 'endpointObjectMapperWebMvcConfigurer'
2023-07-07T15:12:39.837+05:30 TRACE 10928 --- [           main] o.s.b.f.s.DefaultListableBeanFactory     : Returning cached instance of singleton bean 'management.endpoints.web.cors-org.springframework.boot.actuate.autoconfigure.endpoint.web.CorsEndpointProperties'
2023-07-07T15:12:39.837+05:30 DEBUG 10928 --- [           main] o.s.b.f.s.DefaultListableBeanFactory     : Creating shared instance of singleton bean 'org.springframework.boot.actuate.autoconfigure.web.server.ManagementContextAutoConfiguration$SameManagementContextConfiguration$EnableSameManagementContextConfiguration'
2023-07-07T15:12:39.837+05:30 TRACE 10928 --- [           main] o.s.b.f.s.DefaultListableBeanFactory     : Creating instance of bean 'org.springframework.boot.actuate.autoconfigure.web.server.ManagementContextAutoConfiguration$SameManagementContextConfiguration$EnableSameManagementContextConfiguration'
2023-07-07T15:12:39.837+05:30 TRACE 10928 --- [           main] o.s.b.f.s.DefaultListableBeanFactory     : Finished creating instance of bean 'org.springframework.boot.actuate.autoconfigure.web.server.ManagementContextAutoConfiguration$SameManagementContextConfiguration$EnableSameManagementContextConfiguration'
2023-07-07T15:12:39.837+05:30 DEBUG 10928 --- [           main] o.s.b.f.s.DefaultListableBeanFactory     : Creating shared instance of singleton bean 'org.springframework.boot.actuate.autoconfigure.web.server.ManagementContextAutoConfiguration$SameManagementContextConfiguration'
2023-07-07T15:12:39.837+05:30 TRACE 10928 --- [           main] o.s.b.f.s.DefaultListableBeanFactory     : Creating instance of bean 'org.springframework.boot.actuate.autoconfigure.web.server.ManagementContextAutoConfiguration$SameManagementContextConfiguration'
2023-07-07T15:12:39.838+05:30 TRACE 10928 --- [           main] o.s.b.f.s.DefaultListableBeanFactory     : Returning cached instance of singleton bean 'environment'
2023-07-07T15:12:39.838+05:30 DEBUG 10928 --- [           main] o.s.b.f.s.DefaultListableBeanFactory     : Autowiring by type from bean name 'org.springframework.boot.actuate.autoconfigure.web.server.ManagementContextAutoConfiguration$SameManagementContextConfiguration' via constructor to bean named 'environment'
2023-07-07T15:12:39.838+05:30 TRACE 10928 --- [           main] o.s.b.f.s.DefaultListableBeanFactory     : Finished creating instance of bean 'org.springframework.boot.actuate.autoconfigure.web.server.ManagementContextAutoConfiguration$SameManagementContextConfiguration'
2023-07-07T15:12:39.838+05:30 DEBUG 10928 --- [           main] o.s.b.f.s.DefaultListableBeanFactory     : Creating shared instance of singleton bean 'org.springframework.boot.actuate.autoconfigure.web.server.ManagementContextAutoConfiguration'
2023-07-07T15:12:39.838+05:30 TRACE 10928 --- [           main] o.s.b.f.s.DefaultListableBeanFactory     : Creating instance of bean 'org.springframework.boot.actuate.autoconfigure.web.server.ManagementContextAutoConfiguration'
2023-07-07T15:12:39.838+05:30 TRACE 10928 --- [           main] o.s.b.f.s.DefaultListableBeanFactory     : Finished creating instance of bean 'org.springframework.boot.actuate.autoconfigure.web.server.ManagementContextAutoConfiguration'
2023-07-07T15:12:39.839+05:30 DEBUG 10928 --- [           main] o.s.b.f.s.DefaultListableBeanFactory     : Creating shared instance of singleton bean 'management.server-org.springframework.boot.actuate.autoconfigure.web.server.ManagementServerProperties'
2023-07-07T15:12:39.839+05:30 TRACE 10928 --- [           main] o.s.b.f.s.DefaultListableBeanFactory     : Creating instance of bean 'management.server-org.springframework.boot.actuate.autoconfigure.web.server.ManagementServerProperties'
2023-07-07T15:12:39.839+05:30 TRACE 10928 --- [           main] o.s.b.f.s.DefaultListableBeanFactory     : Returning cached instance of singleton bean 'org.springframework.boot.context.properties.BoundConfigurationProperties'
2023-07-07T15:12:39.840+05:30 TRACE 10928 --- [           main] o.s.b.f.s.DefaultListableBeanFactory     : Finished creating instance of bean 'management.server-org.springframework.boot.actuate.autoconfigure.web.server.ManagementServerProperties'
2023-07-07T15:12:39.840+05:30 TRACE 10928 --- [           main] o.s.b.f.s.DefaultListableBeanFactory     : Returning cached instance of singleton bean 'org.springframework.aop.config.internalAutoProxyCreator'
2023-07-07T15:12:39.843+05:30 TRACE 10928 --- [           main] o.s.c.e.EventListenerMethodProcessor     : No @EventListener annotations found on bean class: com.udemy.learnspringboot.LearnSpringBootApplication$$SpringCGLIB$$0
2023-07-07T15:12:39.843+05:30 TRACE 10928 --- [           main] o.s.c.e.EventListenerMethodProcessor     : No @EventListener annotations found on bean class: com.udemy.learnspringboot.CourseController
2023-07-07T15:12:39.843+05:30 TRACE 10928 --- [           main] o.s.c.e.EventListenerMethodProcessor     : No @EventListener annotations found on bean class: com.udemy.learnspringboot.CurrencyConfigurationController
2023-07-07T15:12:39.843+05:30 TRACE 10928 --- [           main] o.s.c.e.EventListenerMethodProcessor     : No @EventListener annotations found on bean class: com.udemy.learnspringboot.CurrencyServiceConfiguration
2023-07-07T15:12:39.843+05:30 TRACE 10928 --- [           main] o.s.c.e.EventListenerMethodProcessor     : No @EventListener annotations found on bean class: org.springframework.boot.autoconfigure.context.PropertyPlaceholderAutoConfiguration
2023-07-07T15:12:39.843+05:30 TRACE 10928 --- [           main] o.s.c.e.EventListenerMethodProcessor     : No @EventListener annotations found on bean class: org.springframework.boot.autoconfigure.ssl.SslAutoConfiguration
2023-07-07T15:12:39.843+05:30 TRACE 10928 --- [           main] o.s.c.e.EventListenerMethodProcessor     : No @EventListener annotations found on bean class: org.springframework.boot.autoconfigure.websocket.servlet.WebSocketServletAutoConfiguration$TomcatWebSocketConfiguration
2023-07-07T15:12:39.843+05:30 TRACE 10928 --- [           main] o.s.c.e.EventListenerMethodProcessor     : No @EventListener annotations found on bean class: org.springframework.boot.autoconfigure.websocket.servlet.WebSocketServletAutoConfiguration
2023-07-07T15:12:39.843+05:30 TRACE 10928 --- [           main] o.s.c.e.EventListenerMethodProcessor     : No @EventListener annotations found on bean class: org.springframework.boot.autoconfigure.web.servlet.ServletWebServerFactoryConfiguration$EmbeddedTomcat
2023-07-07T15:12:39.843+05:30 TRACE 10928 --- [           main] o.s.c.e.EventListenerMethodProcessor     : No @EventListener annotations found on bean class: org.springframework.boot.autoconfigure.web.servlet.ServletWebServerFactoryAutoConfiguration
2023-07-07T15:12:39.844+05:30 TRACE 10928 --- [           main] o.s.c.e.EventListenerMethodProcessor     : No @EventListener annotations found on bean class: org.springframework.boot.autoconfigure.web.servlet.DispatcherServletAutoConfiguration$DispatcherServletConfiguration
2023-07-07T15:12:39.844+05:30 TRACE 10928 --- [           main] o.s.c.e.EventListenerMethodProcessor     : No @EventListener annotations found on bean class: org.springframework.boot.autoconfigure.web.servlet.DispatcherServletAutoConfiguration$DispatcherServletRegistrationConfiguration
2023-07-07T15:12:39.844+05:30 TRACE 10928 --- [           main] o.s.c.e.EventListenerMethodProcessor     : No @EventListener annotations found on bean class: org.springframework.boot.autoconfigure.web.servlet.DispatcherServletAutoConfiguration
2023-07-07T15:12:39.844+05:30 TRACE 10928 --- [           main] o.s.c.e.EventListenerMethodProcessor     : No @EventListener annotations found on bean class: org.springframework.boot.autoconfigure.task.TaskExecutionAutoConfiguration
2023-07-07T15:12:39.844+05:30 TRACE 10928 --- [           main] o.s.c.e.EventListenerMethodProcessor     : No @EventListener annotations found on bean class: org.springframework.boot.autoconfigure.web.servlet.error.ErrorMvcAutoConfiguration$WhitelabelErrorViewConfiguration
2023-07-07T15:12:39.844+05:30 TRACE 10928 --- [           main] o.s.c.e.EventListenerMethodProcessor     : No @EventListener annotations found on bean class: org.springframework.boot.autoconfigure.web.servlet.error.ErrorMvcAutoConfiguration$DefaultErrorViewResolverConfiguration
2023-07-07T15:12:39.844+05:30 TRACE 10928 --- [           main] o.s.c.e.EventListenerMethodProcessor     : No @EventListener annotations found on bean class: org.springframework.boot.autoconfigure.web.servlet.error.ErrorMvcAutoConfiguration
2023-07-07T15:12:39.844+05:30 TRACE 10928 --- [           main] o.s.c.e.EventListenerMethodProcessor     : No @EventListener annotations found on bean class: org.springframework.boot.autoconfigure.web.servlet.error.BasicErrorController
2023-07-07T15:12:39.845+05:30 TRACE 10928 --- [           main] o.s.c.e.EventListenerMethodProcessor     : No @EventListener annotations found on bean class: org.springframework.boot.autoconfigure.web.servlet.WebMvcAutoConfiguration$EnableWebMvcConfiguration
2023-07-07T15:12:39.845+05:30 TRACE 10928 --- [           main] o.s.c.e.EventListenerMethodProcessor     : No @EventListener annotations found on bean class: org.springframework.boot.autoconfigure.web.servlet.WebMvcAutoConfiguration$WebMvcAutoConfigurationAdapter
2023-07-07T15:12:39.845+05:30 TRACE 10928 --- [           main] o.s.c.e.EventListenerMethodProcessor     : No @EventListener annotations found on bean class: org.springframework.boot.autoconfigure.web.servlet.WebMvcAutoConfiguration
2023-07-07T15:12:39.845+05:30 TRACE 10928 --- [           main] o.s.c.e.EventListenerMethodProcessor     : No @EventListener annotations found on bean class: org.springframework.boot.autoconfigure.availability.ApplicationAvailabilityAutoConfiguration
2023-07-07T15:12:39.845+05:30 TRACE 10928 --- [           main] o.s.c.e.EventListenerMethodProcessor     : No @EventListener annotations found on bean class: org.springframework.boot.actuate.autoconfigure.availability.AvailabilityHealthContributorAutoConfiguration
2023-07-07T15:12:39.845+05:30 TRACE 10928 --- [           main] o.s.c.e.EventListenerMethodProcessor     : No @EventListener annotations found on bean class: org.springframework.boot.autoconfigure.jackson.JacksonAutoConfiguration$Jackson2ObjectMapperBuilderCustomizerConfiguration
2023-07-07T15:12:39.845+05:30 TRACE 10928 --- [           main] o.s.c.e.EventListenerMethodProcessor     : No @EventListener annotations found on bean class: org.springframework.boot.autoconfigure.jackson.JacksonAutoConfiguration$JacksonObjectMapperBuilderConfiguration
2023-07-07T15:12:39.845+05:30 TRACE 10928 --- [           main] o.s.c.e.EventListenerMethodProcessor     : No @EventListener annotations found on bean class: org.springframework.boot.autoconfigure.jackson.JacksonAutoConfiguration$ParameterNamesModuleConfiguration
2023-07-07T15:12:39.845+05:30 TRACE 10928 --- [           main] o.s.c.e.EventListenerMethodProcessor     : No @EventListener annotations found on bean class: com.fasterxml.jackson.module.paramnames.ParameterNamesModule
2023-07-07T15:12:39.845+05:30 TRACE 10928 --- [           main] o.s.c.e.EventListenerMethodProcessor     : No @EventListener annotations found on bean class: org.springframework.boot.autoconfigure.jackson.JacksonAutoConfiguration$JacksonObjectMapperConfiguration
2023-07-07T15:12:39.846+05:30 TRACE 10928 --- [           main] o.s.c.e.EventListenerMethodProcessor     : No @EventListener annotations found on bean class: com.fasterxml.jackson.databind.ObjectMapper
2023-07-07T15:12:39.846+05:30 TRACE 10928 --- [           main] o.s.c.e.EventListenerMethodProcessor     : No @EventListener annotations found on bean class: org.springframework.boot.autoconfigure.jackson.JacksonAutoConfiguration$JacksonMixinConfiguration
2023-07-07T15:12:39.846+05:30 TRACE 10928 --- [           main] o.s.c.e.EventListenerMethodProcessor     : No @EventListener annotations found on bean class: org.springframework.boot.autoconfigure.jackson.JacksonAutoConfiguration
2023-07-07T15:12:39.846+05:30 TRACE 10928 --- [           main] o.s.c.e.EventListenerMethodProcessor     : No @EventListener annotations found on bean class: org.springframework.boot.actuate.autoconfigure.web.servlet.ServletManagementContextAutoConfiguration
2023-07-07T15:12:39.846+05:30 TRACE 10928 --- [           main] o.s.c.e.EventListenerMethodProcessor     : No @EventListener annotations found on bean class: org.springframework.boot.actuate.autoconfigure.health.HealthEndpointConfiguration
2023-07-07T15:12:39.846+05:30 TRACE 10928 --- [           main] o.s.c.e.EventListenerMethodProcessor     : No @EventListener annotations found on bean class: org.springframework.boot.actuate.autoconfigure.health.HealthEndpointWebExtensionConfiguration
2023-07-07T15:12:39.846+05:30 TRACE 10928 --- [           main] o.s.c.e.EventListenerMethodProcessor     : No @EventListener annotations found on bean class: org.springframework.boot.actuate.autoconfigure.health.HealthEndpointAutoConfiguration
2023-07-07T15:12:39.847+05:30 TRACE 10928 --- [           main] o.s.c.e.EventListenerMethodProcessor     : No @EventListener annotations found on bean class: org.springframework.boot.autoconfigure.info.ProjectInfoAutoConfiguration
2023-07-07T15:12:39.847+05:30 TRACE 10928 --- [           main] o.s.c.e.EventListenerMethodProcessor     : No @EventListener annotations found on bean class: org.springframework.boot.actuate.autoconfigure.info.InfoContributorAutoConfiguration
2023-07-07T15:12:39.847+05:30 TRACE 10928 --- [           main] o.s.c.e.EventListenerMethodProcessor     : No @EventListener annotations found on bean class: org.springframework.boot.actuate.autoconfigure.endpoint.EndpointAutoConfiguration
2023-07-07T15:12:39.847+05:30 TRACE 10928 --- [           main] o.s.c.e.EventListenerMethodProcessor     : No @EventListener annotations found on bean class: org.springframework.boot.actuate.autoconfigure.endpoint.jackson.JacksonEndpointAutoConfiguration
2023-07-07T15:12:39.847+05:30 TRACE 10928 --- [           main] o.s.c.e.EventListenerMethodProcessor     : No @EventListener annotations found on bean class: org.springframework.boot.actuate.autoconfigure.endpoint.web.WebEndpointAutoConfiguration$WebEndpointServletConfiguration
2023-07-07T15:12:39.847+05:30 TRACE 10928 --- [           main] o.s.c.e.EventListenerMethodProcessor     : No @EventListener annotations found on bean class: org.springframework.boot.actuate.autoconfigure.endpoint.web.WebEndpointAutoConfiguration
2023-07-07T15:12:39.847+05:30 TRACE 10928 --- [           main] o.s.c.e.EventListenerMethodProcessor     : No @EventListener annotations found on bean class: org.springframework.boot.actuate.autoconfigure.system.DiskSpaceHealthContributorAutoConfiguration
2023-07-07T15:12:39.847+05:30 TRACE 10928 --- [           main] o.s.c.e.EventListenerMethodProcessor     : No @EventListener annotations found on bean class: org.springframework.boot.actuate.autoconfigure.health.HealthContributorAutoConfiguration
2023-07-07T15:12:39.848+05:30 TRACE 10928 --- [           main] o.s.c.e.EventListenerMethodProcessor     : No @EventListener annotations found on bean class: org.springframework.boot.actuate.autoconfigure.metrics.MetricsAutoConfiguration
2023-07-07T15:12:39.848+05:30 TRACE 10928 --- [           main] o.s.c.e.EventListenerMethodProcessor     : No @EventListener annotations found on bean class: io.micrometer.core.instrument.Clock$1
2023-07-07T15:12:39.848+05:30 TRACE 10928 --- [           main] o.s.c.e.EventListenerMethodProcessor     : No @EventListener annotations found on bean class: org.springframework.boot.actuate.autoconfigure.metrics.export.simple.SimpleMetricsExportAutoConfiguration
2023-07-07T15:12:39.848+05:30 TRACE 10928 --- [           main] o.s.c.e.EventListenerMethodProcessor     : No @EventListener annotations found on bean class: io.micrometer.core.instrument.simple.SimpleMeterRegistry
2023-07-07T15:12:39.848+05:30 TRACE 10928 --- [           main] o.s.c.e.EventListenerMethodProcessor     : No @EventListener annotations found on bean class: org.springframework.boot.actuate.autoconfigure.metrics.CompositeMeterRegistryAutoConfiguration
2023-07-07T15:12:39.848+05:30 TRACE 10928 --- [           main] o.s.c.e.EventListenerMethodProcessor     : No @EventListener annotations found on bean class: org.springframework.boot.actuate.autoconfigure.metrics.JvmMetricsAutoConfiguration
2023-07-07T15:12:39.848+05:30 TRACE 10928 --- [           main] o.s.c.e.EventListenerMethodProcessor     : No @EventListener annotations found on bean class: io.micrometer.core.instrument.binder.jvm.JvmGcMetrics
2023-07-07T15:12:39.848+05:30 TRACE 10928 --- [           main] o.s.c.e.EventListenerMethodProcessor     : No @EventListener annotations found on bean class: io.micrometer.core.instrument.binder.jvm.JvmHeapPressureMetrics
2023-07-07T15:12:39.848+05:30 TRACE 10928 --- [           main] o.s.c.e.EventListenerMethodProcessor     : No @EventListener annotations found on bean class: io.micrometer.core.instrument.binder.jvm.JvmMemoryMetrics
2023-07-07T15:12:39.848+05:30 TRACE 10928 --- [           main] o.s.c.e.EventListenerMethodProcessor     : No @EventListener annotations found on bean class: io.micrometer.core.instrument.binder.jvm.JvmThreadMetrics
2023-07-07T15:12:39.848+05:30 TRACE 10928 --- [           main] o.s.c.e.EventListenerMethodProcessor     : No @EventListener annotations found on bean class: io.micrometer.core.instrument.binder.jvm.ClassLoaderMetrics
2023-07-07T15:12:39.848+05:30 TRACE 10928 --- [           main] o.s.c.e.EventListenerMethodProcessor     : No @EventListener annotations found on bean class: io.micrometer.core.instrument.binder.jvm.JvmInfoMetrics
2023-07-07T15:12:39.848+05:30 TRACE 10928 --- [           main] o.s.c.e.EventListenerMethodProcessor     : No @EventListener annotations found on bean class: io.micrometer.core.instrument.binder.jvm.JvmCompilationMetrics
2023-07-07T15:12:39.848+05:30 TRACE 10928 --- [           main] o.s.c.e.EventListenerMethodProcessor     : No @EventListener annotations found on bean class: org.springframework.boot.actuate.autoconfigure.metrics.LogbackMetricsAutoConfiguration
2023-07-07T15:12:39.848+05:30 TRACE 10928 --- [           main] o.s.c.e.EventListenerMethodProcessor     : No @EventListener annotations found on bean class: io.micrometer.core.instrument.binder.logging.LogbackMetrics
2023-07-07T15:12:39.848+05:30 TRACE 10928 --- [           main] o.s.c.e.EventListenerMethodProcessor     : No @EventListener annotations found on bean class: org.springframework.boot.actuate.autoconfigure.metrics.SystemMetricsAutoConfiguration
2023-07-07T15:12:39.848+05:30 TRACE 10928 --- [           main] o.s.c.e.EventListenerMethodProcessor     : No @EventListener annotations found on bean class: io.micrometer.core.instrument.binder.system.UptimeMetrics
2023-07-07T15:12:39.848+05:30 TRACE 10928 --- [           main] o.s.c.e.EventListenerMethodProcessor     : No @EventListener annotations found on bean class: io.micrometer.core.instrument.binder.system.ProcessorMetrics
2023-07-07T15:12:39.848+05:30 TRACE 10928 --- [           main] o.s.c.e.EventListenerMethodProcessor     : No @EventListener annotations found on bean class: io.micrometer.core.instrument.binder.system.FileDescriptorMetrics
2023-07-07T15:12:39.848+05:30 TRACE 10928 --- [           main] o.s.c.e.EventListenerMethodProcessor     : No @EventListener annotations found on bean class: org.springframework.boot.actuate.autoconfigure.metrics.integration.IntegrationMetricsAutoConfiguration
2023-07-07T15:12:39.848+05:30 TRACE 10928 --- [           main] o.s.c.e.EventListenerMethodProcessor     : No @EventListener annotations found on bean class: org.springframework.boot.actuate.autoconfigure.metrics.startup.StartupTimeMetricsListenerAutoConfiguration
2023-07-07T15:12:39.848+05:30 TRACE 10928 --- [           main] o.s.c.e.EventListenerMethodProcessor     : No @EventListener annotations found on bean class: org.springframework.boot.autoconfigure.task.TaskSchedulingAutoConfiguration
2023-07-07T15:12:39.848+05:30 TRACE 10928 --- [           main] o.s.c.e.EventListenerMethodProcessor     : No @EventListener annotations found on bean class: org.springframework.boot.actuate.autoconfigure.metrics.task.TaskExecutorMetricsAutoConfiguration
2023-07-07T15:12:39.848+05:30 TRACE 10928 --- [           main] o.s.c.e.EventListenerMethodProcessor     : No @EventListener annotations found on bean class: org.springframework.boot.actuate.autoconfigure.metrics.web.tomcat.TomcatMetricsAutoConfiguration
2023-07-07T15:12:39.848+05:30 TRACE 10928 --- [           main] o.s.c.e.EventListenerMethodProcessor     : No @EventListener annotations found on bean class: org.springframework.boot.actuate.autoconfigure.observation.ObservationAutoConfiguration$MeterObservationHandlerConfiguration$OnlyMetricsMeterObservationHandlerConfiguration
2023-07-07T15:12:39.849+05:30 TRACE 10928 --- [           main] o.s.c.e.EventListenerMethodProcessor     : No @EventListener annotations found on bean class: io.micrometer.core.instrument.observation.DefaultMeterObservationHandler
2023-07-07T15:12:39.849+05:30 TRACE 10928 --- [           main] o.s.c.e.EventListenerMethodProcessor     : No @EventListener annotations found on bean class: org.springframework.boot.actuate.autoconfigure.observation.ObservationAutoConfiguration$MeterObservationHandlerConfiguration
2023-07-07T15:12:39.849+05:30 TRACE 10928 --- [           main] o.s.c.e.EventListenerMethodProcessor     : No @EventListener annotations found on bean class: org.springframework.boot.actuate.autoconfigure.observation.ObservationAutoConfiguration$OnlyMetricsConfiguration
2023-07-07T15:12:39.849+05:30 TRACE 10928 --- [           main] o.s.c.e.EventListenerMethodProcessor     : No @EventListener annotations found on bean class: org.springframework.boot.actuate.autoconfigure.observation.ObservationAutoConfiguration
2023-07-07T15:12:39.849+05:30 TRACE 10928 --- [           main] o.s.c.e.EventListenerMethodProcessor     : No @EventListener annotations found on bean class: io.micrometer.observation.SimpleObservationRegistry
2023-07-07T15:12:39.849+05:30 TRACE 10928 --- [           main] o.s.c.e.EventListenerMethodProcessor     : No @EventListener annotations found on bean class: org.springframework.boot.autoconfigure.http.HttpMessageConvertersAutoConfiguration$StringHttpMessageConverterConfiguration
2023-07-07T15:12:39.849+05:30 TRACE 10928 --- [           main] o.s.c.e.EventListenerMethodProcessor     : No @EventListener annotations found on bean class: org.springframework.boot.autoconfigure.http.JacksonHttpMessageConvertersConfiguration$MappingJackson2HttpMessageConverterConfiguration
2023-07-07T15:12:39.849+05:30 TRACE 10928 --- [           main] o.s.c.e.EventListenerMethodProcessor     : No @EventListener annotations found on bean class: org.springframework.boot.autoconfigure.http.JacksonHttpMessageConvertersConfiguration
2023-07-07T15:12:39.849+05:30 TRACE 10928 --- [           main] o.s.c.e.EventListenerMethodProcessor     : No @EventListener annotations found on bean class: org.springframework.boot.autoconfigure.http.HttpMessageConvertersAutoConfiguration
2023-07-07T15:12:39.849+05:30 TRACE 10928 --- [           main] o.s.c.e.EventListenerMethodProcessor     : No @EventListener annotations found on bean class: org.springframework.boot.autoconfigure.web.client.RestTemplateAutoConfiguration
2023-07-07T15:12:39.849+05:30 TRACE 10928 --- [           main] o.s.c.e.EventListenerMethodProcessor     : No @EventListener annotations found on bean class: org.springframework.boot.actuate.autoconfigure.observation.web.client.HttpClientObservationsAutoConfiguration$MeterFilterConfiguration
2023-07-07T15:12:39.850+05:30 TRACE 10928 --- [           main] o.s.c.e.EventListenerMethodProcessor     : No @EventListener annotations found on bean class: io.micrometer.core.instrument.config.MeterFilter$9
2023-07-07T15:12:39.850+05:30 TRACE 10928 --- [           main] o.s.c.e.EventListenerMethodProcessor     : No @EventListener annotations found on bean class: org.springframework.boot.actuate.autoconfigure.observation.web.client.RestTemplateObservationConfiguration
2023-07-07T15:12:39.850+05:30 TRACE 10928 --- [           main] o.s.c.e.EventListenerMethodProcessor     : No @EventListener annotations found on bean class: org.springframework.boot.actuate.autoconfigure.observation.web.client.HttpClientObservationsAutoConfiguration
2023-07-07T15:12:39.850+05:30 TRACE 10928 --- [           main] o.s.c.e.EventListenerMethodProcessor     : No @EventListener annotations found on bean class: org.springframework.boot.actuate.autoconfigure.observation.web.servlet.WebMvcObservationAutoConfiguration$MeterFilterConfiguration
2023-07-07T15:12:39.850+05:30 TRACE 10928 --- [           main] o.s.c.e.EventListenerMethodProcessor     : No @EventListener annotations found on bean class: org.springframework.boot.actuate.autoconfigure.observation.web.servlet.WebMvcObservationAutoConfiguration
2023-07-07T15:12:39.850+05:30 TRACE 10928 --- [           main] o.s.c.e.EventListenerMethodProcessor     : No @EventListener annotations found on bean class: org.springframework.boot.autoconfigure.aop.AopAutoConfiguration$ClassProxyingConfiguration
2023-07-07T15:12:39.850+05:30 TRACE 10928 --- [           main] o.s.c.e.EventListenerMethodProcessor     : No @EventListener annotations found on bean class: org.springframework.boot.autoconfigure.aop.AopAutoConfiguration
2023-07-07T15:12:39.850+05:30 TRACE 10928 --- [           main] o.s.c.e.EventListenerMethodProcessor     : No @EventListener annotations found on bean class: org.springframework.boot.autoconfigure.context.ConfigurationPropertiesAutoConfiguration
2023-07-07T15:12:39.850+05:30 TRACE 10928 --- [           main] o.s.c.e.EventListenerMethodProcessor     : No @EventListener annotations found on bean class: org.springframework.boot.autoconfigure.context.LifecycleAutoConfiguration
2023-07-07T15:12:39.850+05:30 TRACE 10928 --- [           main] o.s.c.e.EventListenerMethodProcessor     : No @EventListener annotations found on bean class: org.springframework.boot.autoconfigure.sql.init.SqlInitializationAutoConfiguration
2023-07-07T15:12:39.850+05:30 TRACE 10928 --- [           main] o.s.c.e.EventListenerMethodProcessor     : No @EventListener annotations found on bean class: org.springframework.boot.autoconfigure.web.servlet.HttpEncodingAutoConfiguration
2023-07-07T15:12:39.851+05:30 TRACE 10928 --- [           main] o.s.c.e.EventListenerMethodProcessor     : No @EventListener annotations found on bean class: org.springframework.boot.autoconfigure.web.servlet.MultipartAutoConfiguration
2023-07-07T15:12:39.851+05:30 TRACE 10928 --- [           main] o.s.c.e.EventListenerMethodProcessor     : No @EventListener annotations found on bean class: jakarta.servlet.MultipartConfigElement
2023-07-07T15:12:39.851+05:30 TRACE 10928 --- [           main] o.s.c.e.EventListenerMethodProcessor     : No @EventListener annotations found on bean class: org.springframework.boot.actuate.autoconfigure.endpoint.web.ServletEndpointManagementContextConfiguration$WebMvcServletEndpointManagementContextConfiguration
2023-07-07T15:12:39.851+05:30 TRACE 10928 --- [           main] o.s.c.e.EventListenerMethodProcessor     : No @EventListener annotations found on bean class: org.springframework.boot.actuate.autoconfigure.endpoint.web.ServletEndpointManagementContextConfiguration
2023-07-07T15:12:39.851+05:30 TRACE 10928 --- [           main] o.s.c.e.EventListenerMethodProcessor     : No @EventListener annotations found on bean class: org.springframework.boot.actuate.autoconfigure.endpoint.web.servlet.WebMvcEndpointManagementContextConfiguration
2023-07-07T15:12:39.851+05:30 TRACE 10928 --- [           main] o.s.c.e.EventListenerMethodProcessor     : No @EventListener annotations found on bean class: org.springframework.boot.actuate.autoconfigure.web.server.ManagementContextAutoConfiguration$SameManagementContextConfiguration$EnableSameManagementContextConfiguration
2023-07-07T15:12:39.851+05:30 TRACE 10928 --- [           main] o.s.c.e.EventListenerMethodProcessor     : No @EventListener annotations found on bean class: org.springframework.boot.actuate.autoconfigure.web.server.ManagementContextAutoConfiguration$SameManagementContextConfiguration
2023-07-07T15:12:39.851+05:30 TRACE 10928 --- [           main] o.s.c.e.EventListenerMethodProcessor     : No @EventListener annotations found on bean class: org.springframework.boot.actuate.autoconfigure.web.server.ManagementContextAutoConfiguration
2023-07-07T15:12:39.853+05:30 TRACE 10928 --- [           main] o.s.b.f.s.DefaultListableBeanFactory     : Returning cached instance of singleton bean 'jvmGcMetrics'
2023-07-07T15:12:39.853+05:30 TRACE 10928 --- [           main] o.s.b.f.s.DefaultListableBeanFactory     : Returning cached instance of singleton bean 'jvmHeapPressureMetrics'
2023-07-07T15:12:39.853+05:30 TRACE 10928 --- [           main] o.s.b.f.s.DefaultListableBeanFactory     : Returning cached instance of singleton bean 'jvmMemoryMetrics'
2023-07-07T15:12:39.853+05:30 TRACE 10928 --- [           main] o.s.b.f.s.DefaultListableBeanFactory     : Returning cached instance of singleton bean 'jvmThreadMetrics'
2023-07-07T15:12:39.853+05:30 TRACE 10928 --- [           main] o.s.b.f.s.DefaultListableBeanFactory     : Returning cached instance of singleton bean 'classLoaderMetrics'
2023-07-07T15:12:39.853+05:30 TRACE 10928 --- [           main] o.s.b.f.s.DefaultListableBeanFactory     : Returning cached instance of singleton bean 'jvmInfoMetrics'
2023-07-07T15:12:39.853+05:30 TRACE 10928 --- [           main] o.s.b.f.s.DefaultListableBeanFactory     : Returning cached instance of singleton bean 'jvmCompilationMetrics'
2023-07-07T15:12:39.853+05:30 TRACE 10928 --- [           main] o.s.b.f.s.DefaultListableBeanFactory     : Returning cached instance of singleton bean 'logbackMetrics'
2023-07-07T15:12:39.853+05:30 TRACE 10928 --- [           main] o.s.b.f.s.DefaultListableBeanFactory     : Returning cached instance of singleton bean 'uptimeMetrics'
2023-07-07T15:12:39.853+05:30 TRACE 10928 --- [           main] o.s.b.f.s.DefaultListableBeanFactory     : Returning cached instance of singleton bean 'processorMetrics'
2023-07-07T15:12:39.853+05:30 TRACE 10928 --- [           main] o.s.b.f.s.DefaultListableBeanFactory     : Returning cached instance of singleton bean 'fileDescriptorMetrics'
2023-07-07T15:12:39.853+05:30 TRACE 10928 --- [           main] o.s.b.f.s.DefaultListableBeanFactory     : Returning cached instance of singleton bean 'diskSpaceMetrics'
2023-07-07T15:12:39.853+05:30 TRACE 10928 --- [           main] o.s.b.f.s.DefaultListableBeanFactory     : Returning cached instance of singleton bean 'jvmGcMetrics'
2023-07-07T15:12:39.853+05:30 TRACE 10928 --- [           main] o.s.b.f.s.DefaultListableBeanFactory     : Returning cached instance of singleton bean 'jvmHeapPressureMetrics'
2023-07-07T15:12:39.853+05:30 TRACE 10928 --- [           main] o.s.b.f.s.DefaultListableBeanFactory     : Returning cached instance of singleton bean 'jvmMemoryMetrics'
2023-07-07T15:12:39.853+05:30 TRACE 10928 --- [           main] o.s.b.f.s.DefaultListableBeanFactory     : Returning cached instance of singleton bean 'jvmThreadMetrics'
2023-07-07T15:12:39.853+05:30 TRACE 10928 --- [           main] o.s.b.f.s.DefaultListableBeanFactory     : Returning cached instance of singleton bean 'classLoaderMetrics'
2023-07-07T15:12:39.853+05:30 TRACE 10928 --- [           main] o.s.b.f.s.DefaultListableBeanFactory     : Returning cached instance of singleton bean 'jvmInfoMetrics'
2023-07-07T15:12:39.854+05:30 TRACE 10928 --- [           main] o.s.b.f.s.DefaultListableBeanFactory     : Returning cached instance of singleton bean 'jvmCompilationMetrics'
2023-07-07T15:12:39.854+05:30 TRACE 10928 --- [           main] o.s.b.f.s.DefaultListableBeanFactory     : Returning cached instance of singleton bean 'logbackMetrics'
2023-07-07T15:12:39.854+05:30 TRACE 10928 --- [           main] o.s.b.f.s.DefaultListableBeanFactory     : Returning cached instance of singleton bean 'uptimeMetrics'
2023-07-07T15:12:39.854+05:30 TRACE 10928 --- [           main] o.s.b.f.s.DefaultListableBeanFactory     : Returning cached instance of singleton bean 'processorMetrics'
2023-07-07T15:12:39.854+05:30 TRACE 10928 --- [           main] o.s.b.f.s.DefaultListableBeanFactory     : Returning cached instance of singleton bean 'fileDescriptorMetrics'
2023-07-07T15:12:39.854+05:30 TRACE 10928 --- [           main] o.s.b.f.s.DefaultListableBeanFactory     : Returning cached instance of singleton bean 'diskSpaceMetrics'
2023-07-07T15:12:39.897+05:30 TRACE 10928 --- [           main] o.s.b.f.s.DefaultListableBeanFactory     : Returning cached instance of singleton bean 'lifecycleProcessor'
2023-07-07T15:12:39.897+05:30 TRACE 10928 --- [           main] o.s.w.c.s.GenericWebApplicationContext   : Using LifecycleProcessor [org.springframework.context.support.DefaultLifecycleProcessor@faea4da]
2023-07-07T15:12:39.898+05:30 TRACE 10928 --- [           main] o.s.b.f.s.DefaultListableBeanFactory     : Returning cached instance of singleton bean 'lifecycleProcessor'
2023-07-07T15:12:39.898+05:30 TRACE 10928 --- [           main] o.s.b.f.s.DefaultListableBeanFactory     : Returning cached instance of singleton bean 'springBootLoggingLifecycle'
2023-07-07T15:12:39.902+05:30 DEBUG 10928 --- [           main] o.s.c.support.DefaultLifecycleProcessor  : Starting beans in phase -2147483647
2023-07-07T15:12:39.903+05:30 TRACE 10928 --- [           main] o.s.c.support.DefaultLifecycleProcessor  : Starting bean 'springBootLoggingLifecycle' of type [org.springframework.boot.context.logging.LoggingApplicationListener$Lifecycle]
2023-07-07T15:12:39.903+05:30 DEBUG 10928 --- [           main] o.s.c.support.DefaultLifecycleProcessor  : Successfully started bean 'springBootLoggingLifecycle'
2023-07-07T15:12:39.905+05:30 TRACE 10928 --- [           main] o.s.b.f.s.DefaultListableBeanFactory     : Returning cached instance of singleton bean 'org.springframework.boot.autoconfigure.internalCachingMetadataReaderFactory'
2023-07-07T15:12:39.905+05:30 TRACE 10928 --- [           main] o.s.b.f.s.DefaultListableBeanFactory     : Returning cached instance of singleton bean 'mvcResourceUrlProvider'
2023-07-07T15:12:39.905+05:30 TRACE 10928 --- [           main] o.s.b.f.s.DefaultListableBeanFactory     : Returning cached instance of singleton bean 'startupTimeMetrics'
2023-07-07T15:12:39.934+05:30 DEBUG 10928 --- [           main] .s.b.a.l.ConditionEvaluationReportLogger : 


============================
CONDITIONS EVALUATION REPORT
============================


Positive matches:
-----------------

   AopAutoConfiguration matched:
      - @ConditionalOnProperty (spring.aop.auto=true) matched (OnPropertyCondition)

   AopAutoConfiguration.ClassProxyingConfiguration matched:
      - @ConditionalOnMissingClass did not find unwanted class 'org.aspectj.weaver.Advice' (OnClassCondition)
      - @ConditionalOnProperty (spring.aop.proxy-target-class=true) matched (OnPropertyCondition)

   ApplicationAvailabilityAutoConfiguration#applicationAvailability matched:
      - @ConditionalOnMissingBean (types: org.springframework.boot.availability.ApplicationAvailability; SearchStrategy: all) did not find any beans (OnBeanCondition)

   CacheMeterBinderProvidersConfiguration matched:
      - @ConditionalOnClass found required class 'io.micrometer.core.instrument.binder.MeterBinder' (OnClassCondition)

   CompositeMeterRegistryAutoConfiguration matched:
      - @ConditionalOnClass found required class 'io.micrometer.core.instrument.composite.CompositeMeterRegistry' (OnClassCondition)

   DiskSpaceHealthContributorAutoConfiguration matched:
      - @ConditionalOnEnabledHealthIndicator management.health.defaults.enabled is considered true (OnEnabledHealthIndicatorCondition)

   DiskSpaceHealthContributorAutoConfiguration#diskSpaceHealthIndicator matched:
      - @ConditionalOnMissingBean (names: diskSpaceHealthIndicator; SearchStrategy: all) did not find any beans (OnBeanCondition)

   DispatcherServletAutoConfiguration matched:
      - @ConditionalOnClass found required class 'org.springframework.web.servlet.DispatcherServlet' (OnClassCondition)
      - found 'session' scope (OnWebApplicationCondition)

   DispatcherServletAutoConfiguration.DispatcherServletConfiguration matched:
      - @ConditionalOnClass found required class 'jakarta.servlet.ServletRegistration' (OnClassCondition)
      - Default DispatcherServlet did not find dispatcher servlet beans (DispatcherServletAutoConfiguration.DefaultDispatcherServletCondition)

   DispatcherServletAutoConfiguration.DispatcherServletRegistrationConfiguration matched:
      - @ConditionalOnClass found required class 'jakarta.servlet.ServletRegistration' (OnClassCondition)
      - DispatcherServlet Registration did not find servlet registration bean (DispatcherServletAutoConfiguration.DispatcherServletRegistrationCondition)

   DispatcherServletAutoConfiguration.DispatcherServletRegistrationConfiguration#dispatcherServletRegistration matched:
      - @ConditionalOnBean (names: dispatcherServlet types: org.springframework.web.servlet.DispatcherServlet; SearchStrategy: all) found bean 'dispatcherServlet' (OnBeanCondition)

   EndpointAutoConfiguration#endpointCachingOperationInvokerAdvisor matched:
      - @ConditionalOnMissingBean (types: org.springframework.boot.actuate.endpoint.invoker.cache.CachingOperationInvokerAdvisor; SearchStrategy: all) did not find any beans (OnBeanCondition)

   EndpointAutoConfiguration#endpointOperationParameterMapper matched:
      - @ConditionalOnMissingBean (types: org.springframework.boot.actuate.endpoint.invoke.ParameterValueMapper; SearchStrategy: all) did not find any beans (OnBeanCondition)

   ErrorMvcAutoConfiguration matched:
      - @ConditionalOnClass found required classes 'jakarta.servlet.Servlet', 'org.springframework.web.servlet.DispatcherServlet' (OnClassCondition)
      - found 'session' scope (OnWebApplicationCondition)

   ErrorMvcAutoConfiguration#basicErrorController matched:
      - @ConditionalOnMissingBean (types: org.springframework.boot.web.servlet.error.ErrorController; SearchStrategy: current) did not find any beans (OnBeanCondition)

   ErrorMvcAutoConfiguration#errorAttributes matched:
      - @ConditionalOnMissingBean (types: org.springframework.boot.web.servlet.error.ErrorAttributes; SearchStrategy: current) did not find any beans (OnBeanCondition)

   ErrorMvcAutoConfiguration.DefaultErrorViewResolverConfiguration#conventionErrorViewResolver matched:
      - @ConditionalOnBean (types: org.springframework.web.servlet.DispatcherServlet; SearchStrategy: all) found bean 'dispatcherServlet'; @ConditionalOnMissingBean (types: org.springframework.boot.autoconfigure.web.servlet.error.ErrorViewResolver; SearchStrategy: all) did not find any beans (OnBeanCondition)

   ErrorMvcAutoConfiguration.WhitelabelErrorViewConfiguration matched:
      - @ConditionalOnProperty (server.error.whitelabel.enabled) matched (OnPropertyCondition)
      - ErrorTemplate Missing did not find error template view (ErrorMvcAutoConfiguration.ErrorTemplateMissingCondition)

   ErrorMvcAutoConfiguration.WhitelabelErrorViewConfiguration#beanNameViewResolver matched:
      - @ConditionalOnMissingBean (types: org.springframework.web.servlet.view.BeanNameViewResolver; SearchStrategy: all) did not find any beans (OnBeanCondition)

   ErrorMvcAutoConfiguration.WhitelabelErrorViewConfiguration#defaultErrorView matched:
      - @ConditionalOnMissingBean (names: error; SearchStrategy: all) did not find any beans (OnBeanCondition)

   GenericCacheConfiguration matched:
      - Cache org.springframework.boot.autoconfigure.cache.GenericCacheConfiguration automatic cache type (CacheCondition)

   HealthContributorAutoConfiguration#pingHealthContributor matched:
      - @ConditionalOnEnabledHealthIndicator management.health.defaults.enabled is considered true (OnEnabledHealthIndicatorCondition)

   HealthEndpointAutoConfiguration matched:
      - @ConditionalOnAvailableEndpoint marked as exposed by a 'management.endpoints.web.exposure' property (OnAvailableEndpointCondition)

   HealthEndpointConfiguration#healthContributorRegistry matched:
      - @ConditionalOnMissingBean (types: org.springframework.boot.actuate.health.HealthContributorRegistry; SearchStrategy: all) did not find any beans (OnBeanCondition)

   HealthEndpointConfiguration#healthEndpoint matched:
      - @ConditionalOnMissingBean (types: org.springframework.boot.actuate.health.HealthEndpoint; SearchStrategy: all) did not find any beans (OnBeanCondition)

   HealthEndpointConfiguration#healthEndpointGroupMembershipValidator matched:
      - @ConditionalOnProperty (management.endpoint.health.validate-group-membership=true) matched (OnPropertyCondition)

   HealthEndpointConfiguration#healthEndpointGroups matched:
      - @ConditionalOnMissingBean (types: org.springframework.boot.actuate.health.HealthEndpointGroups; SearchStrategy: all) did not find any beans (OnBeanCondition)

   HealthEndpointConfiguration#healthHttpCodeStatusMapper matched:
      - @ConditionalOnMissingBean (types: org.springframework.boot.actuate.health.HttpCodeStatusMapper; SearchStrategy: all) did not find any beans (OnBeanCondition)

   HealthEndpointConfiguration#healthStatusAggregator matched:
      - @ConditionalOnMissingBean (types: org.springframework.boot.actuate.health.StatusAggregator; SearchStrategy: all) did not find any beans (OnBeanCondition)

   HealthEndpointWebExtensionConfiguration matched:
      - found 'session' scope (OnWebApplicationCondition)
      - @ConditionalOnAvailableEndpoint marked as exposed by a 'management.endpoints.web.exposure' property (OnAvailableEndpointCondition)
      - @ConditionalOnBean (types: org.springframework.boot.actuate.health.HealthEndpoint; SearchStrategy: all) found bean 'healthEndpoint' (OnBeanCondition)

   HealthEndpointWebExtensionConfiguration#healthEndpointWebExtension matched:
      - @ConditionalOnMissingBean (types: org.springframework.boot.actuate.health.HealthEndpointWebExtension; SearchStrategy: all) did not find any beans (OnBeanCondition)

   HealthEndpointWebExtensionConfiguration.MvcAdditionalHealthEndpointPathsConfiguration matched:
      - @ConditionalOnAvailableEndpoint marked as exposed by a 'management.endpoints.web.exposure' property (OnAvailableEndpointCondition)
      - @ConditionalOnBean (types: org.springframework.web.servlet.DispatcherServlet; SearchStrategy: all) found bean 'dispatcherServlet' (OnBeanCondition)

   HttpClientObservationsAutoConfiguration matched:
      - @ConditionalOnClass found required class 'io.micrometer.observation.Observation' (OnClassCondition)
      - @ConditionalOnBean (types: io.micrometer.observation.ObservationRegistry; SearchStrategy: all) found bean 'observationRegistry' (OnBeanCondition)

   HttpClientObservationsAutoConfiguration.MeterFilterConfiguration matched:
      - @ConditionalOnClass found required class 'io.micrometer.core.instrument.MeterRegistry' (OnClassCondition)
      - @ConditionalOnBean (types: io.micrometer.core.instrument.MeterRegistry; SearchStrategy: all) found bean 'simpleMeterRegistry' (OnBeanCondition)

   HttpEncodingAutoConfiguration matched:
      - @ConditionalOnClass found required class 'org.springframework.web.filter.CharacterEncodingFilter' (OnClassCondition)
      - found 'session' scope (OnWebApplicationCondition)
      - @ConditionalOnProperty (server.servlet.encoding.enabled) matched (OnPropertyCondition)

   HttpEncodingAutoConfiguration#characterEncodingFilter matched:
      - @ConditionalOnMissingBean (types: org.springframework.web.filter.CharacterEncodingFilter; SearchStrategy: all) did not find any beans (OnBeanCondition)

   HttpMessageConvertersAutoConfiguration matched:
      - @ConditionalOnClass found required class 'org.springframework.http.converter.HttpMessageConverter' (OnClassCondition)
      - NoneNestedConditions 0 matched 1 did not; NestedCondition on HttpMessageConvertersAutoConfiguration.NotReactiveWebApplicationCondition.ReactiveWebApplication did not find reactive web application classes (HttpMessageConvertersAutoConfiguration.NotReactiveWebApplicationCondition)

   HttpMessageConvertersAutoConfiguration#messageConverters matched:
      - @ConditionalOnMissingBean (types: org.springframework.boot.autoconfigure.http.HttpMessageConverters; SearchStrategy: all) did not find any beans (OnBeanCondition)

   HttpMessageConvertersAutoConfiguration.StringHttpMessageConverterConfiguration matched:
      - @ConditionalOnClass found required class 'org.springframework.http.converter.StringHttpMessageConverter' (OnClassCondition)

   HttpMessageConvertersAutoConfiguration.StringHttpMessageConverterConfiguration#stringHttpMessageConverter matched:
      - @ConditionalOnMissingBean (types: org.springframework.http.converter.StringHttpMessageConverter; SearchStrategy: all) did not find any beans (OnBeanCondition)

   JacksonAutoConfiguration matched:
      - @ConditionalOnClass found required class 'com.fasterxml.jackson.databind.ObjectMapper' (OnClassCondition)

   JacksonAutoConfiguration.Jackson2ObjectMapperBuilderCustomizerConfiguration matched:
      - @ConditionalOnClass found required class 'org.springframework.http.converter.json.Jackson2ObjectMapperBuilder' (OnClassCondition)

   JacksonAutoConfiguration.JacksonObjectMapperBuilderConfiguration matched:
      - @ConditionalOnClass found required class 'org.springframework.http.converter.json.Jackson2ObjectMapperBuilder' (OnClassCondition)

   JacksonAutoConfiguration.JacksonObjectMapperBuilderConfiguration#jacksonObjectMapperBuilder matched:
      - @ConditionalOnMissingBean (types: org.springframework.http.converter.json.Jackson2ObjectMapperBuilder; SearchStrategy: all) did not find any beans (OnBeanCondition)

   JacksonAutoConfiguration.JacksonObjectMapperConfiguration matched:
      - @ConditionalOnClass found required class 'org.springframework.http.converter.json.Jackson2ObjectMapperBuilder' (OnClassCondition)

   JacksonAutoConfiguration.JacksonObjectMapperConfiguration#jacksonObjectMapper matched:
      - @ConditionalOnMissingBean (types: com.fasterxml.jackson.databind.ObjectMapper; SearchStrategy: all) did not find any beans (OnBeanCondition)

   JacksonAutoConfiguration.ParameterNamesModuleConfiguration matched:
      - @ConditionalOnClass found required class 'com.fasterxml.jackson.module.paramnames.ParameterNamesModule' (OnClassCondition)

   JacksonAutoConfiguration.ParameterNamesModuleConfiguration#parameterNamesModule matched:
      - @ConditionalOnMissingBean (types: com.fasterxml.jackson.module.paramnames.ParameterNamesModule; SearchStrategy: all) did not find any beans (OnBeanCondition)

   JacksonEndpointAutoConfiguration#endpointObjectMapper matched:
      - @ConditionalOnClass found required classes 'com.fasterxml.jackson.databind.ObjectMapper', 'org.springframework.http.converter.json.Jackson2ObjectMapperBuilder' (OnClassCondition)
      - @ConditionalOnProperty (management.endpoints.jackson.isolated-object-mapper) matched (OnPropertyCondition)

   JacksonHttpMessageConvertersConfiguration.MappingJackson2HttpMessageConverterConfiguration matched:
      - @ConditionalOnClass found required class 'com.fasterxml.jackson.databind.ObjectMapper' (OnClassCondition)
      - @ConditionalOnProperty (spring.mvc.converters.preferred-json-mapper=jackson) matched (OnPropertyCondition)
      - @ConditionalOnBean (types: com.fasterxml.jackson.databind.ObjectMapper; SearchStrategy: all) found bean 'jacksonObjectMapper' (OnBeanCondition)

   JacksonHttpMessageConvertersConfiguration.MappingJackson2HttpMessageConverterConfiguration#mappingJackson2HttpMessageConverter matched:
      - @ConditionalOnMissingBean (types: org.springframework.http.converter.json.MappingJackson2HttpMessageConverter ignored: org.springframework.hateoas.server.mvc.TypeConstrainedMappingJackson2HttpMessageConverter,org.springframework.data.rest.webmvc.alps.AlpsJsonHttpMessageConverter; SearchStrategy: all) did not find any beans (OnBeanCondition)

   JvmMetricsAutoConfiguration matched:
      - @ConditionalOnClass found required class 'io.micrometer.core.instrument.MeterRegistry' (OnClassCondition)
      - @ConditionalOnBean (types: io.micrometer.core.instrument.MeterRegistry; SearchStrategy: all) found bean 'simpleMeterRegistry' (OnBeanCondition)

   JvmMetricsAutoConfiguration#classLoaderMetrics matched:
      - @ConditionalOnMissingBean (types: io.micrometer.core.instrument.binder.jvm.ClassLoaderMetrics; SearchStrategy: all) did not find any beans (OnBeanCondition)

   JvmMetricsAutoConfiguration#jvmCompilationMetrics matched:
      - @ConditionalOnMissingBean (types: io.micrometer.core.instrument.binder.jvm.JvmCompilationMetrics; SearchStrategy: all) did not find any beans (OnBeanCondition)

   JvmMetricsAutoConfiguration#jvmGcMetrics matched:
      - @ConditionalOnMissingBean (types: io.micrometer.core.instrument.binder.jvm.JvmGcMetrics; SearchStrategy: all) did not find any beans (OnBeanCondition)

   JvmMetricsAutoConfiguration#jvmHeapPressureMetrics matched:
      - @ConditionalOnMissingBean (types: io.micrometer.core.instrument.binder.jvm.JvmHeapPressureMetrics; SearchStrategy: all) did not find any beans (OnBeanCondition)

   JvmMetricsAutoConfiguration#jvmInfoMetrics matched:
      - @ConditionalOnMissingBean (types: io.micrometer.core.instrument.binder.jvm.JvmInfoMetrics; SearchStrategy: all) did not find any beans (OnBeanCondition)

   JvmMetricsAutoConfiguration#jvmMemoryMetrics matched:
      - @ConditionalOnMissingBean (types: io.micrometer.core.instrument.binder.jvm.JvmMemoryMetrics; SearchStrategy: all) did not find any beans (OnBeanCondition)

   JvmMetricsAutoConfiguration#jvmThreadMetrics matched:
      - @ConditionalOnMissingBean (types: io.micrometer.core.instrument.binder.jvm.JvmThreadMetrics; SearchStrategy: all) did not find any beans (OnBeanCondition)

   LifecycleAutoConfiguration#defaultLifecycleProcessor matched:
      - @ConditionalOnMissingBean (names: lifecycleProcessor; SearchStrategy: current) did not find any beans (OnBeanCondition)

   LogbackMetricsAutoConfiguration matched:
      - @ConditionalOnClass found required classes 'io.micrometer.core.instrument.MeterRegistry', 'ch.qos.logback.classic.LoggerContext', 'org.slf4j.LoggerFactory' (OnClassCondition)
      - LogbackLoggingCondition ILoggerFactory is a Logback LoggerContext (LogbackMetricsAutoConfiguration.LogbackLoggingCondition)
      - @ConditionalOnBean (types: io.micrometer.core.instrument.MeterRegistry; SearchStrategy: all) found bean 'simpleMeterRegistry' (OnBeanCondition)

   LogbackMetricsAutoConfiguration#logbackMetrics matched:
      - @ConditionalOnMissingBean (types: io.micrometer.core.instrument.binder.logging.LogbackMetrics; SearchStrategy: all) did not find any beans (OnBeanCondition)

   ManagementContextAutoConfiguration.SameManagementContextConfiguration matched:
      - Management Port actual port type (SAME) matched required type (OnManagementPortCondition)

   MetricsAutoConfiguration matched:
      - @ConditionalOnClass found required class 'io.micrometer.core.annotation.Timed' (OnClassCondition)

   MetricsAutoConfiguration#micrometerClock matched:
      - @ConditionalOnMissingBean (types: io.micrometer.core.instrument.Clock; SearchStrategy: all) did not find any beans (OnBeanCondition)

   MultipartAutoConfiguration matched:
      - @ConditionalOnClass found required classes 'jakarta.servlet.Servlet', 'org.springframework.web.multipart.support.StandardServletMultipartResolver', 'jakarta.servlet.MultipartConfigElement' (OnClassCondition)
      - found 'session' scope (OnWebApplicationCondition)
      - @ConditionalOnProperty (spring.servlet.multipart.enabled) matched (OnPropertyCondition)

   MultipartAutoConfiguration#multipartConfigElement matched:
      - @ConditionalOnMissingBean (types: jakarta.servlet.MultipartConfigElement; SearchStrategy: all) did not find any beans (OnBeanCondition)

   MultipartAutoConfiguration#multipartResolver matched:
      - @ConditionalOnMissingBean (types: org.springframework.web.multipart.MultipartResolver; SearchStrategy: all) did not find any beans (OnBeanCondition)

   NoOpCacheConfiguration matched:
      - Cache org.springframework.boot.autoconfigure.cache.NoOpCacheConfiguration automatic cache type (CacheCondition)

   ObservationAutoConfiguration matched:
      - @ConditionalOnClass found required class 'io.micrometer.observation.ObservationRegistry' (OnClassCondition)

   ObservationAutoConfiguration#observationRegistry matched:
      - @ConditionalOnMissingBean (types: io.micrometer.observation.ObservationRegistry; SearchStrategy: all) did not find any beans (OnBeanCondition)

   ObservationAutoConfiguration.MeterObservationHandlerConfiguration matched:
      - @ConditionalOnBean (types: io.micrometer.core.instrument.MeterRegistry; SearchStrategy: all) found bean 'simpleMeterRegistry'; @ConditionalOnMissingBean (types: io.micrometer.core.instrument.observation.MeterObservationHandler; SearchStrategy: all) did not find any beans (OnBeanCondition)

   ObservationAutoConfiguration.MeterObservationHandlerConfiguration.OnlyMetricsMeterObservationHandlerConfiguration matched:
      - @ConditionalOnMissingBean (types: io.micrometer.tracing.Tracer; SearchStrategy: all) did not find any beans (OnBeanCondition)

   ObservationAutoConfiguration.OnlyMetricsConfiguration matched:
      - @ConditionalOnClass found required class 'io.micrometer.core.instrument.MeterRegistry'; @ConditionalOnMissingClass did not find unwanted class 'io.micrometer.tracing.Tracer' (OnClassCondition)

   PropertyPlaceholderAutoConfiguration#propertySourcesPlaceholderConfigurer matched:
      - @ConditionalOnMissingBean (types: org.springframework.context.support.PropertySourcesPlaceholderConfigurer; SearchStrategy: current) did not find any beans (OnBeanCondition)

   RestTemplateAutoConfiguration matched:
      - @ConditionalOnClass found required class 'org.springframework.web.client.RestTemplate' (OnClassCondition)
      - NoneNestedConditions 0 matched 1 did not; NestedCondition on RestTemplateAutoConfiguration.NotReactiveWebApplicationCondition.ReactiveWebApplication did not find reactive web application classes (RestTemplateAutoConfiguration.NotReactiveWebApplicationCondition)

   RestTemplateAutoConfiguration#restTemplateBuilder matched:
      - @ConditionalOnMissingBean (types: org.springframework.boot.web.client.RestTemplateBuilder; SearchStrategy: all) did not find any beans (OnBeanCondition)

   RestTemplateAutoConfiguration#restTemplateBuilderConfigurer matched:
      - @ConditionalOnMissingBean (types: org.springframework.boot.autoconfigure.web.client.RestTemplateBuilderConfigurer; SearchStrategy: all) did not find any beans (OnBeanCondition)

   RestTemplateObservationConfiguration matched:
      - @ConditionalOnClass found required class 'org.springframework.web.client.RestTemplate' (OnClassCondition)
      - @ConditionalOnBean (types: org.springframework.boot.web.client.RestTemplateBuilder; SearchStrategy: all) found bean 'restTemplateBuilder' (OnBeanCondition)

   ServletEndpointManagementContextConfiguration matched:
      - found 'session' scope (OnWebApplicationCondition)

   ServletEndpointManagementContextConfiguration.WebMvcServletEndpointManagementContextConfiguration matched:
      - @ConditionalOnClass found required class 'org.springframework.web.servlet.DispatcherServlet' (OnClassCondition)

   ServletManagementContextAutoConfiguration matched:
      - @ConditionalOnClass found required class 'jakarta.servlet.Servlet' (OnClassCondition)
      - found 'session' scope (OnWebApplicationCondition)

   ServletWebServerFactoryAutoConfiguration matched:
      - @ConditionalOnClass found required class 'jakarta.servlet.ServletRequest' (OnClassCondition)
      - found 'session' scope (OnWebApplicationCondition)

   ServletWebServerFactoryAutoConfiguration#tomcatServletWebServerFactoryCustomizer matched:
      - @ConditionalOnClass found required class 'org.apache.catalina.startup.Tomcat' (OnClassCondition)

   ServletWebServerFactoryConfiguration.EmbeddedTomcat matched:
      - @ConditionalOnClass found required classes 'jakarta.servlet.Servlet', 'org.apache.catalina.startup.Tomcat', 'org.apache.coyote.UpgradeProtocol' (OnClassCondition)
      - @ConditionalOnMissingBean (types: org.springframework.boot.web.servlet.server.ServletWebServerFactory; SearchStrategy: current) did not find any beans (OnBeanCondition)

   SimpleCacheConfiguration matched:
      - Cache org.springframework.boot.autoconfigure.cache.SimpleCacheConfiguration automatic cache type (CacheCondition)

   SimpleMetricsExportAutoConfiguration matched:
      - @ConditionalOnEnabledMetricsExport management.simple.metrics.export.enabled is true (OnMetricsExportEnabledCondition)
      - @ConditionalOnBean (types: io.micrometer.core.instrument.Clock; SearchStrategy: all) found bean 'micrometerClock'; @ConditionalOnMissingBean (types: io.micrometer.core.instrument.MeterRegistry; SearchStrategy: all) did not find any beans (OnBeanCondition)

   SimpleMetricsExportAutoConfiguration#simpleConfig matched:
      - @ConditionalOnMissingBean (types: io.micrometer.core.instrument.simple.SimpleConfig; SearchStrategy: all) did not find any beans (OnBeanCondition)

   SqlInitializationAutoConfiguration matched:
      - @ConditionalOnProperty (spring.sql.init.enabled) matched (OnPropertyCondition)
      - NoneNestedConditions 0 matched 1 did not; NestedCondition on SqlInitializationAutoConfiguration.SqlInitializationModeCondition.ModeIsNever @ConditionalOnProperty (spring.sql.init.mode=never) did not find property 'mode' (SqlInitializationAutoConfiguration.SqlInitializationModeCondition)

   SslAutoConfiguration#sslBundleRegistry matched:
      - @ConditionalOnMissingBean (types: org.springframework.boot.ssl.SslBundleRegistry,org.springframework.boot.ssl.SslBundles; SearchStrategy: all) did not find any beans (OnBeanCondition)

   StartupTimeMetricsListenerAutoConfiguration matched:
      - @ConditionalOnClass found required class 'io.micrometer.core.instrument.MeterRegistry' (OnClassCondition)
      - @ConditionalOnBean (types: io.micrometer.core.instrument.MeterRegistry; SearchStrategy: all) found bean 'simpleMeterRegistry' (OnBeanCondition)

   StartupTimeMetricsListenerAutoConfiguration#startupTimeMetrics matched:
      - @ConditionalOnMissingBean (types: org.springframework.boot.actuate.metrics.startup.StartupTimeMetricsListener; SearchStrategy: all) did not find any beans (OnBeanCondition)

   SystemMetricsAutoConfiguration matched:
      - @ConditionalOnClass found required class 'io.micrometer.core.instrument.MeterRegistry' (OnClassCondition)
      - @ConditionalOnBean (types: io.micrometer.core.instrument.MeterRegistry; SearchStrategy: all) found bean 'simpleMeterRegistry' (OnBeanCondition)

   SystemMetricsAutoConfiguration#diskSpaceMetrics matched:
      - @ConditionalOnMissingBean (types: org.springframework.boot.actuate.metrics.system.DiskSpaceMetricsBinder; SearchStrategy: all) did not find any beans (OnBeanCondition)

   SystemMetricsAutoConfiguration#fileDescriptorMetrics matched:
      - @ConditionalOnMissingBean (types: io.micrometer.core.instrument.binder.system.FileDescriptorMetrics; SearchStrategy: all) did not find any beans (OnBeanCondition)

   SystemMetricsAutoConfiguration#processorMetrics matched:
      - @ConditionalOnMissingBean (types: io.micrometer.core.instrument.binder.system.ProcessorMetrics; SearchStrategy: all) did not find any beans (OnBeanCondition)

   SystemMetricsAutoConfiguration#uptimeMetrics matched:
      - @ConditionalOnMissingBean (types: io.micrometer.core.instrument.binder.system.UptimeMetrics; SearchStrategy: all) did not find any beans (OnBeanCondition)

   TaskExecutionAutoConfiguration matched:
      - @ConditionalOnClass found required class 'org.springframework.scheduling.concurrent.ThreadPoolTaskExecutor' (OnClassCondition)

   TaskExecutionAutoConfiguration#applicationTaskExecutor matched:
      - @ConditionalOnMissingBean (types: java.util.concurrent.Executor; SearchStrategy: all) did not find any beans (OnBeanCondition)

   TaskExecutionAutoConfiguration#taskExecutorBuilder matched:
      - @ConditionalOnMissingBean (types: org.springframework.boot.task.TaskExecutorBuilder; SearchStrategy: all) did not find any beans (OnBeanCondition)

   TaskExecutorMetricsAutoConfiguration matched:
      - @ConditionalOnClass found required class 'io.micrometer.core.instrument.binder.jvm.ExecutorServiceMetrics' (OnClassCondition)
      - @ConditionalOnBean (types: java.util.concurrent.Executor,io.micrometer.core.instrument.MeterRegistry; SearchStrategy: all) found beans 'applicationTaskExecutor', 'simpleMeterRegistry' (OnBeanCondition)

   TaskSchedulingAutoConfiguration matched:
      - @ConditionalOnClass found required class 'org.springframework.scheduling.concurrent.ThreadPoolTaskScheduler' (OnClassCondition)

   TaskSchedulingAutoConfiguration#taskSchedulerBuilder matched:
      - @ConditionalOnMissingBean (types: org.springframework.boot.task.TaskSchedulerBuilder; SearchStrategy: all) did not find any beans (OnBeanCondition)

   TomcatMetricsAutoConfiguration matched:
      - @ConditionalOnClass found required classes 'io.micrometer.core.instrument.binder.tomcat.TomcatMetrics', 'org.apache.catalina.Manager' (OnClassCondition)
      - @ConditionalOnWebApplication (required) found 'session' scope (OnWebApplicationCondition)

   TomcatMetricsAutoConfiguration#tomcatMetricsBinder matched:
      - @ConditionalOnBean (types: io.micrometer.core.instrument.MeterRegistry; SearchStrategy: all) found bean 'simpleMeterRegistry'; @ConditionalOnMissingBean (types: io.micrometer.core.instrument.binder.tomcat.TomcatMetrics,org.springframework.boot.actuate.metrics.web.tomcat.TomcatMetricsBinder; SearchStrategy: all) did not find any beans (OnBeanCondition)

   WebEndpointAutoConfiguration matched:
      - @ConditionalOnWebApplication (required) found 'session' scope (OnWebApplicationCondition)

   WebEndpointAutoConfiguration#controllerEndpointDiscoverer matched:
      - @ConditionalOnMissingBean (types: org.springframework.boot.actuate.endpoint.web.annotation.ControllerEndpointsSupplier; SearchStrategy: all) did not find any beans (OnBeanCondition)

   WebEndpointAutoConfiguration#endpointMediaTypes matched:
      - @ConditionalOnMissingBean (types: org.springframework.boot.actuate.endpoint.web.EndpointMediaTypes; SearchStrategy: all) did not find any beans (OnBeanCondition)

   WebEndpointAutoConfiguration#pathMappedEndpoints matched:
      - @ConditionalOnMissingBean (types: org.springframework.boot.actuate.endpoint.web.PathMappedEndpoints; SearchStrategy: all) did not find any beans (OnBeanCondition)

   WebEndpointAutoConfiguration#webEndpointDiscoverer matched:
      - @ConditionalOnMissingBean (types: org.springframework.boot.actuate.endpoint.web.WebEndpointsSupplier; SearchStrategy: all) did not find any beans (OnBeanCondition)

   WebEndpointAutoConfiguration.WebEndpointServletConfiguration matched:
      - found 'session' scope (OnWebApplicationCondition)

   WebEndpointAutoConfiguration.WebEndpointServletConfiguration#servletEndpointDiscoverer matched:
      - @ConditionalOnMissingBean (types: org.springframework.boot.actuate.endpoint.web.annotation.ServletEndpointsSupplier; SearchStrategy: all) did not find any beans (OnBeanCondition)

   WebMvcAutoConfiguration matched:
      - @ConditionalOnClass found required classes 'jakarta.servlet.Servlet', 'org.springframework.web.servlet.DispatcherServlet', 'org.springframework.web.servlet.config.annotation.WebMvcConfigurer' (OnClassCondition)
      - found 'session' scope (OnWebApplicationCondition)
      - @ConditionalOnMissingBean (types: org.springframework.web.servlet.config.annotation.WebMvcConfigurationSupport; SearchStrategy: all) did not find any beans (OnBeanCondition)

   WebMvcAutoConfiguration#formContentFilter matched:
      - @ConditionalOnProperty (spring.mvc.formcontent.filter.enabled) matched (OnPropertyCondition)
      - @ConditionalOnMissingBean (types: org.springframework.web.filter.FormContentFilter; SearchStrategy: all) did not find any beans (OnBeanCondition)

   WebMvcAutoConfiguration.EnableWebMvcConfiguration#flashMapManager matched:
      - @ConditionalOnMissingBean (names: flashMapManager; SearchStrategy: all) did not find any beans (OnBeanCondition)

   WebMvcAutoConfiguration.EnableWebMvcConfiguration#localeResolver matched:
      - @ConditionalOnMissingBean (names: localeResolver; SearchStrategy: all) did not find any beans (OnBeanCondition)

   WebMvcAutoConfiguration.EnableWebMvcConfiguration#themeResolver matched:
      - @ConditionalOnMissingBean (names: themeResolver; SearchStrategy: all) did not find any beans (OnBeanCondition)

   WebMvcAutoConfiguration.WebMvcAutoConfigurationAdapter#defaultViewResolver matched:
      - @ConditionalOnMissingBean (types: org.springframework.web.servlet.view.InternalResourceViewResolver; SearchStrategy: all) did not find any beans (OnBeanCondition)

   WebMvcAutoConfiguration.WebMvcAutoConfigurationAdapter#requestContextFilter matched:
      - @ConditionalOnMissingBean (types: org.springframework.web.context.request.RequestContextListener,org.springframework.web.filter.RequestContextFilter; SearchStrategy: all) did not find any beans (OnBeanCondition)

   WebMvcAutoConfiguration.WebMvcAutoConfigurationAdapter#viewResolver matched:
      - @ConditionalOnBean (types: org.springframework.web.servlet.ViewResolver; SearchStrategy: all) found beans 'defaultViewResolver', 'beanNameViewResolver', 'mvcViewResolver'; @ConditionalOnMissingBean (names: viewResolver types: org.springframework.web.servlet.view.ContentNegotiatingViewResolver; SearchStrategy: all) did not find any beans (OnBeanCondition)

   WebMvcEndpointManagementContextConfiguration matched:
      - @ConditionalOnClass found required class 'org.springframework.web.servlet.DispatcherServlet' (OnClassCondition)
      - found 'session' scope (OnWebApplicationCondition)
      - @ConditionalOnBean (types: org.springframework.web.servlet.DispatcherServlet,org.springframework.boot.actuate.endpoint.web.WebEndpointsSupplier; SearchStrategy: all) found beans 'webEndpointDiscoverer', 'dispatcherServlet' (OnBeanCondition)

   WebMvcEndpointManagementContextConfiguration#controllerEndpointHandlerMapping matched:
      - @ConditionalOnMissingBean (types: org.springframework.boot.actuate.endpoint.web.servlet.ControllerEndpointHandlerMapping; SearchStrategy: all) did not find any beans (OnBeanCondition)

   WebMvcEndpointManagementContextConfiguration#endpointObjectMapperWebMvcConfigurer matched:
      - @ConditionalOnBean (types: org.springframework.boot.actuate.endpoint.jackson.EndpointObjectMapper; SearchStrategy: all) found bean 'endpointObjectMapper' (OnBeanCondition)

   WebMvcEndpointManagementContextConfiguration#webEndpointServletHandlerMapping matched:
      - @ConditionalOnMissingBean (types: org.springframework.boot.actuate.endpoint.web.servlet.WebMvcEndpointHandlerMapping; SearchStrategy: all) did not find any beans (OnBeanCondition)

   WebMvcObservationAutoConfiguration matched:
      - @ConditionalOnClass found required classes 'org.springframework.web.servlet.DispatcherServlet', 'io.micrometer.observation.Observation' (OnClassCondition)
      - found 'session' scope (OnWebApplicationCondition)
      - @ConditionalOnBean (types: io.micrometer.observation.ObservationRegistry; SearchStrategy: all) found bean 'observationRegistry' (OnBeanCondition)

   WebMvcObservationAutoConfiguration#webMvcObservationFilter matched:
      - @ConditionalOnMissingBean (types: org.springframework.web.filter.ServerHttpObservationFilter; SearchStrategy: all) did not find any beans (OnBeanCondition)

   WebMvcObservationAutoConfiguration.MeterFilterConfiguration matched:
      - @ConditionalOnClass found required class 'io.micrometer.core.instrument.MeterRegistry' (OnClassCondition)
      - @ConditionalOnBean (types: io.micrometer.core.instrument.MeterRegistry; SearchStrategy: all) found bean 'simpleMeterRegistry' (OnBeanCondition)

   WebSocketServletAutoConfiguration matched:
      - @ConditionalOnClass found required classes 'jakarta.servlet.Servlet', 'jakarta.websocket.server.ServerContainer' (OnClassCondition)
      - found 'session' scope (OnWebApplicationCondition)

   WebSocketServletAutoConfiguration.TomcatWebSocketConfiguration matched:
      - @ConditionalOnClass found required classes 'org.apache.catalina.startup.Tomcat', 'org.apache.tomcat.websocket.server.WsSci' (OnClassCondition)

   WebSocketServletAutoConfiguration.TomcatWebSocketConfiguration#websocketServletWebServerCustomizer matched:
      - @ConditionalOnMissingBean (names: websocketServletWebServerCustomizer; SearchStrategy: all) did not find any beans (OnBeanCondition)


Negative matches:
-----------------

   ActiveMQAutoConfiguration:
      Did not match:
         - @ConditionalOnClass did not find required class 'jakarta.jms.ConnectionFactory' (OnClassCondition)

   AopAutoConfiguration.AspectJAutoProxyingConfiguration:
      Did not match:
         - @ConditionalOnClass did not find required class 'org.aspectj.weaver.Advice' (OnClassCondition)

   AppOpticsMetricsExportAutoConfiguration:
      Did not match:
         - @ConditionalOnClass did not find required class 'io.micrometer.appoptics.AppOpticsMeterRegistry' (OnClassCondition)

   ArtemisAutoConfiguration:
      Did not match:
         - @ConditionalOnClass did not find required class 'jakarta.jms.ConnectionFactory' (OnClassCondition)

   AtlasMetricsExportAutoConfiguration:
      Did not match:
         - @ConditionalOnClass did not find required class 'io.micrometer.atlas.AtlasMeterRegistry' (OnClassCondition)

   AuditAutoConfiguration:
      Did not match:
         - @ConditionalOnBean (types: org.springframework.boot.actuate.audit.AuditEventRepository; SearchStrategy: all) did not find any beans of type org.springframework.boot.actuate.audit.AuditEventRepository (OnBeanCondition)
      Matched:
         - @ConditionalOnProperty (management.auditevents.enabled) matched (OnPropertyCondition)

   AuditEventsEndpointAutoConfiguration:
      Did not match:
         - @ConditionalOnAvailableEndpoint no 'management.endpoints' property marked it as exposed (OnAvailableEndpointCondition)

   AvailabilityHealthContributorAutoConfiguration#livenessStateHealthIndicator:
      Did not match:
         - @ConditionalOnProperty (management.health.livenessstate.enabled=true) did not find property 'enabled' (OnPropertyCondition)

   AvailabilityHealthContributorAutoConfiguration#readinessStateHealthIndicator:
      Did not match:
         - @ConditionalOnProperty (management.health.readinessstate.enabled=true) did not find property 'enabled' (OnPropertyCondition)

   AvailabilityProbesAutoConfiguration:
      Did not match:
         - Probes availability not running on a supported cloud platform (AvailabilityProbesAutoConfiguration.ProbesCondition)

   BatchAutoConfiguration:
      Did not match:
         - @ConditionalOnClass did not find required class 'org.springframework.batch.core.launch.JobLauncher' (OnClassCondition)

   BatchObservationAutoConfiguration:
      Did not match:
         - @ConditionalOnClass did not find required class 'org.springframework.batch.core.configuration.annotation.BatchObservabilityBeanPostProcessor' (OnClassCondition)

   BeansEndpointAutoConfiguration:
      Did not match:
         - @ConditionalOnAvailableEndpoint no 'management.endpoints' property marked it as exposed (OnAvailableEndpointCondition)

   BraveAutoConfiguration:
      Did not match:
         - @ConditionalOnClass did not find required class 'brave.Tracer' (OnClassCondition)

   Cache2kCacheConfiguration:
      Did not match:
         - @ConditionalOnClass did not find required class 'org.cache2k.Cache2kBuilder' (OnClassCondition)

   CacheAutoConfiguration:
      Did not match:
         - @ConditionalOnBean (types: org.springframework.cache.interceptor.CacheAspectSupport; SearchStrategy: all) did not find any beans of type org.springframework.cache.interceptor.CacheAspectSupport (OnBeanCondition)
      Matched:
         - @ConditionalOnClass found required class 'org.springframework.cache.CacheManager' (OnClassCondition)

   CacheAutoConfiguration.CacheManagerEntityManagerFactoryDependsOnPostProcessor:
      Did not match:
         - @ConditionalOnClass did not find required class 'org.springframework.orm.jpa.LocalContainerEntityManagerFactoryBean' (OnClassCondition)
         - Ancestor org.springframework.boot.autoconfigure.cache.CacheAutoConfiguration did not match (ConditionEvaluationReport.AncestorsMatchedCondition)

   CacheMeterBinderProvidersConfiguration.Cache2kCacheMeterBinderProviderConfiguration:
      Did not match:
         - @ConditionalOnClass did not find required classes 'org.cache2k.Cache2kBuilder', 'org.cache2k.extra.spring.SpringCache2kCache', 'org.cache2k.extra.micrometer.Cache2kCacheMetrics' (OnClassCondition)

   CacheMeterBinderProvidersConfiguration.CaffeineCacheMeterBinderProviderConfiguration:
      Did not match:
         - @ConditionalOnClass did not find required classes 'org.springframework.cache.caffeine.CaffeineCache', 'com.github.benmanes.caffeine.cache.Cache' (OnClassCondition)

   CacheMeterBinderProvidersConfiguration.HazelcastCacheMeterBinderProviderConfiguration:
      Did not match:
         - @ConditionalOnClass did not find required classes 'com.hazelcast.spring.cache.HazelcastCache', 'com.hazelcast.core.Hazelcast' (OnClassCondition)

   CacheMeterBinderProvidersConfiguration.JCacheCacheMeterBinderProviderConfiguration:
      Did not match:
         - @ConditionalOnClass did not find required classes 'org.springframework.cache.jcache.JCacheCache', 'javax.cache.CacheManager' (OnClassCondition)

   CacheMeterBinderProvidersConfiguration.RedisCacheMeterBinderProviderConfiguration:
      Did not match:
         - @ConditionalOnClass did not find required class 'org.springframework.data.redis.cache.RedisCache' (OnClassCondition)

   CacheMetricsAutoConfiguration:
      Did not match:
         - @ConditionalOnBean (types: org.springframework.cache.CacheManager; SearchStrategy: all) did not find any beans of type org.springframework.cache.CacheManager (OnBeanCondition)

   CachesEndpointAutoConfiguration:
      Did not match:
         - @ConditionalOnAvailableEndpoint no 'management.endpoints' property marked it as exposed (OnAvailableEndpointCondition)
      Matched:
         - @ConditionalOnClass found required class 'org.springframework.cache.CacheManager' (OnClassCondition)

   CaffeineCacheConfiguration:
      Did not match:
         - @ConditionalOnClass did not find required class 'com.github.benmanes.caffeine.cache.Caffeine' (OnClassCondition)

   CassandraAutoConfiguration:
      Did not match:
         - @ConditionalOnClass did not find required class 'com.datastax.oss.driver.api.core.CqlSession' (OnClassCondition)

   CassandraDataAutoConfiguration:
      Did not match:
         - @ConditionalOnClass did not find required class 'com.datastax.oss.driver.api.core.CqlSession' (OnClassCondition)

   CassandraHealthContributorAutoConfiguration:
      Did not match:
         - @ConditionalOnClass did not find required class 'com.datastax.oss.driver.api.core.CqlSession' (OnClassCondition)

   CassandraReactiveDataAutoConfiguration:
      Did not match:
         - @ConditionalOnClass did not find required class 'com.datastax.oss.driver.api.core.CqlSession' (OnClassCondition)

   CassandraReactiveHealthContributorAutoConfiguration:
      Did not match:
         - @ConditionalOnClass did not find required class 'com.datastax.oss.driver.api.core.CqlSession' (OnClassCondition)

   CassandraReactiveRepositoriesAutoConfiguration:
      Did not match:
         - @ConditionalOnClass did not find required class 'org.springframework.data.cassandra.ReactiveSession' (OnClassCondition)

   CassandraRepositoriesAutoConfiguration:
      Did not match:
         - @ConditionalOnClass did not find required class 'com.datastax.oss.driver.api.core.CqlSession' (OnClassCondition)

   ClientHttpConnectorAutoConfiguration:
      Did not match:
         - @ConditionalOnClass did not find required class 'org.springframework.web.reactive.function.client.WebClient' (OnClassCondition)

   CloudFoundryActuatorAutoConfiguration:
      Did not match:
         - @ConditionalOnCloudPlatform did not find CLOUD_FOUNDRY (OnCloudPlatformCondition)
      Matched:
         - @ConditionalOnClass found required class 'org.springframework.web.servlet.DispatcherServlet' (OnClassCondition)
         - found 'session' scope (OnWebApplicationCondition)
         - @ConditionalOnProperty (management.cloudfoundry.enabled) matched (OnPropertyCondition)

   CodecsAutoConfiguration:
      Did not match:
         - @ConditionalOnClass did not find required class 'org.springframework.web.reactive.function.client.WebClient' (OnClassCondition)

   CompositeMeterRegistryConfiguration:
      Did not match:
         - NoneNestedConditions 1 matched 1 did not; NestedCondition on CompositeMeterRegistryConfiguration.MultipleNonPrimaryMeterRegistriesCondition.SingleInjectableMeterRegistry @ConditionalOnSingleCandidate (types: io.micrometer.core.instrument.MeterRegistry; SearchStrategy: all) found a single bean 'simpleMeterRegistry'; NestedCondition on CompositeMeterRegistryConfiguration.MultipleNonPrimaryMeterRegistriesCondition.NoMeterRegistryCondition @ConditionalOnMissingBean (types: io.micrometer.core.instrument.MeterRegistry; SearchStrategy: all) found beans of type 'io.micrometer.core.instrument.MeterRegistry' simpleMeterRegistry (CompositeMeterRegistryConfiguration.MultipleNonPrimaryMeterRegistriesCondition)

   ConditionsReportEndpointAutoConfiguration:
      Did not match:
         - @ConditionalOnAvailableEndpoint no 'management.endpoints' property marked it as exposed (OnAvailableEndpointCondition)

   ConfigurationPropertiesReportEndpointAutoConfiguration:
      Did not match:
         - @ConditionalOnAvailableEndpoint no 'management.endpoints' property marked it as exposed (OnAvailableEndpointCondition)

   ConnectionFactoryHealthContributorAutoConfiguration:
      Did not match:
         - @ConditionalOnClass did not find required class 'io.r2dbc.spi.ConnectionFactory' (OnClassCondition)

   ConnectionPoolMetricsAutoConfiguration:
      Did not match:
         - @ConditionalOnClass did not find required class 'io.r2dbc.pool.ConnectionPool' (OnClassCondition)

   CouchbaseAutoConfiguration:
      Did not match:
         - @ConditionalOnClass did not find required class 'com.couchbase.client.java.Cluster' (OnClassCondition)

   CouchbaseCacheConfiguration:
      Did not match:
         - @ConditionalOnClass did not find required class 'com.couchbase.client.java.Cluster' (OnClassCondition)

   CouchbaseDataAutoConfiguration:
      Did not match:
         - @ConditionalOnClass did not find required class 'com.couchbase.client.java.Bucket' (OnClassCondition)

   CouchbaseHealthContributorAutoConfiguration:
      Did not match:
         - @ConditionalOnClass did not find required class 'com.couchbase.client.java.Cluster' (OnClassCondition)

   CouchbaseReactiveDataAutoConfiguration:
      Did not match:
         - @ConditionalOnClass did not find required class 'com.couchbase.client.java.Cluster' (OnClassCondition)

   CouchbaseReactiveHealthContributorAutoConfiguration:
      Did not match:
         - @ConditionalOnClass did not find required class 'com.couchbase.client.java.Cluster' (OnClassCondition)

   CouchbaseReactiveRepositoriesAutoConfiguration:
      Did not match:
         - @ConditionalOnClass did not find required class 'com.couchbase.client.java.Cluster' (OnClassCondition)

   CouchbaseRepositoriesAutoConfiguration:
      Did not match:
         - @ConditionalOnClass did not find required class 'com.couchbase.client.java.Bucket' (OnClassCondition)

   DataSourceAutoConfiguration:
      Did not match:
         - @ConditionalOnClass did not find required class 'org.springframework.jdbc.datasource.embedded.EmbeddedDatabaseType' (OnClassCondition)

   DataSourceHealthContributorAutoConfiguration:
      Did not match:
         - @ConditionalOnClass did not find required class 'org.springframework.jdbc.core.JdbcTemplate' (OnClassCondition)

   DataSourceInitializationConfiguration:
      Did not match:
         - @ConditionalOnClass did not find required class 'org.springframework.jdbc.datasource.init.DatabasePopulator' (OnClassCondition)

   DataSourcePoolMetricsAutoConfiguration:
      Did not match:
         - @ConditionalOnBean (types: javax.sql.DataSource,io.micrometer.core.instrument.MeterRegistry; SearchStrategy: all) did not find any beans of type javax.sql.DataSource (OnBeanCondition)
      Matched:
         - @ConditionalOnClass found required classes 'javax.sql.DataSource', 'io.micrometer.core.instrument.MeterRegistry' (OnClassCondition)

   DataSourcePoolMetricsAutoConfiguration.HikariDataSourceMetricsConfiguration:
      Did not match:
         - @ConditionalOnClass did not find required class 'com.zaxxer.hikari.HikariDataSource' (OnClassCondition)
         - Ancestor org.springframework.boot.actuate.autoconfigure.metrics.jdbc.DataSourcePoolMetricsAutoConfiguration did not match (ConditionEvaluationReport.AncestorsMatchedCondition)

   DataSourceTransactionManagerAutoConfiguration:
      Did not match:
         - @ConditionalOnClass did not find required class 'org.springframework.jdbc.core.JdbcTemplate' (OnClassCondition)

   DatadogMetricsExportAutoConfiguration:
      Did not match:
         - @ConditionalOnClass did not find required class 'io.micrometer.datadog.DatadogMeterRegistry' (OnClassCondition)

   DevToolsDataSourceAutoConfiguration:
      Did not match:
         - Devtools devtools is disabled for current context. (OnEnabledDevToolsCondition)

   DevToolsR2dbcAutoConfiguration:
      Did not match:
         - @ConditionalOnClass did not find required class 'io.r2dbc.spi.ConnectionFactory' (OnClassCondition)

   DispatcherServletAutoConfiguration.DispatcherServletConfiguration#multipartResolver:
      Did not match:
         - @ConditionalOnBean (types: org.springframework.web.multipart.MultipartResolver; SearchStrategy: all) did not find any beans of type org.springframework.web.multipart.MultipartResolver (OnBeanCondition)

   DynatraceMetricsExportAutoConfiguration:
      Did not match:
         - @ConditionalOnClass did not find required class 'io.micrometer.dynatrace.DynatraceMeterRegistry' (OnClassCondition)

   ElasticMetricsExportAutoConfiguration:
      Did not match:
         - @ConditionalOnClass did not find required class 'io.micrometer.elastic.ElasticMeterRegistry' (OnClassCondition)

   ElasticsearchClientAutoConfiguration:
      Did not match:
         - @ConditionalOnClass did not find required class 'co.elastic.clients.elasticsearch.ElasticsearchClient' (OnClassCondition)

   ElasticsearchDataAutoConfiguration:
      Did not match:
         - @ConditionalOnClass did not find required class 'org.springframework.data.elasticsearch.client.elc.ElasticsearchTemplate' (OnClassCondition)

   ElasticsearchReactiveHealthContributorAutoConfiguration:
      Did not match:
         - @ConditionalOnClass did not find required class 'reactor.core.publisher.Flux' (OnClassCondition)

   ElasticsearchRepositoriesAutoConfiguration:
      Did not match:
         - @ConditionalOnClass did not find required class 'org.springframework.data.elasticsearch.repository.ElasticsearchRepository' (OnClassCondition)

   ElasticsearchRestClientAutoConfiguration:
      Did not match:
         - @ConditionalOnClass did not find required class 'org.elasticsearch.client.RestClientBuilder' (OnClassCondition)

   ElasticsearchRestHealthContributorAutoConfiguration:
      Did not match:
         - @ConditionalOnClass did not find required class 'org.elasticsearch.client.RestClient' (OnClassCondition)

   EmbeddedLdapAutoConfiguration:
      Did not match:
         - @ConditionalOnClass did not find required class 'com.unboundid.ldap.listener.InMemoryDirectoryServer' (OnClassCondition)

   EmbeddedWebServerFactoryCustomizerAutoConfiguration:
      Did not match:
         - Application is deployed as a WAR file. (OnWarDeploymentCondition)
      Matched:
         - @ConditionalOnWebApplication (required) found 'session' scope (OnWebApplicationCondition)

   EnvironmentEndpointAutoConfiguration:
      Did not match:
         - @ConditionalOnAvailableEndpoint no 'management.endpoints' property marked it as exposed (OnAvailableEndpointCondition)

   ErrorWebFluxAutoConfiguration:
      Did not match:
         - @ConditionalOnClass did not find required class 'org.springframework.web.reactive.config.WebFluxConfigurer' (OnClassCondition)

   FlywayAutoConfiguration:
      Did not match:
         - @ConditionalOnClass did not find required class 'org.flywaydb.core.Flyway' (OnClassCondition)

   FlywayEndpointAutoConfiguration:
      Did not match:
         - @ConditionalOnClass did not find required class 'org.flywaydb.core.Flyway' (OnClassCondition)

   FreeMarkerAutoConfiguration:
      Did not match:
         - @ConditionalOnClass did not find required class 'freemarker.template.Configuration' (OnClassCondition)

   GangliaMetricsExportAutoConfiguration:
      Did not match:
         - @ConditionalOnClass did not find required class 'io.micrometer.ganglia.GangliaMeterRegistry' (OnClassCondition)

   GraphQlAutoConfiguration:
      Did not match:
         - @ConditionalOnClass did not find required class 'graphql.GraphQL' (OnClassCondition)

   GraphQlObservationAutoConfiguration:
      Did not match:
         - @ConditionalOnClass did not find required class 'graphql.GraphQL' (OnClassCondition)

   GraphQlQueryByExampleAutoConfiguration:
      Did not match:
         - @ConditionalOnClass did not find required class 'graphql.GraphQL' (OnClassCondition)

   GraphQlQuerydslAutoConfiguration:
      Did not match:
         - @ConditionalOnClass did not find required class 'graphql.GraphQL' (OnClassCondition)

   GraphQlRSocketAutoConfiguration:
      Did not match:
         - @ConditionalOnClass did not find required class 'graphql.GraphQL' (OnClassCondition)

   GraphQlReactiveQueryByExampleAutoConfiguration:
      Did not match:
         - @ConditionalOnClass did not find required class 'graphql.GraphQL' (OnClassCondition)

   GraphQlReactiveQuerydslAutoConfiguration:
      Did not match:
         - @ConditionalOnClass did not find required class 'graphql.GraphQL' (OnClassCondition)

   GraphQlWebFluxAutoConfiguration:
      Did not match:
         - @ConditionalOnClass did not find required class 'graphql.GraphQL' (OnClassCondition)

   GraphQlWebFluxSecurityAutoConfiguration:
      Did not match:
         - @ConditionalOnClass did not find required class 'graphql.GraphQL' (OnClassCondition)

   GraphQlWebMvcAutoConfiguration:
      Did not match:
         - @ConditionalOnClass did not find required class 'graphql.GraphQL' (OnClassCondition)

   GraphQlWebMvcSecurityAutoConfiguration:
      Did not match:
         - @ConditionalOnClass did not find required class 'graphql.GraphQL' (OnClassCondition)

   GraphiteMetricsExportAutoConfiguration:
      Did not match:
         - @ConditionalOnClass did not find required class 'io.micrometer.graphite.GraphiteMeterRegistry' (OnClassCondition)

   GroovyTemplateAutoConfiguration:
      Did not match:
         - @ConditionalOnClass did not find required class 'groovy.text.markup.MarkupTemplateEngine' (OnClassCondition)

   GsonAutoConfiguration:
      Did not match:
         - @ConditionalOnClass did not find required class 'com.google.gson.Gson' (OnClassCondition)

   GsonHttpMessageConvertersConfiguration:
      Did not match:
         - @ConditionalOnClass did not find required class 'com.google.gson.Gson' (OnClassCondition)

   H2ConsoleAutoConfiguration:
      Did not match:
         - @ConditionalOnClass did not find required class 'org.h2.server.web.JakartaWebServlet' (OnClassCondition)

   HazelcastAutoConfiguration:
      Did not match:
         - @ConditionalOnClass did not find required class 'com.hazelcast.core.HazelcastInstance' (OnClassCondition)

   HazelcastCacheConfiguration:
      Did not match:
         - @ConditionalOnClass did not find required class 'com.hazelcast.core.HazelcastInstance' (OnClassCondition)

   HazelcastHealthContributorAutoConfiguration:
      Did not match:
         - @ConditionalOnClass did not find required class 'com.hazelcast.core.HazelcastInstance' (OnClassCondition)

   HazelcastJpaDependencyAutoConfiguration:
      Did not match:
         - @ConditionalOnClass did not find required class 'com.hazelcast.core.HazelcastInstance' (OnClassCondition)

   HealthEndpointReactiveWebExtensionConfiguration:
      Did not match:
         - did not find reactive web application classes (OnWebApplicationCondition)

   HealthEndpointWebExtensionConfiguration.JerseyAdditionalHealthEndpointPathsConfiguration:
      Did not match:
         - @ConditionalOnClass did not find required class 'org.glassfish.jersey.server.ResourceConfig' (OnClassCondition)

   HeapDumpWebEndpointAutoConfiguration:
      Did not match:
         - @ConditionalOnAvailableEndpoint no 'management.endpoints' property marked it as exposed (OnAvailableEndpointCondition)

   HibernateJpaAutoConfiguration:
      Did not match:
         - @ConditionalOnClass did not find required class 'jakarta.persistence.EntityManager' (OnClassCondition)

   HibernateMetricsAutoConfiguration:
      Did not match:
         - @ConditionalOnClass did not find required class 'jakarta.persistence.EntityManagerFactory' (OnClassCondition)

   HttpExchangesAutoConfiguration:
      Did not match:
         - @ConditionalOnBean (types: org.springframework.boot.actuate.web.exchanges.HttpExchangeRepository; SearchStrategy: all) did not find any beans of type org.springframework.boot.actuate.web.exchanges.HttpExchangeRepository (OnBeanCondition)
      Matched:
         - @ConditionalOnWebApplication (required) found 'session' scope (OnWebApplicationCondition)
         - @ConditionalOnProperty (management.httpexchanges.recording.enabled) matched (OnPropertyCondition)

   HttpExchangesAutoConfiguration.ReactiveHttpExchangesConfiguration:
      Did not match:
         - did not find reactive web application classes (OnWebApplicationCondition)
         - Ancestor org.springframework.boot.actuate.autoconfigure.web.exchanges.HttpExchangesAutoConfiguration did not match (ConditionEvaluationReport.AncestorsMatchedCondition)

   HttpExchangesAutoConfiguration.ServletHttpExchangesConfiguration:
      Did not match:
         - Ancestor org.springframework.boot.actuate.autoconfigure.web.exchanges.HttpExchangesAutoConfiguration did not match (ConditionEvaluationReport.AncestorsMatchedCondition)
      Matched:
         - found 'session' scope (OnWebApplicationCondition)

   HttpExchangesEndpointAutoConfiguration:
      Did not match:
         - @ConditionalOnAvailableEndpoint no 'management.endpoints' property marked it as exposed (OnAvailableEndpointCondition)

   HttpHandlerAutoConfiguration:
      Did not match:
         - @ConditionalOnClass did not find required class 'org.springframework.web.reactive.DispatcherHandler' (OnClassCondition)

   HumioMetricsExportAutoConfiguration:
      Did not match:
         - @ConditionalOnClass did not find required class 'io.micrometer.humio.HumioMeterRegistry' (OnClassCondition)

   HypermediaAutoConfiguration:
      Did not match:
         - @ConditionalOnClass did not find required class 'org.springframework.hateoas.EntityModel' (OnClassCondition)

   InfinispanCacheConfiguration:
      Did not match:
         - @ConditionalOnClass did not find required class 'org.infinispan.spring.embedded.provider.SpringEmbeddedCacheManager' (OnClassCondition)

   InfluxDbAutoConfiguration:
      Did not match:
         - @ConditionalOnClass did not find required class 'org.influxdb.InfluxDB' (OnClassCondition)

   InfluxDbHealthContributorAutoConfiguration:
      Did not match:
         - @ConditionalOnClass did not find required class 'org.influxdb.InfluxDB' (OnClassCondition)

   InfluxMetricsExportAutoConfiguration:
      Did not match:
         - @ConditionalOnClass did not find required class 'io.micrometer.influx.InfluxMeterRegistry' (OnClassCondition)

   InfoContributorAutoConfiguration#buildInfoContributor:
      Did not match:
         - @ConditionalOnSingleCandidate (types: org.springframework.boot.info.BuildProperties; SearchStrategy: all) did not find any beans (OnBeanCondition)
      Matched:
         - @ConditionalOnEnabledInfoContributor management.info.defaults.enabled is considered true (OnEnabledInfoContributorCondition)

   InfoContributorAutoConfiguration#envInfoContributor:
      Did not match:
         - @ConditionalOnEnabledInfoContributor management.info.env.enabled is not true (OnEnabledInfoContributorCondition)

   InfoContributorAutoConfiguration#gitInfoContributor:
      Did not match:
         - @ConditionalOnSingleCandidate (types: org.springframework.boot.info.GitProperties; SearchStrategy: all) did not find any beans (OnBeanCondition)
      Matched:
         - @ConditionalOnEnabledInfoContributor management.info.defaults.enabled is considered true (OnEnabledInfoContributorCondition)

   InfoContributorAutoConfiguration#javaInfoContributor:
      Did not match:
         - @ConditionalOnEnabledInfoContributor management.info.java.enabled is not true (OnEnabledInfoContributorCondition)

   InfoContributorAutoConfiguration#osInfoContributor:
      Did not match:
         - @ConditionalOnEnabledInfoContributor management.info.os.enabled is not true (OnEnabledInfoContributorCondition)

   InfoEndpointAutoConfiguration:
      Did not match:
         - @ConditionalOnAvailableEndpoint no 'management.endpoints' property marked it as exposed (OnAvailableEndpointCondition)

   IntegrationAutoConfiguration:
      Did not match:
         - @ConditionalOnClass did not find required class 'org.springframework.integration.config.EnableIntegration' (OnClassCondition)

   IntegrationGraphEndpointAutoConfiguration:
      Did not match:
         - @ConditionalOnClass did not find required class 'org.springframework.integration.graph.IntegrationGraphServer' (OnClassCondition)

   JCacheCacheConfiguration:
      Did not match:
         - @ConditionalOnClass did not find required class 'javax.cache.Caching' (OnClassCondition)

   JacksonHttpMessageConvertersConfiguration.MappingJackson2XmlHttpMessageConverterConfiguration:
      Did not match:
         - @ConditionalOnClass did not find required class 'com.fasterxml.jackson.dataformat.xml.XmlMapper' (OnClassCondition)

   JdbcRepositoriesAutoConfiguration:
      Did not match:
         - @ConditionalOnClass did not find required class 'org.springframework.data.jdbc.repository.config.AbstractJdbcConfiguration' (OnClassCondition)

   JdbcTemplateAutoConfiguration:
      Did not match:
         - @ConditionalOnClass did not find required class 'org.springframework.jdbc.core.JdbcTemplate' (OnClassCondition)

   JerseyAutoConfiguration:
      Did not match:
         - @ConditionalOnClass did not find required class 'org.glassfish.jersey.server.spring.SpringComponentProvider' (OnClassCondition)

   JerseySameManagementContextConfiguration:
      Did not match:
         - @ConditionalOnClass did not find required class 'org.glassfish.jersey.server.ResourceConfig' (OnClassCondition)

   JerseyServerMetricsAutoConfiguration:
      Did not match:
         - @ConditionalOnClass did not find required class 'io.micrometer.core.instrument.binder.jersey.server.MetricsApplicationEventListener' (OnClassCondition)

   JerseyWebEndpointManagementContextConfiguration:
      Did not match:
         - @ConditionalOnClass did not find required class 'org.glassfish.jersey.server.ResourceConfig' (OnClassCondition)

   JettyMetricsAutoConfiguration:
      Did not match:
         - @ConditionalOnClass did not find required class 'org.eclipse.jetty.server.Server' (OnClassCondition)

   JmsAutoConfiguration:
      Did not match:
         - @ConditionalOnClass did not find required class 'jakarta.jms.Message' (OnClassCondition)

   JmsHealthContributorAutoConfiguration:
      Did not match:
         - @ConditionalOnClass did not find required class 'jakarta.jms.ConnectionFactory' (OnClassCondition)

   JmxAutoConfiguration:
      Did not match:
         - @ConditionalOnProperty (spring.jmx.enabled=true) found different value in property 'enabled' (OnPropertyCondition)
      Matched:
         - @ConditionalOnClass found required class 'org.springframework.jmx.export.MBeanExporter' (OnClassCondition)

   JmxEndpointAutoConfiguration:
      Did not match:
         - @ConditionalOnProperty (spring.jmx.enabled=true) found different value in property 'enabled' (OnPropertyCondition)

   JmxMetricsExportAutoConfiguration:
      Did not match:
         - @ConditionalOnClass did not find required class 'io.micrometer.jmx.JmxMeterRegistry' (OnClassCondition)

   JndiConnectionFactoryAutoConfiguration:
      Did not match:
         - @ConditionalOnClass did not find required class 'org.springframework.jms.core.JmsTemplate' (OnClassCondition)

   JndiDataSourceAutoConfiguration:
      Did not match:
         - @ConditionalOnClass did not find required class 'org.springframework.jdbc.datasource.embedded.EmbeddedDatabaseType' (OnClassCondition)

   JooqAutoConfiguration:
      Did not match:
         - @ConditionalOnClass did not find required class 'org.jooq.DSLContext' (OnClassCondition)

   JpaRepositoriesAutoConfiguration:
      Did not match:
         - @ConditionalOnClass did not find required class 'org.springframework.data.jpa.repository.JpaRepository' (OnClassCondition)

   JsonbAutoConfiguration:
      Did not match:
         - @ConditionalOnClass did not find required class 'jakarta.json.bind.Jsonb' (OnClassCondition)

   JsonbHttpMessageConvertersConfiguration:
      Did not match:
         - @ConditionalOnClass did not find required class 'jakarta.json.bind.Jsonb' (OnClassCondition)

   JtaAutoConfiguration:
      Did not match:
         - @ConditionalOnClass did not find required class 'jakarta.transaction.Transaction' (OnClassCondition)

   KafkaAutoConfiguration:
      Did not match:
         - @ConditionalOnClass did not find required class 'org.springframework.kafka.core.KafkaTemplate' (OnClassCondition)

   KafkaMetricsAutoConfiguration:
      Did not match:
         - @ConditionalOnClass did not find required class 'org.springframework.kafka.core.ProducerFactory' (OnClassCondition)

   KairosMetricsExportAutoConfiguration:
      Did not match:
         - @ConditionalOnClass did not find required class 'io.micrometer.kairos.KairosMeterRegistry' (OnClassCondition)

   LdapAutoConfiguration:
      Did not match:
         - @ConditionalOnClass did not find required class 'org.springframework.ldap.core.ContextSource' (OnClassCondition)

   LdapHealthContributorAutoConfiguration:
      Did not match:
         - @ConditionalOnClass did not find required class 'org.springframework.ldap.core.LdapOperations' (OnClassCondition)

   LdapRepositoriesAutoConfiguration:
      Did not match:
         - @ConditionalOnClass did not find required class 'org.springframework.data.ldap.repository.LdapRepository' (OnClassCondition)

   LettuceMetricsAutoConfiguration:
      Did not match:
         - @ConditionalOnClass did not find required class 'io.lettuce.core.metrics.MicrometerCommandLatencyRecorder' (OnClassCondition)

   LiquibaseAutoConfiguration:
      Did not match:
         - @ConditionalOnClass did not find required class 'liquibase.change.DatabaseChange' (OnClassCondition)

   LiquibaseEndpointAutoConfiguration:
      Did not match:
         - @ConditionalOnClass did not find required class 'liquibase.integration.spring.SpringLiquibase' (OnClassCondition)

   LocalDevToolsAutoConfiguration:
      Did not match:
         - Initialized Restarter Condition initialized without URLs (OnInitializedRestarterCondition)

   Log4J2MetricsAutoConfiguration:
      Did not match:
         - @ConditionalOnClass did not find required class 'org.apache.logging.log4j.core.LoggerContext' (OnClassCondition)

   LogFileWebEndpointAutoConfiguration:
      Did not match:
         - @ConditionalOnAvailableEndpoint no 'management.endpoints' property marked it as exposed (OnAvailableEndpointCondition)

   LoggersEndpointAutoConfiguration:
      Did not match:
         - @ConditionalOnAvailableEndpoint no 'management.endpoints' property marked it as exposed (OnAvailableEndpointCondition)

   MailHealthContributorAutoConfiguration:
      Did not match:
         - @ConditionalOnClass did not find required class 'org.springframework.mail.javamail.JavaMailSenderImpl' (OnClassCondition)

   MailSenderAutoConfiguration:
      Did not match:
         - @ConditionalOnClass did not find required class 'jakarta.mail.internet.MimeMessage' (OnClassCondition)

   MailSenderValidatorAutoConfiguration:
      Did not match:
         - @ConditionalOnSingleCandidate did not find required type 'org.springframework.mail.javamail.JavaMailSenderImpl' (OnBeanCondition)

   ManagementContextAutoConfiguration.DifferentManagementContextConfiguration:
      Did not match:
         - Management Port actual port type (SAME) did not match required type (DIFFERENT) (OnManagementPortCondition)

   ManagementWebSecurityAutoConfiguration:
      Did not match:
         - AllNestedConditions 1 matched 1 did not; NestedCondition on DefaultWebSecurityCondition.Beans @ConditionalOnMissingBean (types: org.springframework.security.web.SecurityFilterChain; SearchStrategy: all) did not find any beans; NestedCondition on DefaultWebSecurityCondition.Classes @ConditionalOnClass did not find required classes 'org.springframework.security.web.SecurityFilterChain', 'org.springframework.security.config.annotation.web.builders.HttpSecurity' (DefaultWebSecurityCondition)
      Matched:
         - found 'session' scope (OnWebApplicationCondition)

   MappingsEndpointAutoConfiguration:
      Did not match:
         - @ConditionalOnAvailableEndpoint no 'management.endpoints' property marked it as exposed (OnAvailableEndpointCondition)

   MessageSourceAutoConfiguration:
      Did not match:
         - ResourceBundle did not find bundle with basename messages (MessageSourceAutoConfiguration.ResourceBundleCondition)

   MetricsEndpointAutoConfiguration:
      Did not match:
         - @ConditionalOnAvailableEndpoint no 'management.endpoints' property marked it as exposed (OnAvailableEndpointCondition)
      Matched:
         - @ConditionalOnClass found required class 'io.micrometer.core.annotation.Timed' (OnClassCondition)

   MicrometerTracingAutoConfiguration:
      Did not match:
         - @ConditionalOnClass did not find required class 'io.micrometer.tracing.Tracer' (OnClassCondition)

   MongoAutoConfiguration:
      Did not match:
         - @ConditionalOnClass did not find required class 'com.mongodb.client.MongoClient' (OnClassCondition)

   MongoDataAutoConfiguration:
      Did not match:
         - @ConditionalOnClass did not find required class 'com.mongodb.client.MongoClient' (OnClassCondition)

   MongoHealthContributorAutoConfiguration:
      Did not match:
         - @ConditionalOnClass did not find required class 'org.springframework.data.mongodb.core.MongoTemplate' (OnClassCondition)

   MongoMetricsAutoConfiguration:
      Did not match:
         - @ConditionalOnClass did not find required class 'com.mongodb.MongoClientSettings' (OnClassCondition)

   MongoReactiveAutoConfiguration:
      Did not match:
         - @ConditionalOnClass did not find required class 'com.mongodb.reactivestreams.client.MongoClient' (OnClassCondition)

   MongoReactiveDataAutoConfiguration:
      Did not match:
         - @ConditionalOnClass did not find required class 'com.mongodb.reactivestreams.client.MongoClient' (OnClassCondition)

   MongoReactiveHealthContributorAutoConfiguration:
      Did not match:
         - @ConditionalOnClass did not find required class 'reactor.core.publisher.Flux' (OnClassCondition)

   MongoReactiveRepositoriesAutoConfiguration:
      Did not match:
         - @ConditionalOnClass did not find required class 'com.mongodb.reactivestreams.client.MongoClient' (OnClassCondition)

   MongoRepositoriesAutoConfiguration:
      Did not match:
         - @ConditionalOnClass did not find required class 'com.mongodb.client.MongoClient' (OnClassCondition)

   MustacheAutoConfiguration:
      Did not match:
         - @ConditionalOnClass did not find required class 'com.samskivert.mustache.Mustache' (OnClassCondition)

   Neo4jAutoConfiguration:
      Did not match:
         - @ConditionalOnClass did not find required class 'org.neo4j.driver.Driver' (OnClassCondition)

   Neo4jDataAutoConfiguration:
      Did not match:
         - @ConditionalOnClass did not find required class 'org.neo4j.driver.Driver' (OnClassCondition)

   Neo4jHealthContributorAutoConfiguration:
      Did not match:
         - @ConditionalOnClass did not find required class 'org.neo4j.driver.Driver' (OnClassCondition)

   Neo4jReactiveDataAutoConfiguration:
      Did not match:
         - @ConditionalOnClass did not find required class 'org.neo4j.driver.Driver' (OnClassCondition)

   Neo4jReactiveRepositoriesAutoConfiguration:
      Did not match:
         - @ConditionalOnClass did not find required class 'org.neo4j.driver.Driver' (OnClassCondition)

   Neo4jRepositoriesAutoConfiguration:
      Did not match:
         - @ConditionalOnClass did not find required class 'org.neo4j.driver.Driver' (OnClassCondition)

   NettyAutoConfiguration:
      Did not match:
         - @ConditionalOnClass did not find required class 'io.netty.util.NettyRuntime' (OnClassCondition)

   NewRelicMetricsExportAutoConfiguration:
      Did not match:
         - @ConditionalOnClass did not find required class 'io.micrometer.newrelic.NewRelicMeterRegistry' (OnClassCondition)

   NoOpMeterRegistryConfiguration:
      Did not match:
         - @ConditionalOnMissingBean (types: io.micrometer.core.instrument.MeterRegistry; SearchStrategy: all) found beans of type 'io.micrometer.core.instrument.MeterRegistry' simpleMeterRegistry (OnBeanCondition)

   OAuth2AuthorizationServerAutoConfiguration:
      Did not match:
         - @ConditionalOnClass did not find required class 'org.springframework.security.oauth2.server.authorization.OAuth2Authorization' (OnClassCondition)

   OAuth2AuthorizationServerJwtAutoConfiguration:
      Did not match:
         - @ConditionalOnClass did not find required class 'org.springframework.security.oauth2.server.authorization.OAuth2Authorization' (OnClassCondition)

   OAuth2ClientAutoConfiguration:
      Did not match:
         - @ConditionalOnClass did not find required class 'org.springframework.security.config.annotation.web.configuration.EnableWebSecurity' (OnClassCondition)

   OAuth2ResourceServerAutoConfiguration:
      Did not match:
         - @ConditionalOnClass did not find required class 'org.springframework.security.oauth2.server.resource.authentication.BearerTokenAuthenticationToken' (OnClassCondition)

   ObservationAutoConfiguration.MeterObservationHandlerConfiguration.TracingAndMetricsObservationHandlerConfiguration:
      Did not match:
         - @ConditionalOnBean did not find required type 'io.micrometer.tracing.Tracer' (OnBeanCondition)
         - @ConditionalOnBean (types: io.micrometer.tracing.Tracer; SearchStrategy: all) did not find any beans of type io.micrometer.tracing.Tracer (OnBeanCondition)

   ObservationAutoConfiguration.MetricsWithTracingConfiguration:
      Did not match:
         - @ConditionalOnClass did not find required class 'io.micrometer.tracing.Tracer' (OnClassCondition)

   ObservationAutoConfiguration.OnlyTracingConfiguration:
      Did not match:
         - @ConditionalOnClass did not find required class 'io.micrometer.tracing.Tracer' (OnClassCondition)

   OpenTelemetryAutoConfiguration:
      Did not match:
         - @ConditionalOnClass did not find required class 'io.micrometer.tracing.otel.bridge.OtelTracer' (OnClassCondition)

   OtlpAutoConfiguration:
      Did not match:
         - @ConditionalOnClass did not find required class 'io.micrometer.tracing.otel.bridge.OtelTracer' (OnClassCondition)

   OtlpMetricsExportAutoConfiguration:
      Did not match:
         - @ConditionalOnClass did not find required class 'io.micrometer.registry.otlp.OtlpMeterRegistry' (OnClassCondition)

   PersistenceExceptionTranslationAutoConfiguration:
      Did not match:
         - @ConditionalOnClass did not find required class 'org.springframework.dao.annotation.PersistenceExceptionTranslationPostProcessor' (OnClassCondition)

   ProjectInfoAutoConfiguration#buildProperties:
      Did not match:
         - @ConditionalOnResource did not find resource '${spring.info.build.location:classpath:META-INF/build-info.properties}' (OnResourceCondition)

   ProjectInfoAutoConfiguration#gitProperties:
      Did not match:
         - GitResource did not find git info at classpath:git.properties (ProjectInfoAutoConfiguration.GitResourceAvailableCondition)

   PrometheusExemplarsAutoConfiguration:
      Did not match:
         - @ConditionalOnClass did not find required class 'io.micrometer.tracing.Tracer' (OnClassCondition)

   PrometheusMetricsExportAutoConfiguration:
      Did not match:
         - @ConditionalOnClass did not find required class 'io.micrometer.prometheus.PrometheusMeterRegistry' (OnClassCondition)

   QuartzAutoConfiguration:
      Did not match:
         - @ConditionalOnClass did not find required class 'org.quartz.Scheduler' (OnClassCondition)

   QuartzEndpointAutoConfiguration:
      Did not match:
         - @ConditionalOnClass did not find required class 'org.quartz.Scheduler' (OnClassCondition)

   R2dbcAutoConfiguration:
      Did not match:
         - @ConditionalOnClass did not find required class 'io.r2dbc.spi.ConnectionFactory' (OnClassCondition)

   R2dbcDataAutoConfiguration:
      Did not match:
         - @ConditionalOnClass did not find required class 'org.springframework.data.r2dbc.core.R2dbcEntityTemplate' (OnClassCondition)

   R2dbcInitializationConfiguration:
      Did not match:
         - @ConditionalOnClass did not find required classes 'io.r2dbc.spi.ConnectionFactory', 'org.springframework.r2dbc.connection.init.DatabasePopulator' (OnClassCondition)

   R2dbcRepositoriesAutoConfiguration:
      Did not match:
         - @ConditionalOnClass did not find required class 'io.r2dbc.spi.ConnectionFactory' (OnClassCondition)

   R2dbcTransactionManagerAutoConfiguration:
      Did not match:
         - @ConditionalOnClass did not find required class 'org.springframework.r2dbc.connection.R2dbcTransactionManager' (OnClassCondition)

   RSocketGraphQlClientAutoConfiguration:
      Did not match:
         - @ConditionalOnClass did not find required class 'graphql.GraphQL' (OnClassCondition)

   RSocketMessagingAutoConfiguration:
      Did not match:
         - @ConditionalOnClass did not find required class 'io.rsocket.RSocket' (OnClassCondition)

   RSocketRequesterAutoConfiguration:
      Did not match:
         - @ConditionalOnClass did not find required class 'io.rsocket.RSocket' (OnClassCondition)

   RSocketSecurityAutoConfiguration:
      Did not match:
         - @ConditionalOnClass did not find required class 'org.springframework.security.rsocket.core.SecuritySocketAcceptorInterceptor' (OnClassCondition)

   RSocketServerAutoConfiguration:
      Did not match:
         - @ConditionalOnClass did not find required class 'io.rsocket.core.RSocketServer' (OnClassCondition)

   RSocketStrategiesAutoConfiguration:
      Did not match:
         - @ConditionalOnClass did not find required class 'io.netty.buffer.PooledByteBufAllocator' (OnClassCondition)

   RabbitAutoConfiguration:
      Did not match:
         - @ConditionalOnClass did not find required class 'com.rabbitmq.client.Channel' (OnClassCondition)

   RabbitHealthContributorAutoConfiguration:
      Did not match:
         - @ConditionalOnClass did not find required class 'org.springframework.amqp.rabbit.core.RabbitTemplate' (OnClassCondition)

   RabbitMetricsAutoConfiguration:
      Did not match:
         - @ConditionalOnClass did not find required class 'com.rabbitmq.client.ConnectionFactory' (OnClassCondition)

   ReactiveCloudFoundryActuatorAutoConfiguration:
      Did not match:
         - @ConditionalOnWebApplication did not find reactive web application classes (OnWebApplicationCondition)

   ReactiveElasticsearchClientAutoConfiguration:
      Did not match:
         - @ConditionalOnClass did not find required class 'co.elastic.clients.transport.ElasticsearchTransport' (OnClassCondition)

   ReactiveElasticsearchRepositoriesAutoConfiguration:
      Did not match:
         - @ConditionalOnClass did not find required class 'org.springframework.data.elasticsearch.client.elc.ReactiveElasticsearchClient' (OnClassCondition)

   ReactiveHealthEndpointConfiguration:
      Did not match:
         - @ConditionalOnClass did not find required class 'reactor.core.publisher.Flux' (OnClassCondition)

   ReactiveManagementContextAutoConfiguration:
      Did not match:
         - @ConditionalOnClass did not find required class 'reactor.core.publisher.Flux' (OnClassCondition)

   ReactiveManagementWebSecurityAutoConfiguration:
      Did not match:
         - @ConditionalOnClass did not find required class 'org.springframework.security.config.annotation.web.reactive.EnableWebFluxSecurity' (OnClassCondition)

   ReactiveMultipartAutoConfiguration:
      Did not match:
         - @ConditionalOnClass did not find required class 'org.springframework.web.reactive.config.WebFluxConfigurer' (OnClassCondition)

   ReactiveOAuth2ClientAutoConfiguration:
      Did not match:
         - @ConditionalOnClass did not find required class 'reactor.core.publisher.Flux' (OnClassCondition)

   ReactiveOAuth2ResourceServerAutoConfiguration:
      Did not match:
         - @ConditionalOnClass did not find required class 'org.springframework.security.config.annotation.web.reactive.EnableWebFluxSecurity' (OnClassCondition)

   ReactiveSecurityAutoConfiguration:
      Did not match:
         - @ConditionalOnClass did not find required class 'reactor.core.publisher.Flux' (OnClassCondition)

   ReactiveUserDetailsServiceAutoConfiguration:
      Did not match:
         - @ConditionalOnClass did not find required class 'org.springframework.security.authentication.ReactiveAuthenticationManager' (OnClassCondition)

   ReactiveWebServerFactoryAutoConfiguration:
      Did not match:
         - @ConditionalOnWebApplication did not find reactive web application classes (OnWebApplicationCondition)

   RedisAutoConfiguration:
      Did not match:
         - @ConditionalOnClass did not find required class 'org.springframework.data.redis.core.RedisOperations' (OnClassCondition)

   RedisCacheConfiguration:
      Did not match:
         - @ConditionalOnClass did not find required class 'org.springframework.data.redis.connection.RedisConnectionFactory' (OnClassCondition)

   RedisHealthContributorAutoConfiguration:
      Did not match:
         - @ConditionalOnClass did not find required class 'org.springframework.data.redis.connection.RedisConnectionFactory' (OnClassCondition)

   RedisReactiveAutoConfiguration:
      Did not match:
         - @ConditionalOnClass did not find required class 'reactor.core.publisher.Flux' (OnClassCondition)

   RedisReactiveHealthContributorAutoConfiguration:
      Did not match:
         - @ConditionalOnClass did not find required class 'reactor.core.publisher.Flux' (OnClassCondition)

   RedisRepositoriesAutoConfiguration:
      Did not match:
         - @ConditionalOnClass did not find required class 'org.springframework.data.redis.repository.configuration.EnableRedisRepositories' (OnClassCondition)

   RemoteDevToolsAutoConfiguration:
      Did not match:
         - @ConditionalOnProperty (spring.devtools.remote.secret) did not find property 'secret' (OnPropertyCondition)
      Matched:
         - @ConditionalOnClass found required classes 'jakarta.servlet.Filter', 'org.springframework.http.server.ServerHttpRequest' (OnClassCondition)

   RepositoryMetricsAutoConfiguration:
      Did not match:
         - @ConditionalOnClass did not find required class 'org.springframework.data.repository.Repository' (OnClassCondition)

   RepositoryRestMvcAutoConfiguration:
      Did not match:
         - @ConditionalOnClass did not find required class 'org.springframework.data.rest.webmvc.config.RepositoryRestMvcConfiguration' (OnClassCondition)

   Saml2RelyingPartyAutoConfiguration:
      Did not match:
         - @ConditionalOnClass did not find required class 'org.springframework.security.saml2.provider.service.registration.RelyingPartyRegistrationRepository' (OnClassCondition)

   ScheduledTasksEndpointAutoConfiguration:
      Did not match:
         - @ConditionalOnAvailableEndpoint no 'management.endpoints' property marked it as exposed (OnAvailableEndpointCondition)

   SecurityAutoConfiguration:
      Did not match:
         - @ConditionalOnClass did not find required class 'org.springframework.security.authentication.DefaultAuthenticationEventPublisher' (OnClassCondition)

   SecurityFilterAutoConfiguration:
      Did not match:
         - @ConditionalOnClass did not find required class 'org.springframework.security.config.http.SessionCreationPolicy' (OnClassCondition)

   SecurityRequestMatchersManagementContextConfiguration:
      Did not match:
         - @ConditionalOnClass did not find required class 'org.springframework.security.web.util.matcher.RequestMatcher' (OnClassCondition)

   SendGridAutoConfiguration:
      Did not match:
         - @ConditionalOnClass did not find required class 'com.sendgrid.SendGrid' (OnClassCondition)

   ServletEndpointManagementContextConfiguration.JerseyServletEndpointManagementContextConfiguration:
      Did not match:
         - @ConditionalOnClass did not find required class 'org.glassfish.jersey.server.ResourceConfig' (OnClassCondition)

   ServletManagementContextAutoConfiguration.ApplicationContextFilterConfiguration:
      Did not match:
         - @ConditionalOnProperty (management.server.add-application-context-header=true) did not find property 'add-application-context-header' (OnPropertyCondition)

   ServletWebServerFactoryAutoConfiguration.ForwardedHeaderFilterConfiguration:
      Did not match:
         - @ConditionalOnProperty (server.forward-headers-strategy=framework) did not find property 'server.forward-headers-strategy' (OnPropertyCondition)

   ServletWebServerFactoryConfiguration.EmbeddedJetty:
      Did not match:
         - @ConditionalOnClass did not find required classes 'org.eclipse.jetty.server.Server', 'org.eclipse.jetty.util.Loader', 'org.eclipse.jetty.webapp.WebAppContext' (OnClassCondition)

   ServletWebServerFactoryConfiguration.EmbeddedUndertow:
      Did not match:
         - @ConditionalOnClass did not find required classes 'io.undertow.Undertow', 'org.xnio.SslClientAuthMode' (OnClassCondition)

   SessionAutoConfiguration:
      Did not match:
         - @ConditionalOnClass did not find required class 'org.springframework.session.Session' (OnClassCondition)

   SessionsEndpointAutoConfiguration:
      Did not match:
         - @ConditionalOnClass did not find required class 'org.springframework.session.FindByIndexNameSessionRepository' (OnClassCondition)

   ShutdownEndpointAutoConfiguration:
      Did not match:
         - @ConditionalOnAvailableEndpoint no property management.endpoint.shutdown.enabled found so using endpoint default of false (OnAvailableEndpointCondition)

   SignalFxMetricsExportAutoConfiguration:
      Did not match:
         - @ConditionalOnClass did not find required class 'io.micrometer.signalfx.SignalFxMeterRegistry' (OnClassCondition)

   SpringApplicationAdminJmxAutoConfiguration:
      Did not match:
         - @ConditionalOnProperty (spring.application.admin.enabled=true) did not find property 'enabled' (OnPropertyCondition)

   SpringDataWebAutoConfiguration:
      Did not match:
         - @ConditionalOnClass did not find required class 'org.springframework.data.web.PageableHandlerMethodArgumentResolver' (OnClassCondition)

   StackdriverMetricsExportAutoConfiguration:
      Did not match:
         - @ConditionalOnClass did not find required class 'io.micrometer.stackdriver.StackdriverMeterRegistry' (OnClassCondition)

   StartupEndpointAutoConfiguration:
      Did not match:
         - ApplicationStartup configured applicationStartup is of type class org.springframework.core.metrics.DefaultApplicationStartup, expected BufferingApplicationStartup. (StartupEndpointAutoConfiguration.ApplicationStartupCondition)

   StatsdMetricsExportAutoConfiguration:
      Did not match:
         - @ConditionalOnClass did not find required class 'io.micrometer.statsd.StatsdMeterRegistry' (OnClassCondition)

   TaskSchedulingAutoConfiguration#scheduledBeanLazyInitializationExcludeFilter:
      Did not match:
         - @ConditionalOnBean (names: org.springframework.context.annotation.internalScheduledAnnotationProcessor; SearchStrategy: all) did not find any beans named org.springframework.context.annotation.internalScheduledAnnotationProcessor (OnBeanCondition)

   TaskSchedulingAutoConfiguration#taskScheduler:
      Did not match:
         - @ConditionalOnBean (names: org.springframework.context.annotation.internalScheduledAnnotationProcessor; SearchStrategy: all) did not find any beans named org.springframework.context.annotation.internalScheduledAnnotationProcessor (OnBeanCondition)

   ThreadDumpEndpointAutoConfiguration:
      Did not match:
         - @ConditionalOnAvailableEndpoint no 'management.endpoints' property marked it as exposed (OnAvailableEndpointCondition)

   ThymeleafAutoConfiguration:
      Did not match:
         - @ConditionalOnClass did not find required class 'org.thymeleaf.spring6.SpringTemplateEngine' (OnClassCondition)

   TransactionAutoConfiguration:
      Did not match:
         - @ConditionalOnClass did not find required class 'org.springframework.transaction.PlatformTransactionManager' (OnClassCondition)

   UserDetailsServiceAutoConfiguration:
      Did not match:
         - @ConditionalOnClass did not find required class 'org.springframework.security.authentication.AuthenticationManager' (OnClassCondition)

   ValidationAutoConfiguration:
      Did not match:
         - @ConditionalOnClass did not find required class 'jakarta.validation.executable.ExecutableValidator' (OnClassCondition)

   WavefrontAutoConfiguration:
      Did not match:
         - @ConditionalOnClass did not find required class 'com.wavefront.sdk.common.application.ApplicationTags' (OnClassCondition)

   WavefrontMetricsExportAutoConfiguration:
      Did not match:
         - @ConditionalOnClass did not find required class 'com.wavefront.sdk.common.WavefrontSender' (OnClassCondition)

   WavefrontTracingAutoConfiguration:
      Did not match:
         - @ConditionalOnClass did not find required class 'com.wavefront.sdk.common.WavefrontSender' (OnClassCondition)

   WebClientAutoConfiguration:
      Did not match:
         - @ConditionalOnClass did not find required class 'org.springframework.web.reactive.function.client.WebClient' (OnClassCondition)

   WebClientObservationConfiguration:
      Did not match:
         - @ConditionalOnClass did not find required class 'org.springframework.web.reactive.function.client.WebClient' (OnClassCondition)

   WebFluxAutoConfiguration:
      Did not match:
         - @ConditionalOnClass did not find required class 'org.springframework.web.reactive.config.WebFluxConfigurer' (OnClassCondition)

   WebFluxEndpointManagementContextConfiguration:
      Did not match:
         - @ConditionalOnClass did not find required class 'org.springframework.web.reactive.DispatcherHandler' (OnClassCondition)

   WebFluxObservationAutoConfiguration:
      Did not match:
         - @ConditionalOnWebApplication did not find reactive web application classes (OnWebApplicationCondition)

   WebMvcAutoConfiguration#hiddenHttpMethodFilter:
      Did not match:
         - @ConditionalOnProperty (spring.mvc.hiddenmethod.filter.enabled) did not find property 'enabled' (OnPropertyCondition)

   WebMvcAutoConfiguration.ProblemDetailsErrorHandlingConfiguration:
      Did not match:
         - @ConditionalOnProperty (spring.mvc.problemdetails.enabled=true) did not find property 'enabled' (OnPropertyCondition)

   WebMvcAutoConfiguration.ResourceChainCustomizerConfiguration:
      Did not match:
         - @ConditionalOnEnabledResourceChain did not find class org.webjars.WebJarAssetLocator (OnEnabledResourceChainCondition)

   WebMvcAutoConfiguration.WebMvcAutoConfigurationAdapter#beanNameViewResolver:
      Did not match:
         - @ConditionalOnMissingBean (types: org.springframework.web.servlet.view.BeanNameViewResolver; SearchStrategy: all) found beans of type 'org.springframework.web.servlet.view.BeanNameViewResolver' beanNameViewResolver (OnBeanCondition)

   WebMvcEndpointManagementContextConfiguration#managementHealthEndpointWebMvcHandlerMapping:
      Did not match:
         - Management Port actual port type (SAME) did not match required type (DIFFERENT) (OnManagementPortCondition)

   WebServiceTemplateAutoConfiguration:
      Did not match:
         - @ConditionalOnClass did not find required class 'org.springframework.oxm.Marshaller' (OnClassCondition)

   WebServicesAutoConfiguration:
      Did not match:
         - @ConditionalOnClass did not find required class 'org.springframework.ws.transport.http.MessageDispatcherServlet' (OnClassCondition)

   WebSessionIdResolverAutoConfiguration:
      Did not match:
         - @ConditionalOnClass did not find required class 'reactor.core.publisher.Mono' (OnClassCondition)

   WebSocketMessagingAutoConfiguration:
      Did not match:
         - @ConditionalOnClass did not find required class 'org.springframework.web.socket.config.annotation.WebSocketMessageBrokerConfigurer' (OnClassCondition)

   WebSocketReactiveAutoConfiguration:
      Did not match:
         - @ConditionalOnWebApplication did not find reactive web application classes (OnWebApplicationCondition)

   WebSocketServletAutoConfiguration.JettyWebSocketConfiguration:
      Did not match:
         - @ConditionalOnClass did not find required class 'org.eclipse.jetty.websocket.jakarta.server.config.JakartaWebSocketServletContainerInitializer' (OnClassCondition)

   WebSocketServletAutoConfiguration.UndertowWebSocketConfiguration:
      Did not match:
         - @ConditionalOnClass did not find required class 'io.undertow.websockets.jsr.Bootstrap' (OnClassCondition)

   XADataSourceAutoConfiguration:
      Did not match:
         - @ConditionalOnClass did not find required class 'jakarta.transaction.TransactionManager' (OnClassCondition)

   ZipkinAutoConfiguration:
      Did not match:
         - @ConditionalOnClass did not find required class 'zipkin2.reporter.Sender' (OnClassCondition)


Exclusions:
-----------

    None


Unconditional classes:
----------------------

    org.springframework.boot.autoconfigure.context.ConfigurationPropertiesAutoConfiguration

    org.springframework.boot.actuate.autoconfigure.availability.AvailabilityHealthContributorAutoConfiguration

    org.springframework.boot.autoconfigure.ssl.SslAutoConfiguration

    org.springframework.boot.actuate.autoconfigure.info.InfoContributorAutoConfiguration

    org.springframework.boot.autoconfigure.context.PropertyPlaceholderAutoConfiguration

    org.springframework.boot.autoconfigure.context.LifecycleAutoConfiguration

    org.springframework.boot.actuate.autoconfigure.metrics.integration.IntegrationMetricsAutoConfiguration

    org.springframework.boot.actuate.autoconfigure.endpoint.EndpointAutoConfiguration

    org.springframework.boot.actuate.autoconfigure.web.server.ManagementContextAutoConfiguration

    org.springframework.boot.actuate.autoconfigure.health.HealthContributorAutoConfiguration

    org.springframework.boot.actuate.autoconfigure.endpoint.jackson.JacksonEndpointAutoConfiguration

    org.springframework.boot.autoconfigure.availability.ApplicationAvailabilityAutoConfiguration

    org.springframework.boot.autoconfigure.info.ProjectInfoAutoConfiguration



2023-07-07T15:12:39.948+05:30 TRACE 10928 --- [           main] o.s.b.f.s.DefaultListableBeanFactory     : Returning cached instance of singleton bean 'resourceHandlerMapping'
2023-07-07T15:12:39.955+05:30  INFO 10928 --- [           main] c.u.l.LearnSpringBootApplicationTests    : Started LearnSpringBootApplicationTests in 3.09 seconds (process running for 4.445)
2023-07-07T15:12:39.956+05:30 TRACE 10928 --- [           main] o.s.b.f.s.DefaultListableBeanFactory     : Returning cached instance of singleton bean 'startupTimeMetrics'
2023-07-07T15:12:39.956+05:30 TRACE 10928 --- [           main] o.s.b.f.s.DefaultListableBeanFactory     : Returning cached instance of singleton bean 'tomcatMetricsBinder'
2023-07-07T15:12:40.136+05:30 TRACE 10928 --- [           main] o.s.b.f.s.DefaultListableBeanFactory     : Returning cached instance of singleton bean 'applicationAvailability'
2023-07-07T15:12:40.136+05:30 TRACE 10928 --- [           main] o.s.b.f.s.DefaultListableBeanFactory     : Returning cached instance of singleton bean 'startupTimeMetrics'
2023-07-07T15:12:40.137+05:30 DEBUG 10928 --- [           main] o.s.b.a.ApplicationAvailabilityBean      : Application availability state LivenessState changed to CORRECT
2023-07-07T15:12:40.139+05:30 TRACE 10928 --- [           main] o.s.b.f.s.DefaultListableBeanFactory     : Returning cached instance of singleton bean 'startupTimeMetrics'
2023-07-07T15:12:40.139+05:30 DEBUG 10928 --- [           main] o.s.boot.devtools.restart.Restarter      : Creating new Restarter for thread Thread[#1,main,5,main]
2023-07-07T15:12:40.139+05:30 TRACE 10928 --- [           main] o.s.b.f.s.DefaultListableBeanFactory     : Returning cached instance of singleton bean 'applicationAvailability'
2023-07-07T15:12:40.139+05:30 TRACE 10928 --- [           main] o.s.b.f.s.DefaultListableBeanFactory     : Returning cached instance of singleton bean 'startupTimeMetrics'
2023-07-07T15:12:40.139+05:30 DEBUG 10928 --- [           main] o.s.b.a.ApplicationAvailabilityBean      : Application availability state ReadinessState changed to ACCEPTING_TRAFFIC
2023-07-07T15:12:40.141+05:30 TRACE 10928 --- [           main] c.DefaultCacheAwareContextLoaderDelegate : Storing ApplicationContext [5255258] in cache under key [WebMergedContextConfiguration@382dc417 testClass = com.udemy.learnspringboot.LearnSpringBootApplicationTests, locations = [], classes = [com.udemy.learnspringboot.LearnSpringBootApplication], contextInitializerClasses = [], activeProfiles = [], propertySourceLocations = [], propertySourceProperties = ["org.springframework.boot.test.context.SpringBootTestContextBootstrapper=true"], contextCustomizers = [org.springframework.boot.test.context.filter.ExcludeFilterContextCustomizer@548a24a, org.springframework.boot.test.json.DuplicateJsonObjectContextCustomizerFactory$DuplicateJsonObjectContextCustomizer@533bda92, org.springframework.boot.test.mock.mockito.MockitoContextCustomizer@0, org.springframework.boot.test.web.client.TestRestTemplateContextCustomizer@1a245833, org.springframework.boot.test.autoconfigure.actuate.observability.ObservabilityContextCustomizerFactory$DisableObservabilityContextCustomizer@1f, org.springframework.boot.test.autoconfigure.properties.PropertyMappingContextCustomizer@0, org.springframework.boot.test.autoconfigure.web.servlet.WebDriverContextCustomizerFactory$Customizer@14fc5f04, org.springframework.boot.test.context.SpringBootTestAnnotation@844cd672], resourceBasePath = "src/main/webapp", contextLoader = org.springframework.boot.test.context.SpringBootContextLoader, parent = null]
2023-07-07T15:12:40.141+05:30 DEBUG 10928 --- [           main] org.springframework.test.context.cache   : Spring test ApplicationContext cache statistics: [DefaultContextCache@3daf03d8 size = 1, maxSize = 32, parentContextCount = 0, hitCount = 0, missCount = 1]
2023-07-07T15:12:40.142+05:30 TRACE 10928 --- [           main] o.s.t.c.w.ServletTestExecutionListener   : Setting up MockHttpServletRequest, MockHttpServletResponse, ServletWebRequest, and RequestContextHolder for test context [DefaultTestContext@2415e4c7 testClass = com.udemy.learnspringboot.LearnSpringBootApplicationTests, testInstance = com.udemy.learnspringboot.LearnSpringBootApplicationTests@72ce812e, testMethod = null, testException = null, mergedContextConfiguration = [WebMergedContextConfiguration@382dc417 testClass = com.udemy.learnspringboot.LearnSpringBootApplicationTests, locations = [], classes = [com.udemy.learnspringboot.LearnSpringBootApplication], contextInitializerClasses = [], activeProfiles = [], propertySourceLocations = [], propertySourceProperties = ["org.springframework.boot.test.context.SpringBootTestContextBootstrapper=true"], contextCustomizers = [org.springframework.boot.test.context.filter.ExcludeFilterContextCustomizer@548a24a, org.springframework.boot.test.json.DuplicateJsonObjectContextCustomizerFactory$DuplicateJsonObjectContextCustomizer@533bda92, org.springframework.boot.test.mock.mockito.MockitoContextCustomizer@0, org.springframework.boot.test.web.client.TestRestTemplateContextCustomizer@1a245833, org.springframework.boot.test.autoconfigure.actuate.observability.ObservabilityContextCustomizerFactory$DisableObservabilityContextCustomizer@1f, org.springframework.boot.test.autoconfigure.properties.PropertyMappingContextCustomizer@0, org.springframework.boot.test.autoconfigure.web.servlet.WebDriverContextCustomizerFactory$Customizer@14fc5f04, org.springframework.boot.test.context.SpringBootTestAnnotation@844cd672], resourceBasePath = "src/main/webapp", contextLoader = org.springframework.boot.test.context.SpringBootContextLoader, parent = null], attributes = {"org.springframework.test.context.web.ServletTestExecutionListener.activateListener" -> true}]
2023-07-07T15:12:40.158+05:30 TRACE 10928 --- [           main] DependencyInjectionTestExecutionListener : Performing dependency injection for test context [DefaultTestContext@2415e4c7 testClass = com.udemy.learnspringboot.LearnSpringBootApplicationTests, testInstance = com.udemy.learnspringboot.LearnSpringBootApplicationTests@72ce812e, testMethod = null, testException = null, mergedContextConfiguration = [WebMergedContextConfiguration@382dc417 testClass = com.udemy.learnspringboot.LearnSpringBootApplicationTests, locations = [], classes = [com.udemy.learnspringboot.LearnSpringBootApplication], contextInitializerClasses = [], activeProfiles = [], propertySourceLocations = [], propertySourceProperties = ["org.springframework.boot.test.context.SpringBootTestContextBootstrapper=true"], contextCustomizers = [org.springframework.boot.test.context.filter.ExcludeFilterContextCustomizer@548a24a, org.springframework.boot.test.json.DuplicateJsonObjectContextCustomizerFactory$DuplicateJsonObjectContextCustomizer@533bda92, org.springframework.boot.test.mock.mockito.MockitoContextCustomizer@0, org.springframework.boot.test.web.client.TestRestTemplateContextCustomizer@1a245833, org.springframework.boot.test.autoconfigure.actuate.observability.ObservabilityContextCustomizerFactory$DisableObservabilityContextCustomizer@1f, org.springframework.boot.test.autoconfigure.properties.PropertyMappingContextCustomizer@0, org.springframework.boot.test.autoconfigure.web.servlet.WebDriverContextCustomizerFactory$Customizer@14fc5f04, org.springframework.boot.test.context.SpringBootTestAnnotation@844cd672], resourceBasePath = "src/main/webapp", contextLoader = org.springframework.boot.test.context.SpringBootContextLoader, parent = null], attributes = {"org.springframework.test.context.web.ServletTestExecutionListener.activateListener" -> true, "org.springframework.test.context.web.ServletTestExecutionListener.populatedRequestContextHolder" -> true, "org.springframework.test.context.web.ServletTestExecutionListener.resetRequestContextHolder" -> true, "org.springframework.test.context.event.ApplicationEventsTestExecutionListener.recordApplicationEvents" -> false}]
2023-07-07T15:12:40.159+05:30 TRACE 10928 --- [           main] c.DefaultCacheAwareContextLoaderDelegate : Retrieved ApplicationContext [5255258] from cache with key [WebMergedContextConfiguration@382dc417 testClass = com.udemy.learnspringboot.LearnSpringBootApplicationTests, locations = [], classes = [com.udemy.learnspringboot.LearnSpringBootApplication], contextInitializerClasses = [], activeProfiles = [], propertySourceLocations = [], propertySourceProperties = ["org.springframework.boot.test.context.SpringBootTestContextBootstrapper=true"], contextCustomizers = [org.springframework.boot.test.context.filter.ExcludeFilterContextCustomizer@548a24a, org.springframework.boot.test.json.DuplicateJsonObjectContextCustomizerFactory$DuplicateJsonObjectContextCustomizer@533bda92, org.springframework.boot.test.mock.mockito.MockitoContextCustomizer@0, org.springframework.boot.test.web.client.TestRestTemplateContextCustomizer@1a245833, org.springframework.boot.test.autoconfigure.actuate.observability.ObservabilityContextCustomizerFactory$DisableObservabilityContextCustomizer@1f, org.springframework.boot.test.autoconfigure.properties.PropertyMappingContextCustomizer@0, org.springframework.boot.test.autoconfigure.web.servlet.WebDriverContextCustomizerFactory$Customizer@14fc5f04, org.springframework.boot.test.context.SpringBootTestAnnotation@844cd672], resourceBasePath = "src/main/webapp", contextLoader = org.springframework.boot.test.context.SpringBootContextLoader, parent = null]
2023-07-07T15:12:40.159+05:30 DEBUG 10928 --- [           main] org.springframework.test.context.cache   : Spring test ApplicationContext cache statistics: [DefaultContextCache@3daf03d8 size = 1, maxSize = 32, parentContextCount = 0, hitCount = 1, missCount = 1]
2023-07-07T15:12:40.161+05:30 TRACE 10928 --- [           main] c.DefaultCacheAwareContextLoaderDelegate : Retrieved ApplicationContext [5255258] from cache with key [WebMergedContextConfiguration@382dc417 testClass = com.udemy.learnspringboot.LearnSpringBootApplicationTests, locations = [], classes = [com.udemy.learnspringboot.LearnSpringBootApplication], contextInitializerClasses = [], activeProfiles = [], propertySourceLocations = [], propertySourceProperties = ["org.springframework.boot.test.context.SpringBootTestContextBootstrapper=true"], contextCustomizers = [org.springframework.boot.test.context.filter.ExcludeFilterContextCustomizer@548a24a, org.springframework.boot.test.json.DuplicateJsonObjectContextCustomizerFactory$DuplicateJsonObjectContextCustomizer@533bda92, org.springframework.boot.test.mock.mockito.MockitoContextCustomizer@0, org.springframework.boot.test.web.client.TestRestTemplateContextCustomizer@1a245833, org.springframework.boot.test.autoconfigure.actuate.observability.ObservabilityContextCustomizerFactory$DisableObservabilityContextCustomizer@1f, org.springframework.boot.test.autoconfigure.properties.PropertyMappingContextCustomizer@0, org.springframework.boot.test.autoconfigure.web.servlet.WebDriverContextCustomizerFactory$Customizer@14fc5f04, org.springframework.boot.test.context.SpringBootTestAnnotation@844cd672], resourceBasePath = "src/main/webapp", contextLoader = org.springframework.boot.test.context.SpringBootContextLoader, parent = null]
2023-07-07T15:12:40.161+05:30 DEBUG 10928 --- [           main] org.springframework.test.context.cache   : Spring test ApplicationContext cache statistics: [DefaultContextCache@3daf03d8 size = 1, maxSize = 32, parentContextCount = 0, hitCount = 2, missCount = 1]
2023-07-07T15:12:40.161+05:30 TRACE 10928 --- [           main] o.s.b.f.s.DefaultListableBeanFactory     : Returning cached instance of singleton bean 'startupTimeMetrics'
2023-07-07T15:12:40.177+05:30 TRACE 10928 --- [           main] o.s.test.context.TestContextManager      : beforeTestMethod(): instance [com.udemy.learnspringboot.LearnSpringBootApplicationTests@72ce812e], method [void com.udemy.learnspringboot.LearnSpringBootApplicationTests.contextLoads()]
2023-07-07T15:12:40.179+05:30 TRACE 10928 --- [           main] sContextBeforeModesTestExecutionListener : Before test method: context [DefaultTestContext@2415e4c7 testClass = com.udemy.learnspringboot.LearnSpringBootApplicationTests, testInstance = com.udemy.learnspringboot.LearnSpringBootApplicationTests@72ce812e, testMethod = contextLoads(), testException = null, mergedContextConfiguration = [WebMergedContextConfiguration@382dc417 testClass = com.udemy.learnspringboot.LearnSpringBootApplicationTests, locations = [], classes = [com.udemy.learnspringboot.LearnSpringBootApplication], contextInitializerClasses = [], activeProfiles = [], propertySourceLocations = [], propertySourceProperties = ["org.springframework.boot.test.context.SpringBootTestContextBootstrapper=true"], contextCustomizers = [org.springframework.boot.test.context.filter.ExcludeFilterContextCustomizer@548a24a, org.springframework.boot.test.json.DuplicateJsonObjectContextCustomizerFactory$DuplicateJsonObjectContextCustomizer@533bda92, org.springframework.boot.test.mock.mockito.MockitoContextCustomizer@0, org.springframework.boot.test.web.client.TestRestTemplateContextCustomizer@1a245833, org.springframework.boot.test.autoconfigure.actuate.observability.ObservabilityContextCustomizerFactory$DisableObservabilityContextCustomizer@1f, org.springframework.boot.test.autoconfigure.properties.PropertyMappingContextCustomizer@0, org.springframework.boot.test.autoconfigure.web.servlet.WebDriverContextCustomizerFactory$Customizer@14fc5f04, org.springframework.boot.test.context.SpringBootTestAnnotation@844cd672], resourceBasePath = "src/main/webapp", contextLoader = org.springframework.boot.test.context.SpringBootContextLoader, parent = null], attributes = {"org.springframework.test.context.web.ServletTestExecutionListener.activateListener" -> true, "org.springframework.test.context.web.ServletTestExecutionListener.populatedRequestContextHolder" -> true, "org.springframework.test.context.web.ServletTestExecutionListener.resetRequestContextHolder" -> true, "org.springframework.test.context.event.ApplicationEventsTestExecutionListener.recordApplicationEvents" -> false}], class annotated with @DirtiesContext [false] with mode [null], method annotated with @DirtiesContext [false] with mode [null]
2023-07-07T15:12:40.180+05:30 TRACE 10928 --- [           main] c.DefaultCacheAwareContextLoaderDelegate : Retrieved ApplicationContext [5255258] from cache with key [WebMergedContextConfiguration@382dc417 testClass = com.udemy.learnspringboot.LearnSpringBootApplicationTests, locations = [], classes = [com.udemy.learnspringboot.LearnSpringBootApplication], contextInitializerClasses = [], activeProfiles = [], propertySourceLocations = [], propertySourceProperties = ["org.springframework.boot.test.context.SpringBootTestContextBootstrapper=true"], contextCustomizers = [org.springframework.boot.test.context.filter.ExcludeFilterContextCustomizer@548a24a, org.springframework.boot.test.json.DuplicateJsonObjectContextCustomizerFactory$DuplicateJsonObjectContextCustomizer@533bda92, org.springframework.boot.test.mock.mockito.MockitoContextCustomizer@0, org.springframework.boot.test.web.client.TestRestTemplateContextCustomizer@1a245833, org.springframework.boot.test.autoconfigure.actuate.observability.ObservabilityContextCustomizerFactory$DisableObservabilityContextCustomizer@1f, org.springframework.boot.test.autoconfigure.properties.PropertyMappingContextCustomizer@0, org.springframework.boot.test.autoconfigure.web.servlet.WebDriverContextCustomizerFactory$Customizer@14fc5f04, org.springframework.boot.test.context.SpringBootTestAnnotation@844cd672], resourceBasePath = "src/main/webapp", contextLoader = org.springframework.boot.test.context.SpringBootContextLoader, parent = null]
2023-07-07T15:12:40.180+05:30 DEBUG 10928 --- [           main] org.springframework.test.context.cache   : Spring test ApplicationContext cache statistics: [DefaultContextCache@3daf03d8 size = 1, maxSize = 32, parentContextCount = 0, hitCount = 3, missCount = 1]
2023-07-07T15:12:40.180+05:30 TRACE 10928 --- [           main] o.s.b.f.s.DefaultListableBeanFactory     : Returning cached instance of singleton bean 'startupTimeMetrics'
2023-07-07T15:12:40.180+05:30 TRACE 10928 --- [           main] c.DefaultCacheAwareContextLoaderDelegate : Retrieved ApplicationContext [5255258] from cache with key [WebMergedContextConfiguration@382dc417 testClass = com.udemy.learnspringboot.LearnSpringBootApplicationTests, locations = [], classes = [com.udemy.learnspringboot.LearnSpringBootApplication], contextInitializerClasses = [], activeProfiles = [], propertySourceLocations = [], propertySourceProperties = ["org.springframework.boot.test.context.SpringBootTestContextBootstrapper=true"], contextCustomizers = [org.springframework.boot.test.context.filter.ExcludeFilterContextCustomizer@548a24a, org.springframework.boot.test.json.DuplicateJsonObjectContextCustomizerFactory$DuplicateJsonObjectContextCustomizer@533bda92, org.springframework.boot.test.mock.mockito.MockitoContextCustomizer@0, org.springframework.boot.test.web.client.TestRestTemplateContextCustomizer@1a245833, org.springframework.boot.test.autoconfigure.actuate.observability.ObservabilityContextCustomizerFactory$DisableObservabilityContextCustomizer@1f, org.springframework.boot.test.autoconfigure.properties.PropertyMappingContextCustomizer@0, org.springframework.boot.test.autoconfigure.web.servlet.WebDriverContextCustomizerFactory$Customizer@14fc5f04, org.springframework.boot.test.context.SpringBootTestAnnotation@844cd672], resourceBasePath = "src/main/webapp", contextLoader = org.springframework.boot.test.context.SpringBootContextLoader, parent = null]
2023-07-07T15:12:40.181+05:30 DEBUG 10928 --- [           main] org.springframework.test.context.cache   : Spring test ApplicationContext cache statistics: [DefaultContextCache@3daf03d8 size = 1, maxSize = 32, parentContextCount = 0, hitCount = 4, missCount = 1]
2023-07-07T15:12:40.181+05:30 TRACE 10928 --- [           main] o.s.b.f.s.DefaultListableBeanFactory     : Returning cached instance of singleton bean 'org.springframework.boot.test.mock.mockito.MockitoPostProcessor$SpyPostProcessor'
2023-07-07T15:12:41.542+05:30 TRACE 10928 --- [           main] o.s.b.f.s.DefaultListableBeanFactory     : Returning cached instance of singleton bean 'org.springframework.boot.test.mock.mockito.MockitoPostProcessor'
2023-07-07T15:12:41.542+05:30 TRACE 10928 --- [           main] o.s.b.f.s.DefaultListableBeanFactory     : Returning cached instance of singleton bean 'org.springframework.context.annotation.internalConfigurationAnnotationProcessor'
2023-07-07T15:12:41.542+05:30 TRACE 10928 --- [           main] o.s.b.f.s.DefaultListableBeanFactory     : Returning cached instance of singleton bean 'org.springframework.context.annotation.internalAutowiredAnnotationProcessor'
2023-07-07T15:12:41.542+05:30 TRACE 10928 --- [           main] o.s.b.f.s.DefaultListableBeanFactory     : Returning cached instance of singleton bean 'org.springframework.context.annotation.internalCommonAnnotationProcessor'
2023-07-07T15:12:41.542+05:30 TRACE 10928 --- [           main] o.s.b.f.s.DefaultListableBeanFactory     : Returning cached instance of singleton bean 'org.springframework.context.event.internalEventListenerProcessor'
2023-07-07T15:12:41.542+05:30 TRACE 10928 --- [           main] o.s.b.f.s.DefaultListableBeanFactory     : Returning cached instance of singleton bean 'org.springframework.context.event.internalEventListenerFactory'
2023-07-07T15:12:41.542+05:30 TRACE 10928 --- [           main] o.s.b.f.s.DefaultListableBeanFactory     : Returning cached instance of singleton bean 'learnSpringBootApplication'
2023-07-07T15:12:41.542+05:30 TRACE 10928 --- [           main] o.s.b.f.s.DefaultListableBeanFactory     : Returning cached instance of singleton bean 'org.springframework.boot.autoconfigure.internalCachingMetadataReaderFactory'
2023-07-07T15:12:41.542+05:30 TRACE 10928 --- [           main] o.s.b.f.s.DefaultListableBeanFactory     : Returning cached instance of singleton bean 'org.springframework.boot.autoconfigure.internalCachingMetadataReaderFactory'
2023-07-07T15:12:41.542+05:30 TRACE 10928 --- [           main] o.s.b.f.s.DefaultListableBeanFactory     : Returning cached instance of singleton bean 'courseController'
2023-07-07T15:12:41.542+05:30 TRACE 10928 --- [           main] o.s.b.f.s.DefaultListableBeanFactory     : Returning cached instance of singleton bean 'currencyConfigurationController'
2023-07-07T15:12:41.542+05:30 TRACE 10928 --- [           main] o.s.b.f.s.DefaultListableBeanFactory     : Returning cached instance of singleton bean 'currencyServiceConfiguration'
2023-07-07T15:12:41.542+05:30 TRACE 10928 --- [           main] o.s.b.f.s.DefaultListableBeanFactory     : Returning cached instance of singleton bean 'org.springframework.boot.autoconfigure.AutoConfigurationPackages'
2023-07-07T15:12:41.542+05:30 TRACE 10928 --- [           main] o.s.b.f.s.DefaultListableBeanFactory     : Returning cached instance of singleton bean 'org.springframework.boot.autoconfigure.context.PropertyPlaceholderAutoConfiguration'
2023-07-07T15:12:41.542+05:30 TRACE 10928 --- [           main] o.s.b.f.s.DefaultListableBeanFactory     : Returning cached instance of singleton bean 'propertySourcesPlaceholderConfigurer'
2023-07-07T15:12:41.542+05:30 TRACE 10928 --- [           main] o.s.b.f.s.DefaultListableBeanFactory     : Returning cached instance of singleton bean 'org.springframework.boot.autoconfigure.ssl.SslAutoConfiguration'
2023-07-07T15:12:41.542+05:30 TRACE 10928 --- [           main] o.s.b.f.s.DefaultListableBeanFactory     : Returning cached instance of singleton bean 'sslPropertiesSslBundleRegistrar'
2023-07-07T15:12:41.542+05:30 TRACE 10928 --- [           main] o.s.b.f.s.DefaultListableBeanFactory     : Returning cached instance of singleton bean 'sslBundleRegistry'
2023-07-07T15:12:41.542+05:30 TRACE 10928 --- [           main] o.s.b.f.s.DefaultListableBeanFactory     : Returning cached instance of singleton bean 'org.springframework.boot.context.properties.ConfigurationPropertiesBindingPostProcessor'
2023-07-07T15:12:41.542+05:30 TRACE 10928 --- [           main] o.s.b.f.s.DefaultListableBeanFactory     : Returning cached instance of singleton bean 'org.springframework.boot.context.internalConfigurationPropertiesBinder'
2023-07-07T15:12:41.542+05:30 TRACE 10928 --- [           main] o.s.b.f.s.DefaultListableBeanFactory     : Returning cached instance of singleton bean 'org.springframework.boot.context.internalConfigurationPropertiesBinder'
2023-07-07T15:12:41.542+05:30 TRACE 10928 --- [           main] o.s.b.f.s.DefaultListableBeanFactory     : Returning cached instance of singleton bean 'org.springframework.boot.context.properties.BoundConfigurationProperties'
2023-07-07T15:12:41.542+05:30 TRACE 10928 --- [           main] o.s.b.f.s.DefaultListableBeanFactory     : Returning cached instance of singleton bean 'org.springframework.boot.context.properties.EnableConfigurationPropertiesRegistrar.methodValidationExcludeFilter'
2023-07-07T15:12:41.542+05:30 TRACE 10928 --- [           main] o.s.b.f.s.DefaultListableBeanFactory     : Returning cached instance of singleton bean 'spring.ssl-org.springframework.boot.autoconfigure.ssl.SslProperties'
2023-07-07T15:12:41.542+05:30 TRACE 10928 --- [           main] o.s.b.f.s.DefaultListableBeanFactory     : Returning cached instance of singleton bean 'org.springframework.boot.autoconfigure.websocket.servlet.WebSocketServletAutoConfiguration$TomcatWebSocketConfiguration'
2023-07-07T15:12:41.542+05:30 TRACE 10928 --- [           main] o.s.b.f.s.DefaultListableBeanFactory     : Returning cached instance of singleton bean 'websocketServletWebServerCustomizer'
2023-07-07T15:12:41.542+05:30 TRACE 10928 --- [           main] o.s.b.f.s.DefaultListableBeanFactory     : Returning cached instance of singleton bean 'org.springframework.boot.autoconfigure.websocket.servlet.WebSocketServletAutoConfiguration'
2023-07-07T15:12:41.542+05:30 TRACE 10928 --- [           main] o.s.b.f.s.DefaultListableBeanFactory     : Returning cached instance of singleton bean 'org.springframework.boot.autoconfigure.web.servlet.ServletWebServerFactoryConfiguration$EmbeddedTomcat'
2023-07-07T15:12:41.542+05:30 TRACE 10928 --- [           main] o.s.b.f.s.DefaultListableBeanFactory     : Returning cached instance of singleton bean 'tomcatServletWebServerFactory'
2023-07-07T15:12:41.542+05:30 TRACE 10928 --- [           main] o.s.b.f.s.DefaultListableBeanFactory     : Returning cached instance of singleton bean 'org.springframework.boot.autoconfigure.web.servlet.ServletWebServerFactoryAutoConfiguration'
2023-07-07T15:12:41.542+05:30 TRACE 10928 --- [           main] o.s.b.f.s.DefaultListableBeanFactory     : Returning cached instance of singleton bean 'servletWebServerFactoryCustomizer'
2023-07-07T15:12:41.542+05:30 TRACE 10928 --- [           main] o.s.b.f.s.DefaultListableBeanFactory     : Returning cached instance of singleton bean 'tomcatServletWebServerFactoryCustomizer'
2023-07-07T15:12:41.542+05:30 TRACE 10928 --- [           main] o.s.b.f.s.DefaultListableBeanFactory     : Returning cached instance of singleton bean 'server-org.springframework.boot.autoconfigure.web.ServerProperties'
2023-07-07T15:12:41.542+05:30 TRACE 10928 --- [           main] o.s.b.f.s.DefaultListableBeanFactory     : Returning cached instance of singleton bean 'webServerFactoryCustomizerBeanPostProcessor'
2023-07-07T15:12:41.542+05:30 TRACE 10928 --- [           main] o.s.b.f.s.DefaultListableBeanFactory     : Returning cached instance of singleton bean 'errorPageRegistrarBeanPostProcessor'
2023-07-07T15:12:41.542+05:30 TRACE 10928 --- [           main] o.s.b.f.s.DefaultListableBeanFactory     : Returning cached instance of singleton bean 'org.springframework.boot.autoconfigure.web.servlet.DispatcherServletAutoConfiguration$DispatcherServletConfiguration'
2023-07-07T15:12:41.542+05:30 TRACE 10928 --- [           main] o.s.b.f.s.DefaultListableBeanFactory     : Returning cached instance of singleton bean 'dispatcherServlet'
2023-07-07T15:12:41.542+05:30 TRACE 10928 --- [           main] o.s.b.f.s.DefaultListableBeanFactory     : Returning cached instance of singleton bean 'spring.mvc-org.springframework.boot.autoconfigure.web.servlet.WebMvcProperties'
2023-07-07T15:12:41.542+05:30 TRACE 10928 --- [           main] o.s.b.f.s.DefaultListableBeanFactory     : Returning cached instance of singleton bean 'org.springframework.boot.autoconfigure.web.servlet.DispatcherServletAutoConfiguration$DispatcherServletRegistrationConfiguration'
2023-07-07T15:12:41.542+05:30 TRACE 10928 --- [           main] o.s.b.f.s.DefaultListableBeanFactory     : Returning cached instance of singleton bean 'dispatcherServletRegistration'
2023-07-07T15:12:41.543+05:30 TRACE 10928 --- [           main] o.s.b.f.s.DefaultListableBeanFactory     : Returning cached instance of singleton bean 'org.springframework.boot.autoconfigure.web.servlet.DispatcherServletAutoConfiguration'
2023-07-07T15:12:41.543+05:30 TRACE 10928 --- [           main] o.s.b.f.s.DefaultListableBeanFactory     : Returning cached instance of singleton bean 'org.springframework.boot.autoconfigure.task.TaskExecutionAutoConfiguration'
2023-07-07T15:12:41.543+05:30 TRACE 10928 --- [           main] o.s.b.f.s.DefaultListableBeanFactory     : Returning cached instance of singleton bean 'taskExecutorBuilder'
2023-07-07T15:12:41.543+05:30 TRACE 10928 --- [           main] o.s.b.f.s.DefaultListableBeanFactory     : Returning cached instance of singleton bean 'applicationTaskExecutor'
2023-07-07T15:12:41.543+05:30 TRACE 10928 --- [           main] o.s.b.f.s.DefaultListableBeanFactory     : Returning cached instance of singleton bean 'spring.task.execution-org.springframework.boot.autoconfigure.task.TaskExecutionProperties'
2023-07-07T15:12:41.543+05:30 TRACE 10928 --- [           main] o.s.b.f.s.DefaultListableBeanFactory     : Returning cached instance of singleton bean 'org.springframework.boot.autoconfigure.web.servlet.error.ErrorMvcAutoConfiguration$WhitelabelErrorViewConfiguration'
2023-07-07T15:12:41.543+05:30 TRACE 10928 --- [           main] o.s.b.f.s.DefaultListableBeanFactory     : Returning cached instance of singleton bean 'error'
2023-07-07T15:12:41.543+05:30 TRACE 10928 --- [           main] o.s.b.f.s.DefaultListableBeanFactory     : Returning cached instance of singleton bean 'beanNameViewResolver'
2023-07-07T15:12:41.543+05:30 TRACE 10928 --- [           main] o.s.b.f.s.DefaultListableBeanFactory     : Returning cached instance of singleton bean 'org.springframework.boot.autoconfigure.web.servlet.error.ErrorMvcAutoConfiguration$DefaultErrorViewResolverConfiguration'
2023-07-07T15:12:41.543+05:30 TRACE 10928 --- [           main] o.s.b.f.s.DefaultListableBeanFactory     : Returning cached instance of singleton bean 'conventionErrorViewResolver'
2023-07-07T15:12:41.543+05:30 TRACE 10928 --- [           main] o.s.b.f.s.DefaultListableBeanFactory     : Returning cached instance of singleton bean 'spring.web-org.springframework.boot.autoconfigure.web.WebProperties'
2023-07-07T15:12:41.543+05:30 TRACE 10928 --- [           main] o.s.b.f.s.DefaultListableBeanFactory     : Returning cached instance of singleton bean 'org.springframework.boot.autoconfigure.web.servlet.error.ErrorMvcAutoConfiguration'
2023-07-07T15:12:41.543+05:30 TRACE 10928 --- [           main] o.s.b.f.s.DefaultListableBeanFactory     : Returning cached instance of singleton bean 'errorAttributes'
2023-07-07T15:12:41.543+05:30 TRACE 10928 --- [           main] o.s.b.f.s.DefaultListableBeanFactory     : Returning cached instance of singleton bean 'basicErrorController'
2023-07-07T15:12:41.543+05:30 TRACE 10928 --- [           main] o.s.b.f.s.DefaultListableBeanFactory     : Returning cached instance of singleton bean 'errorPageCustomizer'
2023-07-07T15:12:41.543+05:30 TRACE 10928 --- [           main] o.s.b.f.s.DefaultListableBeanFactory     : Returning cached instance of singleton bean 'preserveErrorControllerTargetClassPostProcessor'
2023-07-07T15:12:41.543+05:30 TRACE 10928 --- [           main] o.s.b.f.s.DefaultListableBeanFactory     : Returning cached instance of singleton bean 'org.springframework.boot.autoconfigure.web.servlet.WebMvcAutoConfiguration$EnableWebMvcConfiguration'
2023-07-07T15:12:41.543+05:30 TRACE 10928 --- [           main] o.s.b.f.s.DefaultListableBeanFactory     : Returning cached instance of singleton bean 'requestMappingHandlerAdapter'
2023-07-07T15:12:41.543+05:30 TRACE 10928 --- [           main] o.s.b.f.s.DefaultListableBeanFactory     : Returning cached instance of singleton bean 'welcomePageHandlerMapping'
2023-07-07T15:12:41.543+05:30 TRACE 10928 --- [           main] o.s.b.f.s.DefaultListableBeanFactory     : Returning cached instance of singleton bean 'welcomePageNotAcceptableHandlerMapping'
2023-07-07T15:12:41.543+05:30 TRACE 10928 --- [           main] o.s.b.f.s.DefaultListableBeanFactory     : Returning cached instance of singleton bean 'localeResolver'
2023-07-07T15:12:41.543+05:30 TRACE 10928 --- [           main] o.s.b.f.s.DefaultListableBeanFactory     : Returning cached instance of singleton bean 'themeResolver'
2023-07-07T15:12:41.543+05:30 TRACE 10928 --- [           main] o.s.b.f.s.DefaultListableBeanFactory     : Returning cached instance of singleton bean 'flashMapManager'
2023-07-07T15:12:41.543+05:30 TRACE 10928 --- [           main] o.s.b.f.s.DefaultListableBeanFactory     : Returning cached instance of singleton bean 'mvcConversionService'
2023-07-07T15:12:41.543+05:30 TRACE 10928 --- [           main] o.s.b.f.s.DefaultListableBeanFactory     : Returning cached instance of singleton bean 'mvcValidator'
2023-07-07T15:12:41.543+05:30 TRACE 10928 --- [           main] o.s.b.f.s.DefaultListableBeanFactory     : Returning cached instance of singleton bean 'mvcContentNegotiationManager'
2023-07-07T15:12:41.543+05:30 TRACE 10928 --- [           main] o.s.b.f.s.DefaultListableBeanFactory     : Returning cached instance of singleton bean 'requestMappingHandlerMapping'
2023-07-07T15:12:41.543+05:30 TRACE 10928 --- [           main] o.s.b.f.s.DefaultListableBeanFactory     : Returning cached instance of singleton bean 'mvcPatternParser'
2023-07-07T15:12:41.543+05:30 TRACE 10928 --- [           main] o.s.b.f.s.DefaultListableBeanFactory     : Returning cached instance of singleton bean 'mvcUrlPathHelper'
2023-07-07T15:12:41.543+05:30 TRACE 10928 --- [           main] o.s.b.f.s.DefaultListableBeanFactory     : Returning cached instance of singleton bean 'mvcPathMatcher'
2023-07-07T15:12:41.543+05:30 TRACE 10928 --- [           main] o.s.b.f.s.DefaultListableBeanFactory     : Returning cached instance of singleton bean 'viewControllerHandlerMapping'
2023-07-07T15:12:41.543+05:30 TRACE 10928 --- [           main] o.s.b.f.s.DefaultListableBeanFactory     : Returning cached instance of singleton bean 'beanNameHandlerMapping'
2023-07-07T15:12:41.543+05:30 TRACE 10928 --- [           main] o.s.b.f.s.DefaultListableBeanFactory     : Returning cached instance of singleton bean 'routerFunctionMapping'
2023-07-07T15:12:41.543+05:30 TRACE 10928 --- [           main] o.s.b.f.s.DefaultListableBeanFactory     : Returning cached instance of singleton bean 'resourceHandlerMapping'
2023-07-07T15:12:41.543+05:30 TRACE 10928 --- [           main] o.s.b.f.s.DefaultListableBeanFactory     : Returning cached instance of singleton bean 'mvcResourceUrlProvider'
2023-07-07T15:12:41.543+05:30 TRACE 10928 --- [           main] o.s.b.f.s.DefaultListableBeanFactory     : Returning cached instance of singleton bean 'defaultServletHandlerMapping'
2023-07-07T15:12:41.543+05:30 TRACE 10928 --- [           main] o.s.b.f.s.DefaultListableBeanFactory     : Returning cached instance of singleton bean 'handlerFunctionAdapter'
2023-07-07T15:12:41.543+05:30 TRACE 10928 --- [           main] o.s.b.f.s.DefaultListableBeanFactory     : Returning cached instance of singleton bean 'mvcUriComponentsContributor'
2023-07-07T15:12:41.543+05:30 TRACE 10928 --- [           main] o.s.b.f.s.DefaultListableBeanFactory     : Returning cached instance of singleton bean 'httpRequestHandlerAdapter'
2023-07-07T15:12:41.543+05:30 TRACE 10928 --- [           main] o.s.b.f.s.DefaultListableBeanFactory     : Returning cached instance of singleton bean 'simpleControllerHandlerAdapter'
2023-07-07T15:12:41.543+05:30 TRACE 10928 --- [           main] o.s.b.f.s.DefaultListableBeanFactory     : Returning cached instance of singleton bean 'handlerExceptionResolver'
2023-07-07T15:12:41.543+05:30 TRACE 10928 --- [           main] o.s.b.f.s.DefaultListableBeanFactory     : Returning cached instance of singleton bean 'mvcViewResolver'
2023-07-07T15:12:41.543+05:30 TRACE 10928 --- [           main] o.s.b.f.s.DefaultListableBeanFactory     : Returning cached instance of singleton bean 'viewNameTranslator'
2023-07-07T15:12:41.543+05:30 TRACE 10928 --- [           main] o.s.b.f.s.DefaultListableBeanFactory     : Returning cached instance of singleton bean 'org.springframework.boot.autoconfigure.web.servlet.WebMvcAutoConfiguration$WebMvcAutoConfigurationAdapter'
2023-07-07T15:12:41.543+05:30 TRACE 10928 --- [           main] o.s.b.f.s.DefaultListableBeanFactory     : Returning cached instance of singleton bean 'defaultViewResolver'
2023-07-07T15:12:41.543+05:30 TRACE 10928 --- [           main] o.s.b.f.s.DefaultListableBeanFactory     : Returning cached instance of singleton bean 'viewResolver'
2023-07-07T15:12:41.543+05:30 TRACE 10928 --- [           main] o.s.b.f.s.DefaultListableBeanFactory     : Returning cached instance of singleton bean 'requestContextFilter'
2023-07-07T15:12:41.543+05:30 TRACE 10928 --- [           main] o.s.b.f.s.DefaultListableBeanFactory     : Returning cached instance of singleton bean 'org.springframework.boot.autoconfigure.web.servlet.WebMvcAutoConfiguration'
2023-07-07T15:12:41.543+05:30 TRACE 10928 --- [           main] o.s.b.f.s.DefaultListableBeanFactory     : Returning cached instance of singleton bean 'formContentFilter'
2023-07-07T15:12:41.543+05:30 TRACE 10928 --- [           main] o.s.b.f.s.DefaultListableBeanFactory     : Returning cached instance of singleton bean 'org.springframework.boot.autoconfigure.availability.ApplicationAvailabilityAutoConfiguration'
2023-07-07T15:12:41.543+05:30 TRACE 10928 --- [           main] o.s.b.f.s.DefaultListableBeanFactory     : Returning cached instance of singleton bean 'applicationAvailability'
2023-07-07T15:12:41.543+05:30 TRACE 10928 --- [           main] o.s.b.f.s.DefaultListableBeanFactory     : Returning cached instance of singleton bean 'org.springframework.boot.actuate.autoconfigure.availability.AvailabilityHealthContributorAutoConfiguration'
2023-07-07T15:12:41.543+05:30 TRACE 10928 --- [           main] o.s.b.f.s.DefaultListableBeanFactory     : Returning cached instance of singleton bean 'org.springframework.boot.autoconfigure.jackson.JacksonAutoConfiguration$Jackson2ObjectMapperBuilderCustomizerConfiguration'
2023-07-07T15:12:41.543+05:30 TRACE 10928 --- [           main] o.s.b.f.s.DefaultListableBeanFactory     : Returning cached instance of singleton bean 'standardJacksonObjectMapperBuilderCustomizer'
2023-07-07T15:12:41.543+05:30 TRACE 10928 --- [           main] o.s.b.f.s.DefaultListableBeanFactory     : Returning cached instance of singleton bean 'spring.jackson-org.springframework.boot.autoconfigure.jackson.JacksonProperties'
2023-07-07T15:12:41.543+05:30 TRACE 10928 --- [           main] o.s.b.f.s.DefaultListableBeanFactory     : Returning cached instance of singleton bean 'org.springframework.boot.autoconfigure.jackson.JacksonAutoConfiguration$JacksonObjectMapperBuilderConfiguration'
2023-07-07T15:12:41.543+05:30 TRACE 10928 --- [           main] o.s.b.f.s.DefaultListableBeanFactory     : Returning cached instance of singleton bean 'org.springframework.boot.autoconfigure.jackson.JacksonAutoConfiguration$ParameterNamesModuleConfiguration'
2023-07-07T15:12:41.543+05:30 TRACE 10928 --- [           main] o.s.b.f.s.DefaultListableBeanFactory     : Returning cached instance of singleton bean 'parameterNamesModule'
2023-07-07T15:12:41.543+05:30 TRACE 10928 --- [           main] o.s.b.f.s.DefaultListableBeanFactory     : Returning cached instance of singleton bean 'org.springframework.boot.autoconfigure.jackson.JacksonAutoConfiguration$JacksonObjectMapperConfiguration'
2023-07-07T15:12:41.543+05:30 TRACE 10928 --- [           main] o.s.b.f.s.DefaultListableBeanFactory     : Returning cached instance of singleton bean 'jacksonObjectMapper'
2023-07-07T15:12:41.543+05:30 TRACE 10928 --- [           main] o.s.b.f.s.DefaultListableBeanFactory     : Returning cached instance of singleton bean 'org.springframework.boot.autoconfigure.jackson.JacksonAutoConfiguration$JacksonMixinConfiguration'
2023-07-07T15:12:41.544+05:30 TRACE 10928 --- [           main] o.s.b.f.s.DefaultListableBeanFactory     : Returning cached instance of singleton bean 'jsonMixinModuleEntries'
2023-07-07T15:12:41.544+05:30 TRACE 10928 --- [           main] o.s.b.f.s.DefaultListableBeanFactory     : Returning cached instance of singleton bean 'jsonMixinModule'
2023-07-07T15:12:41.544+05:30 TRACE 10928 --- [           main] o.s.b.f.s.DefaultListableBeanFactory     : Returning cached instance of singleton bean 'org.springframework.boot.autoconfigure.jackson.JacksonAutoConfiguration'
2023-07-07T15:12:41.544+05:30 TRACE 10928 --- [           main] o.s.b.f.s.DefaultListableBeanFactory     : Returning cached instance of singleton bean 'jsonComponentModule'
2023-07-07T15:12:41.544+05:30 TRACE 10928 --- [           main] o.s.b.f.s.DefaultListableBeanFactory     : Returning cached instance of singleton bean 'org.springframework.boot.actuate.autoconfigure.web.servlet.ServletManagementContextAutoConfiguration'
2023-07-07T15:12:41.544+05:30 TRACE 10928 --- [           main] o.s.b.f.s.DefaultListableBeanFactory     : Returning cached instance of singleton bean 'servletWebChildContextFactory'
2023-07-07T15:12:41.544+05:30 TRACE 10928 --- [           main] o.s.b.f.s.DefaultListableBeanFactory     : Returning cached instance of singleton bean 'managementServletContext'
2023-07-07T15:12:41.544+05:30 TRACE 10928 --- [           main] o.s.b.f.s.DefaultListableBeanFactory     : Returning cached instance of singleton bean 'org.springframework.boot.actuate.autoconfigure.health.HealthEndpointConfiguration'
2023-07-07T15:12:41.544+05:30 TRACE 10928 --- [           main] o.s.b.f.s.DefaultListableBeanFactory     : Returning cached instance of singleton bean 'healthStatusAggregator'
2023-07-07T15:12:41.544+05:30 TRACE 10928 --- [           main] o.s.b.f.s.DefaultListableBeanFactory     : Returning cached instance of singleton bean 'healthHttpCodeStatusMapper'
2023-07-07T15:12:41.544+05:30 TRACE 10928 --- [           main] o.s.b.f.s.DefaultListableBeanFactory     : Returning cached instance of singleton bean 'healthEndpointGroups'
2023-07-07T15:12:41.544+05:30 TRACE 10928 --- [           main] o.s.b.f.s.DefaultListableBeanFactory     : Returning cached instance of singleton bean 'healthContributorRegistry'
2023-07-07T15:12:41.544+05:30 TRACE 10928 --- [           main] o.s.b.f.s.DefaultListableBeanFactory     : Returning cached instance of singleton bean 'healthEndpointGroupMembershipValidator'
2023-07-07T15:12:41.544+05:30 TRACE 10928 --- [           main] o.s.b.f.s.DefaultListableBeanFactory     : Returning cached instance of singleton bean 'healthEndpoint'
2023-07-07T15:12:41.544+05:30 TRACE 10928 --- [           main] o.s.b.f.s.DefaultListableBeanFactory     : Returning cached instance of singleton bean 'healthEndpointGroupsBeanPostProcessor'
2023-07-07T15:12:41.544+05:30 TRACE 10928 --- [           main] o.s.b.f.s.DefaultListableBeanFactory     : Returning cached instance of singleton bean 'org.springframework.boot.actuate.autoconfigure.health.HealthEndpointWebExtensionConfiguration$MvcAdditionalHealthEndpointPathsConfiguration'
2023-07-07T15:12:41.544+05:30 TRACE 10928 --- [           main] o.s.b.f.s.DefaultListableBeanFactory     : Returning cached instance of singleton bean 'healthEndpointWebMvcHandlerMapping'
2023-07-07T15:12:41.544+05:30 TRACE 10928 --- [           main] o.s.b.f.s.DefaultListableBeanFactory     : Returning cached instance of singleton bean 'org.springframework.boot.actuate.autoconfigure.health.HealthEndpointWebExtensionConfiguration'
2023-07-07T15:12:41.544+05:30 TRACE 10928 --- [           main] o.s.b.f.s.DefaultListableBeanFactory     : Returning cached instance of singleton bean 'healthEndpointWebExtension'
2023-07-07T15:12:41.544+05:30 TRACE 10928 --- [           main] o.s.b.f.s.DefaultListableBeanFactory     : Returning cached instance of singleton bean 'org.springframework.boot.actuate.autoconfigure.health.HealthEndpointAutoConfiguration'
2023-07-07T15:12:41.544+05:30 TRACE 10928 --- [           main] o.s.b.f.s.DefaultListableBeanFactory     : Returning cached instance of singleton bean 'management.endpoint.health-org.springframework.boot.actuate.autoconfigure.health.HealthEndpointProperties'
2023-07-07T15:12:41.544+05:30 TRACE 10928 --- [           main] o.s.b.f.s.DefaultListableBeanFactory     : Returning cached instance of singleton bean 'org.springframework.boot.autoconfigure.info.ProjectInfoAutoConfiguration'
2023-07-07T15:12:41.544+05:30 TRACE 10928 --- [           main] o.s.b.f.s.DefaultListableBeanFactory     : Returning cached instance of singleton bean 'spring.info-org.springframework.boot.autoconfigure.info.ProjectInfoProperties'
2023-07-07T15:12:41.544+05:30 TRACE 10928 --- [           main] o.s.b.f.s.DefaultListableBeanFactory     : Returning cached instance of singleton bean 'org.springframework.boot.actuate.autoconfigure.info.InfoContributorAutoConfiguration'
2023-07-07T15:12:41.544+05:30 TRACE 10928 --- [           main] o.s.b.f.s.DefaultListableBeanFactory     : Returning cached instance of singleton bean 'management.info-org.springframework.boot.actuate.autoconfigure.info.InfoContributorProperties'
2023-07-07T15:12:41.544+05:30 TRACE 10928 --- [           main] o.s.b.f.s.DefaultListableBeanFactory     : Returning cached instance of singleton bean 'org.springframework.boot.actuate.autoconfigure.endpoint.EndpointAutoConfiguration'
2023-07-07T15:12:41.544+05:30 TRACE 10928 --- [           main] o.s.b.f.s.DefaultListableBeanFactory     : Returning cached instance of singleton bean 'endpointOperationParameterMapper'
2023-07-07T15:12:41.544+05:30 TRACE 10928 --- [           main] o.s.b.f.s.DefaultListableBeanFactory     : Returning cached instance of singleton bean 'endpointCachingOperationInvokerAdvisor'
2023-07-07T15:12:41.544+05:30 TRACE 10928 --- [           main] o.s.b.f.s.DefaultListableBeanFactory     : Returning cached instance of singleton bean 'org.springframework.boot.actuate.autoconfigure.endpoint.jackson.JacksonEndpointAutoConfiguration'
2023-07-07T15:12:41.544+05:30 TRACE 10928 --- [           main] o.s.b.f.s.DefaultListableBeanFactory     : Returning cached instance of singleton bean 'endpointObjectMapper'
2023-07-07T15:12:41.544+05:30 TRACE 10928 --- [           main] o.s.b.f.s.DefaultListableBeanFactory     : Returning cached instance of singleton bean 'org.springframework.boot.actuate.autoconfigure.endpoint.web.WebEndpointAutoConfiguration$WebEndpointServletConfiguration'
2023-07-07T15:12:41.544+05:30 TRACE 10928 --- [           main] o.s.b.f.s.DefaultListableBeanFactory     : Returning cached instance of singleton bean 'servletEndpointDiscoverer'
2023-07-07T15:12:41.544+05:30 TRACE 10928 --- [           main] o.s.b.f.s.DefaultListableBeanFactory     : Returning cached instance of singleton bean 'org.springframework.boot.actuate.autoconfigure.endpoint.web.WebEndpointAutoConfiguration'
2023-07-07T15:12:41.544+05:30 TRACE 10928 --- [           main] o.s.b.f.s.DefaultListableBeanFactory     : Returning cached instance of singleton bean 'webEndpointPathMapper'
2023-07-07T15:12:41.544+05:30 TRACE 10928 --- [           main] o.s.b.f.s.DefaultListableBeanFactory     : Returning cached instance of singleton bean 'endpointMediaTypes'
2023-07-07T15:12:41.544+05:30 TRACE 10928 --- [           main] o.s.b.f.s.DefaultListableBeanFactory     : Returning cached instance of singleton bean 'webEndpointDiscoverer'
2023-07-07T15:12:41.544+05:30 TRACE 10928 --- [           main] o.s.b.f.s.DefaultListableBeanFactory     : Returning cached instance of singleton bean 'controllerEndpointDiscoverer'
2023-07-07T15:12:41.544+05:30 TRACE 10928 --- [           main] o.s.b.f.s.DefaultListableBeanFactory     : Returning cached instance of singleton bean 'pathMappedEndpoints'
2023-07-07T15:12:41.544+05:30 TRACE 10928 --- [           main] o.s.b.f.s.DefaultListableBeanFactory     : Returning cached instance of singleton bean 'webExposeExcludePropertyEndpointFilter'
2023-07-07T15:12:41.544+05:30 TRACE 10928 --- [           main] o.s.b.f.s.DefaultListableBeanFactory     : Returning cached instance of singleton bean 'controllerExposeExcludePropertyEndpointFilter'
2023-07-07T15:12:41.544+05:30 TRACE 10928 --- [           main] o.s.b.f.s.DefaultListableBeanFactory     : Returning cached instance of singleton bean 'management.endpoints.web-org.springframework.boot.actuate.autoconfigure.endpoint.web.WebEndpointProperties'
2023-07-07T15:12:41.544+05:30 TRACE 10928 --- [           main] o.s.b.f.s.DefaultListableBeanFactory     : Returning cached instance of singleton bean 'org.springframework.boot.actuate.autoconfigure.system.DiskSpaceHealthContributorAutoConfiguration'
2023-07-07T15:12:41.544+05:30 TRACE 10928 --- [           main] o.s.b.f.s.DefaultListableBeanFactory     : Returning cached instance of singleton bean 'diskSpaceHealthIndicator'
2023-07-07T15:12:41.544+05:30 TRACE 10928 --- [           main] o.s.b.f.s.DefaultListableBeanFactory     : Returning cached instance of singleton bean 'management.health.diskspace-org.springframework.boot.actuate.autoconfigure.system.DiskSpaceHealthIndicatorProperties'
2023-07-07T15:12:41.544+05:30 TRACE 10928 --- [           main] o.s.b.f.s.DefaultListableBeanFactory     : Returning cached instance of singleton bean 'org.springframework.boot.actuate.autoconfigure.health.HealthContributorAutoConfiguration'
2023-07-07T15:12:41.544+05:30 TRACE 10928 --- [           main] o.s.b.f.s.DefaultListableBeanFactory     : Returning cached instance of singleton bean 'pingHealthContributor'
2023-07-07T15:12:41.544+05:30 TRACE 10928 --- [           main] o.s.b.f.s.DefaultListableBeanFactory     : Returning cached instance of singleton bean 'org.springframework.boot.actuate.autoconfigure.metrics.MetricsAutoConfiguration'
2023-07-07T15:12:41.544+05:30 TRACE 10928 --- [           main] o.s.b.f.s.DefaultListableBeanFactory     : Returning cached instance of singleton bean 'micrometerClock'
2023-07-07T15:12:41.544+05:30 TRACE 10928 --- [           main] o.s.b.f.s.DefaultListableBeanFactory     : Returning cached instance of singleton bean 'meterRegistryPostProcessor'
2023-07-07T15:12:41.544+05:30 TRACE 10928 --- [           main] o.s.b.f.s.DefaultListableBeanFactory     : Returning cached instance of singleton bean 'propertiesMeterFilter'
2023-07-07T15:12:41.544+05:30 TRACE 10928 --- [           main] o.s.b.f.s.DefaultListableBeanFactory     : Returning cached instance of singleton bean 'management.metrics-org.springframework.boot.actuate.autoconfigure.metrics.MetricsProperties'
2023-07-07T15:12:41.544+05:30 TRACE 10928 --- [           main] o.s.b.f.s.DefaultListableBeanFactory     : Returning cached instance of singleton bean 'org.springframework.boot.actuate.autoconfigure.metrics.export.simple.SimpleMetricsExportAutoConfiguration'
2023-07-07T15:12:41.544+05:30 TRACE 10928 --- [           main] o.s.b.f.s.DefaultListableBeanFactory     : Returning cached instance of singleton bean 'simpleMeterRegistry'
2023-07-07T15:12:41.544+05:30 TRACE 10928 --- [           main] o.s.b.f.s.DefaultListableBeanFactory     : Returning cached instance of singleton bean 'simpleConfig'
2023-07-07T15:12:41.544+05:30 TRACE 10928 --- [           main] o.s.b.f.s.DefaultListableBeanFactory     : Returning cached instance of singleton bean 'management.simple.metrics.export-org.springframework.boot.actuate.autoconfigure.metrics.export.simple.SimpleProperties'
2023-07-07T15:12:41.544+05:30 TRACE 10928 --- [           main] o.s.b.f.s.DefaultListableBeanFactory     : Returning cached instance of singleton bean 'org.springframework.boot.actuate.autoconfigure.metrics.CompositeMeterRegistryAutoConfiguration'
2023-07-07T15:12:41.544+05:30 TRACE 10928 --- [           main] o.s.b.f.s.DefaultListableBeanFactory     : Returning cached instance of singleton bean 'org.springframework.boot.actuate.autoconfigure.metrics.JvmMetricsAutoConfiguration'
2023-07-07T15:12:41.544+05:30 TRACE 10928 --- [           main] o.s.b.f.s.DefaultListableBeanFactory     : Returning cached instance of singleton bean 'jvmGcMetrics'
2023-07-07T15:12:41.544+05:30 TRACE 10928 --- [           main] o.s.b.f.s.DefaultListableBeanFactory     : Returning cached instance of singleton bean 'jvmHeapPressureMetrics'
2023-07-07T15:12:41.544+05:30 TRACE 10928 --- [           main] o.s.b.f.s.DefaultListableBeanFactory     : Returning cached instance of singleton bean 'jvmMemoryMetrics'
2023-07-07T15:12:41.544+05:30 TRACE 10928 --- [           main] o.s.b.f.s.DefaultListableBeanFactory     : Returning cached instance of singleton bean 'jvmThreadMetrics'
2023-07-07T15:12:41.544+05:30 TRACE 10928 --- [           main] o.s.b.f.s.DefaultListableBeanFactory     : Returning cached instance of singleton bean 'classLoaderMetrics'
2023-07-07T15:12:41.544+05:30 TRACE 10928 --- [           main] o.s.b.f.s.DefaultListableBeanFactory     : Returning cached instance of singleton bean 'jvmInfoMetrics'
2023-07-07T15:12:41.544+05:30 TRACE 10928 --- [           main] o.s.b.f.s.DefaultListableBeanFactory     : Returning cached instance of singleton bean 'jvmCompilationMetrics'
2023-07-07T15:12:41.544+05:30 TRACE 10928 --- [           main] o.s.b.f.s.DefaultListableBeanFactory     : Returning cached instance of singleton bean 'org.springframework.boot.actuate.autoconfigure.metrics.LogbackMetricsAutoConfiguration'
2023-07-07T15:12:41.544+05:30 TRACE 10928 --- [           main] o.s.b.f.s.DefaultListableBeanFactory     : Returning cached instance of singleton bean 'logbackMetrics'
2023-07-07T15:12:41.545+05:30 TRACE 10928 --- [           main] o.s.b.f.s.DefaultListableBeanFactory     : Returning cached instance of singleton bean 'org.springframework.boot.actuate.autoconfigure.metrics.SystemMetricsAutoConfiguration'
2023-07-07T15:12:41.545+05:30 TRACE 10928 --- [           main] o.s.b.f.s.DefaultListableBeanFactory     : Returning cached instance of singleton bean 'uptimeMetrics'
2023-07-07T15:12:41.545+05:30 TRACE 10928 --- [           main] o.s.b.f.s.DefaultListableBeanFactory     : Returning cached instance of singleton bean 'processorMetrics'
2023-07-07T15:12:41.545+05:30 TRACE 10928 --- [           main] o.s.b.f.s.DefaultListableBeanFactory     : Returning cached instance of singleton bean 'fileDescriptorMetrics'
2023-07-07T15:12:41.545+05:30 TRACE 10928 --- [           main] o.s.b.f.s.DefaultListableBeanFactory     : Returning cached instance of singleton bean 'diskSpaceMetrics'
2023-07-07T15:12:41.545+05:30 TRACE 10928 --- [           main] o.s.b.f.s.DefaultListableBeanFactory     : Returning cached instance of singleton bean 'org.springframework.boot.actuate.autoconfigure.metrics.integration.IntegrationMetricsAutoConfiguration'
2023-07-07T15:12:41.545+05:30 TRACE 10928 --- [           main] o.s.b.f.s.DefaultListableBeanFactory     : Returning cached instance of singleton bean 'org.springframework.boot.actuate.autoconfigure.metrics.startup.StartupTimeMetricsListenerAutoConfiguration'
2023-07-07T15:12:41.545+05:30 TRACE 10928 --- [           main] o.s.b.f.s.DefaultListableBeanFactory     : Returning cached instance of singleton bean 'startupTimeMetrics'
2023-07-07T15:12:41.545+05:30 TRACE 10928 --- [           main] o.s.b.f.s.DefaultListableBeanFactory     : Returning cached instance of singleton bean 'org.springframework.boot.autoconfigure.task.TaskSchedulingAutoConfiguration'
2023-07-07T15:12:41.545+05:30 TRACE 10928 --- [           main] o.s.b.f.s.DefaultListableBeanFactory     : Returning cached instance of singleton bean 'taskSchedulerBuilder'
2023-07-07T15:12:41.545+05:30 TRACE 10928 --- [           main] o.s.b.f.s.DefaultListableBeanFactory     : Returning cached instance of singleton bean 'spring.task.scheduling-org.springframework.boot.autoconfigure.task.TaskSchedulingProperties'
2023-07-07T15:12:41.545+05:30 TRACE 10928 --- [           main] o.s.b.f.s.DefaultListableBeanFactory     : Returning cached instance of singleton bean 'org.springframework.boot.actuate.autoconfigure.metrics.task.TaskExecutorMetricsAutoConfiguration'
2023-07-07T15:12:41.545+05:30 TRACE 10928 --- [           main] o.s.b.f.s.DefaultListableBeanFactory     : Returning cached instance of singleton bean 'org.springframework.boot.actuate.autoconfigure.metrics.web.tomcat.TomcatMetricsAutoConfiguration'
2023-07-07T15:12:41.545+05:30 TRACE 10928 --- [           main] o.s.b.f.s.DefaultListableBeanFactory     : Returning cached instance of singleton bean 'tomcatMetricsBinder'
2023-07-07T15:12:41.545+05:30 TRACE 10928 --- [           main] o.s.b.f.s.DefaultListableBeanFactory     : Returning cached instance of singleton bean 'org.springframework.boot.actuate.autoconfigure.observation.ObservationAutoConfiguration$MeterObservationHandlerConfiguration$OnlyMetricsMeterObservationHandlerConfiguration'
2023-07-07T15:12:41.545+05:30 TRACE 10928 --- [           main] o.s.b.f.s.DefaultListableBeanFactory     : Returning cached instance of singleton bean 'defaultMeterObservationHandler'
2023-07-07T15:12:41.545+05:30 TRACE 10928 --- [           main] o.s.b.f.s.DefaultListableBeanFactory     : Returning cached instance of singleton bean 'org.springframework.boot.actuate.autoconfigure.observation.ObservationAutoConfiguration$MeterObservationHandlerConfiguration'
2023-07-07T15:12:41.545+05:30 TRACE 10928 --- [           main] o.s.b.f.s.DefaultListableBeanFactory     : Returning cached instance of singleton bean 'org.springframework.boot.actuate.autoconfigure.observation.ObservationAutoConfiguration$OnlyMetricsConfiguration'
2023-07-07T15:12:41.545+05:30 TRACE 10928 --- [           main] o.s.b.f.s.DefaultListableBeanFactory     : Returning cached instance of singleton bean 'metricsObservationHandlerGrouping'
2023-07-07T15:12:41.545+05:30 TRACE 10928 --- [           main] o.s.b.f.s.DefaultListableBeanFactory     : Returning cached instance of singleton bean 'org.springframework.boot.actuate.autoconfigure.observation.ObservationAutoConfiguration'
2023-07-07T15:12:41.545+05:30 TRACE 10928 --- [           main] o.s.b.f.s.DefaultListableBeanFactory     : Returning cached instance of singleton bean 'observationRegistryPostProcessor'
2023-07-07T15:12:41.545+05:30 TRACE 10928 --- [           main] o.s.b.f.s.DefaultListableBeanFactory     : Returning cached instance of singleton bean 'observationRegistry'
2023-07-07T15:12:41.545+05:30 TRACE 10928 --- [           main] o.s.b.f.s.DefaultListableBeanFactory     : Returning cached instance of singleton bean 'management.observations-org.springframework.boot.actuate.autoconfigure.observation.ObservationProperties'
2023-07-07T15:12:41.545+05:30 TRACE 10928 --- [           main] o.s.b.f.s.DefaultListableBeanFactory     : Returning cached instance of singleton bean 'org.springframework.boot.autoconfigure.http.HttpMessageConvertersAutoConfiguration$StringHttpMessageConverterConfiguration'
2023-07-07T15:12:41.545+05:30 TRACE 10928 --- [           main] o.s.b.f.s.DefaultListableBeanFactory     : Returning cached instance of singleton bean 'stringHttpMessageConverter'
2023-07-07T15:12:41.545+05:30 TRACE 10928 --- [           main] o.s.b.f.s.DefaultListableBeanFactory     : Returning cached instance of singleton bean 'org.springframework.boot.autoconfigure.http.JacksonHttpMessageConvertersConfiguration$MappingJackson2HttpMessageConverterConfiguration'
2023-07-07T15:12:41.545+05:30 TRACE 10928 --- [           main] o.s.b.f.s.DefaultListableBeanFactory     : Returning cached instance of singleton bean 'mappingJackson2HttpMessageConverter'
2023-07-07T15:12:41.545+05:30 TRACE 10928 --- [           main] o.s.b.f.s.DefaultListableBeanFactory     : Returning cached instance of singleton bean 'org.springframework.boot.autoconfigure.http.JacksonHttpMessageConvertersConfiguration'
2023-07-07T15:12:41.545+05:30 TRACE 10928 --- [           main] o.s.b.f.s.DefaultListableBeanFactory     : Returning cached instance of singleton bean 'org.springframework.boot.autoconfigure.http.HttpMessageConvertersAutoConfiguration'
2023-07-07T15:12:41.545+05:30 TRACE 10928 --- [           main] o.s.b.f.s.DefaultListableBeanFactory     : Returning cached instance of singleton bean 'messageConverters'
2023-07-07T15:12:41.545+05:30 TRACE 10928 --- [           main] o.s.b.f.s.DefaultListableBeanFactory     : Returning cached instance of singleton bean 'org.springframework.boot.autoconfigure.web.client.RestTemplateAutoConfiguration'
2023-07-07T15:12:41.545+05:30 TRACE 10928 --- [           main] o.s.b.f.s.DefaultListableBeanFactory     : Returning cached instance of singleton bean 'org.springframework.boot.actuate.autoconfigure.observation.web.client.HttpClientObservationsAutoConfiguration$MeterFilterConfiguration'
2023-07-07T15:12:41.545+05:30 TRACE 10928 --- [           main] o.s.b.f.s.DefaultListableBeanFactory     : Returning cached instance of singleton bean 'metricsHttpClientUriTagFilter'
2023-07-07T15:12:41.545+05:30 TRACE 10928 --- [           main] o.s.b.f.s.DefaultListableBeanFactory     : Returning cached instance of singleton bean 'org.springframework.boot.actuate.autoconfigure.observation.web.client.RestTemplateObservationConfiguration'
2023-07-07T15:12:41.545+05:30 TRACE 10928 --- [           main] o.s.b.f.s.DefaultListableBeanFactory     : Returning cached instance of singleton bean 'observationRestTemplateCustomizer'
2023-07-07T15:12:41.545+05:30 TRACE 10928 --- [           main] o.s.b.f.s.DefaultListableBeanFactory     : Returning cached instance of singleton bean 'org.springframework.boot.actuate.autoconfigure.observation.web.client.HttpClientObservationsAutoConfiguration'
2023-07-07T15:12:41.545+05:30 TRACE 10928 --- [           main] o.s.b.f.s.DefaultListableBeanFactory     : Returning cached instance of singleton bean 'org.springframework.boot.actuate.autoconfigure.observation.web.servlet.WebMvcObservationAutoConfiguration$MeterFilterConfiguration'
2023-07-07T15:12:41.545+05:30 TRACE 10928 --- [           main] o.s.b.f.s.DefaultListableBeanFactory     : Returning cached instance of singleton bean 'metricsHttpServerUriTagFilter'
2023-07-07T15:12:41.545+05:30 TRACE 10928 --- [           main] o.s.b.f.s.DefaultListableBeanFactory     : Returning cached instance of singleton bean 'org.springframework.boot.actuate.autoconfigure.observation.web.servlet.WebMvcObservationAutoConfiguration'
2023-07-07T15:12:41.545+05:30 TRACE 10928 --- [           main] o.s.b.f.s.DefaultListableBeanFactory     : Returning cached instance of singleton bean 'webMvcObservationFilter'
2023-07-07T15:12:41.545+05:30 TRACE 10928 --- [           main] o.s.b.f.s.DefaultListableBeanFactory     : Returning cached instance of singleton bean 'org.springframework.boot.autoconfigure.aop.AopAutoConfiguration$ClassProxyingConfiguration'
2023-07-07T15:12:41.545+05:30 TRACE 10928 --- [           main] o.s.b.f.s.DefaultListableBeanFactory     : Returning cached instance of singleton bean 'forceAutoProxyCreatorToUseClassProxying'
2023-07-07T15:12:41.545+05:30 TRACE 10928 --- [           main] o.s.b.f.s.DefaultListableBeanFactory     : Returning cached instance of singleton bean 'org.springframework.boot.autoconfigure.aop.AopAutoConfiguration'
2023-07-07T15:12:41.545+05:30 TRACE 10928 --- [           main] o.s.b.f.s.DefaultListableBeanFactory     : Returning cached instance of singleton bean 'org.springframework.boot.autoconfigure.context.ConfigurationPropertiesAutoConfiguration'
2023-07-07T15:12:41.545+05:30 TRACE 10928 --- [           main] o.s.b.f.s.DefaultListableBeanFactory     : Returning cached instance of singleton bean 'org.springframework.boot.autoconfigure.context.LifecycleAutoConfiguration'
2023-07-07T15:12:41.545+05:30 TRACE 10928 --- [           main] o.s.b.f.s.DefaultListableBeanFactory     : Returning cached instance of singleton bean 'lifecycleProcessor'
2023-07-07T15:12:41.545+05:30 TRACE 10928 --- [           main] o.s.b.f.s.DefaultListableBeanFactory     : Returning cached instance of singleton bean 'spring.lifecycle-org.springframework.boot.autoconfigure.context.LifecycleProperties'
2023-07-07T15:12:41.545+05:30 TRACE 10928 --- [           main] o.s.b.f.s.DefaultListableBeanFactory     : Returning cached instance of singleton bean 'org.springframework.boot.autoconfigure.sql.init.SqlInitializationAutoConfiguration'
2023-07-07T15:12:41.545+05:30 TRACE 10928 --- [           main] o.s.b.f.s.DefaultListableBeanFactory     : Returning cached instance of singleton bean 'spring.sql.init-org.springframework.boot.autoconfigure.sql.init.SqlInitializationProperties'
2023-07-07T15:12:41.545+05:30 TRACE 10928 --- [           main] o.s.b.f.s.DefaultListableBeanFactory     : Returning cached instance of singleton bean 'org.springframework.boot.sql.init.dependency.DatabaseInitializationDependencyConfigurer$DependsOnDatabaseInitializationPostProcessor'
2023-07-07T15:12:41.545+05:30 TRACE 10928 --- [           main] o.s.b.f.s.DefaultListableBeanFactory     : Returning cached instance of singleton bean 'org.springframework.boot.autoconfigure.web.servlet.HttpEncodingAutoConfiguration'
2023-07-07T15:12:41.545+05:30 TRACE 10928 --- [           main] o.s.b.f.s.DefaultListableBeanFactory     : Returning cached instance of singleton bean 'characterEncodingFilter'
2023-07-07T15:12:41.545+05:30 TRACE 10928 --- [           main] o.s.b.f.s.DefaultListableBeanFactory     : Returning cached instance of singleton bean 'localeCharsetMappingsCustomizer'
2023-07-07T15:12:41.545+05:30 TRACE 10928 --- [           main] o.s.b.f.s.DefaultListableBeanFactory     : Returning cached instance of singleton bean 'org.springframework.boot.autoconfigure.web.servlet.MultipartAutoConfiguration'
2023-07-07T15:12:41.545+05:30 TRACE 10928 --- [           main] o.s.b.f.s.DefaultListableBeanFactory     : Returning cached instance of singleton bean 'multipartConfigElement'
2023-07-07T15:12:41.545+05:30 TRACE 10928 --- [           main] o.s.b.f.s.DefaultListableBeanFactory     : Returning cached instance of singleton bean 'multipartResolver'
2023-07-07T15:12:41.545+05:30 TRACE 10928 --- [           main] o.s.b.f.s.DefaultListableBeanFactory     : Returning cached instance of singleton bean 'spring.servlet.multipart-org.springframework.boot.autoconfigure.web.servlet.MultipartProperties'
2023-07-07T15:12:41.545+05:30 TRACE 10928 --- [           main] o.s.b.f.s.DefaultListableBeanFactory     : Returning cached instance of singleton bean 'org.springframework.boot.actuate.autoconfigure.endpoint.web.ServletEndpointManagementContextConfiguration$WebMvcServletEndpointManagementContextConfiguration'
2023-07-07T15:12:41.545+05:30 TRACE 10928 --- [           main] o.s.b.f.s.DefaultListableBeanFactory     : Returning cached instance of singleton bean 'servletEndpointRegistrar'
2023-07-07T15:12:41.545+05:30 TRACE 10928 --- [           main] o.s.b.f.s.DefaultListableBeanFactory     : Returning cached instance of singleton bean 'org.springframework.boot.actuate.autoconfigure.endpoint.web.ServletEndpointManagementContextConfiguration'
2023-07-07T15:12:41.545+05:30 TRACE 10928 --- [           main] o.s.b.f.s.DefaultListableBeanFactory     : Returning cached instance of singleton bean 'servletExposeExcludePropertyEndpointFilter'
2023-07-07T15:12:41.545+05:30 TRACE 10928 --- [           main] o.s.b.f.s.DefaultListableBeanFactory     : Returning cached instance of singleton bean 'org.springframework.boot.actuate.autoconfigure.endpoint.web.servlet.WebMvcEndpointManagementContextConfiguration'
2023-07-07T15:12:41.546+05:30 TRACE 10928 --- [           main] o.s.b.f.s.DefaultListableBeanFactory     : Returning cached instance of singleton bean 'webEndpointServletHandlerMapping'
2023-07-07T15:12:41.546+05:30 TRACE 10928 --- [           main] o.s.b.f.s.DefaultListableBeanFactory     : Returning cached instance of singleton bean 'controllerEndpointHandlerMapping'
2023-07-07T15:12:41.546+05:30 TRACE 10928 --- [           main] o.s.b.f.s.DefaultListableBeanFactory     : Returning cached instance of singleton bean 'endpointObjectMapperWebMvcConfigurer'
2023-07-07T15:12:41.546+05:30 TRACE 10928 --- [           main] o.s.b.f.s.DefaultListableBeanFactory     : Returning cached instance of singleton bean 'management.endpoints.web.cors-org.springframework.boot.actuate.autoconfigure.endpoint.web.CorsEndpointProperties'
2023-07-07T15:12:41.546+05:30 TRACE 10928 --- [           main] o.s.b.f.s.DefaultListableBeanFactory     : Returning cached instance of singleton bean 'org.springframework.boot.actuate.autoconfigure.web.server.ManagementContextAutoConfiguration$SameManagementContextConfiguration$EnableSameManagementContextConfiguration'
2023-07-07T15:12:41.546+05:30 TRACE 10928 --- [           main] o.s.b.f.s.DefaultListableBeanFactory     : Returning cached instance of singleton bean 'org.springframework.boot.actuate.autoconfigure.web.server.ManagementContextAutoConfiguration$SameManagementContextConfiguration'
2023-07-07T15:12:41.546+05:30 TRACE 10928 --- [           main] o.s.b.f.s.DefaultListableBeanFactory     : Returning cached instance of singleton bean 'org.springframework.boot.actuate.autoconfigure.web.server.ManagementContextAutoConfiguration'
2023-07-07T15:12:41.546+05:30 TRACE 10928 --- [           main] o.s.b.f.s.DefaultListableBeanFactory     : Returning cached instance of singleton bean 'management.server-org.springframework.boot.actuate.autoconfigure.web.server.ManagementServerProperties'
2023-07-07T15:12:41.546+05:30 TRACE 10928 --- [           main] o.s.b.f.s.DefaultListableBeanFactory     : Returning cached instance of singleton bean 'org.springframework.aop.config.internalAutoProxyCreator'
2023-07-07T15:12:41.546+05:30 TRACE 10928 --- [           main] o.s.b.f.s.DefaultListableBeanFactory     : Returning cached instance of singleton bean 'org.springframework.boot.test.mock.mockito.MockitoBeans'
2023-07-07T15:12:41.548+05:30 TRACE 10928 --- [           main] o.s.test.context.TestContextManager      : beforeTestExecution(): instance [com.udemy.learnspringboot.LearnSpringBootApplicationTests@72ce812e], method [void com.udemy.learnspringboot.LearnSpringBootApplicationTests.contextLoads()]
2023-07-07T15:12:41.549+05:30 TRACE 10928 --- [           main] c.DefaultCacheAwareContextLoaderDelegate : Retrieved ApplicationContext [5255258] from cache with key [WebMergedContextConfiguration@382dc417 testClass = com.udemy.learnspringboot.LearnSpringBootApplicationTests, locations = [], classes = [com.udemy.learnspringboot.LearnSpringBootApplication], contextInitializerClasses = [], activeProfiles = [], propertySourceLocations = [], propertySourceProperties = ["org.springframework.boot.test.context.SpringBootTestContextBootstrapper=true"], contextCustomizers = [org.springframework.boot.test.context.filter.ExcludeFilterContextCustomizer@548a24a, org.springframework.boot.test.json.DuplicateJsonObjectContextCustomizerFactory$DuplicateJsonObjectContextCustomizer@533bda92, org.springframework.boot.test.mock.mockito.MockitoContextCustomizer@0, org.springframework.boot.test.web.client.TestRestTemplateContextCustomizer@1a245833, org.springframework.boot.test.autoconfigure.actuate.observability.ObservabilityContextCustomizerFactory$DisableObservabilityContextCustomizer@1f, org.springframework.boot.test.autoconfigure.properties.PropertyMappingContextCustomizer@0, org.springframework.boot.test.autoconfigure.web.servlet.WebDriverContextCustomizerFactory$Customizer@14fc5f04, org.springframework.boot.test.context.SpringBootTestAnnotation@844cd672], resourceBasePath = "src/main/webapp", contextLoader = org.springframework.boot.test.context.SpringBootContextLoader, parent = null]
2023-07-07T15:12:41.549+05:30 DEBUG 10928 --- [           main] org.springframework.test.context.cache   : Spring test ApplicationContext cache statistics: [DefaultContextCache@3daf03d8 size = 1, maxSize = 32, parentContextCount = 0, hitCount = 5, missCount = 1]
2023-07-07T15:12:41.549+05:30 TRACE 10928 --- [           main] o.s.b.f.s.DefaultListableBeanFactory     : Returning cached instance of singleton bean 'startupTimeMetrics'
2023-07-07T15:12:41.556+05:30 TRACE 10928 --- [           main] o.s.test.context.TestContextManager      : afterTestExecution(): instance [com.udemy.learnspringboot.LearnSpringBootApplicationTests@72ce812e], method [void com.udemy.learnspringboot.LearnSpringBootApplicationTests.contextLoads()], exception [null]
2023-07-07T15:12:41.557+05:30 TRACE 10928 --- [           main] c.DefaultCacheAwareContextLoaderDelegate : Retrieved ApplicationContext [5255258] from cache with key [WebMergedContextConfiguration@382dc417 testClass = com.udemy.learnspringboot.LearnSpringBootApplicationTests, locations = [], classes = [com.udemy.learnspringboot.LearnSpringBootApplication], contextInitializerClasses = [], activeProfiles = [], propertySourceLocations = [], propertySourceProperties = ["org.springframework.boot.test.context.SpringBootTestContextBootstrapper=true"], contextCustomizers = [org.springframework.boot.test.context.filter.ExcludeFilterContextCustomizer@548a24a, org.springframework.boot.test.json.DuplicateJsonObjectContextCustomizerFactory$DuplicateJsonObjectContextCustomizer@533bda92, org.springframework.boot.test.mock.mockito.MockitoContextCustomizer@0, org.springframework.boot.test.web.client.TestRestTemplateContextCustomizer@1a245833, org.springframework.boot.test.autoconfigure.actuate.observability.ObservabilityContextCustomizerFactory$DisableObservabilityContextCustomizer@1f, org.springframework.boot.test.autoconfigure.properties.PropertyMappingContextCustomizer@0, org.springframework.boot.test.autoconfigure.web.servlet.WebDriverContextCustomizerFactory$Customizer@14fc5f04, org.springframework.boot.test.context.SpringBootTestAnnotation@844cd672], resourceBasePath = "src/main/webapp", contextLoader = org.springframework.boot.test.context.SpringBootContextLoader, parent = null]
2023-07-07T15:12:41.557+05:30 DEBUG 10928 --- [           main] org.springframework.test.context.cache   : Spring test ApplicationContext cache statistics: [DefaultContextCache@3daf03d8 size = 1, maxSize = 32, parentContextCount = 0, hitCount = 6, missCount = 1]
2023-07-07T15:12:41.558+05:30 TRACE 10928 --- [           main] o.s.b.f.s.DefaultListableBeanFactory     : Returning cached instance of singleton bean 'startupTimeMetrics'
2023-07-07T15:12:41.559+05:30 TRACE 10928 --- [           main] o.s.test.context.TestContextManager      : afterTestMethod(): instance [com.udemy.learnspringboot.LearnSpringBootApplicationTests@72ce812e], method [void com.udemy.learnspringboot.LearnSpringBootApplicationTests.contextLoads()], exception [null]
2023-07-07T15:12:41.559+05:30 TRACE 10928 --- [           main] c.DefaultCacheAwareContextLoaderDelegate : Retrieved ApplicationContext [5255258] from cache with key [WebMergedContextConfiguration@382dc417 testClass = com.udemy.learnspringboot.LearnSpringBootApplicationTests, locations = [], classes = [com.udemy.learnspringboot.LearnSpringBootApplication], contextInitializerClasses = [], activeProfiles = [], propertySourceLocations = [], propertySourceProperties = ["org.springframework.boot.test.context.SpringBootTestContextBootstrapper=true"], contextCustomizers = [org.springframework.boot.test.context.filter.ExcludeFilterContextCustomizer@548a24a, org.springframework.boot.test.json.DuplicateJsonObjectContextCustomizerFactory$DuplicateJsonObjectContextCustomizer@533bda92, org.springframework.boot.test.mock.mockito.MockitoContextCustomizer@0, org.springframework.boot.test.web.client.TestRestTemplateContextCustomizer@1a245833, org.springframework.boot.test.autoconfigure.actuate.observability.ObservabilityContextCustomizerFactory$DisableObservabilityContextCustomizer@1f, org.springframework.boot.test.autoconfigure.properties.PropertyMappingContextCustomizer@0, org.springframework.boot.test.autoconfigure.web.servlet.WebDriverContextCustomizerFactory$Customizer@14fc5f04, org.springframework.boot.test.context.SpringBootTestAnnotation@844cd672], resourceBasePath = "src/main/webapp", contextLoader = org.springframework.boot.test.context.SpringBootContextLoader, parent = null]
2023-07-07T15:12:41.559+05:30 DEBUG 10928 --- [           main] org.springframework.test.context.cache   : Spring test ApplicationContext cache statistics: [DefaultContextCache@3daf03d8 size = 1, maxSize = 32, parentContextCount = 0, hitCount = 7, missCount = 1]
2023-07-07T15:12:41.559+05:30 TRACE 10928 --- [           main] c.DefaultCacheAwareContextLoaderDelegate : Retrieved ApplicationContext [5255258] from cache with key [WebMergedContextConfiguration@382dc417 testClass = com.udemy.learnspringboot.LearnSpringBootApplicationTests, locations = [], classes = [com.udemy.learnspringboot.LearnSpringBootApplication], contextInitializerClasses = [], activeProfiles = [], propertySourceLocations = [], propertySourceProperties = ["org.springframework.boot.test.context.SpringBootTestContextBootstrapper=true"], contextCustomizers = [org.springframework.boot.test.context.filter.ExcludeFilterContextCustomizer@548a24a, org.springframework.boot.test.json.DuplicateJsonObjectContextCustomizerFactory$DuplicateJsonObjectContextCustomizer@533bda92, org.springframework.boot.test.mock.mockito.MockitoContextCustomizer@0, org.springframework.boot.test.web.client.TestRestTemplateContextCustomizer@1a245833, org.springframework.boot.test.autoconfigure.actuate.observability.ObservabilityContextCustomizerFactory$DisableObservabilityContextCustomizer@1f, org.springframework.boot.test.autoconfigure.properties.PropertyMappingContextCustomizer@0, org.springframework.boot.test.autoconfigure.web.servlet.WebDriverContextCustomizerFactory$Customizer@14fc5f04, org.springframework.boot.test.context.SpringBootTestAnnotation@844cd672], resourceBasePath = "src/main/webapp", contextLoader = org.springframework.boot.test.context.SpringBootContextLoader, parent = null]
2023-07-07T15:12:41.559+05:30 DEBUG 10928 --- [           main] org.springframework.test.context.cache   : Spring test ApplicationContext cache statistics: [DefaultContextCache@3daf03d8 size = 1, maxSize = 32, parentContextCount = 0, hitCount = 8, missCount = 1]
2023-07-07T15:12:41.560+05:30 TRACE 10928 --- [           main] o.s.b.f.s.DefaultListableBeanFactory     : No bean named 'org.springframework.boot.test.autoconfigure.web.servlet.SpringBootMockMvcBuilderCustomizer$DeferredLinesWriter' found in org.springframework.beans.factory.support.DefaultListableBeanFactory@76304b46: defining beans [org.springframework.boot.test.mock.mockito.MockitoPostProcessor$SpyPostProcessor,org.springframework.boot.test.mock.mockito.MockitoPostProcessor,org.springframework.context.annotation.internalConfigurationAnnotationProcessor,org.springframework.context.annotation.internalAutowiredAnnotationProcessor,org.springframework.context.annotation.internalCommonAnnotationProcessor,org.springframework.context.event.internalEventListenerProcessor,org.springframework.context.event.internalEventListenerFactory,learnSpringBootApplication,org.springframework.boot.autoconfigure.internalCachingMetadataReaderFactory,courseController,currencyConfigurationController,currencyServiceConfiguration,org.springframework.boot.autoconfigure.AutoConfigurationPackages,org.springframework.boot.autoconfigure.context.PropertyPlaceholderAutoConfiguration,propertySourcesPlaceholderConfigurer,org.springframework.boot.autoconfigure.ssl.SslAutoConfiguration,sslPropertiesSslBundleRegistrar,sslBundleRegistry,org.springframework.boot.context.properties.ConfigurationPropertiesBindingPostProcessor,org.springframework.boot.context.internalConfigurationPropertiesBinder,org.springframework.boot.context.properties.BoundConfigurationProperties,org.springframework.boot.context.properties.EnableConfigurationPropertiesRegistrar.methodValidationExcludeFilter,spring.ssl-org.springframework.boot.autoconfigure.ssl.SslProperties,org.springframework.boot.autoconfigure.websocket.servlet.WebSocketServletAutoConfiguration$TomcatWebSocketConfiguration,websocketServletWebServerCustomizer,org.springframework.boot.autoconfigure.websocket.servlet.WebSocketServletAutoConfiguration,org.springframework.boot.autoconfigure.web.servlet.ServletWebServerFactoryConfiguration$EmbeddedTomcat,tomcatServletWebServerFactory,org.springframework.boot.autoconfigure.web.servlet.ServletWebServerFactoryAutoConfiguration,servletWebServerFactoryCustomizer,tomcatServletWebServerFactoryCustomizer,server-org.springframework.boot.autoconfigure.web.ServerProperties,webServerFactoryCustomizerBeanPostProcessor,errorPageRegistrarBeanPostProcessor,org.springframework.boot.autoconfigure.web.servlet.DispatcherServletAutoConfiguration$DispatcherServletConfiguration,dispatcherServlet,spring.mvc-org.springframework.boot.autoconfigure.web.servlet.WebMvcProperties,org.springframework.boot.autoconfigure.web.servlet.DispatcherServletAutoConfiguration$DispatcherServletRegistrationConfiguration,dispatcherServletRegistration,org.springframework.boot.autoconfigure.web.servlet.DispatcherServletAutoConfiguration,org.springframework.boot.autoconfigure.task.TaskExecutionAutoConfiguration,taskExecutorBuilder,applicationTaskExecutor,spring.task.execution-org.springframework.boot.autoconfigure.task.TaskExecutionProperties,org.springframework.boot.autoconfigure.web.servlet.error.ErrorMvcAutoConfiguration$WhitelabelErrorViewConfiguration,error,beanNameViewResolver,org.springframework.boot.autoconfigure.web.servlet.error.ErrorMvcAutoConfiguration$DefaultErrorViewResolverConfiguration,conventionErrorViewResolver,spring.web-org.springframework.boot.autoconfigure.web.WebProperties,org.springframework.boot.autoconfigure.web.servlet.error.ErrorMvcAutoConfiguration,errorAttributes,basicErrorController,errorPageCustomizer,preserveErrorControllerTargetClassPostProcessor,org.springframework.boot.autoconfigure.web.servlet.WebMvcAutoConfiguration$EnableWebMvcConfiguration,requestMappingHandlerAdapter,welcomePageHandlerMapping,welcomePageNotAcceptableHandlerMapping,localeResolver,themeResolver,flashMapManager,mvcConversionService,mvcValidator,mvcContentNegotiationManager,requestMappingHandlerMapping,mvcPatternParser,mvcUrlPathHelper,mvcPathMatcher,viewControllerHandlerMapping,beanNameHandlerMapping,routerFunctionMapping,resourceHandlerMapping,mvcResourceUrlProvider,defaultServletHandlerMapping,handlerFunctionAdapter,mvcUriComponentsContributor,httpRequestHandlerAdapter,simpleControllerHandlerAdapter,handlerExceptionResolver,mvcViewResolver,mvcHandlerMappingIntrospector,viewNameTranslator,org.springframework.boot.autoconfigure.web.servlet.WebMvcAutoConfiguration$WebMvcAutoConfigurationAdapter,defaultViewResolver,viewResolver,requestContextFilter,org.springframework.boot.autoconfigure.web.servlet.WebMvcAutoConfiguration,formContentFilter,org.springframework.boot.autoconfigure.availability.ApplicationAvailabilityAutoConfiguration,applicationAvailability,org.springframework.boot.actuate.autoconfigure.availability.AvailabilityHealthContributorAutoConfiguration,org.springframework.boot.autoconfigure.jackson.JacksonAutoConfiguration$Jackson2ObjectMapperBuilderCustomizerConfiguration,standardJacksonObjectMapperBuilderCustomizer,spring.jackson-org.springframework.boot.autoconfigure.jackson.JacksonProperties,org.springframework.boot.autoconfigure.jackson.JacksonAutoConfiguration$JacksonObjectMapperBuilderConfiguration,jacksonObjectMapperBuilder,org.springframework.boot.autoconfigure.jackson.JacksonAutoConfiguration$ParameterNamesModuleConfiguration,parameterNamesModule,org.springframework.boot.autoconfigure.jackson.JacksonAutoConfiguration$JacksonObjectMapperConfiguration,jacksonObjectMapper,org.springframework.boot.autoconfigure.jackson.JacksonAutoConfiguration$JacksonMixinConfiguration,jsonMixinModuleEntries,jsonMixinModule,org.springframework.boot.autoconfigure.jackson.JacksonAutoConfiguration,jsonComponentModule,org.springframework.boot.actuate.autoconfigure.web.servlet.ServletManagementContextAutoConfiguration,servletWebChildContextFactory,managementServletContext,org.springframework.boot.actuate.autoconfigure.health.HealthEndpointConfiguration,healthStatusAggregator,healthHttpCodeStatusMapper,healthEndpointGroups,healthContributorRegistry,healthEndpointGroupMembershipValidator,healthEndpoint,healthEndpointGroupsBeanPostProcessor,org.springframework.boot.actuate.autoconfigure.health.HealthEndpointWebExtensionConfiguration$MvcAdditionalHealthEndpointPathsConfiguration,healthEndpointWebMvcHandlerMapping,org.springframework.boot.actuate.autoconfigure.health.HealthEndpointWebExtensionConfiguration,healthEndpointWebExtension,org.springframework.boot.actuate.autoconfigure.health.HealthEndpointAutoConfiguration,management.endpoint.health-org.springframework.boot.actuate.autoconfigure.health.HealthEndpointProperties,org.springframework.boot.autoconfigure.info.ProjectInfoAutoConfiguration,spring.info-org.springframework.boot.autoconfigure.info.ProjectInfoProperties,org.springframework.boot.actuate.autoconfigure.info.InfoContributorAutoConfiguration,management.info-org.springframework.boot.actuate.autoconfigure.info.InfoContributorProperties,org.springframework.boot.actuate.autoconfigure.endpoint.EndpointAutoConfiguration,endpointOperationParameterMapper,endpointCachingOperationInvokerAdvisor,org.springframework.boot.actuate.autoconfigure.endpoint.jackson.JacksonEndpointAutoConfiguration,endpointObjectMapper,org.springframework.boot.actuate.autoconfigure.endpoint.web.WebEndpointAutoConfiguration$WebEndpointServletConfiguration,servletEndpointDiscoverer,org.springframework.boot.actuate.autoconfigure.endpoint.web.WebEndpointAutoConfiguration,webEndpointPathMapper,endpointMediaTypes,webEndpointDiscoverer,controllerEndpointDiscoverer,pathMappedEndpoints,webExposeExcludePropertyEndpointFilter,controllerExposeExcludePropertyEndpointFilter,management.endpoints.web-org.springframework.boot.actuate.autoconfigure.endpoint.web.WebEndpointProperties,org.springframework.boot.actuate.autoconfigure.system.DiskSpaceHealthContributorAutoConfiguration,diskSpaceHealthIndicator,management.health.diskspace-org.springframework.boot.actuate.autoconfigure.system.DiskSpaceHealthIndicatorProperties,org.springframework.boot.actuate.autoconfigure.health.HealthContributorAutoConfiguration,pingHealthContributor,org.springframework.boot.actuate.autoconfigure.metrics.MetricsAutoConfiguration,micrometerClock,meterRegistryPostProcessor,propertiesMeterFilter,management.metrics-org.springframework.boot.actuate.autoconfigure.metrics.MetricsProperties,org.springframework.boot.actuate.autoconfigure.metrics.export.simple.SimpleMetricsExportAutoConfiguration,simpleMeterRegistry,simpleConfig,management.simple.metrics.export-org.springframework.boot.actuate.autoconfigure.metrics.export.simple.SimpleProperties,org.springframework.boot.actuate.autoconfigure.metrics.CompositeMeterRegistryAutoConfiguration,org.springframework.boot.actuate.autoconfigure.metrics.JvmMetricsAutoConfiguration,jvmGcMetrics,jvmHeapPressureMetrics,jvmMemoryMetrics,jvmThreadMetrics,classLoaderMetrics,jvmInfoMetrics,jvmCompilationMetrics,org.springframework.boot.actuate.autoconfigure.metrics.LogbackMetricsAutoConfiguration,logbackMetrics,org.springframework.boot.actuate.autoconfigure.metrics.SystemMetricsAutoConfiguration,uptimeMetrics,processorMetrics,fileDescriptorMetrics,diskSpaceMetrics,org.springframework.boot.actuate.autoconfigure.metrics.integration.IntegrationMetricsAutoConfiguration,org.springframework.boot.actuate.autoconfigure.metrics.startup.StartupTimeMetricsListenerAutoConfiguration,startupTimeMetrics,org.springframework.boot.autoconfigure.task.TaskSchedulingAutoConfiguration,taskSchedulerBuilder,spring.task.scheduling-org.springframework.boot.autoconfigure.task.TaskSchedulingProperties,org.springframework.boot.actuate.autoconfigure.metrics.task.TaskExecutorMetricsAutoConfiguration,org.springframework.boot.actuate.autoconfigure.metrics.web.tomcat.TomcatMetricsAutoConfiguration,tomcatMetricsBinder,org.springframework.boot.actuate.autoconfigure.observation.ObservationAutoConfiguration$MeterObservationHandlerConfiguration$OnlyMetricsMeterObservationHandlerConfiguration,defaultMeterObservationHandler,org.springframework.boot.actuate.autoconfigure.observation.ObservationAutoConfiguration$MeterObservationHandlerConfiguration,org.springframework.boot.actuate.autoconfigure.observation.ObservationAutoConfiguration$OnlyMetricsConfiguration,metricsObservationHandlerGrouping,org.springframework.boot.actuate.autoconfigure.observation.ObservationAutoConfiguration,observationRegistryPostProcessor,observationRegistry,management.observations-org.springframework.boot.actuate.autoconfigure.observation.ObservationProperties,org.springframework.boot.autoconfigure.http.HttpMessageConvertersAutoConfiguration$StringHttpMessageConverterConfiguration,stringHttpMessageConverter,org.springframework.boot.autoconfigure.http.JacksonHttpMessageConvertersConfiguration$MappingJackson2HttpMessageConverterConfiguration,mappingJackson2HttpMessageConverter,org.springframework.boot.autoconfigure.http.JacksonHttpMessageConvertersConfiguration,org.springframework.boot.autoconfigure.http.HttpMessageConvertersAutoConfiguration,messageConverters,org.springframework.boot.autoconfigure.web.client.RestTemplateAutoConfiguration,restTemplateBuilderConfigurer,restTemplateBuilder,org.springframework.boot.actuate.autoconfigure.observation.web.client.HttpClientObservationsAutoConfiguration$MeterFilterConfiguration,metricsHttpClientUriTagFilter,org.springframework.boot.actuate.autoconfigure.observation.web.client.RestTemplateObservationConfiguration,observationRestTemplateCustomizer,org.springframework.boot.actuate.autoconfigure.observation.web.client.HttpClientObservationsAutoConfiguration,org.springframework.boot.actuate.autoconfigure.observation.web.servlet.WebMvcObservationAutoConfiguration$MeterFilterConfiguration,metricsHttpServerUriTagFilter,org.springframework.boot.actuate.autoconfigure.observation.web.servlet.WebMvcObservationAutoConfiguration,webMvcObservationFilter,org.springframework.boot.autoconfigure.aop.AopAutoConfiguration$ClassProxyingConfiguration,forceAutoProxyCreatorToUseClassProxying,org.springframework.boot.autoconfigure.aop.AopAutoConfiguration,org.springframework.boot.autoconfigure.context.ConfigurationPropertiesAutoConfiguration,org.springframework.boot.autoconfigure.context.LifecycleAutoConfiguration,lifecycleProcessor,spring.lifecycle-org.springframework.boot.autoconfigure.context.LifecycleProperties,org.springframework.boot.autoconfigure.sql.init.SqlInitializationAutoConfiguration,spring.sql.init-org.springframework.boot.autoconfigure.sql.init.SqlInitializationProperties,org.springframework.boot.sql.init.dependency.DatabaseInitializationDependencyConfigurer$DependsOnDatabaseInitializationPostProcessor,org.springframework.boot.autoconfigure.web.servlet.HttpEncodingAutoConfiguration,characterEncodingFilter,localeCharsetMappingsCustomizer,org.springframework.boot.autoconfigure.web.servlet.MultipartAutoConfiguration,multipartConfigElement,multipartResolver,spring.servlet.multipart-org.springframework.boot.autoconfigure.web.servlet.MultipartProperties,org.springframework.boot.actuate.autoconfigure.endpoint.web.ServletEndpointManagementContextConfiguration$WebMvcServletEndpointManagementContextConfiguration,servletEndpointRegistrar,org.springframework.boot.actuate.autoconfigure.endpoint.web.ServletEndpointManagementContextConfiguration,servletExposeExcludePropertyEndpointFilter,org.springframework.boot.actuate.autoconfigure.endpoint.web.servlet.WebMvcEndpointManagementContextConfiguration,webEndpointServletHandlerMapping,controllerEndpointHandlerMapping,endpointObjectMapperWebMvcConfigurer,management.endpoints.web.cors-org.springframework.boot.actuate.autoconfigure.endpoint.web.CorsEndpointProperties,org.springframework.boot.actuate.autoconfigure.web.server.ManagementContextAutoConfiguration$SameManagementContextConfiguration$EnableSameManagementContextConfiguration,org.springframework.boot.actuate.autoconfigure.web.server.ManagementContextAutoConfiguration$SameManagementContextConfiguration,org.springframework.boot.actuate.autoconfigure.web.server.ManagementContextAutoConfiguration,management.server-org.springframework.boot.actuate.autoconfigure.web.server.ManagementServerProperties,org.springframework.aop.config.internalAutoProxyCreator]; root of factory hierarchy
2023-07-07T15:12:41.561+05:30 TRACE 10928 --- [           main] c.DefaultCacheAwareContextLoaderDelegate : Retrieved ApplicationContext [5255258] from cache with key [WebMergedContextConfiguration@382dc417 testClass = com.udemy.learnspringboot.LearnSpringBootApplicationTests, locations = [], classes = [com.udemy.learnspringboot.LearnSpringBootApplication], contextInitializerClasses = [], activeProfiles = [], propertySourceLocations = [], propertySourceProperties = ["org.springframework.boot.test.context.SpringBootTestContextBootstrapper=true"], contextCustomizers = [org.springframework.boot.test.context.filter.ExcludeFilterContextCustomizer@548a24a, org.springframework.boot.test.json.DuplicateJsonObjectContextCustomizerFactory$DuplicateJsonObjectContextCustomizer@533bda92, org.springframework.boot.test.mock.mockito.MockitoContextCustomizer@0, org.springframework.boot.test.web.client.TestRestTemplateContextCustomizer@1a245833, org.springframework.boot.test.autoconfigure.actuate.observability.ObservabilityContextCustomizerFactory$DisableObservabilityContextCustomizer@1f, org.springframework.boot.test.autoconfigure.properties.PropertyMappingContextCustomizer@0, org.springframework.boot.test.autoconfigure.web.servlet.WebDriverContextCustomizerFactory$Customizer@14fc5f04, org.springframework.boot.test.context.SpringBootTestAnnotation@844cd672], resourceBasePath = "src/main/webapp", contextLoader = org.springframework.boot.test.context.SpringBootContextLoader, parent = null]
2023-07-07T15:12:41.561+05:30 DEBUG 10928 --- [           main] org.springframework.test.context.cache   : Spring test ApplicationContext cache statistics: [DefaultContextCache@3daf03d8 size = 1, maxSize = 32, parentContextCount = 0, hitCount = 9, missCount = 1]
2023-07-07T15:12:41.562+05:30 TRACE 10928 --- [           main] c.DefaultCacheAwareContextLoaderDelegate : Retrieved ApplicationContext [5255258] from cache with key [WebMergedContextConfiguration@382dc417 testClass = com.udemy.learnspringboot.LearnSpringBootApplicationTests, locations = [], classes = [com.udemy.learnspringboot.LearnSpringBootApplication], contextInitializerClasses = [], activeProfiles = [], propertySourceLocations = [], propertySourceProperties = ["org.springframework.boot.test.context.SpringBootTestContextBootstrapper=true"], contextCustomizers = [org.springframework.boot.test.context.filter.ExcludeFilterContextCustomizer@548a24a, org.springframework.boot.test.json.DuplicateJsonObjectContextCustomizerFactory$DuplicateJsonObjectContextCustomizer@533bda92, org.springframework.boot.test.mock.mockito.MockitoContextCustomizer@0, org.springframework.boot.test.web.client.TestRestTemplateContextCustomizer@1a245833, org.springframework.boot.test.autoconfigure.actuate.observability.ObservabilityContextCustomizerFactory$DisableObservabilityContextCustomizer@1f, org.springframework.boot.test.autoconfigure.properties.PropertyMappingContextCustomizer@0, org.springframework.boot.test.autoconfigure.web.servlet.WebDriverContextCustomizerFactory$Customizer@14fc5f04, org.springframework.boot.test.context.SpringBootTestAnnotation@844cd672], resourceBasePath = "src/main/webapp", contextLoader = org.springframework.boot.test.context.SpringBootContextLoader, parent = null]
2023-07-07T15:12:41.562+05:30 DEBUG 10928 --- [           main] org.springframework.test.context.cache   : Spring test ApplicationContext cache statistics: [DefaultContextCache@3daf03d8 size = 1, maxSize = 32, parentContextCount = 0, hitCount = 10, missCount = 1]
2023-07-07T15:12:41.562+05:30 TRACE 10928 --- [           main] o.s.b.f.s.DefaultListableBeanFactory     : Returning cached instance of singleton bean 'org.springframework.boot.test.mock.mockito.MockitoPostProcessor$SpyPostProcessor'
2023-07-07T15:12:41.562+05:30 TRACE 10928 --- [           main] o.s.b.f.s.DefaultListableBeanFactory     : Returning cached instance of singleton bean 'org.springframework.boot.test.mock.mockito.MockitoPostProcessor'
2023-07-07T15:12:41.562+05:30 TRACE 10928 --- [           main] o.s.b.f.s.DefaultListableBeanFactory     : Returning cached instance of singleton bean 'org.springframework.context.annotation.internalConfigurationAnnotationProcessor'
2023-07-07T15:12:41.562+05:30 TRACE 10928 --- [           main] o.s.b.f.s.DefaultListableBeanFactory     : Returning cached instance of singleton bean 'org.springframework.context.annotation.internalAutowiredAnnotationProcessor'
2023-07-07T15:12:41.562+05:30 TRACE 10928 --- [           main] o.s.b.f.s.DefaultListableBeanFactory     : Returning cached instance of singleton bean 'org.springframework.context.annotation.internalCommonAnnotationProcessor'
2023-07-07T15:12:41.562+05:30 TRACE 10928 --- [           main] o.s.b.f.s.DefaultListableBeanFactory     : Returning cached instance of singleton bean 'org.springframework.context.event.internalEventListenerProcessor'
2023-07-07T15:12:41.562+05:30 TRACE 10928 --- [           main] o.s.b.f.s.DefaultListableBeanFactory     : Returning cached instance of singleton bean 'org.springframework.context.event.internalEventListenerFactory'
2023-07-07T15:12:41.562+05:30 TRACE 10928 --- [           main] o.s.b.f.s.DefaultListableBeanFactory     : Returning cached instance of singleton bean 'learnSpringBootApplication'
2023-07-07T15:12:41.562+05:30 TRACE 10928 --- [           main] o.s.b.f.s.DefaultListableBeanFactory     : Returning cached instance of singleton bean 'org.springframework.boot.autoconfigure.internalCachingMetadataReaderFactory'
2023-07-07T15:12:41.562+05:30 TRACE 10928 --- [           main] o.s.b.f.s.DefaultListableBeanFactory     : Returning cached instance of singleton bean 'org.springframework.boot.autoconfigure.internalCachingMetadataReaderFactory'
2023-07-07T15:12:41.562+05:30 TRACE 10928 --- [           main] o.s.b.f.s.DefaultListableBeanFactory     : Returning cached instance of singleton bean 'courseController'
2023-07-07T15:12:41.562+05:30 TRACE 10928 --- [           main] o.s.b.f.s.DefaultListableBeanFactory     : Returning cached instance of singleton bean 'currencyConfigurationController'
2023-07-07T15:12:41.562+05:30 TRACE 10928 --- [           main] o.s.b.f.s.DefaultListableBeanFactory     : Returning cached instance of singleton bean 'currencyServiceConfiguration'
2023-07-07T15:12:41.562+05:30 TRACE 10928 --- [           main] o.s.b.f.s.DefaultListableBeanFactory     : Returning cached instance of singleton bean 'org.springframework.boot.autoconfigure.AutoConfigurationPackages'
2023-07-07T15:12:41.562+05:30 TRACE 10928 --- [           main] o.s.b.f.s.DefaultListableBeanFactory     : Returning cached instance of singleton bean 'org.springframework.boot.autoconfigure.context.PropertyPlaceholderAutoConfiguration'
2023-07-07T15:12:41.562+05:30 TRACE 10928 --- [           main] o.s.b.f.s.DefaultListableBeanFactory     : Returning cached instance of singleton bean 'propertySourcesPlaceholderConfigurer'
2023-07-07T15:12:41.562+05:30 TRACE 10928 --- [           main] o.s.b.f.s.DefaultListableBeanFactory     : Returning cached instance of singleton bean 'org.springframework.boot.autoconfigure.ssl.SslAutoConfiguration'
2023-07-07T15:12:41.562+05:30 TRACE 10928 --- [           main] o.s.b.f.s.DefaultListableBeanFactory     : Returning cached instance of singleton bean 'sslPropertiesSslBundleRegistrar'
2023-07-07T15:12:41.562+05:30 TRACE 10928 --- [           main] o.s.b.f.s.DefaultListableBeanFactory     : Returning cached instance of singleton bean 'sslBundleRegistry'
2023-07-07T15:12:41.562+05:30 TRACE 10928 --- [           main] o.s.b.f.s.DefaultListableBeanFactory     : Returning cached instance of singleton bean 'org.springframework.boot.context.properties.ConfigurationPropertiesBindingPostProcessor'
2023-07-07T15:12:41.562+05:30 TRACE 10928 --- [           main] o.s.b.f.s.DefaultListableBeanFactory     : Returning cached instance of singleton bean 'org.springframework.boot.context.internalConfigurationPropertiesBinder'
2023-07-07T15:12:41.562+05:30 TRACE 10928 --- [           main] o.s.b.f.s.DefaultListableBeanFactory     : Returning cached instance of singleton bean 'org.springframework.boot.context.internalConfigurationPropertiesBinder'
2023-07-07T15:12:41.562+05:30 TRACE 10928 --- [           main] o.s.b.f.s.DefaultListableBeanFactory     : Returning cached instance of singleton bean 'org.springframework.boot.context.properties.BoundConfigurationProperties'
2023-07-07T15:12:41.562+05:30 TRACE 10928 --- [           main] o.s.b.f.s.DefaultListableBeanFactory     : Returning cached instance of singleton bean 'org.springframework.boot.context.properties.EnableConfigurationPropertiesRegistrar.methodValidationExcludeFilter'
2023-07-07T15:12:41.562+05:30 TRACE 10928 --- [           main] o.s.b.f.s.DefaultListableBeanFactory     : Returning cached instance of singleton bean 'spring.ssl-org.springframework.boot.autoconfigure.ssl.SslProperties'
2023-07-07T15:12:41.563+05:30 TRACE 10928 --- [           main] o.s.b.f.s.DefaultListableBeanFactory     : Returning cached instance of singleton bean 'org.springframework.boot.autoconfigure.websocket.servlet.WebSocketServletAutoConfiguration$TomcatWebSocketConfiguration'
2023-07-07T15:12:41.563+05:30 TRACE 10928 --- [           main] o.s.b.f.s.DefaultListableBeanFactory     : Returning cached instance of singleton bean 'websocketServletWebServerCustomizer'
2023-07-07T15:12:41.563+05:30 TRACE 10928 --- [           main] o.s.b.f.s.DefaultListableBeanFactory     : Returning cached instance of singleton bean 'org.springframework.boot.autoconfigure.websocket.servlet.WebSocketServletAutoConfiguration'
2023-07-07T15:12:41.563+05:30 TRACE 10928 --- [           main] o.s.b.f.s.DefaultListableBeanFactory     : Returning cached instance of singleton bean 'org.springframework.boot.autoconfigure.web.servlet.ServletWebServerFactoryConfiguration$EmbeddedTomcat'
2023-07-07T15:12:41.563+05:30 TRACE 10928 --- [           main] o.s.b.f.s.DefaultListableBeanFactory     : Returning cached instance of singleton bean 'tomcatServletWebServerFactory'
2023-07-07T15:12:41.563+05:30 TRACE 10928 --- [           main] o.s.b.f.s.DefaultListableBeanFactory     : Returning cached instance of singleton bean 'org.springframework.boot.autoconfigure.web.servlet.ServletWebServerFactoryAutoConfiguration'
2023-07-07T15:12:41.563+05:30 TRACE 10928 --- [           main] o.s.b.f.s.DefaultListableBeanFactory     : Returning cached instance of singleton bean 'servletWebServerFactoryCustomizer'
2023-07-07T15:12:41.563+05:30 TRACE 10928 --- [           main] o.s.b.f.s.DefaultListableBeanFactory     : Returning cached instance of singleton bean 'tomcatServletWebServerFactoryCustomizer'
2023-07-07T15:12:41.563+05:30 TRACE 10928 --- [           main] o.s.b.f.s.DefaultListableBeanFactory     : Returning cached instance of singleton bean 'server-org.springframework.boot.autoconfigure.web.ServerProperties'
2023-07-07T15:12:41.563+05:30 TRACE 10928 --- [           main] o.s.b.f.s.DefaultListableBeanFactory     : Returning cached instance of singleton bean 'webServerFactoryCustomizerBeanPostProcessor'
2023-07-07T15:12:41.563+05:30 TRACE 10928 --- [           main] o.s.b.f.s.DefaultListableBeanFactory     : Returning cached instance of singleton bean 'errorPageRegistrarBeanPostProcessor'
2023-07-07T15:12:41.563+05:30 TRACE 10928 --- [           main] o.s.b.f.s.DefaultListableBeanFactory     : Returning cached instance of singleton bean 'org.springframework.boot.autoconfigure.web.servlet.DispatcherServletAutoConfiguration$DispatcherServletConfiguration'
2023-07-07T15:12:41.563+05:30 TRACE 10928 --- [           main] o.s.b.f.s.DefaultListableBeanFactory     : Returning cached instance of singleton bean 'dispatcherServlet'
2023-07-07T15:12:41.563+05:30 TRACE 10928 --- [           main] o.s.b.f.s.DefaultListableBeanFactory     : Returning cached instance of singleton bean 'spring.mvc-org.springframework.boot.autoconfigure.web.servlet.WebMvcProperties'
2023-07-07T15:12:41.563+05:30 TRACE 10928 --- [           main] o.s.b.f.s.DefaultListableBeanFactory     : Returning cached instance of singleton bean 'org.springframework.boot.autoconfigure.web.servlet.DispatcherServletAutoConfiguration$DispatcherServletRegistrationConfiguration'
2023-07-07T15:12:41.563+05:30 TRACE 10928 --- [           main] o.s.b.f.s.DefaultListableBeanFactory     : Returning cached instance of singleton bean 'dispatcherServletRegistration'
2023-07-07T15:12:41.563+05:30 TRACE 10928 --- [           main] o.s.b.f.s.DefaultListableBeanFactory     : Returning cached instance of singleton bean 'org.springframework.boot.autoconfigure.web.servlet.DispatcherServletAutoConfiguration'
2023-07-07T15:12:41.563+05:30 TRACE 10928 --- [           main] o.s.b.f.s.DefaultListableBeanFactory     : Returning cached instance of singleton bean 'org.springframework.boot.autoconfigure.task.TaskExecutionAutoConfiguration'
2023-07-07T15:12:41.563+05:30 TRACE 10928 --- [           main] o.s.b.f.s.DefaultListableBeanFactory     : Returning cached instance of singleton bean 'taskExecutorBuilder'
2023-07-07T15:12:41.563+05:30 TRACE 10928 --- [           main] o.s.b.f.s.DefaultListableBeanFactory     : Returning cached instance of singleton bean 'applicationTaskExecutor'
2023-07-07T15:12:41.563+05:30 TRACE 10928 --- [           main] o.s.b.f.s.DefaultListableBeanFactory     : Returning cached instance of singleton bean 'spring.task.execution-org.springframework.boot.autoconfigure.task.TaskExecutionProperties'
2023-07-07T15:12:41.563+05:30 TRACE 10928 --- [           main] o.s.b.f.s.DefaultListableBeanFactory     : Returning cached instance of singleton bean 'org.springframework.boot.autoconfigure.web.servlet.error.ErrorMvcAutoConfiguration$WhitelabelErrorViewConfiguration'
2023-07-07T15:12:41.563+05:30 TRACE 10928 --- [           main] o.s.b.f.s.DefaultListableBeanFactory     : Returning cached instance of singleton bean 'error'
2023-07-07T15:12:41.563+05:30 TRACE 10928 --- [           main] o.s.b.f.s.DefaultListableBeanFactory     : Returning cached instance of singleton bean 'beanNameViewResolver'
2023-07-07T15:12:41.563+05:30 TRACE 10928 --- [           main] o.s.b.f.s.DefaultListableBeanFactory     : Returning cached instance of singleton bean 'org.springframework.boot.autoconfigure.web.servlet.error.ErrorMvcAutoConfiguration$DefaultErrorViewResolverConfiguration'
2023-07-07T15:12:41.563+05:30 TRACE 10928 --- [           main] o.s.b.f.s.DefaultListableBeanFactory     : Returning cached instance of singleton bean 'conventionErrorViewResolver'
2023-07-07T15:12:41.563+05:30 TRACE 10928 --- [           main] o.s.b.f.s.DefaultListableBeanFactory     : Returning cached instance of singleton bean 'spring.web-org.springframework.boot.autoconfigure.web.WebProperties'
2023-07-07T15:12:41.563+05:30 TRACE 10928 --- [           main] o.s.b.f.s.DefaultListableBeanFactory     : Returning cached instance of singleton bean 'org.springframework.boot.autoconfigure.web.servlet.error.ErrorMvcAutoConfiguration'
2023-07-07T15:12:41.563+05:30 TRACE 10928 --- [           main] o.s.b.f.s.DefaultListableBeanFactory     : Returning cached instance of singleton bean 'errorAttributes'
2023-07-07T15:12:41.563+05:30 TRACE 10928 --- [           main] o.s.b.f.s.DefaultListableBeanFactory     : Returning cached instance of singleton bean 'basicErrorController'
2023-07-07T15:12:41.563+05:30 TRACE 10928 --- [           main] o.s.b.f.s.DefaultListableBeanFactory     : Returning cached instance of singleton bean 'errorPageCustomizer'
2023-07-07T15:12:41.563+05:30 TRACE 10928 --- [           main] o.s.b.f.s.DefaultListableBeanFactory     : Returning cached instance of singleton bean 'preserveErrorControllerTargetClassPostProcessor'
2023-07-07T15:12:41.563+05:30 TRACE 10928 --- [           main] o.s.b.f.s.DefaultListableBeanFactory     : Returning cached instance of singleton bean 'org.springframework.boot.autoconfigure.web.servlet.WebMvcAutoConfiguration$EnableWebMvcConfiguration'
2023-07-07T15:12:41.563+05:30 TRACE 10928 --- [           main] o.s.b.f.s.DefaultListableBeanFactory     : Returning cached instance of singleton bean 'requestMappingHandlerAdapter'
2023-07-07T15:12:41.563+05:30 TRACE 10928 --- [           main] o.s.b.f.s.DefaultListableBeanFactory     : Returning cached instance of singleton bean 'welcomePageHandlerMapping'
2023-07-07T15:12:41.563+05:30 TRACE 10928 --- [           main] o.s.b.f.s.DefaultListableBeanFactory     : Returning cached instance of singleton bean 'welcomePageNotAcceptableHandlerMapping'
2023-07-07T15:12:41.563+05:30 TRACE 10928 --- [           main] o.s.b.f.s.DefaultListableBeanFactory     : Returning cached instance of singleton bean 'localeResolver'
2023-07-07T15:12:41.563+05:30 TRACE 10928 --- [           main] o.s.b.f.s.DefaultListableBeanFactory     : Returning cached instance of singleton bean 'themeResolver'
2023-07-07T15:12:41.563+05:30 TRACE 10928 --- [           main] o.s.b.f.s.DefaultListableBeanFactory     : Returning cached instance of singleton bean 'flashMapManager'
2023-07-07T15:12:41.563+05:30 TRACE 10928 --- [           main] o.s.b.f.s.DefaultListableBeanFactory     : Returning cached instance of singleton bean 'mvcConversionService'
2023-07-07T15:12:41.563+05:30 TRACE 10928 --- [           main] o.s.b.f.s.DefaultListableBeanFactory     : Returning cached instance of singleton bean 'mvcValidator'
2023-07-07T15:12:41.563+05:30 TRACE 10928 --- [           main] o.s.b.f.s.DefaultListableBeanFactory     : Returning cached instance of singleton bean 'mvcContentNegotiationManager'
2023-07-07T15:12:41.563+05:30 TRACE 10928 --- [           main] o.s.b.f.s.DefaultListableBeanFactory     : Returning cached instance of singleton bean 'requestMappingHandlerMapping'
2023-07-07T15:12:41.563+05:30 TRACE 10928 --- [           main] o.s.b.f.s.DefaultListableBeanFactory     : Returning cached instance of singleton bean 'mvcPatternParser'
2023-07-07T15:12:41.563+05:30 TRACE 10928 --- [           main] o.s.b.f.s.DefaultListableBeanFactory     : Returning cached instance of singleton bean 'mvcUrlPathHelper'
2023-07-07T15:12:41.563+05:30 TRACE 10928 --- [           main] o.s.b.f.s.DefaultListableBeanFactory     : Returning cached instance of singleton bean 'mvcPathMatcher'
2023-07-07T15:12:41.563+05:30 TRACE 10928 --- [           main] o.s.b.f.s.DefaultListableBeanFactory     : Returning cached instance of singleton bean 'viewControllerHandlerMapping'
2023-07-07T15:12:41.563+05:30 TRACE 10928 --- [           main] o.s.b.f.s.DefaultListableBeanFactory     : Returning cached instance of singleton bean 'beanNameHandlerMapping'
2023-07-07T15:12:41.563+05:30 TRACE 10928 --- [           main] o.s.b.f.s.DefaultListableBeanFactory     : Returning cached instance of singleton bean 'routerFunctionMapping'
2023-07-07T15:12:41.563+05:30 TRACE 10928 --- [           main] o.s.b.f.s.DefaultListableBeanFactory     : Returning cached instance of singleton bean 'resourceHandlerMapping'
2023-07-07T15:12:41.563+05:30 TRACE 10928 --- [           main] o.s.b.f.s.DefaultListableBeanFactory     : Returning cached instance of singleton bean 'mvcResourceUrlProvider'
2023-07-07T15:12:41.563+05:30 TRACE 10928 --- [           main] o.s.b.f.s.DefaultListableBeanFactory     : Returning cached instance of singleton bean 'defaultServletHandlerMapping'
2023-07-07T15:12:41.563+05:30 TRACE 10928 --- [           main] o.s.b.f.s.DefaultListableBeanFactory     : Returning cached instance of singleton bean 'handlerFunctionAdapter'
2023-07-07T15:12:41.563+05:30 TRACE 10928 --- [           main] o.s.b.f.s.DefaultListableBeanFactory     : Returning cached instance of singleton bean 'mvcUriComponentsContributor'
2023-07-07T15:12:41.563+05:30 TRACE 10928 --- [           main] o.s.b.f.s.DefaultListableBeanFactory     : Returning cached instance of singleton bean 'httpRequestHandlerAdapter'
2023-07-07T15:12:41.563+05:30 TRACE 10928 --- [           main] o.s.b.f.s.DefaultListableBeanFactory     : Returning cached instance of singleton bean 'simpleControllerHandlerAdapter'
2023-07-07T15:12:41.563+05:30 TRACE 10928 --- [           main] o.s.b.f.s.DefaultListableBeanFactory     : Returning cached instance of singleton bean 'handlerExceptionResolver'
2023-07-07T15:12:41.563+05:30 TRACE 10928 --- [           main] o.s.b.f.s.DefaultListableBeanFactory     : Returning cached instance of singleton bean 'mvcViewResolver'
2023-07-07T15:12:41.563+05:30 TRACE 10928 --- [           main] o.s.b.f.s.DefaultListableBeanFactory     : Returning cached instance of singleton bean 'viewNameTranslator'
2023-07-07T15:12:41.563+05:30 TRACE 10928 --- [           main] o.s.b.f.s.DefaultListableBeanFactory     : Returning cached instance of singleton bean 'org.springframework.boot.autoconfigure.web.servlet.WebMvcAutoConfiguration$WebMvcAutoConfigurationAdapter'
2023-07-07T15:12:41.563+05:30 TRACE 10928 --- [           main] o.s.b.f.s.DefaultListableBeanFactory     : Returning cached instance of singleton bean 'defaultViewResolver'
2023-07-07T15:12:41.563+05:30 TRACE 10928 --- [           main] o.s.b.f.s.DefaultListableBeanFactory     : Returning cached instance of singleton bean 'viewResolver'
2023-07-07T15:12:41.563+05:30 TRACE 10928 --- [           main] o.s.b.f.s.DefaultListableBeanFactory     : Returning cached instance of singleton bean 'requestContextFilter'
2023-07-07T15:12:41.563+05:30 TRACE 10928 --- [           main] o.s.b.f.s.DefaultListableBeanFactory     : Returning cached instance of singleton bean 'org.springframework.boot.autoconfigure.web.servlet.WebMvcAutoConfiguration'
2023-07-07T15:12:41.563+05:30 TRACE 10928 --- [           main] o.s.b.f.s.DefaultListableBeanFactory     : Returning cached instance of singleton bean 'formContentFilter'
2023-07-07T15:12:41.563+05:30 TRACE 10928 --- [           main] o.s.b.f.s.DefaultListableBeanFactory     : Returning cached instance of singleton bean 'org.springframework.boot.autoconfigure.availability.ApplicationAvailabilityAutoConfiguration'
2023-07-07T15:12:41.563+05:30 TRACE 10928 --- [           main] o.s.b.f.s.DefaultListableBeanFactory     : Returning cached instance of singleton bean 'applicationAvailability'
2023-07-07T15:12:41.563+05:30 TRACE 10928 --- [           main] o.s.b.f.s.DefaultListableBeanFactory     : Returning cached instance of singleton bean 'org.springframework.boot.actuate.autoconfigure.availability.AvailabilityHealthContributorAutoConfiguration'
2023-07-07T15:12:41.563+05:30 TRACE 10928 --- [           main] o.s.b.f.s.DefaultListableBeanFactory     : Returning cached instance of singleton bean 'org.springframework.boot.autoconfigure.jackson.JacksonAutoConfiguration$Jackson2ObjectMapperBuilderCustomizerConfiguration'
2023-07-07T15:12:41.563+05:30 TRACE 10928 --- [           main] o.s.b.f.s.DefaultListableBeanFactory     : Returning cached instance of singleton bean 'standardJacksonObjectMapperBuilderCustomizer'
2023-07-07T15:12:41.563+05:30 TRACE 10928 --- [           main] o.s.b.f.s.DefaultListableBeanFactory     : Returning cached instance of singleton bean 'spring.jackson-org.springframework.boot.autoconfigure.jackson.JacksonProperties'
2023-07-07T15:12:41.563+05:30 TRACE 10928 --- [           main] o.s.b.f.s.DefaultListableBeanFactory     : Returning cached instance of singleton bean 'org.springframework.boot.autoconfigure.jackson.JacksonAutoConfiguration$JacksonObjectMapperBuilderConfiguration'
2023-07-07T15:12:41.563+05:30 TRACE 10928 --- [           main] o.s.b.f.s.DefaultListableBeanFactory     : Returning cached instance of singleton bean 'org.springframework.boot.autoconfigure.jackson.JacksonAutoConfiguration$ParameterNamesModuleConfiguration'
2023-07-07T15:12:41.563+05:30 TRACE 10928 --- [           main] o.s.b.f.s.DefaultListableBeanFactory     : Returning cached instance of singleton bean 'parameterNamesModule'
2023-07-07T15:12:41.563+05:30 TRACE 10928 --- [           main] o.s.b.f.s.DefaultListableBeanFactory     : Returning cached instance of singleton bean 'org.springframework.boot.autoconfigure.jackson.JacksonAutoConfiguration$JacksonObjectMapperConfiguration'
2023-07-07T15:12:41.564+05:30 TRACE 10928 --- [           main] o.s.b.f.s.DefaultListableBeanFactory     : Returning cached instance of singleton bean 'jacksonObjectMapper'
2023-07-07T15:12:41.564+05:30 TRACE 10928 --- [           main] o.s.b.f.s.DefaultListableBeanFactory     : Returning cached instance of singleton bean 'org.springframework.boot.autoconfigure.jackson.JacksonAutoConfiguration$JacksonMixinConfiguration'
2023-07-07T15:12:41.564+05:30 TRACE 10928 --- [           main] o.s.b.f.s.DefaultListableBeanFactory     : Returning cached instance of singleton bean 'jsonMixinModuleEntries'
2023-07-07T15:12:41.564+05:30 TRACE 10928 --- [           main] o.s.b.f.s.DefaultListableBeanFactory     : Returning cached instance of singleton bean 'jsonMixinModule'
2023-07-07T15:12:41.564+05:30 TRACE 10928 --- [           main] o.s.b.f.s.DefaultListableBeanFactory     : Returning cached instance of singleton bean 'org.springframework.boot.autoconfigure.jackson.JacksonAutoConfiguration'
2023-07-07T15:12:41.564+05:30 TRACE 10928 --- [           main] o.s.b.f.s.DefaultListableBeanFactory     : Returning cached instance of singleton bean 'jsonComponentModule'
2023-07-07T15:12:41.564+05:30 TRACE 10928 --- [           main] o.s.b.f.s.DefaultListableBeanFactory     : Returning cached instance of singleton bean 'org.springframework.boot.actuate.autoconfigure.web.servlet.ServletManagementContextAutoConfiguration'
2023-07-07T15:12:41.564+05:30 TRACE 10928 --- [           main] o.s.b.f.s.DefaultListableBeanFactory     : Returning cached instance of singleton bean 'servletWebChildContextFactory'
2023-07-07T15:12:41.564+05:30 TRACE 10928 --- [           main] o.s.b.f.s.DefaultListableBeanFactory     : Returning cached instance of singleton bean 'managementServletContext'
2023-07-07T15:12:41.564+05:30 TRACE 10928 --- [           main] o.s.b.f.s.DefaultListableBeanFactory     : Returning cached instance of singleton bean 'org.springframework.boot.actuate.autoconfigure.health.HealthEndpointConfiguration'
2023-07-07T15:12:41.564+05:30 TRACE 10928 --- [           main] o.s.b.f.s.DefaultListableBeanFactory     : Returning cached instance of singleton bean 'healthStatusAggregator'
2023-07-07T15:12:41.564+05:30 TRACE 10928 --- [           main] o.s.b.f.s.DefaultListableBeanFactory     : Returning cached instance of singleton bean 'healthHttpCodeStatusMapper'
2023-07-07T15:12:41.564+05:30 TRACE 10928 --- [           main] o.s.b.f.s.DefaultListableBeanFactory     : Returning cached instance of singleton bean 'healthEndpointGroups'
2023-07-07T15:12:41.564+05:30 TRACE 10928 --- [           main] o.s.b.f.s.DefaultListableBeanFactory     : Returning cached instance of singleton bean 'healthContributorRegistry'
2023-07-07T15:12:41.564+05:30 TRACE 10928 --- [           main] o.s.b.f.s.DefaultListableBeanFactory     : Returning cached instance of singleton bean 'healthEndpointGroupMembershipValidator'
2023-07-07T15:12:41.564+05:30 TRACE 10928 --- [           main] o.s.b.f.s.DefaultListableBeanFactory     : Returning cached instance of singleton bean 'healthEndpoint'
2023-07-07T15:12:41.564+05:30 TRACE 10928 --- [           main] o.s.b.f.s.DefaultListableBeanFactory     : Returning cached instance of singleton bean 'healthEndpointGroupsBeanPostProcessor'
2023-07-07T15:12:41.564+05:30 TRACE 10928 --- [           main] o.s.b.f.s.DefaultListableBeanFactory     : Returning cached instance of singleton bean 'org.springframework.boot.actuate.autoconfigure.health.HealthEndpointWebExtensionConfiguration$MvcAdditionalHealthEndpointPathsConfiguration'
2023-07-07T15:12:41.564+05:30 TRACE 10928 --- [           main] o.s.b.f.s.DefaultListableBeanFactory     : Returning cached instance of singleton bean 'healthEndpointWebMvcHandlerMapping'
2023-07-07T15:12:41.564+05:30 TRACE 10928 --- [           main] o.s.b.f.s.DefaultListableBeanFactory     : Returning cached instance of singleton bean 'org.springframework.boot.actuate.autoconfigure.health.HealthEndpointWebExtensionConfiguration'
2023-07-07T15:12:41.564+05:30 TRACE 10928 --- [           main] o.s.b.f.s.DefaultListableBeanFactory     : Returning cached instance of singleton bean 'healthEndpointWebExtension'
2023-07-07T15:12:41.564+05:30 TRACE 10928 --- [           main] o.s.b.f.s.DefaultListableBeanFactory     : Returning cached instance of singleton bean 'org.springframework.boot.actuate.autoconfigure.health.HealthEndpointAutoConfiguration'
2023-07-07T15:12:41.564+05:30 TRACE 10928 --- [           main] o.s.b.f.s.DefaultListableBeanFactory     : Returning cached instance of singleton bean 'management.endpoint.health-org.springframework.boot.actuate.autoconfigure.health.HealthEndpointProperties'
2023-07-07T15:12:41.564+05:30 TRACE 10928 --- [           main] o.s.b.f.s.DefaultListableBeanFactory     : Returning cached instance of singleton bean 'org.springframework.boot.autoconfigure.info.ProjectInfoAutoConfiguration'
2023-07-07T15:12:41.564+05:30 TRACE 10928 --- [           main] o.s.b.f.s.DefaultListableBeanFactory     : Returning cached instance of singleton bean 'spring.info-org.springframework.boot.autoconfigure.info.ProjectInfoProperties'
2023-07-07T15:12:41.564+05:30 TRACE 10928 --- [           main] o.s.b.f.s.DefaultListableBeanFactory     : Returning cached instance of singleton bean 'org.springframework.boot.actuate.autoconfigure.info.InfoContributorAutoConfiguration'
2023-07-07T15:12:41.564+05:30 TRACE 10928 --- [           main] o.s.b.f.s.DefaultListableBeanFactory     : Returning cached instance of singleton bean 'management.info-org.springframework.boot.actuate.autoconfigure.info.InfoContributorProperties'
2023-07-07T15:12:41.564+05:30 TRACE 10928 --- [           main] o.s.b.f.s.DefaultListableBeanFactory     : Returning cached instance of singleton bean 'org.springframework.boot.actuate.autoconfigure.endpoint.EndpointAutoConfiguration'
2023-07-07T15:12:41.564+05:30 TRACE 10928 --- [           main] o.s.b.f.s.DefaultListableBeanFactory     : Returning cached instance of singleton bean 'endpointOperationParameterMapper'
2023-07-07T15:12:41.564+05:30 TRACE 10928 --- [           main] o.s.b.f.s.DefaultListableBeanFactory     : Returning cached instance of singleton bean 'endpointCachingOperationInvokerAdvisor'
2023-07-07T15:12:41.564+05:30 TRACE 10928 --- [           main] o.s.b.f.s.DefaultListableBeanFactory     : Returning cached instance of singleton bean 'org.springframework.boot.actuate.autoconfigure.endpoint.jackson.JacksonEndpointAutoConfiguration'
2023-07-07T15:12:41.564+05:30 TRACE 10928 --- [           main] o.s.b.f.s.DefaultListableBeanFactory     : Returning cached instance of singleton bean 'endpointObjectMapper'
2023-07-07T15:12:41.564+05:30 TRACE 10928 --- [           main] o.s.b.f.s.DefaultListableBeanFactory     : Returning cached instance of singleton bean 'org.springframework.boot.actuate.autoconfigure.endpoint.web.WebEndpointAutoConfiguration$WebEndpointServletConfiguration'
2023-07-07T15:12:41.564+05:30 TRACE 10928 --- [           main] o.s.b.f.s.DefaultListableBeanFactory     : Returning cached instance of singleton bean 'servletEndpointDiscoverer'
2023-07-07T15:12:41.564+05:30 TRACE 10928 --- [           main] o.s.b.f.s.DefaultListableBeanFactory     : Returning cached instance of singleton bean 'org.springframework.boot.actuate.autoconfigure.endpoint.web.WebEndpointAutoConfiguration'
2023-07-07T15:12:41.564+05:30 TRACE 10928 --- [           main] o.s.b.f.s.DefaultListableBeanFactory     : Returning cached instance of singleton bean 'webEndpointPathMapper'
2023-07-07T15:12:41.564+05:30 TRACE 10928 --- [           main] o.s.b.f.s.DefaultListableBeanFactory     : Returning cached instance of singleton bean 'endpointMediaTypes'
2023-07-07T15:12:41.564+05:30 TRACE 10928 --- [           main] o.s.b.f.s.DefaultListableBeanFactory     : Returning cached instance of singleton bean 'webEndpointDiscoverer'
2023-07-07T15:12:41.564+05:30 TRACE 10928 --- [           main] o.s.b.f.s.DefaultListableBeanFactory     : Returning cached instance of singleton bean 'controllerEndpointDiscoverer'
2023-07-07T15:12:41.564+05:30 TRACE 10928 --- [           main] o.s.b.f.s.DefaultListableBeanFactory     : Returning cached instance of singleton bean 'pathMappedEndpoints'
2023-07-07T15:12:41.564+05:30 TRACE 10928 --- [           main] o.s.b.f.s.DefaultListableBeanFactory     : Returning cached instance of singleton bean 'webExposeExcludePropertyEndpointFilter'
2023-07-07T15:12:41.564+05:30 TRACE 10928 --- [           main] o.s.b.f.s.DefaultListableBeanFactory     : Returning cached instance of singleton bean 'controllerExposeExcludePropertyEndpointFilter'
2023-07-07T15:12:41.564+05:30 TRACE 10928 --- [           main] o.s.b.f.s.DefaultListableBeanFactory     : Returning cached instance of singleton bean 'management.endpoints.web-org.springframework.boot.actuate.autoconfigure.endpoint.web.WebEndpointProperties'
2023-07-07T15:12:41.564+05:30 TRACE 10928 --- [           main] o.s.b.f.s.DefaultListableBeanFactory     : Returning cached instance of singleton bean 'org.springframework.boot.actuate.autoconfigure.system.DiskSpaceHealthContributorAutoConfiguration'
2023-07-07T15:12:41.564+05:30 TRACE 10928 --- [           main] o.s.b.f.s.DefaultListableBeanFactory     : Returning cached instance of singleton bean 'diskSpaceHealthIndicator'
2023-07-07T15:12:41.564+05:30 TRACE 10928 --- [           main] o.s.b.f.s.DefaultListableBeanFactory     : Returning cached instance of singleton bean 'management.health.diskspace-org.springframework.boot.actuate.autoconfigure.system.DiskSpaceHealthIndicatorProperties'
2023-07-07T15:12:41.564+05:30 TRACE 10928 --- [           main] o.s.b.f.s.DefaultListableBeanFactory     : Returning cached instance of singleton bean 'org.springframework.boot.actuate.autoconfigure.health.HealthContributorAutoConfiguration'
2023-07-07T15:12:41.564+05:30 TRACE 10928 --- [           main] o.s.b.f.s.DefaultListableBeanFactory     : Returning cached instance of singleton bean 'pingHealthContributor'
2023-07-07T15:12:41.564+05:30 TRACE 10928 --- [           main] o.s.b.f.s.DefaultListableBeanFactory     : Returning cached instance of singleton bean 'org.springframework.boot.actuate.autoconfigure.metrics.MetricsAutoConfiguration'
2023-07-07T15:12:41.564+05:30 TRACE 10928 --- [           main] o.s.b.f.s.DefaultListableBeanFactory     : Returning cached instance of singleton bean 'micrometerClock'
2023-07-07T15:12:41.564+05:30 TRACE 10928 --- [           main] o.s.b.f.s.DefaultListableBeanFactory     : Returning cached instance of singleton bean 'meterRegistryPostProcessor'
2023-07-07T15:12:41.565+05:30 TRACE 10928 --- [           main] o.s.b.f.s.DefaultListableBeanFactory     : Returning cached instance of singleton bean 'propertiesMeterFilter'
2023-07-07T15:12:41.565+05:30 TRACE 10928 --- [           main] o.s.b.f.s.DefaultListableBeanFactory     : Returning cached instance of singleton bean 'management.metrics-org.springframework.boot.actuate.autoconfigure.metrics.MetricsProperties'
2023-07-07T15:12:41.565+05:30 TRACE 10928 --- [           main] o.s.b.f.s.DefaultListableBeanFactory     : Returning cached instance of singleton bean 'org.springframework.boot.actuate.autoconfigure.metrics.export.simple.SimpleMetricsExportAutoConfiguration'
2023-07-07T15:12:41.565+05:30 TRACE 10928 --- [           main] o.s.b.f.s.DefaultListableBeanFactory     : Returning cached instance of singleton bean 'simpleMeterRegistry'
2023-07-07T15:12:41.565+05:30 TRACE 10928 --- [           main] o.s.b.f.s.DefaultListableBeanFactory     : Returning cached instance of singleton bean 'simpleConfig'
2023-07-07T15:12:41.565+05:30 TRACE 10928 --- [           main] o.s.b.f.s.DefaultListableBeanFactory     : Returning cached instance of singleton bean 'management.simple.metrics.export-org.springframework.boot.actuate.autoconfigure.metrics.export.simple.SimpleProperties'
2023-07-07T15:12:41.565+05:30 TRACE 10928 --- [           main] o.s.b.f.s.DefaultListableBeanFactory     : Returning cached instance of singleton bean 'org.springframework.boot.actuate.autoconfigure.metrics.CompositeMeterRegistryAutoConfiguration'
2023-07-07T15:12:41.565+05:30 TRACE 10928 --- [           main] o.s.b.f.s.DefaultListableBeanFactory     : Returning cached instance of singleton bean 'org.springframework.boot.actuate.autoconfigure.metrics.JvmMetricsAutoConfiguration'
2023-07-07T15:12:41.565+05:30 TRACE 10928 --- [           main] o.s.b.f.s.DefaultListableBeanFactory     : Returning cached instance of singleton bean 'jvmGcMetrics'
2023-07-07T15:12:41.565+05:30 TRACE 10928 --- [           main] o.s.b.f.s.DefaultListableBeanFactory     : Returning cached instance of singleton bean 'jvmHeapPressureMetrics'
2023-07-07T15:12:41.565+05:30 TRACE 10928 --- [           main] o.s.b.f.s.DefaultListableBeanFactory     : Returning cached instance of singleton bean 'jvmMemoryMetrics'
2023-07-07T15:12:41.565+05:30 TRACE 10928 --- [           main] o.s.b.f.s.DefaultListableBeanFactory     : Returning cached instance of singleton bean 'jvmThreadMetrics'
2023-07-07T15:12:41.565+05:30 TRACE 10928 --- [           main] o.s.b.f.s.DefaultListableBeanFactory     : Returning cached instance of singleton bean 'classLoaderMetrics'
2023-07-07T15:12:41.565+05:30 TRACE 10928 --- [           main] o.s.b.f.s.DefaultListableBeanFactory     : Returning cached instance of singleton bean 'jvmInfoMetrics'
2023-07-07T15:12:41.565+05:30 TRACE 10928 --- [           main] o.s.b.f.s.DefaultListableBeanFactory     : Returning cached instance of singleton bean 'jvmCompilationMetrics'
2023-07-07T15:12:41.565+05:30 TRACE 10928 --- [           main] o.s.b.f.s.DefaultListableBeanFactory     : Returning cached instance of singleton bean 'org.springframework.boot.actuate.autoconfigure.metrics.LogbackMetricsAutoConfiguration'
2023-07-07T15:12:41.565+05:30 TRACE 10928 --- [           main] o.s.b.f.s.DefaultListableBeanFactory     : Returning cached instance of singleton bean 'logbackMetrics'
2023-07-07T15:12:41.565+05:30 TRACE 10928 --- [           main] o.s.b.f.s.DefaultListableBeanFactory     : Returning cached instance of singleton bean 'org.springframework.boot.actuate.autoconfigure.metrics.SystemMetricsAutoConfiguration'
2023-07-07T15:12:41.565+05:30 TRACE 10928 --- [           main] o.s.b.f.s.DefaultListableBeanFactory     : Returning cached instance of singleton bean 'uptimeMetrics'
2023-07-07T15:12:41.565+05:30 TRACE 10928 --- [           main] o.s.b.f.s.DefaultListableBeanFactory     : Returning cached instance of singleton bean 'processorMetrics'
2023-07-07T15:12:41.565+05:30 TRACE 10928 --- [           main] o.s.b.f.s.DefaultListableBeanFactory     : Returning cached instance of singleton bean 'fileDescriptorMetrics'
2023-07-07T15:12:41.565+05:30 TRACE 10928 --- [           main] o.s.b.f.s.DefaultListableBeanFactory     : Returning cached instance of singleton bean 'diskSpaceMetrics'
2023-07-07T15:12:41.565+05:30 TRACE 10928 --- [           main] o.s.b.f.s.DefaultListableBeanFactory     : Returning cached instance of singleton bean 'org.springframework.boot.actuate.autoconfigure.metrics.integration.IntegrationMetricsAutoConfiguration'
2023-07-07T15:12:41.565+05:30 TRACE 10928 --- [           main] o.s.b.f.s.DefaultListableBeanFactory     : Returning cached instance of singleton bean 'org.springframework.boot.actuate.autoconfigure.metrics.startup.StartupTimeMetricsListenerAutoConfiguration'
2023-07-07T15:12:41.565+05:30 TRACE 10928 --- [           main] o.s.b.f.s.DefaultListableBeanFactory     : Returning cached instance of singleton bean 'startupTimeMetrics'
2023-07-07T15:12:41.565+05:30 TRACE 10928 --- [           main] o.s.b.f.s.DefaultListableBeanFactory     : Returning cached instance of singleton bean 'org.springframework.boot.autoconfigure.task.TaskSchedulingAutoConfiguration'
2023-07-07T15:12:41.565+05:30 TRACE 10928 --- [           main] o.s.b.f.s.DefaultListableBeanFactory     : Returning cached instance of singleton bean 'taskSchedulerBuilder'
2023-07-07T15:12:41.565+05:30 TRACE 10928 --- [           main] o.s.b.f.s.DefaultListableBeanFactory     : Returning cached instance of singleton bean 'spring.task.scheduling-org.springframework.boot.autoconfigure.task.TaskSchedulingProperties'
2023-07-07T15:12:41.565+05:30 TRACE 10928 --- [           main] o.s.b.f.s.DefaultListableBeanFactory     : Returning cached instance of singleton bean 'org.springframework.boot.actuate.autoconfigure.metrics.task.TaskExecutorMetricsAutoConfiguration'
2023-07-07T15:12:41.565+05:30 TRACE 10928 --- [           main] o.s.b.f.s.DefaultListableBeanFactory     : Returning cached instance of singleton bean 'org.springframework.boot.actuate.autoconfigure.metrics.web.tomcat.TomcatMetricsAutoConfiguration'
2023-07-07T15:12:41.565+05:30 TRACE 10928 --- [           main] o.s.b.f.s.DefaultListableBeanFactory     : Returning cached instance of singleton bean 'tomcatMetricsBinder'
2023-07-07T15:12:41.565+05:30 TRACE 10928 --- [           main] o.s.b.f.s.DefaultListableBeanFactory     : Returning cached instance of singleton bean 'org.springframework.boot.actuate.autoconfigure.observation.ObservationAutoConfiguration$MeterObservationHandlerConfiguration$OnlyMetricsMeterObservationHandlerConfiguration'
2023-07-07T15:12:41.565+05:30 TRACE 10928 --- [           main] o.s.b.f.s.DefaultListableBeanFactory     : Returning cached instance of singleton bean 'defaultMeterObservationHandler'
2023-07-07T15:12:41.565+05:30 TRACE 10928 --- [           main] o.s.b.f.s.DefaultListableBeanFactory     : Returning cached instance of singleton bean 'org.springframework.boot.actuate.autoconfigure.observation.ObservationAutoConfiguration$MeterObservationHandlerConfiguration'
2023-07-07T15:12:41.565+05:30 TRACE 10928 --- [           main] o.s.b.f.s.DefaultListableBeanFactory     : Returning cached instance of singleton bean 'org.springframework.boot.actuate.autoconfigure.observation.ObservationAutoConfiguration$OnlyMetricsConfiguration'
2023-07-07T15:12:41.565+05:30 TRACE 10928 --- [           main] o.s.b.f.s.DefaultListableBeanFactory     : Returning cached instance of singleton bean 'metricsObservationHandlerGrouping'
2023-07-07T15:12:41.565+05:30 TRACE 10928 --- [           main] o.s.b.f.s.DefaultListableBeanFactory     : Returning cached instance of singleton bean 'org.springframework.boot.actuate.autoconfigure.observation.ObservationAutoConfiguration'
2023-07-07T15:12:41.565+05:30 TRACE 10928 --- [           main] o.s.b.f.s.DefaultListableBeanFactory     : Returning cached instance of singleton bean 'observationRegistryPostProcessor'
2023-07-07T15:12:41.565+05:30 TRACE 10928 --- [           main] o.s.b.f.s.DefaultListableBeanFactory     : Returning cached instance of singleton bean 'observationRegistry'
2023-07-07T15:12:41.565+05:30 TRACE 10928 --- [           main] o.s.b.f.s.DefaultListableBeanFactory     : Returning cached instance of singleton bean 'management.observations-org.springframework.boot.actuate.autoconfigure.observation.ObservationProperties'
2023-07-07T15:12:41.565+05:30 TRACE 10928 --- [           main] o.s.b.f.s.DefaultListableBeanFactory     : Returning cached instance of singleton bean 'org.springframework.boot.autoconfigure.http.HttpMessageConvertersAutoConfiguration$StringHttpMessageConverterConfiguration'
2023-07-07T15:12:41.565+05:30 TRACE 10928 --- [           main] o.s.b.f.s.DefaultListableBeanFactory     : Returning cached instance of singleton bean 'stringHttpMessageConverter'
2023-07-07T15:12:41.565+05:30 TRACE 10928 --- [           main] o.s.b.f.s.DefaultListableBeanFactory     : Returning cached instance of singleton bean 'org.springframework.boot.autoconfigure.http.JacksonHttpMessageConvertersConfiguration$MappingJackson2HttpMessageConverterConfiguration'
2023-07-07T15:12:41.565+05:30 TRACE 10928 --- [           main] o.s.b.f.s.DefaultListableBeanFactory     : Returning cached instance of singleton bean 'mappingJackson2HttpMessageConverter'
2023-07-07T15:12:41.565+05:30 TRACE 10928 --- [           main] o.s.b.f.s.DefaultListableBeanFactory     : Returning cached instance of singleton bean 'org.springframework.boot.autoconfigure.http.JacksonHttpMessageConvertersConfiguration'
2023-07-07T15:12:41.565+05:30 TRACE 10928 --- [           main] o.s.b.f.s.DefaultListableBeanFactory     : Returning cached instance of singleton bean 'org.springframework.boot.autoconfigure.http.HttpMessageConvertersAutoConfiguration'
2023-07-07T15:12:41.565+05:30 TRACE 10928 --- [           main] o.s.b.f.s.DefaultListableBeanFactory     : Returning cached instance of singleton bean 'messageConverters'
2023-07-07T15:12:41.565+05:30 TRACE 10928 --- [           main] o.s.b.f.s.DefaultListableBeanFactory     : Returning cached instance of singleton bean 'org.springframework.boot.autoconfigure.web.client.RestTemplateAutoConfiguration'
2023-07-07T15:12:41.565+05:30 TRACE 10928 --- [           main] o.s.b.f.s.DefaultListableBeanFactory     : Returning cached instance of singleton bean 'org.springframework.boot.actuate.autoconfigure.observation.web.client.HttpClientObservationsAutoConfiguration$MeterFilterConfiguration'
2023-07-07T15:12:41.565+05:30 TRACE 10928 --- [           main] o.s.b.f.s.DefaultListableBeanFactory     : Returning cached instance of singleton bean 'metricsHttpClientUriTagFilter'
2023-07-07T15:12:41.565+05:30 TRACE 10928 --- [           main] o.s.b.f.s.DefaultListableBeanFactory     : Returning cached instance of singleton bean 'org.springframework.boot.actuate.autoconfigure.observation.web.client.RestTemplateObservationConfiguration'
2023-07-07T15:12:41.565+05:30 TRACE 10928 --- [           main] o.s.b.f.s.DefaultListableBeanFactory     : Returning cached instance of singleton bean 'observationRestTemplateCustomizer'
2023-07-07T15:12:41.565+05:30 TRACE 10928 --- [           main] o.s.b.f.s.DefaultListableBeanFactory     : Returning cached instance of singleton bean 'org.springframework.boot.actuate.autoconfigure.observation.web.client.HttpClientObservationsAutoConfiguration'
2023-07-07T15:12:41.565+05:30 TRACE 10928 --- [           main] o.s.b.f.s.DefaultListableBeanFactory     : Returning cached instance of singleton bean 'org.springframework.boot.actuate.autoconfigure.observation.web.servlet.WebMvcObservationAutoConfiguration$MeterFilterConfiguration'
2023-07-07T15:12:41.565+05:30 TRACE 10928 --- [           main] o.s.b.f.s.DefaultListableBeanFactory     : Returning cached instance of singleton bean 'metricsHttpServerUriTagFilter'
2023-07-07T15:12:41.565+05:30 TRACE 10928 --- [           main] o.s.b.f.s.DefaultListableBeanFactory     : Returning cached instance of singleton bean 'org.springframework.boot.actuate.autoconfigure.observation.web.servlet.WebMvcObservationAutoConfiguration'
2023-07-07T15:12:41.565+05:30 TRACE 10928 --- [           main] o.s.b.f.s.DefaultListableBeanFactory     : Returning cached instance of singleton bean 'webMvcObservationFilter'
2023-07-07T15:12:41.565+05:30 TRACE 10928 --- [           main] o.s.b.f.s.DefaultListableBeanFactory     : Returning cached instance of singleton bean 'org.springframework.boot.autoconfigure.aop.AopAutoConfiguration$ClassProxyingConfiguration'
2023-07-07T15:12:41.565+05:30 TRACE 10928 --- [           main] o.s.b.f.s.DefaultListableBeanFactory     : Returning cached instance of singleton bean 'forceAutoProxyCreatorToUseClassProxying'
2023-07-07T15:12:41.565+05:30 TRACE 10928 --- [           main] o.s.b.f.s.DefaultListableBeanFactory     : Returning cached instance of singleton bean 'org.springframework.boot.autoconfigure.aop.AopAutoConfiguration'
2023-07-07T15:12:41.565+05:30 TRACE 10928 --- [           main] o.s.b.f.s.DefaultListableBeanFactory     : Returning cached instance of singleton bean 'org.springframework.boot.autoconfigure.context.ConfigurationPropertiesAutoConfiguration'
2023-07-07T15:12:41.566+05:30 TRACE 10928 --- [           main] o.s.b.f.s.DefaultListableBeanFactory     : Returning cached instance of singleton bean 'org.springframework.boot.autoconfigure.context.LifecycleAutoConfiguration'
2023-07-07T15:12:41.566+05:30 TRACE 10928 --- [           main] o.s.b.f.s.DefaultListableBeanFactory     : Returning cached instance of singleton bean 'lifecycleProcessor'
2023-07-07T15:12:41.566+05:30 TRACE 10928 --- [           main] o.s.b.f.s.DefaultListableBeanFactory     : Returning cached instance of singleton bean 'spring.lifecycle-org.springframework.boot.autoconfigure.context.LifecycleProperties'
2023-07-07T15:12:41.566+05:30 TRACE 10928 --- [           main] o.s.b.f.s.DefaultListableBeanFactory     : Returning cached instance of singleton bean 'org.springframework.boot.autoconfigure.sql.init.SqlInitializationAutoConfiguration'
2023-07-07T15:12:41.566+05:30 TRACE 10928 --- [           main] o.s.b.f.s.DefaultListableBeanFactory     : Returning cached instance of singleton bean 'spring.sql.init-org.springframework.boot.autoconfigure.sql.init.SqlInitializationProperties'
2023-07-07T15:12:41.566+05:30 TRACE 10928 --- [           main] o.s.b.f.s.DefaultListableBeanFactory     : Returning cached instance of singleton bean 'org.springframework.boot.sql.init.dependency.DatabaseInitializationDependencyConfigurer$DependsOnDatabaseInitializationPostProcessor'
2023-07-07T15:12:41.566+05:30 TRACE 10928 --- [           main] o.s.b.f.s.DefaultListableBeanFactory     : Returning cached instance of singleton bean 'org.springframework.boot.autoconfigure.web.servlet.HttpEncodingAutoConfiguration'
2023-07-07T15:12:41.566+05:30 TRACE 10928 --- [           main] o.s.b.f.s.DefaultListableBeanFactory     : Returning cached instance of singleton bean 'characterEncodingFilter'
2023-07-07T15:12:41.566+05:30 TRACE 10928 --- [           main] o.s.b.f.s.DefaultListableBeanFactory     : Returning cached instance of singleton bean 'localeCharsetMappingsCustomizer'
2023-07-07T15:12:41.566+05:30 TRACE 10928 --- [           main] o.s.b.f.s.DefaultListableBeanFactory     : Returning cached instance of singleton bean 'org.springframework.boot.autoconfigure.web.servlet.MultipartAutoConfiguration'
2023-07-07T15:12:41.566+05:30 TRACE 10928 --- [           main] o.s.b.f.s.DefaultListableBeanFactory     : Returning cached instance of singleton bean 'multipartConfigElement'
2023-07-07T15:12:41.566+05:30 TRACE 10928 --- [           main] o.s.b.f.s.DefaultListableBeanFactory     : Returning cached instance of singleton bean 'multipartResolver'
2023-07-07T15:12:41.566+05:30 TRACE 10928 --- [           main] o.s.b.f.s.DefaultListableBeanFactory     : Returning cached instance of singleton bean 'spring.servlet.multipart-org.springframework.boot.autoconfigure.web.servlet.MultipartProperties'
2023-07-07T15:12:41.566+05:30 TRACE 10928 --- [           main] o.s.b.f.s.DefaultListableBeanFactory     : Returning cached instance of singleton bean 'org.springframework.boot.actuate.autoconfigure.endpoint.web.ServletEndpointManagementContextConfiguration$WebMvcServletEndpointManagementContextConfiguration'
2023-07-07T15:12:41.566+05:30 TRACE 10928 --- [           main] o.s.b.f.s.DefaultListableBeanFactory     : Returning cached instance of singleton bean 'servletEndpointRegistrar'
2023-07-07T15:12:41.566+05:30 TRACE 10928 --- [           main] o.s.b.f.s.DefaultListableBeanFactory     : Returning cached instance of singleton bean 'org.springframework.boot.actuate.autoconfigure.endpoint.web.ServletEndpointManagementContextConfiguration'
2023-07-07T15:12:41.566+05:30 TRACE 10928 --- [           main] o.s.b.f.s.DefaultListableBeanFactory     : Returning cached instance of singleton bean 'servletExposeExcludePropertyEndpointFilter'
2023-07-07T15:12:41.566+05:30 TRACE 10928 --- [           main] o.s.b.f.s.DefaultListableBeanFactory     : Returning cached instance of singleton bean 'org.springframework.boot.actuate.autoconfigure.endpoint.web.servlet.WebMvcEndpointManagementContextConfiguration'
2023-07-07T15:12:41.566+05:30 TRACE 10928 --- [           main] o.s.b.f.s.DefaultListableBeanFactory     : Returning cached instance of singleton bean 'webEndpointServletHandlerMapping'
2023-07-07T15:12:41.566+05:30 TRACE 10928 --- [           main] o.s.b.f.s.DefaultListableBeanFactory     : Returning cached instance of singleton bean 'controllerEndpointHandlerMapping'
2023-07-07T15:12:41.566+05:30 TRACE 10928 --- [           main] o.s.b.f.s.DefaultListableBeanFactory     : Returning cached instance of singleton bean 'endpointObjectMapperWebMvcConfigurer'
2023-07-07T15:12:41.566+05:30 TRACE 10928 --- [           main] o.s.b.f.s.DefaultListableBeanFactory     : Returning cached instance of singleton bean 'management.endpoints.web.cors-org.springframework.boot.actuate.autoconfigure.endpoint.web.CorsEndpointProperties'
2023-07-07T15:12:41.566+05:30 TRACE 10928 --- [           main] o.s.b.f.s.DefaultListableBeanFactory     : Returning cached instance of singleton bean 'org.springframework.boot.actuate.autoconfigure.web.server.ManagementContextAutoConfiguration$SameManagementContextConfiguration$EnableSameManagementContextConfiguration'
2023-07-07T15:12:41.566+05:30 TRACE 10928 --- [           main] o.s.b.f.s.DefaultListableBeanFactory     : Returning cached instance of singleton bean 'org.springframework.boot.actuate.autoconfigure.web.server.ManagementContextAutoConfiguration$SameManagementContextConfiguration'
2023-07-07T15:12:41.566+05:30 TRACE 10928 --- [           main] o.s.b.f.s.DefaultListableBeanFactory     : Returning cached instance of singleton bean 'org.springframework.boot.actuate.autoconfigure.web.server.ManagementContextAutoConfiguration'
2023-07-07T15:12:41.566+05:30 TRACE 10928 --- [           main] o.s.b.f.s.DefaultListableBeanFactory     : Returning cached instance of singleton bean 'management.server-org.springframework.boot.actuate.autoconfigure.web.server.ManagementServerProperties'
2023-07-07T15:12:41.566+05:30 TRACE 10928 --- [           main] o.s.b.f.s.DefaultListableBeanFactory     : Returning cached instance of singleton bean 'org.springframework.aop.config.internalAutoProxyCreator'
2023-07-07T15:12:41.566+05:30 TRACE 10928 --- [           main] o.s.b.f.s.DefaultListableBeanFactory     : Returning cached instance of singleton bean 'org.springframework.boot.test.mock.mockito.MockitoBeans'
2023-07-07T15:12:41.567+05:30 TRACE 10928 --- [           main] c.DefaultCacheAwareContextLoaderDelegate : Retrieved ApplicationContext [5255258] from cache with key [WebMergedContextConfiguration@382dc417 testClass = com.udemy.learnspringboot.LearnSpringBootApplicationTests, locations = [], classes = [com.udemy.learnspringboot.LearnSpringBootApplication], contextInitializerClasses = [], activeProfiles = [], propertySourceLocations = [], propertySourceProperties = ["org.springframework.boot.test.context.SpringBootTestContextBootstrapper=true"], contextCustomizers = [org.springframework.boot.test.context.filter.ExcludeFilterContextCustomizer@548a24a, org.springframework.boot.test.json.DuplicateJsonObjectContextCustomizerFactory$DuplicateJsonObjectContextCustomizer@533bda92, org.springframework.boot.test.mock.mockito.MockitoContextCustomizer@0, org.springframework.boot.test.web.client.TestRestTemplateContextCustomizer@1a245833, org.springframework.boot.test.autoconfigure.actuate.observability.ObservabilityContextCustomizerFactory$DisableObservabilityContextCustomizer@1f, org.springframework.boot.test.autoconfigure.properties.PropertyMappingContextCustomizer@0, org.springframework.boot.test.autoconfigure.web.servlet.WebDriverContextCustomizerFactory$Customizer@14fc5f04, org.springframework.boot.test.context.SpringBootTestAnnotation@844cd672], resourceBasePath = "src/main/webapp", contextLoader = org.springframework.boot.test.context.SpringBootContextLoader, parent = null]
2023-07-07T15:12:41.567+05:30 DEBUG 10928 --- [           main] org.springframework.test.context.cache   : Spring test ApplicationContext cache statistics: [DefaultContextCache@3daf03d8 size = 1, maxSize = 32, parentContextCount = 0, hitCount = 11, missCount = 1]
2023-07-07T15:12:41.567+05:30 TRACE 10928 --- [           main] o.s.b.f.s.DefaultListableBeanFactory     : Returning cached instance of singleton bean 'startupTimeMetrics'
2023-07-07T15:12:41.568+05:30 TRACE 10928 --- [           main] .c.s.DirtiesContextTestExecutionListener : After test method: context [DefaultTestContext@2415e4c7 testClass = com.udemy.learnspringboot.LearnSpringBootApplicationTests, testInstance = com.udemy.learnspringboot.LearnSpringBootApplicationTests@72ce812e, testMethod = contextLoads(), testException = null, mergedContextConfiguration = [WebMergedContextConfiguration@382dc417 testClass = com.udemy.learnspringboot.LearnSpringBootApplicationTests, locations = [], classes = [com.udemy.learnspringboot.LearnSpringBootApplication], contextInitializerClasses = [], activeProfiles = [], propertySourceLocations = [], propertySourceProperties = ["org.springframework.boot.test.context.SpringBootTestContextBootstrapper=true"], contextCustomizers = [org.springframework.boot.test.context.filter.ExcludeFilterContextCustomizer@548a24a, org.springframework.boot.test.json.DuplicateJsonObjectContextCustomizerFactory$DuplicateJsonObjectContextCustomizer@533bda92, org.springframework.boot.test.mock.mockito.MockitoContextCustomizer@0, org.springframework.boot.test.web.client.TestRestTemplateContextCustomizer@1a245833, org.springframework.boot.test.autoconfigure.actuate.observability.ObservabilityContextCustomizerFactory$DisableObservabilityContextCustomizer@1f, org.springframework.boot.test.autoconfigure.properties.PropertyMappingContextCustomizer@0, org.springframework.boot.test.autoconfigure.web.servlet.WebDriverContextCustomizerFactory$Customizer@14fc5f04, org.springframework.boot.test.context.SpringBootTestAnnotation@844cd672], resourceBasePath = "src/main/webapp", contextLoader = org.springframework.boot.test.context.SpringBootContextLoader, parent = null], attributes = {"org.springframework.test.context.web.ServletTestExecutionListener.activateListener" -> true, "org.springframework.test.context.web.ServletTestExecutionListener.populatedRequestContextHolder" -> true, "org.springframework.test.context.web.ServletTestExecutionListener.resetRequestContextHolder" -> true, "org.springframework.test.context.event.ApplicationEventsTestExecutionListener.recordApplicationEvents" -> false}], class annotated with @DirtiesContext [false] with mode [null], method annotated with @DirtiesContext [false] with mode [null]
2023-07-07T15:12:41.568+05:30 TRACE 10928 --- [           main] o.s.t.c.w.ServletTestExecutionListener   : Resetting RequestContextHolder for test context [DefaultTestContext@2415e4c7 testClass = com.udemy.learnspringboot.LearnSpringBootApplicationTests, testInstance = com.udemy.learnspringboot.LearnSpringBootApplicationTests@72ce812e, testMethod = contextLoads(), testException = null, mergedContextConfiguration = [WebMergedContextConfiguration@382dc417 testClass = com.udemy.learnspringboot.LearnSpringBootApplicationTests, locations = [], classes = [com.udemy.learnspringboot.LearnSpringBootApplication], contextInitializerClasses = [], activeProfiles = [], propertySourceLocations = [], propertySourceProperties = ["org.springframework.boot.test.context.SpringBootTestContextBootstrapper=true"], contextCustomizers = [org.springframework.boot.test.context.filter.ExcludeFilterContextCustomizer@548a24a, org.springframework.boot.test.json.DuplicateJsonObjectContextCustomizerFactory$DuplicateJsonObjectContextCustomizer@533bda92, org.springframework.boot.test.mock.mockito.MockitoContextCustomizer@0, org.springframework.boot.test.web.client.TestRestTemplateContextCustomizer@1a245833, org.springframework.boot.test.autoconfigure.actuate.observability.ObservabilityContextCustomizerFactory$DisableObservabilityContextCustomizer@1f, org.springframework.boot.test.autoconfigure.properties.PropertyMappingContextCustomizer@0, org.springframework.boot.test.autoconfigure.web.servlet.WebDriverContextCustomizerFactory$Customizer@14fc5f04, org.springframework.boot.test.context.SpringBootTestAnnotation@844cd672], resourceBasePath = "src/main/webapp", contextLoader = org.springframework.boot.test.context.SpringBootContextLoader, parent = null], attributes = {"org.springframework.test.context.web.ServletTestExecutionListener.activateListener" -> true, "org.springframework.test.context.web.ServletTestExecutionListener.populatedRequestContextHolder" -> true, "org.springframework.test.context.web.ServletTestExecutionListener.resetRequestContextHolder" -> true, "org.springframework.test.context.event.ApplicationEventsTestExecutionListener.recordApplicationEvents" -> false}]
]]></system-out>
  </testcase>
</testsuite>